2025-12-17T00:54:51 ======================================================
2025-12-17T00:54:51 Start • Sites: 192 • Zeitraum: 2015-01-01 bis 2024-12-31 (Auto-Chunking <=1Y)
2025-12-17T00:54:51 Limiter: 1.0 req/s & 50 req/h (sichtbar)
2025-12-17T00:54:51 Excel: C:\Users\aless\PycharmProjects\Masterthesis\Output\UWWTD_TP_Database.xlsx | Sheets: 'General Data' -> 'Grid Energy Connection'
2025-12-17T00:54:51 Ausgabe: C:\Users\aless\PycharmProjects\Masterthesis\Output\RenewableEnergyProfiles (stabile Dateinamen, keine Doppel-Downloads)
2025-12-17T00:54:51 ======================================================
2025-12-17T00:54:51 [1/192] ARA_AWV_Schwechat | PV:COMPLETE | WND:COMPLETE
2025-12-17T00:54:52   -> KPIs berechnet: FLH_PV=1285.9h, FLH_Wind=3572.7h
2025-12-17T00:54:52 [2/192] Asten_-_Regionalkläranlage | PV:COMPLETE | WND:COMPLETE
2025-12-17T00:54:52   -> KPIs berechnet: FLH_PV=1357.1h, FLH_Wind=2557.8h
2025-12-17T00:54:52 [3/192] ARA_Siggerwiesen | PV:COMPLETE | WND:COMPLETE
2025-12-17T00:54:52   -> KPIs berechnet: FLH_PV=1258.5h, FLH_Wind=1919.0h
2025-12-17T00:54:53 [4/192] Graz-Gössendorf | PV:COMPLETE | WND:COMPLETE
2025-12-17T00:54:53   -> KPIs berechnet: FLH_PV=1348.5h, FLH_Wind=1958.1h
2025-12-17T00:54:53 [5/192] Gratkorn | PV:COMPLETE | WND:COMPLETE
2025-12-17T00:54:53   -> KPIs berechnet: FLH_PV=1335.9h, FLH_Wind=2112.2h
2025-12-17T00:54:53 [6/192] Hauptkläranlage_Wien | PV:COMPLETE | WND:COMPLETE
2025-12-17T00:54:54   -> KPIs berechnet: FLH_PV=1285.7h, FLH_Wind=3550.5h
2025-12-17T00:54:54 [7/192] LIEGE_OUPEYE | PV:COMPLETE | WND:COMPLETE
2025-12-17T00:54:54   -> KPIs berechnet: FLH_PV=1152.8h, FLH_Wind=3016.0h
2025-12-17T00:54:54 [8/192] UWWTP_Plovdiv | PV:COMPLETE | WND:COMPLETE
2025-12-17T00:54:54   -> KPIs berechnet: FLH_PV=1479.3h, FLH_Wind=1845.2h
2025-12-17T00:54:55 [9/192] UWWTP_Sofia | PV:COMPLETE | WND:COMPLETE
2025-12-17T00:54:55   -> KPIs berechnet: FLH_PV=1479.8h, FLH_Wind=1876.4h
2025-12-17T00:54:55 [10/192] COV_Steti_-Papirny_Mondi | PV:COMPLETE | WND:COMPLETE
2025-12-17T00:54:55   -> KPIs berechnet: FLH_PV=1323.2h, FLH_Wind=2452.9h
2025-12-17T00:54:55 [11/192] COV_Brno_-_Modrice | PV:COMPLETE | WND:COMPLETE
2025-12-17T00:54:56   -> KPIs berechnet: FLH_PV=1257.0h, FLH_Wind=2992.5h
2025-12-17T00:54:56 [12/192] UCOV_Ostrava_-_Privoz | PV:COMPLETE | WND:COMPLETE
2025-12-17T00:54:56   -> KPIs berechnet: FLH_PV=1217.1h, FLH_Wind=2710.6h
2025-12-17T00:54:56 [13/192] Stahnsdorf | PV:COMPLETE | WND:COMPLETE
2025-12-17T00:54:56   -> KPIs berechnet: FLH_PV=1124.0h, FLH_Wind=2547.9h
2025-12-17T00:54:57 [14/192] Ruhleben | PV:COMPLETE | WND:COMPLETE
2025-12-17T00:54:57   -> KPIs berechnet: FLH_PV=1120.4h, FLH_Wind=2567.6h
2025-12-17T00:54:57 [15/192] Schönerlinde | PV:COMPLETE | WND:COMPLETE
2025-12-17T00:54:57   -> KPIs berechnet: FLH_PV=1113.1h, FLH_Wind=2581.0h
2025-12-17T00:54:57 [16/192] Waßmannsdorf | PV:COMPLETE | WND:COMPLETE
2025-12-17T00:54:58   -> KPIs berechnet: FLH_PV=1122.2h, FLH_Wind=2553.2h
2025-12-17T00:54:58 [17/192] Hauptklärwerk_Mühlhausen | PV:COMPLETE | WND:COMPLETE
2025-12-17T00:54:58   -> KPIs berechnet: FLH_PV=1242.4h, FLH_Wind=2075.0h
2025-12-17T00:54:58 [18/192] Göppingen | PV:COMPLETE | WND:COMPLETE
2025-12-17T00:54:58   -> KPIs berechnet: FLH_PV=1252.5h, FLH_Wind=2096.8h
2025-12-17T00:54:59 [19/192] SKA_Heilbronn | PV:COMPLETE | WND:COMPLETE
2025-12-17T00:54:59   -> KPIs berechnet: FLH_PV=1217.6h, FLH_Wind=2124.9h
2025-12-17T00:54:59 [20/192] SKA_Karlsruhe_Neureut | PV:COMPLETE | WND:COMPLETE
2025-12-17T00:54:59   -> KPIs berechnet: FLH_PV=1217.5h, FLH_Wind=2044.0h
2025-12-17T00:54:59 [21/192] SKA_AZV_Heidelberg | PV:COMPLETE | WND:COMPLETE
2025-12-17T00:55:00   -> KPIs berechnet: FLH_PV=1202.5h, FLH_Wind=2052.7h
2025-12-17T00:55:00 [22/192] Kläranlage_Mannheim | PV:COMPLETE | WND:COMPLETE
2025-12-17T00:55:01   -> KPIs berechnet: FLH_PV=1204.2h, FLH_Wind=2052.8h
2025-12-17T00:55:01 [23/192] SKA_AZV_BREISGAUER_BUCHT_-_KA_FORCHHEIM | PV:COMPLETE | WND:COMPLETE
2025-12-17T00:55:01   -> KPIs berechnet: FLH_PV=1268.0h, FLH_Wind=1793.0h
2025-12-17T00:55:01 [24/192] Würzburg | PV:COMPLETE | WND:COMPLETE
2025-12-17T00:55:01   -> KPIs berechnet: FLH_PV=1206.7h, FLH_Wind=2111.9h
2025-12-17T00:55:02 [25/192] Augsburg | PV:COMPLETE | WND:COMPLETE
2025-12-17T00:55:02   -> KPIs berechnet: FLH_PV=1267.4h, FLH_Wind=2031.6h
2025-12-17T00:55:02 [26/192] Zweckverband_Klärwerk_Steinhäule | PV:COMPLETE | WND:COMPLETE
2025-12-17T00:55:02   -> KPIs berechnet: FLH_PV=1263.1h, FLH_Wind=2054.4h
2025-12-17T00:55:03 [27/192] München_II_-_Gut_Marienhof | PV:COMPLETE | WND:COMPLETE
2025-12-17T00:55:03   -> KPIs berechnet: FLH_PV=1247.5h, FLH_Wind=1852.3h
2025-12-17T00:55:03 [28/192] Erlangen | PV:COMPLETE | WND:COMPLETE
2025-12-17T00:55:03   -> KPIs berechnet: FLH_PV=1201.8h, FLH_Wind=2139.0h
2025-12-17T00:55:03 [29/192] Kläranlage_Seehausen | PV:COMPLETE | WND:COMPLETE
2025-12-17T00:55:04   -> KPIs berechnet: FLH_PV=1080.8h, FLH_Wind=2920.5h
2025-12-17T00:55:04 [30/192] Frankfurt_am_Main_Sindlingen | PV:COMPLETE | WND:COMPLETE
2025-12-17T00:55:04   -> KPIs berechnet: FLH_PV=1198.2h, FLH_Wind=2067.3h
2025-12-17T00:55:04 [31/192] Wiesbaden_Mitte | PV:COMPLETE | WND:COMPLETE
2025-12-17T00:55:04   -> KPIs berechnet: FLH_PV=1190.7h, FLH_Wind=2110.3h
2025-12-17T00:55:05 [32/192] Klärwerksverbund_Köhlbrandhöft_Dradenau | PV:COMPLETE | WND:COMPLETE
2025-12-17T00:55:05   -> KPIs berechnet: FLH_PV=1081.8h, FLH_Wind=2936.5h
2025-12-17T00:55:05 [33/192] Rostock_-_Bramow | PV:COMPLETE | WND:COMPLETE
2025-12-17T00:55:05   -> KPIs berechnet: FLH_PV=1101.2h, FLH_Wind=3490.0h
2025-12-17T00:55:05 [34/192] 2530002102_KA_Herrenhausen | PV:COMPLETE | WND:COMPLETE
2025-12-17T00:55:06   -> KPIs berechnet: FLH_PV=1111.0h, FLH_Wind=2692.2h
2025-12-17T00:55:06 [35/192] 2530142095_KA_Gümmerwald | PV:COMPLETE | WND:COMPLETE
2025-12-17T00:55:06   -> KPIs berechnet: FLH_PV=1109.5h, FLH_Wind=2703.6h
2025-12-17T00:55:06 [36/192] Aachen-Soers | PV:COMPLETE | WND:COMPLETE
2025-12-17T00:55:07   -> KPIs berechnet: FLH_PV=1158.1h, FLH_Wind=2819.8h
2025-12-17T00:55:07 [37/192] Dortmund-Deusen | PV:COMPLETE | WND:COMPLETE
2025-12-17T00:55:07   -> KPIs berechnet: FLH_PV=1124.5h, FLH_Wind=2713.8h
2025-12-17T00:55:07 [38/192] Bottrop | PV:COMPLETE | WND:COMPLETE
2025-12-17T00:55:07   -> KPIs berechnet: FLH_PV=1124.7h, FLH_Wind=2685.2h
2025-12-17T00:55:08 [39/192] Köln_Stammheim | PV:COMPLETE | WND:COMPLETE
2025-12-17T00:55:08   -> KPIs berechnet: FLH_PV=1169.6h, FLH_Wind=2618.3h
2025-12-17T00:55:08 [40/192] Düsseldorf-Nord | PV:COMPLETE | WND:COMPLETE
2025-12-17T00:55:08   -> KPIs berechnet: FLH_PV=1145.5h, FLH_Wind=2664.6h
2025-12-17T00:55:08 [41/192] Krefeld | PV:COMPLETE | WND:COMPLETE
2025-12-17T00:55:09   -> KPIs berechnet: FLH_PV=1136.3h, FLH_Wind=2667.4h
2025-12-17T00:55:09 [42/192] Mönchengladbach_GWK_I | PV:COMPLETE | WND:COMPLETE
2025-12-17T00:55:09   -> KPIs berechnet: FLH_PV=1150.0h, FLH_Wind=2681.2h
2025-12-17T00:55:09 [43/192] Neuss-Ost | PV:COMPLETE | WND:COMPLETE
2025-12-17T00:55:09   -> KPIs berechnet: FLH_PV=1152.8h, FLH_Wind=2655.8h
2025-12-17T00:55:09 [44/192] Münster-Hauptkläranlage | PV:COMPLETE | WND:COMPLETE
2025-12-17T00:55:10   -> KPIs berechnet: FLH_PV=1115.0h, FLH_Wind=2724.3h
2025-12-17T00:55:10 [45/192] Abwasserverband_Obere_Lutter | PV:COMPLETE | WND:COMPLETE
2025-12-17T00:55:10   -> KPIs berechnet: FLH_PV=1115.5h, FLH_Wind=2672.7h
2025-12-17T00:55:10 [46/192] Düren | PV:COMPLETE | WND:COMPLETE
2025-12-17T00:55:10   -> KPIs berechnet: FLH_PV=1165.4h, FLH_Wind=2719.3h
2025-12-17T00:55:11 [47/192] Düsseldorf-Süd | PV:COMPLETE | WND:COMPLETE
2025-12-17T00:55:11   -> KPIs berechnet: FLH_PV=1153.8h, FLH_Wind=2653.8h
2025-12-17T00:55:11 [48/192] Wuppertal-Buchenhofen | PV:COMPLETE | WND:COMPLETE
2025-12-17T00:55:11   -> KPIs berechnet: FLH_PV=1143.2h, FLH_Wind=2604.6h
2025-12-17T00:55:11 [49/192] Duisburg-Kaßlerfeld | PV:COMPLETE | WND:COMPLETE
2025-12-17T00:55:12   -> KPIs berechnet: FLH_PV=1130.6h, FLH_Wind=2666.4h
2025-12-17T00:55:12 [50/192] Emscherkläranlage | PV:COMPLETE | WND:COMPLETE
2025-12-17T00:55:12   -> KPIs berechnet: FLH_PV=1125.0h, FLH_Wind=2673.8h
2025-12-17T00:55:12 [51/192] Duisburg-Alte_Emscher | PV:COMPLETE | WND:COMPLETE
2025-12-17T00:55:12   -> KPIs berechnet: FLH_PV=1126.8h, FLH_Wind=2668.8h
2025-12-17T00:55:13 [52/192] Mainz | PV:COMPLETE | WND:COMPLETE
2025-12-17T00:55:13   -> KPIs berechnet: FLH_PV=1191.5h, FLH_Wind=2109.4h
2025-12-17T00:55:13 [53/192] Hetlingen | PV:COMPLETE | WND:COMPLETE
2025-12-17T00:55:13   -> KPIs berechnet: FLH_PV=1077.7h, FLH_Wind=3002.0h
2025-12-17T00:55:13 [54/192] Bitterfeld-Wolfen | PV:COMPLETE | WND:COMPLETE
2025-12-17T00:55:14   -> KPIs berechnet: FLH_PV=1163.9h, FLH_Wind=2422.2h
2025-12-17T00:55:14 [55/192] Halle-Nord | PV:COMPLETE | WND:COMPLETE
2025-12-17T00:55:14   -> KPIs berechnet: FLH_PV=1179.3h, FLH_Wind=2380.8h
2025-12-17T00:55:14 [56/192] Schkopau | PV:COMPLETE | WND:COMPLETE
2025-12-17T00:55:14   -> KPIs berechnet: FLH_PV=1182.2h, FLH_Wind=2391.8h
2025-12-17T00:55:15 [57/192] MD-Gerwisch | PV:COMPLETE | WND:COMPLETE
2025-12-17T00:55:15   -> KPIs berechnet: FLH_PV=1148.5h, FLH_Wind=2519.5h
2025-12-17T00:55:15 [58/192] FREDERICIA_CENTRALRENS | PV:COMPLETE | WND:COMPLETE
2025-12-17T00:55:16   -> KPIs berechnet: FLH_PV=1047.1h, FLH_Wind=3769.8h
2025-12-17T00:55:16 [59/192] THESSALONIKI | PV:COMPLETE | WND:COMPLETE
2025-12-17T00:55:16   -> KPIs berechnet: FLH_PV=1581.8h, FLH_Wind=1868.1h
2025-12-17T00:55:16 [60/192] PSYTTALIA | PV:COMPLETE | WND:COMPLETE
2025-12-17T00:55:16   -> KPIs berechnet: FLH_PV=1577.0h, FLH_Wind=3393.4h
2025-12-17T00:55:17 [61/192] METAMORPHOSI | PV:COMPLETE | WND:COMPLETE
2025-12-17T00:55:17   -> KPIs berechnet: FLH_PV=1569.5h, FLH_Wind=3621.9h
2025-12-17T00:55:17 [62/192] MONTE_ORGEGIA | PV:COMPLETE | WND:COMPLETE
2025-12-17T00:55:17   -> KPIs berechnet: FLH_PV=1616.0h, FLH_Wind=2705.3h
2025-12-17T00:55:17 [63/192] RINCON_DE_LEON | PV:COMPLETE | WND:COMPLETE
2025-12-17T00:55:18   -> KPIs berechnet: FLH_PV=1616.8h, FLH_Wind=2707.1h
2025-12-17T00:55:18 [64/192] ELX_-_ALGOROS | PV:COMPLETE | WND:COMPLETE
2025-12-17T00:55:18   -> KPIs berechnet: FLH_PV=1731.2h, FLH_Wind=2873.8h
2025-12-17T00:55:18 [65/192] QUART_-_BENAGER | PV:COMPLETE | WND:COMPLETE
2025-12-17T00:55:18   -> KPIs berechnet: FLH_PV=1584.8h, FLH_Wind=2499.5h
2025-12-17T00:55:19 [66/192] PINEDO_1 | PV:COMPLETE | WND:COMPLETE
2025-12-17T00:55:19   -> KPIs berechnet: FLH_PV=1585.1h, FLH_Wind=2465.5h
2025-12-17T00:55:19 [67/192] GUADALETE | PV:COMPLETE | WND:COMPLETE
2025-12-17T00:55:19   -> KPIs berechnet: FLH_PV=1633.9h, FLH_Wind=3365.2h
2025-12-17T00:55:19 [68/192] LA_GOLONDRINA | PV:COMPLETE | WND:COMPLETE
2025-12-17T00:55:20   -> KPIs berechnet: FLH_PV=1607.5h, FLH_Wind=2427.6h
2025-12-17T00:55:20 [69/192] HUELVA | PV:COMPLETE | WND:COMPLETE
2025-12-17T00:55:20   -> KPIs berechnet: FLH_PV=1745.0h, FLH_Wind=3486.1h
2025-12-17T00:55:20 [70/192] SUR | PV:COMPLETE | WND:COMPLETE
2025-12-17T00:55:20   -> KPIs berechnet: FLH_PV=1593.1h, FLH_Wind=2930.7h
2025-12-17T00:55:21 [71/192] LA_CHINA | PV:COMPLETE | WND:COMPLETE
2025-12-17T00:55:21   -> KPIs berechnet: FLH_PV=1593.1h, FLH_Wind=2930.7h
2025-12-17T00:55:21 [72/192] BUTARQUE | PV:COMPLETE | WND:COMPLETE
2025-12-17T00:55:21   -> KPIs berechnet: FLH_PV=1592.8h, FLH_Wind=2911.7h
2025-12-17T00:55:21 [73/192] ARROYO_CULEBRO_CUENCA_BAJA | PV:COMPLETE | WND:COMPLETE
2025-12-17T00:55:22   -> KPIs berechnet: FLH_PV=1593.3h, FLH_Wind=2938.6h
2025-12-17T00:55:22 [74/192] PALOMARES | PV:COMPLETE | WND:COMPLETE
2025-12-17T00:55:22   -> KPIs berechnet: FLH_PV=1610.4h, FLH_Wind=2834.0h
2025-12-17T00:55:22 [75/192] COPERO | PV:COMPLETE | WND:COMPLETE
2025-12-17T00:55:23   -> KPIs berechnet: FLH_PV=1610.3h, FLH_Wind=2809.1h
2025-12-17T00:55:23 [76/192] LA_RANILLA | PV:COMPLETE | WND:COMPLETE
2025-12-17T00:55:23   -> KPIs berechnet: FLH_PV=1609.2h, FLH_Wind=2766.3h
2025-12-17T00:55:23 [77/192] CARTAGENA_CABEZO_BEAZA | PV:COMPLETE | WND:COMPLETE
2025-12-17T00:55:23   -> KPIs berechnet: FLH_PV=1732.7h, FLH_Wind=2946.1h
2025-12-17T00:55:24 [78/192] MAR_MENOR_SUR | PV:COMPLETE | WND:COMPLETE
2025-12-17T00:55:24   -> KPIs berechnet: FLH_PV=1734.6h, FLH_Wind=3038.3h
2025-12-17T00:55:24 [79/192] Crispijana | PV:COMPLETE | WND:COMPLETE
2025-12-17T00:55:24   -> KPIs berechnet: FLH_PV=1403.0h, FLH_Wind=2970.7h
2025-12-17T00:55:24 [80/192] Loiola | PV:COMPLETE | WND:COMPLETE
2025-12-17T00:55:25   -> KPIs berechnet: FLH_PV=1457.2h, FLH_Wind=3100.2h
2025-12-17T00:55:25 [81/192] LOGROÑO | PV:COMPLETE | WND:COMPLETE
2025-12-17T00:55:25   -> KPIs berechnet: FLH_PV=1501.5h, FLH_Wind=2900.6h
2025-12-17T00:55:25 [82/192] ZARAGOZA_LA_CARTUJA | PV:COMPLETE | WND:COMPLETE
2025-12-17T00:55:25   -> KPIs berechnet: FLH_PV=1562.3h, FLH_Wind=3702.3h
2025-12-17T00:55:26 [83/192] GIJON_OESTE | PV:COMPLETE | WND:COMPLETE
2025-12-17T00:55:26   -> KPIs berechnet: FLH_PV=1399.9h, FLH_Wind=3222.6h
2025-12-17T00:55:26 [84/192] VILLAPEREZ | PV:COMPLETE | WND:COMPLETE
2025-12-17T00:55:26   -> KPIs berechnet: FLH_PV=1406.1h, FLH_Wind=3041.4h
2025-12-17T00:55:26 [85/192] SAN_PANTALEON | PV:COMPLETE | WND:COMPLETE
2025-12-17T00:55:27   -> KPIs berechnet: FLH_PV=1464.1h, FLH_Wind=3283.5h
2025-12-17T00:55:27 [86/192] SAN_ROMÁN | PV:COMPLETE | WND:COMPLETE
2025-12-17T00:55:27   -> KPIs berechnet: FLH_PV=1465.3h, FLH_Wind=3200.1h
2025-12-17T00:55:27 [87/192] VUELTA_OSTRERA | PV:COMPLETE | WND:COMPLETE
2025-12-17T00:55:27   -> KPIs berechnet: FLH_PV=1481.7h, FLH_Wind=3161.4h
2025-12-17T00:55:28 [88/192] LEON | PV:COMPLETE | WND:COMPLETE
2025-12-17T00:55:28   -> KPIs berechnet: FLH_PV=1510.8h, FLH_Wind=2932.5h
2025-12-17T00:55:28 [89/192] SALAMANCA | PV:COMPLETE | WND:COMPLETE
2025-12-17T00:55:28   -> KPIs berechnet: FLH_PV=1566.5h, FLH_Wind=3414.3h
2025-12-17T00:55:28 [90/192] ALCAZAR_DE_SAN_JUAN-CAMPO_DE_CRIPTANA | PV:COMPLETE | WND:COMPLETE
2025-12-17T00:55:29   -> KPIs berechnet: FLH_PV=1622.0h, FLH_Wind=3236.7h
2025-12-17T00:55:29 [91/192] PRAT_DE_LLOBREGAT_EL | PV:COMPLETE | WND:COMPLETE
2025-12-17T00:55:29   -> KPIs berechnet: FLH_PV=1521.1h, FLH_Wind=2112.9h
2025-12-17T00:55:29 [92/192] SANT_FELIU_DE_LLOBREGAT | PV:COMPLETE | WND:COMPLETE
2025-12-17T00:55:30   -> KPIs berechnet: FLH_PV=1518.8h, FLH_Wind=2078.2h
2025-12-17T00:55:30 [93/192] TERRASSA | PV:COMPLETE | WND:COMPLETE
2025-12-17T00:55:30   -> KPIs berechnet: FLH_PV=1511.0h, FLH_Wind=2009.7h
2025-12-17T00:55:31 [94/192] TP_36_of_Helsingin_kt | PV:COMPLETE | WND:COMPLETE
2025-12-17T00:55:31   -> KPIs berechnet: FLH_PV=1071.6h, FLH_Wind=4071.0h
2025-12-17T00:55:31 [95/192] TP_101_of_Helsingin_kt | PV:COMPLETE | WND:COMPLETE
2025-12-17T00:55:31   -> KPIs berechnet: FLH_PV=1061.3h, FLH_Wind=4012.0h
2025-12-17T00:55:31 [96/192] MAXEVILLE | PV:COMPLETE | WND:COMPLETE
2025-12-17T00:55:32   -> KPIs berechnet: FLH_PV=1210.4h, FLH_Wind=2607.7h
2025-12-17T00:55:32 [97/192] METZ | PV:COMPLETE | WND:COMPLETE
2025-12-17T00:55:32   -> KPIs berechnet: FLH_PV=1189.9h, FLH_Wind=2664.3h
2025-12-17T00:55:32 [98/192] STRASBOURG_-_LA_WANTZENAU | PV:COMPLETE | WND:COMPLETE
2025-12-17T00:55:32   -> KPIs berechnet: FLH_PV=1241.9h, FLH_Wind=1926.0h
2025-12-17T00:55:33 [99/192] SAUSHEIM | PV:COMPLETE | WND:COMPLETE
2025-12-17T00:55:33   -> KPIs berechnet: FLH_PV=1286.5h, FLH_Wind=1841.7h
2025-12-17T00:55:33 [100/192] LE_HAVRE | PV:COMPLETE | WND:COMPLETE
2025-12-17T00:55:33   -> KPIs berechnet: FLH_PV=1294.1h, FLH_Wind=4604.4h
2025-12-17T00:55:33 [101/192] ROUEN | PV:COMPLETE | WND:COMPLETE
2025-12-17T00:55:34   -> KPIs berechnet: FLH_PV=1195.3h, FLH_Wind=3385.7h
2025-12-17T00:55:34 [102/192] PARIS_SEINE_AVAL | PV:COMPLETE | WND:COMPLETE
2025-12-17T00:55:34   -> KPIs berechnet: FLH_PV=1196.5h, FLH_Wind=2966.6h
2025-12-17T00:55:34 [103/192] PARIS_SEINE_GRÉSILLONS | PV:COMPLETE | WND:COMPLETE
2025-12-17T00:55:34   -> KPIs berechnet: FLH_PV=1196.2h, FLH_Wind=2981.2h
2025-12-17T00:55:35 [104/192] NANTES_1-TOUGAS | PV:COMPLETE | WND:COMPLETE
2025-12-17T00:55:35   -> KPIs berechnet: FLH_PV=1281.7h, FLH_Wind=3319.4h
2025-12-17T00:55:35 [105/192] LMM_LE_MANS_-_LA_CHAUVINIÈRE | PV:COMPLETE | WND:COMPLETE
2025-12-17T00:55:35   -> KPIs berechnet: FLH_PV=1224.2h, FLH_Wind=3003.3h
2025-12-17T00:55:36 [106/192] TOULOUSE_GINESTOUS | PV:COMPLETE | WND:COMPLETE
2025-12-17T00:55:36   -> KPIs berechnet: FLH_PV=1357.2h, FLH_Wind=2238.6h
2025-12-17T00:55:36 [107/192] BEGLES_CLOS_DE_HILDE | PV:COMPLETE | WND:COMPLETE
2025-12-17T00:55:36   -> KPIs berechnet: FLH_PV=1325.2h, FLH_Wind=2481.9h
2025-12-17T00:55:36 [108/192] DIJON | PV:COMPLETE | WND:COMPLETE
2025-12-17T00:55:37   -> KPIs berechnet: FLH_PV=1270.6h, FLH_Wind=2528.4h
2025-12-17T00:55:37 [109/192] MAERA_EX_CEREIREDE | PV:COMPLETE | WND:COMPLETE
2025-12-17T00:55:37   -> KPIs berechnet: FLH_PV=1591.5h, FLH_Wind=3827.6h
2025-12-17T00:55:37 [110/192] LYON_-_PIERRE_BÉNITE | PV:COMPLETE | WND:COMPLETE
2025-12-17T00:55:37   -> KPIs berechnet: FLH_PV=1339.1h, FLH_Wind=2250.8h
2025-12-17T00:55:38 [111/192] LYON_-_SAINT_FONS | PV:COMPLETE | WND:COMPLETE
2025-12-17T00:55:38   -> KPIs berechnet: FLH_PV=1339.0h, FLH_Wind=2246.8h
2025-12-17T00:55:38 [112/192] FERNEY-VOLTAIRE_-_AIRE_2 | PV:COMPLETE | WND:COMPLETE
2025-12-17T00:55:38   -> KPIs berechnet: FLH_PV=1365.7h, FLH_Wind=1256.3h
2025-12-17T00:55:39 [113/192] Rijeka-Delta | PV:COMPLETE | WND:COMPLETE
2025-12-17T00:55:39   -> KPIs berechnet: FLH_PV=1458.8h, FLH_Wind=3045.0h
2025-12-17T00:55:39 [114/192] Zagreb | PV:COMPLETE | WND:COMPLETE
2025-12-17T00:55:39   -> KPIs berechnet: FLH_PV=1313.5h, FLH_Wind=2354.4h
2025-12-17T00:55:39 [115/192] Budapest_Eszak_Pest_-_Szennyviztisztito_Telep | PV:COMPLETE | WND:COMPLETE
2025-12-17T00:55:40   -> KPIs berechnet: FLH_PV=1299.7h, FLH_Wind=3095.1h
2025-12-17T00:55:40 [116/192] Debrecen_-_Szennyviztisztito_Telep | PV:COMPLETE | WND:COMPLETE
2025-12-17T00:55:40   -> KPIs berechnet: FLH_PV=1274.1h, FLH_Wind=2871.2h
2025-12-17T00:55:40 [117/192] Cork_city | PV:COMPLETE | WND:COMPLETE
2025-12-17T00:55:41   -> KPIs berechnet: FLH_PV=1079.9h, FLH_Wind=4198.9h
2025-12-17T00:55:41 [118/192] Ringsend | PV:COMPLETE | WND:COMPLETE
2025-12-17T00:55:41   -> KPIs berechnet: FLH_PV=1122.5h, FLH_Wind=5074.7h
2025-12-17T00:55:41 [119/192] Castiglione | PV:COMPLETE | WND:COMPLETE
2025-12-17T00:55:41   -> KPIs berechnet: FLH_PV=1423.4h, FLH_Wind=775.0h
2025-12-17T00:55:42 [120/192] Dp01209001_Lonate_Pozzolo | PV:COMPLETE | WND:COMPLETE
2025-12-17T00:55:42   -> KPIs berechnet: FLH_PV=1364.1h, FLH_Wind=874.4h
2025-12-17T00:55:42 [121/192] Dp01514601_Milano_Nosedo | PV:COMPLETE | WND:COMPLETE
2025-12-17T00:55:42   -> KPIs berechnet: FLH_PV=1361.0h, FLH_Wind=1001.1h
2025-12-17T00:55:42 [122/192] Dp01514602_Milano_S_Rocco | PV:COMPLETE | WND:COMPLETE
2025-12-17T00:55:43   -> KPIs berechnet: FLH_PV=1363.3h, FLH_Wind=1009.9h
2025-12-17T00:55:43 [123/192] Arzignano_Via_Altura | PV:COMPLETE | WND:COMPLETE
2025-12-17T00:55:43   -> KPIs berechnet: FLH_PV=1325.4h, FLH_Wind=1143.9h
2025-12-17T00:55:43 [124/192] Venezia_Fusina_Via_Dei_Cantieri | PV:COMPLETE | WND:COMPLETE
2025-12-17T00:55:44   -> KPIs berechnet: FLH_PV=1325.7h, FLH_Wind=1583.6h
2025-12-17T00:55:44 [125/192] San_Giorgio_Di_Nogaro | PV:COMPLETE | WND:COMPLETE
2025-12-17T00:55:44   -> KPIs berechnet: FLH_PV=1323.2h, FLH_Wind=1503.0h
2025-12-17T00:55:44 [126/192] Bologna_Corticella | PV:COMPLETE | WND:COMPLETE
2025-12-17T00:55:44   -> KPIs berechnet: FLH_PV=1378.4h, FLH_Wind=2026.2h
2025-12-17T00:55:45 [127/192] Idl_San_Colombano | PV:COMPLETE | WND:COMPLETE
2025-12-17T00:55:45   -> KPIs berechnet: FLH_PV=1366.2h, FLH_Wind=2092.7h
2025-12-17T00:55:45 [128/192] Idi_Aquarno | PV:COMPLETE | WND:COMPLETE
2025-12-17T00:55:46   -> KPIs berechnet: FLH_PV=1388.7h, FLH_Wind=2150.6h
2025-12-17T00:55:46 [129/192] Idi_Cuoio_Depur | PV:COMPLETE | WND:COMPLETE
2025-12-17T00:55:46   -> KPIs berechnet: FLH_PV=1394.9h, FLH_Wind=2181.2h
2025-12-17T00:55:46 [130/192] ROMA_EST | PV:COMPLETE | WND:COMPLETE
2025-12-17T00:55:47   -> KPIs berechnet: FLH_PV=1463.0h, FLH_Wind=1931.5h
2025-12-17T00:55:47 [131/192] ROMA_NORD | PV:COMPLETE | WND:COMPLETE
2025-12-17T00:55:47   -> KPIs berechnet: FLH_PV=1462.4h, FLH_Wind=2026.0h
2025-12-17T00:55:47 [132/192] Caivano_Depuratore_Di_Acerra | PV:COMPLETE | WND:COMPLETE
2025-12-17T00:55:48   -> KPIs berechnet: FLH_PV=1555.3h, FLH_Wind=1694.1h
2025-12-17T00:55:48 [133/192] Orta_Di_Atella_Ce_Impianto_Napoli_Nord | PV:COMPLETE | WND:COMPLETE
2025-12-17T00:55:48   -> KPIs berechnet: FLH_PV=1454.7h, FLH_Wind=1711.1h
2025-12-17T00:55:48 [134/192] Marigliano_Na_Depuratore_Di_Nola | PV:COMPLETE | WND:COMPLETE
2025-12-17T00:55:48   -> KPIs berechnet: FLH_PV=1555.0h, FLH_Wind=1773.7h
2025-12-17T00:55:49 [135/192] Marcianise_Ce_Depuratore_Di_Marcianise | PV:COMPLETE | WND:COMPLETE
2025-12-17T00:55:49   -> KPIs berechnet: FLH_PV=1455.3h, FLH_Wind=1717.4h
2025-12-17T00:55:49 [136/192] Pozzuoli_Na_Impianto_Napoli_Ovest_Cuma | PV:COMPLETE | WND:COMPLETE
2025-12-17T00:55:49   -> KPIs berechnet: FLH_PV=1468.7h, FLH_Wind=1848.9h
2025-12-17T00:55:49 [137/192] Salerno_Impianto_Salerno | PV:COMPLETE | WND:COMPLETE
2025-12-17T00:55:50   -> KPIs berechnet: FLH_PV=1567.1h, FLH_Wind=2286.1h
2025-12-17T00:55:50 [138/192] Impianto_Consortile_Di_Catania | PV:COMPLETE | WND:COMPLETE
2025-12-17T00:55:50   -> KPIs berechnet: FLH_PV=1659.2h, FLH_Wind=2457.3h
2025-12-17T00:55:50 [139/192] Impianto_C_Da_Magnisi_Casale_Vecchie_Saline_Depuratore_Ias_Priolo | PV:COMPLETE | WND:COMPLETE
2025-12-17T00:55:51   -> KPIs berechnet: FLH_PV=1671.0h, FLH_Wind=2796.5h
2025-12-17T00:55:51 [140/192] BAI_Daugavgrīva | PV:COMPLETE | WND:COMPLETE
2025-12-17T00:55:51   -> KPIs berechnet: FLH_PV=1030.2h, FLH_Wind=3169.1h
2025-12-17T00:55:51 [141/192] UWWTP_AMSTERDAM-WEST | PV:COMPLETE | WND:COMPLETE
2025-12-17T00:55:51   -> KPIs berechnet: FLH_PV=1132.5h, FLH_Wind=3807.3h
2025-12-17T00:55:52 [142/192] UWWTP_HARNASCHPOLDER | PV:COMPLETE | WND:COMPLETE
2025-12-17T00:55:52   -> KPIs berechnet: FLH_PV=1227.9h, FLH_Wind=4725.3h
2025-12-17T00:55:52 [143/192] UWWTP_KRALINGSEVEER | PV:COMPLETE | WND:COMPLETE
2025-12-17T00:55:52   -> KPIs berechnet: FLH_PV=1140.5h, FLH_Wind=3393.7h
2025-12-17T00:55:52 [144/192] UWWTP_NIEUWVEER | PV:COMPLETE | WND:COMPLETE
2025-12-17T00:55:53   -> KPIs berechnet: FLH_PV=1136.5h, FLH_Wind=3115.6h
2025-12-17T00:55:53 [145/192] UWWTP_BATH | PV:COMPLETE | WND:COMPLETE
2025-12-17T00:55:53   -> KPIs berechnet: FLH_PV=1145.5h, FLH_Wind=3372.7h
2025-12-17T00:55:53 [146/192] UWWTP_AMSTERDAN-WESTPOORT | PV:COMPLETE | WND:COMPLETE
2025-12-17T00:55:54   -> KPIs berechnet: FLH_PV=1132.0h, FLH_Wind=3808.1h
2025-12-17T00:55:54 [147/192] UWWTP_TILBURG-NOORD | PV:COMPLETE | WND:COMPLETE
2025-12-17T00:55:54   -> KPIs berechnet: FLH_PV=1132.1h, FLH_Wind=2937.7h
2025-12-17T00:55:54 [148/192] Wrocławska_Oczyszczalnia_Ścieków | PV:COMPLETE | WND:COMPLETE
2025-12-17T00:55:54   -> KPIs berechnet: FLH_PV=1171.0h, FLH_Wind=2581.2h
2025-12-17T00:55:55 [149/192] Toruń_Centralna_Oczyszczalnia_Ścieków | PV:COMPLETE | WND:COMPLETE
2025-12-17T00:55:55   -> KPIs berechnet: FLH_PV=1101.0h, FLH_Wind=2642.7h
2025-12-17T00:55:55 [150/192] Lublin-Hajdów | PV:COMPLETE | WND:COMPLETE
2025-12-17T00:55:55   -> KPIs berechnet: FLH_PV=1153.4h, FLH_Wind=2468.5h
2025-12-17T00:55:55 [151/192] Goś_Łam | PV:COMPLETE | WND:COMPLETE
2025-12-17T00:55:56   -> KPIs berechnet: FLH_PV=1143.6h, FLH_Wind=2541.1h
2025-12-17T00:55:56 [152/192] Kutno | PV:COMPLETE | WND:COMPLETE
2025-12-17T00:55:56   -> KPIs berechnet: FLH_PV=1130.7h, FLH_Wind=2544.6h
2025-12-17T00:55:56 [153/192] Kraków-Płaszów | PV:COMPLETE | WND:COMPLETE
2025-12-17T00:55:57   -> KPIs berechnet: FLH_PV=1210.9h, FLH_Wind=2366.3h
2025-12-17T00:55:57 [154/192] Kraków-Kujawy | PV:COMPLETE | WND:COMPLETE
2025-12-17T00:55:57   -> KPIs berechnet: FLH_PV=1208.4h, FLH_Wind=2358.0h
2025-12-17T00:55:57 [155/192] Tarnów | PV:COMPLETE | WND:COMPLETE
2025-12-17T00:55:57   -> KPIs berechnet: FLH_PV=1200.7h, FLH_Wind=2307.5h
2025-12-17T00:55:58 [156/192] Zakład_Oczyszczalni_Ścieków_Czajka | PV:COMPLETE | WND:COMPLETE
2025-12-17T00:55:58   -> KPIs berechnet: FLH_PV=1124.5h, FLH_Wind=2493.3h
2025-12-17T00:55:58 [157/192] Gdańsk-Wschód | PV:COMPLETE | WND:COMPLETE
2025-12-17T00:55:58   -> KPIs berechnet: FLH_PV=1171.2h, FLH_Wind=4448.0h
2025-12-17T00:55:59 [158/192] Goś_Dębogórze | PV:COMPLETE | WND:COMPLETE
2025-12-17T00:55:59   -> KPIs berechnet: FLH_PV=1169.1h, FLH_Wind=4590.9h
2025-12-17T00:55:59 [159/192] International_Paper-Kwidzyn_Sp_z_o_o | PV:COMPLETE | WND:COMPLETE
2025-12-17T00:55:59   -> KPIs berechnet: FLH_PV=1083.2h, FLH_Wind=2796.5h
2025-12-17T00:55:59 [160/192] Centralna_Oczyszczalnia_Ścieków_w_Gliwicach | PV:COMPLETE | WND:COMPLETE
2025-12-17T00:56:00   -> KPIs berechnet: FLH_PV=1187.7h, FLH_Wind=2450.1h
2025-12-17T00:56:00 [161/192] Centralna_Oczyszczalnia_Ścieków_w_Koziegłowach | PV:COMPLETE | WND:COMPLETE
2025-12-17T00:56:00   -> KPIs berechnet: FLH_PV=1116.1h, FLH_Wind=2621.5h
2025-12-17T00:56:01 [162/192] Dopiewo | PV:COMPLETE | WND:COMPLETE
2025-12-17T00:56:01   -> KPIs berechnet: FLH_PV=1119.7h, FLH_Wind=2607.3h
2025-12-17T00:56:01 [163/192] Pomorzany | PV:COMPLETE | WND:COMPLETE
2025-12-17T00:56:01   -> KPIs berechnet: FLH_PV=1168.1h, FLH_Wind=2915.2h
2025-12-17T00:56:01 [164/192] Agra_I_e_II | PV:COMPLETE | WND:COMPLETE
2025-12-17T00:56:02   -> KPIs berechnet: FLH_PV=1454.9h, FLH_Wind=3405.7h
2025-12-17T00:56:02 [165/192] Rib_de_Moinhos | PV:COMPLETE | WND:COMPLETE
2025-12-17T00:56:02   -> KPIs berechnet: FLH_PV=1615.1h, FLH_Wind=4168.8h
2025-12-17T00:56:02 [166/192] Matosinhos | PV:COMPLETE | WND:COMPLETE
2025-12-17T00:56:03   -> KPIs berechnet: FLH_PV=1563.4h, FLH_Wind=3406.7h
2025-12-17T00:56:03 [167/192] ROWP_DANCU_IASI | PV:COMPLETE | WND:COMPLETE
2025-12-17T00:56:03   -> KPIs berechnet: FLH_PV=1313.0h, FLH_Wind=3528.0h
2025-12-17T00:56:03 [168/192] ROWP_GALATI | PV:COMPLETE | WND:COMPLETE
2025-12-17T00:56:03   -> KPIs berechnet: FLH_PV=1360.0h, FLH_Wind=3554.7h
2025-12-17T00:56:04 [169/192] ROWP_SC_APA_CANAL_2000_S_A_PITESTI | PV:COMPLETE | WND:COMPLETE
2025-12-17T00:56:04   -> KPIs berechnet: FLH_PV=1384.3h, FLH_Wind=2521.7h
2025-12-17T00:56:04 [170/192] ROWP_RA_Aquatim_Timisoara | PV:COMPLETE | WND:COMPLETE
2025-12-17T00:56:04   -> KPIs berechnet: FLH_PV=1309.2h, FLH_Wind=2955.7h
2025-12-17T00:56:04 [171/192] ROWP_SC_COMPANIA_APA_SA_Brasov | PV:COMPLETE | WND:COMPLETE
2025-12-17T00:56:05   -> KPIs berechnet: FLH_PV=1372.1h, FLH_Wind=2334.2h
2025-12-17T00:56:05 [172/192] ROWP_SC_APA_NOVA_SA_BUCURESTI | PV:COMPLETE | WND:COMPLETE
2025-12-17T00:56:05   -> KPIs berechnet: FLH_PV=1368.4h, FLH_Wind=2813.6h
2025-12-17T00:56:05 [173/192] UWWTP_LJUBLJANA_ZALOG | PV:COMPLETE | WND:COMPLETE
2025-12-17T00:56:05   -> KPIs berechnet: FLH_PV=1421.4h, FLH_Wind=2219.6h
2025-12-17T00:56:06 [174/192] NORTH_WARRINGTON_STW | PV:COMPLETE | WND:COMPLETE
2025-12-17T00:56:06   -> KPIs berechnet: FLH_PV=1050.8h, FLH_Wind=3594.2h
2025-12-17T00:56:06 [175/192] BLACKBURN_STW | PV:COMPLETE | WND:COMPLETE
2025-12-17T00:56:06   -> KPIs berechnet: FLH_PV=1035.2h, FLH_Wind=3710.2h
2025-12-17T00:56:07 [176/192] LONDON_Becton_STW | PV:COMPLETE | WND:COMPLETE
2025-12-17T00:56:07   -> KPIs berechnet: FLH_PV=1155.4h, FLH_Wind=3717.4h
2025-12-17T00:56:07 [177/192] LONDON_Deepham_STW | PV:COMPLETE | WND:COMPLETE
2025-12-17T00:56:07   -> KPIs berechnet: FLH_PV=1146.6h, FLH_Wind=3692.0h
2025-12-17T00:56:07 [178/192] LONDON_Crossness_STW | PV:COMPLETE | WND:COMPLETE
2025-12-17T00:56:08   -> KPIs berechnet: FLH_PV=1156.9h, FLH_Wind=3724.8h
2025-12-17T00:56:08 [179/192] WIGAN_HOSCAR_STW | PV:COMPLETE | WND:COMPLETE
2025-12-17T00:56:08   -> KPIs berechnet: FLH_PV=1049.3h, FLH_Wind=3681.8h
2025-12-17T00:56:08 [180/192] Manchester_and_Salford_Davyhulme_STW | PV:COMPLETE | WND:COMPLETE
2025-12-17T00:56:08   -> KPIs berechnet: FLH_PV=1040.8h, FLH_Wind=3625.9h
2025-12-17T00:56:09 [181/192] BIRMINGHAM_BLACK_COUNTRY_NO_1_MINWORTH_STW | PV:COMPLETE | WND:COMPLETE
2025-12-17T00:56:09   -> KPIs berechnet: FLH_PV=1092.9h, FLH_Wind=3431.5h
2025-12-17T00:56:09 [182/192] BRADFORD_ESHOLT_STW | PV:COMPLETE | WND:COMPLETE
2025-12-17T00:56:09   -> KPIs berechnet: FLH_PV=1028.4h, FLH_Wind=3654.9h
2025-12-17T00:56:10 [183/192] LEEDS_KNOSTROP_STW | PV:COMPLETE | WND:COMPLETE
2025-12-17T00:56:10   -> KPIs berechnet: FLH_PV=1053.3h, FLH_Wind=3674.0h
2025-12-17T00:56:10 [184/192] MIDDLESBOROUGH_STW | PV:COMPLETE | WND:COMPLETE
2025-12-17T00:56:10   -> KPIs berechnet: FLH_PV=1038.8h, FLH_Wind=4036.9h
2025-12-17T00:56:10 [185/192] NORTHAMPTON_STW | PV:COMPLETE | WND:COMPLETE
2025-12-17T00:56:11   -> KPIs berechnet: FLH_PV=1107.5h, FLH_Wind=3519.5h
2025-12-17T00:56:11 [186/192] MILTON_KEYNES_STW | PV:COMPLETE | WND:COMPLETE
2025-12-17T00:56:11   -> KPIs berechnet: FLH_PV=1118.4h, FLH_Wind=3531.2h
2025-12-17T00:56:11 [187/192] HULL_STW | PV:COMPLETE | WND:COMPLETE
2025-12-17T00:56:11   -> KPIs berechnet: FLH_PV=1057.0h, FLH_Wind=4051.2h
2025-12-17T00:56:12 [188/192] Rye_Meads_STW | PV:COMPLETE | WND:COMPLETE
2025-12-17T00:56:12   -> KPIs berechnet: FLH_PV=1139.9h, FLH_Wind=3632.1h
2025-12-17T00:56:12 [189/192] TILBURY_STW_TILBURY_ESSEX | PV:COMPLETE | WND:COMPLETE
2025-12-17T00:56:12   -> KPIs berechnet: FLH_PV=1245.6h, FLH_Wind=4646.7h
2025-12-17T00:56:13 [190/192] COVENTRY_STW | PV:COMPLETE | WND:COMPLETE
2025-12-17T00:56:13   -> KPIs berechnet: FLH_PV=1096.5h, FLH_Wind=3451.4h
2025-12-17T00:56:13 [191/192] LONDON_Riverside_STW | PV:COMPLETE | WND:COMPLETE
2025-12-17T00:56:13   -> KPIs berechnet: FLH_PV=1157.0h, FLH_Wind=3728.1h
2025-12-17T00:56:13 [192/192] LONDON_Long_Reach_STW | PV:COMPLETE | WND:COMPLETE
2025-12-17T00:56:14   -> KPIs berechnet: FLH_PV=1160.8h, FLH_Wind=3747.9h
2025-12-17T00:56:14 ======================================================
2025-12-17T00:56:14 Schreibe 192 KPI-Zeilen in Excel 'H2 Renewables' …
2025-12-17T00:56:14 H2 Renewables Base geschrieben: C:\Users\aless\PycharmProjects\Masterthesis\Output\UWWTD_TP_Database.xlsx -> Sheet 'H2 Renewables'
2025-12-17T00:56:14 ✓ Renewable energy KPIs calculated for 192 plants → Sheet 'H2 Renewables'
2025-12-17T01:07:08 ======================================================
2025-12-17T01:07:08 Start • Sites: 192 • Zeitraum: 2015-01-01 bis 2024-12-31 (Auto-Chunking <=1Y)
2025-12-17T01:07:08 Limiter: 1.0 req/s & 50 req/h (sichtbar)
2025-12-17T01:07:08 Excel: C:\Users\aless\PycharmProjects\Masterthesis\Output\UWWTD_TP_Database.xlsx | Sheets: 'General Data' -> 'Grid Energy Connection'
2025-12-17T01:07:08 Ausgabe: C:\Users\aless\PycharmProjects\Masterthesis\Output\RenewableEnergyProfiles (stabile Dateinamen, keine Doppel-Downloads)
2025-12-17T01:07:08 ======================================================
2025-12-17T01:07:08 [1/192] ARA_AWV_Schwechat | PV:COMPLETE | WND:COMPLETE
2025-12-17T01:07:09   -> KPIs berechnet: FLH_PV=1285.9h, FLH_Wind=3572.7h
2025-12-17T01:07:09 [2/192] Asten_-_Regionalkläranlage | PV:COMPLETE | WND:COMPLETE
2025-12-17T01:07:09   -> KPIs berechnet: FLH_PV=1357.1h, FLH_Wind=2557.8h
2025-12-17T01:07:09 [3/192] ARA_Siggerwiesen | PV:COMPLETE | WND:COMPLETE
2025-12-17T01:07:09   -> KPIs berechnet: FLH_PV=1258.5h, FLH_Wind=1919.0h
2025-12-17T01:07:10 [4/192] Graz-Gössendorf | PV:COMPLETE | WND:COMPLETE
2025-12-17T01:07:10   -> KPIs berechnet: FLH_PV=1348.5h, FLH_Wind=1958.1h
2025-12-17T01:07:10 [5/192] Gratkorn | PV:COMPLETE | WND:COMPLETE
2025-12-17T01:07:10   -> KPIs berechnet: FLH_PV=1335.9h, FLH_Wind=2112.2h
2025-12-17T01:07:10 [6/192] Hauptkläranlage_Wien | PV:COMPLETE | WND:COMPLETE
2025-12-17T01:07:11   -> KPIs berechnet: FLH_PV=1285.7h, FLH_Wind=3550.5h
2025-12-17T01:07:11 [7/192] LIEGE_OUPEYE | PV:COMPLETE | WND:COMPLETE
2025-12-17T01:07:11   -> KPIs berechnet: FLH_PV=1152.8h, FLH_Wind=3016.0h
2025-12-17T01:07:11 [8/192] UWWTP_Plovdiv | PV:COMPLETE | WND:COMPLETE
2025-12-17T01:07:11   -> KPIs berechnet: FLH_PV=1479.3h, FLH_Wind=1845.2h
2025-12-17T01:07:11 [9/192] UWWTP_Sofia | PV:COMPLETE | WND:COMPLETE
2025-12-17T01:07:12   -> KPIs berechnet: FLH_PV=1479.8h, FLH_Wind=1876.4h
2025-12-17T01:07:12 [10/192] COV_Steti_-Papirny_Mondi | PV:COMPLETE | WND:COMPLETE
2025-12-17T01:07:12   -> KPIs berechnet: FLH_PV=1323.2h, FLH_Wind=2452.9h
2025-12-17T01:07:12 [11/192] COV_Brno_-_Modrice | PV:COMPLETE | WND:COMPLETE
2025-12-17T01:07:12   -> KPIs berechnet: FLH_PV=1257.0h, FLH_Wind=2992.5h
2025-12-17T01:07:13 [12/192] UCOV_Ostrava_-_Privoz | PV:COMPLETE | WND:COMPLETE
2025-12-17T01:07:13   -> KPIs berechnet: FLH_PV=1217.1h, FLH_Wind=2710.6h
2025-12-17T01:07:13 [13/192] Stahnsdorf | PV:COMPLETE | WND:COMPLETE
2025-12-17T01:07:13   -> KPIs berechnet: FLH_PV=1124.0h, FLH_Wind=2547.9h
2025-12-17T01:07:13 [14/192] Ruhleben | PV:COMPLETE | WND:COMPLETE
2025-12-17T01:07:13   -> KPIs berechnet: FLH_PV=1120.4h, FLH_Wind=2567.6h
2025-12-17T01:07:14 [15/192] Schönerlinde | PV:COMPLETE | WND:COMPLETE
2025-12-17T01:07:14   -> KPIs berechnet: FLH_PV=1113.1h, FLH_Wind=2581.0h
2025-12-17T01:07:14 [16/192] Waßmannsdorf | PV:COMPLETE | WND:COMPLETE
2025-12-17T01:07:14   -> KPIs berechnet: FLH_PV=1122.2h, FLH_Wind=2553.2h
2025-12-17T01:07:14 [17/192] Hauptklärwerk_Mühlhausen | PV:COMPLETE | WND:COMPLETE
2025-12-17T01:07:14   -> KPIs berechnet: FLH_PV=1242.4h, FLH_Wind=2075.0h
2025-12-17T01:07:15 [18/192] Göppingen | PV:COMPLETE | WND:COMPLETE
2025-12-17T01:07:15   -> KPIs berechnet: FLH_PV=1252.5h, FLH_Wind=2096.8h
2025-12-17T01:07:15 [19/192] SKA_Heilbronn | PV:COMPLETE | WND:COMPLETE
2025-12-17T01:07:15   -> KPIs berechnet: FLH_PV=1217.6h, FLH_Wind=2124.9h
2025-12-17T01:07:15 [20/192] SKA_Karlsruhe_Neureut | PV:COMPLETE | WND:COMPLETE
2025-12-17T01:07:15   -> KPIs berechnet: FLH_PV=1217.5h, FLH_Wind=2044.0h
2025-12-17T01:07:15 [21/192] SKA_AZV_Heidelberg | PV:COMPLETE | WND:COMPLETE
2025-12-17T01:07:16   -> KPIs berechnet: FLH_PV=1202.5h, FLH_Wind=2052.7h
2025-12-17T01:07:16 [22/192] Kläranlage_Mannheim | PV:COMPLETE | WND:COMPLETE
2025-12-17T01:07:16   -> KPIs berechnet: FLH_PV=1204.2h, FLH_Wind=2052.8h
2025-12-17T01:07:16 [23/192] SKA_AZV_BREISGAUER_BUCHT_-_KA_FORCHHEIM | PV:COMPLETE | WND:COMPLETE
2025-12-17T01:07:16   -> KPIs berechnet: FLH_PV=1268.0h, FLH_Wind=1793.0h
2025-12-17T01:07:17 [24/192] Würzburg | PV:COMPLETE | WND:COMPLETE
2025-12-17T01:07:17   -> KPIs berechnet: FLH_PV=1206.7h, FLH_Wind=2111.9h
2025-12-17T01:07:17 [25/192] Augsburg | PV:COMPLETE | WND:COMPLETE
2025-12-17T01:07:17   -> KPIs berechnet: FLH_PV=1267.4h, FLH_Wind=2031.6h
2025-12-17T01:07:17 [26/192] Zweckverband_Klärwerk_Steinhäule | PV:COMPLETE | WND:COMPLETE
2025-12-17T01:07:17   -> KPIs berechnet: FLH_PV=1263.1h, FLH_Wind=2054.4h
2025-12-17T01:07:17 [27/192] München_II_-_Gut_Marienhof | PV:COMPLETE | WND:COMPLETE
2025-12-17T01:07:18   -> KPIs berechnet: FLH_PV=1247.5h, FLH_Wind=1852.3h
2025-12-17T01:07:18 [28/192] Erlangen | PV:COMPLETE | WND:COMPLETE
2025-12-17T01:07:18   -> KPIs berechnet: FLH_PV=1201.8h, FLH_Wind=2139.0h
2025-12-17T01:07:18 [29/192] Kläranlage_Seehausen | PV:COMPLETE | WND:COMPLETE
2025-12-17T01:07:18   -> KPIs berechnet: FLH_PV=1080.8h, FLH_Wind=2920.5h
2025-12-17T01:07:18 [30/192] Frankfurt_am_Main_Sindlingen | PV:COMPLETE | WND:COMPLETE
2025-12-17T01:07:18   -> KPIs berechnet: FLH_PV=1198.2h, FLH_Wind=2067.3h
2025-12-17T01:07:19 [31/192] Wiesbaden_Mitte | PV:COMPLETE | WND:COMPLETE
2025-12-17T01:07:19   -> KPIs berechnet: FLH_PV=1190.7h, FLH_Wind=2110.3h
2025-12-17T01:07:19 [32/192] Klärwerksverbund_Köhlbrandhöft_Dradenau | PV:COMPLETE | WND:COMPLETE
2025-12-17T01:07:19   -> KPIs berechnet: FLH_PV=1081.8h, FLH_Wind=2936.5h
2025-12-17T01:07:19 [33/192] Rostock_-_Bramow | PV:COMPLETE | WND:COMPLETE
2025-12-17T01:07:19   -> KPIs berechnet: FLH_PV=1101.2h, FLH_Wind=3490.0h
2025-12-17T01:07:19 [34/192] 2530002102_KA_Herrenhausen | PV:COMPLETE | WND:COMPLETE
2025-12-17T01:07:20   -> KPIs berechnet: FLH_PV=1111.0h, FLH_Wind=2692.2h
2025-12-17T01:07:20 [35/192] 2530142095_KA_Gümmerwald | PV:COMPLETE | WND:COMPLETE
2025-12-17T01:07:20   -> KPIs berechnet: FLH_PV=1109.5h, FLH_Wind=2703.6h
2025-12-17T01:07:20 [36/192] Aachen-Soers | PV:COMPLETE | WND:COMPLETE
2025-12-17T01:07:20   -> KPIs berechnet: FLH_PV=1158.1h, FLH_Wind=2819.8h
2025-12-17T01:07:20 [37/192] Dortmund-Deusen | PV:COMPLETE | WND:COMPLETE
2025-12-17T01:07:20   -> KPIs berechnet: FLH_PV=1124.5h, FLH_Wind=2713.8h
2025-12-17T01:07:21 [38/192] Bottrop | PV:COMPLETE | WND:COMPLETE
2025-12-17T01:07:21   -> KPIs berechnet: FLH_PV=1124.7h, FLH_Wind=2685.2h
2025-12-17T01:07:21 [39/192] Köln_Stammheim | PV:COMPLETE | WND:COMPLETE
2025-12-17T01:07:21   -> KPIs berechnet: FLH_PV=1169.6h, FLH_Wind=2618.3h
2025-12-17T01:07:21 [40/192] Düsseldorf-Nord | PV:COMPLETE | WND:COMPLETE
2025-12-17T01:07:21   -> KPIs berechnet: FLH_PV=1145.5h, FLH_Wind=2664.6h
2025-12-17T01:07:21 [41/192] Krefeld | PV:COMPLETE | WND:COMPLETE
2025-12-17T01:07:22   -> KPIs berechnet: FLH_PV=1136.3h, FLH_Wind=2667.4h
2025-12-17T01:07:22 [42/192] Mönchengladbach_GWK_I | PV:COMPLETE | WND:COMPLETE
2025-12-17T01:07:22   -> KPIs berechnet: FLH_PV=1150.0h, FLH_Wind=2681.2h
2025-12-17T01:07:22 [43/192] Neuss-Ost | PV:COMPLETE | WND:COMPLETE
2025-12-17T01:07:22   -> KPIs berechnet: FLH_PV=1152.8h, FLH_Wind=2655.8h
2025-12-17T01:07:22 [44/192] Münster-Hauptkläranlage | PV:COMPLETE | WND:COMPLETE
2025-12-17T01:07:22   -> KPIs berechnet: FLH_PV=1115.0h, FLH_Wind=2724.3h
2025-12-17T01:07:23 [45/192] Abwasserverband_Obere_Lutter | PV:COMPLETE | WND:COMPLETE
2025-12-17T01:07:23   -> KPIs berechnet: FLH_PV=1115.5h, FLH_Wind=2672.7h
2025-12-17T01:07:23 [46/192] Düren | PV:COMPLETE | WND:COMPLETE
2025-12-17T01:07:23   -> KPIs berechnet: FLH_PV=1165.4h, FLH_Wind=2719.3h
2025-12-17T01:07:23 [47/192] Düsseldorf-Süd | PV:COMPLETE | WND:COMPLETE
2025-12-17T01:07:23   -> KPIs berechnet: FLH_PV=1153.8h, FLH_Wind=2653.8h
2025-12-17T01:07:23 [48/192] Wuppertal-Buchenhofen | PV:COMPLETE | WND:COMPLETE
2025-12-17T01:07:24   -> KPIs berechnet: FLH_PV=1143.2h, FLH_Wind=2604.6h
2025-12-17T01:07:24 [49/192] Duisburg-Kaßlerfeld | PV:COMPLETE | WND:COMPLETE
2025-12-17T01:07:24   -> KPIs berechnet: FLH_PV=1130.6h, FLH_Wind=2666.4h
2025-12-17T01:07:24 [50/192] Emscherkläranlage | PV:COMPLETE | WND:COMPLETE
2025-12-17T01:07:24   -> KPIs berechnet: FLH_PV=1125.0h, FLH_Wind=2673.8h
2025-12-17T01:07:24 [51/192] Duisburg-Alte_Emscher | PV:COMPLETE | WND:COMPLETE
2025-12-17T01:07:24   -> KPIs berechnet: FLH_PV=1126.8h, FLH_Wind=2668.8h
2025-12-17T01:07:25 [52/192] Mainz | PV:COMPLETE | WND:COMPLETE
2025-12-17T01:07:25   -> KPIs berechnet: FLH_PV=1191.5h, FLH_Wind=2109.4h
2025-12-17T01:07:25 [53/192] Hetlingen | PV:COMPLETE | WND:COMPLETE
2025-12-17T01:07:25   -> KPIs berechnet: FLH_PV=1077.7h, FLH_Wind=3002.0h
2025-12-17T01:07:25 [54/192] Bitterfeld-Wolfen | PV:COMPLETE | WND:COMPLETE
2025-12-17T01:07:25   -> KPIs berechnet: FLH_PV=1163.9h, FLH_Wind=2422.2h
2025-12-17T01:07:25 [55/192] Halle-Nord | PV:COMPLETE | WND:COMPLETE
2025-12-17T01:07:26   -> KPIs berechnet: FLH_PV=1179.3h, FLH_Wind=2380.8h
2025-12-17T01:07:26 [56/192] Schkopau | PV:COMPLETE | WND:COMPLETE
2025-12-17T01:07:26   -> KPIs berechnet: FLH_PV=1182.2h, FLH_Wind=2391.8h
2025-12-17T01:07:26 [57/192] MD-Gerwisch | PV:COMPLETE | WND:COMPLETE
2025-12-17T01:07:26   -> KPIs berechnet: FLH_PV=1148.5h, FLH_Wind=2519.5h
2025-12-17T01:07:26 [58/192] FREDERICIA_CENTRALRENS | PV:COMPLETE | WND:COMPLETE
2025-12-17T01:07:26   -> KPIs berechnet: FLH_PV=1047.1h, FLH_Wind=3769.8h
2025-12-17T01:07:27 [59/192] THESSALONIKI | PV:COMPLETE | WND:COMPLETE
2025-12-17T01:07:27   -> KPIs berechnet: FLH_PV=1581.8h, FLH_Wind=1868.1h
2025-12-17T01:07:27 [60/192] PSYTTALIA | PV:COMPLETE | WND:COMPLETE
2025-12-17T01:07:27   -> KPIs berechnet: FLH_PV=1577.0h, FLH_Wind=3393.4h
2025-12-17T01:07:27 [61/192] METAMORPHOSI | PV:COMPLETE | WND:COMPLETE
2025-12-17T01:07:27   -> KPIs berechnet: FLH_PV=1569.5h, FLH_Wind=3621.9h
2025-12-17T01:07:27 [62/192] MONTE_ORGEGIA | PV:COMPLETE | WND:COMPLETE
2025-12-17T01:07:28   -> KPIs berechnet: FLH_PV=1616.0h, FLH_Wind=2705.3h
2025-12-17T01:07:28 [63/192] RINCON_DE_LEON | PV:COMPLETE | WND:COMPLETE
2025-12-17T01:07:28   -> KPIs berechnet: FLH_PV=1616.8h, FLH_Wind=2707.1h
2025-12-17T01:07:28 [64/192] ELX_-_ALGOROS | PV:COMPLETE | WND:COMPLETE
2025-12-17T01:07:28   -> KPIs berechnet: FLH_PV=1731.2h, FLH_Wind=2873.8h
2025-12-17T01:07:28 [65/192] QUART_-_BENAGER | PV:COMPLETE | WND:COMPLETE
2025-12-17T01:07:28   -> KPIs berechnet: FLH_PV=1584.8h, FLH_Wind=2499.5h
2025-12-17T01:07:28 [66/192] PINEDO_1 | PV:COMPLETE | WND:COMPLETE
2025-12-17T01:07:29   -> KPIs berechnet: FLH_PV=1585.1h, FLH_Wind=2465.5h
2025-12-17T01:07:29 [67/192] GUADALETE | PV:COMPLETE | WND:COMPLETE
2025-12-17T01:07:29   -> KPIs berechnet: FLH_PV=1633.9h, FLH_Wind=3365.2h
2025-12-17T01:07:29 [68/192] LA_GOLONDRINA | PV:COMPLETE | WND:COMPLETE
2025-12-17T01:07:29   -> KPIs berechnet: FLH_PV=1607.5h, FLH_Wind=2427.6h
2025-12-17T01:07:29 [69/192] HUELVA | PV:COMPLETE | WND:COMPLETE
2025-12-17T01:07:30   -> KPIs berechnet: FLH_PV=1745.0h, FLH_Wind=3486.1h
2025-12-17T01:07:30 [70/192] SUR | PV:COMPLETE | WND:COMPLETE
2025-12-17T01:07:30   -> KPIs berechnet: FLH_PV=1593.1h, FLH_Wind=2930.7h
2025-12-17T01:07:30 [71/192] LA_CHINA | PV:COMPLETE | WND:COMPLETE
2025-12-17T01:07:30   -> KPIs berechnet: FLH_PV=1593.1h, FLH_Wind=2930.7h
2025-12-17T01:07:30 [72/192] BUTARQUE | PV:COMPLETE | WND:COMPLETE
2025-12-17T01:07:30   -> KPIs berechnet: FLH_PV=1592.8h, FLH_Wind=2911.7h
2025-12-17T01:07:31 [73/192] ARROYO_CULEBRO_CUENCA_BAJA | PV:COMPLETE | WND:COMPLETE
2025-12-17T01:07:31   -> KPIs berechnet: FLH_PV=1593.3h, FLH_Wind=2938.6h
2025-12-17T01:07:31 [74/192] PALOMARES | PV:COMPLETE | WND:COMPLETE
2025-12-17T01:07:31   -> KPIs berechnet: FLH_PV=1610.4h, FLH_Wind=2834.0h
2025-12-17T01:07:31 [75/192] COPERO | PV:COMPLETE | WND:COMPLETE
2025-12-17T01:07:32   -> KPIs berechnet: FLH_PV=1610.3h, FLH_Wind=2809.1h
2025-12-17T01:07:32 [76/192] LA_RANILLA | PV:COMPLETE | WND:COMPLETE
2025-12-17T01:07:32   -> KPIs berechnet: FLH_PV=1609.2h, FLH_Wind=2766.3h
2025-12-17T01:07:32 [77/192] CARTAGENA_CABEZO_BEAZA | PV:COMPLETE | WND:COMPLETE
2025-12-17T01:07:32   -> KPIs berechnet: FLH_PV=1732.7h, FLH_Wind=2946.1h
2025-12-17T01:07:32 [78/192] MAR_MENOR_SUR | PV:COMPLETE | WND:COMPLETE
2025-12-17T01:07:32   -> KPIs berechnet: FLH_PV=1734.6h, FLH_Wind=3038.3h
2025-12-17T01:07:33 [79/192] Crispijana | PV:COMPLETE | WND:COMPLETE
2025-12-17T01:07:33   -> KPIs berechnet: FLH_PV=1403.0h, FLH_Wind=2970.7h
2025-12-17T01:07:33 [80/192] Loiola | PV:COMPLETE | WND:COMPLETE
2025-12-17T01:07:33   -> KPIs berechnet: FLH_PV=1457.2h, FLH_Wind=3100.2h
2025-12-17T01:07:33 [81/192] LOGROÑO | PV:COMPLETE | WND:COMPLETE
2025-12-17T01:07:33   -> KPIs berechnet: FLH_PV=1501.5h, FLH_Wind=2900.6h
2025-12-17T01:07:33 [82/192] ZARAGOZA_LA_CARTUJA | PV:COMPLETE | WND:COMPLETE
2025-12-17T01:07:34   -> KPIs berechnet: FLH_PV=1562.3h, FLH_Wind=3702.3h
2025-12-17T01:07:34 [83/192] GIJON_OESTE | PV:COMPLETE | WND:COMPLETE
2025-12-17T01:07:34   -> KPIs berechnet: FLH_PV=1399.9h, FLH_Wind=3222.6h
2025-12-17T01:07:34 [84/192] VILLAPEREZ | PV:COMPLETE | WND:COMPLETE
2025-12-17T01:07:34   -> KPIs berechnet: FLH_PV=1406.1h, FLH_Wind=3041.4h
2025-12-17T01:07:34 [85/192] SAN_PANTALEON | PV:COMPLETE | WND:COMPLETE
2025-12-17T01:07:34   -> KPIs berechnet: FLH_PV=1464.1h, FLH_Wind=3283.5h
2025-12-17T01:07:35 [86/192] SAN_ROMÁN | PV:COMPLETE | WND:COMPLETE
2025-12-17T01:07:35   -> KPIs berechnet: FLH_PV=1465.3h, FLH_Wind=3200.1h
2025-12-17T01:07:35 [87/192] VUELTA_OSTRERA | PV:COMPLETE | WND:COMPLETE
2025-12-17T01:07:35   -> KPIs berechnet: FLH_PV=1481.7h, FLH_Wind=3161.4h
2025-12-17T01:07:35 [88/192] LEON | PV:COMPLETE | WND:COMPLETE
2025-12-17T01:07:35   -> KPIs berechnet: FLH_PV=1510.8h, FLH_Wind=2932.5h
2025-12-17T01:07:36 [89/192] SALAMANCA | PV:COMPLETE | WND:COMPLETE
2025-12-17T01:07:36   -> KPIs berechnet: FLH_PV=1566.5h, FLH_Wind=3414.3h
2025-12-17T01:07:36 [90/192] ALCAZAR_DE_SAN_JUAN-CAMPO_DE_CRIPTANA | PV:COMPLETE | WND:COMPLETE
2025-12-17T01:07:36   -> KPIs berechnet: FLH_PV=1622.0h, FLH_Wind=3236.7h
2025-12-17T01:07:36 [91/192] PRAT_DE_LLOBREGAT_EL | PV:COMPLETE | WND:COMPLETE
2025-12-17T01:07:36   -> KPIs berechnet: FLH_PV=1521.1h, FLH_Wind=2112.9h
2025-12-17T01:07:36 [92/192] SANT_FELIU_DE_LLOBREGAT | PV:COMPLETE | WND:COMPLETE
2025-12-17T01:07:37   -> KPIs berechnet: FLH_PV=1518.8h, FLH_Wind=2078.2h
2025-12-17T01:07:37 [93/192] TERRASSA | PV:COMPLETE | WND:COMPLETE
2025-12-17T01:07:37   -> KPIs berechnet: FLH_PV=1511.0h, FLH_Wind=2009.7h
2025-12-17T01:07:37 [94/192] TP_36_of_Helsingin_kt | PV:COMPLETE | WND:COMPLETE
2025-12-17T01:07:37   -> KPIs berechnet: FLH_PV=1071.6h, FLH_Wind=4071.0h
2025-12-17T01:07:37 [95/192] TP_101_of_Helsingin_kt | PV:COMPLETE | WND:COMPLETE
2025-12-17T01:07:38   -> KPIs berechnet: FLH_PV=1061.3h, FLH_Wind=4012.0h
2025-12-17T01:07:38 [96/192] MAXEVILLE | PV:COMPLETE | WND:COMPLETE
2025-12-17T01:07:38   -> KPIs berechnet: FLH_PV=1210.4h, FLH_Wind=2607.7h
2025-12-17T01:07:38 [97/192] METZ | PV:COMPLETE | WND:COMPLETE
2025-12-17T01:07:38   -> KPIs berechnet: FLH_PV=1189.9h, FLH_Wind=2664.3h
2025-12-17T01:07:38 [98/192] STRASBOURG_-_LA_WANTZENAU | PV:COMPLETE | WND:COMPLETE
2025-12-17T01:07:38   -> KPIs berechnet: FLH_PV=1241.9h, FLH_Wind=1926.0h
2025-12-17T01:07:39 [99/192] SAUSHEIM | PV:COMPLETE | WND:COMPLETE
2025-12-17T01:07:39   -> KPIs berechnet: FLH_PV=1286.5h, FLH_Wind=1841.7h
2025-12-17T01:07:39 [100/192] LE_HAVRE | PV:COMPLETE | WND:COMPLETE
2025-12-17T01:07:39   -> KPIs berechnet: FLH_PV=1294.1h, FLH_Wind=4604.4h
2025-12-17T01:07:39 [101/192] ROUEN | PV:COMPLETE | WND:COMPLETE
2025-12-17T01:07:39   -> KPIs berechnet: FLH_PV=1195.3h, FLH_Wind=3385.7h
2025-12-17T01:07:40 [102/192] PARIS_SEINE_AVAL | PV:COMPLETE | WND:COMPLETE
2025-12-17T01:07:40   -> KPIs berechnet: FLH_PV=1196.5h, FLH_Wind=2966.6h
2025-12-17T01:07:40 [103/192] PARIS_SEINE_GRÉSILLONS | PV:COMPLETE | WND:COMPLETE
2025-12-17T01:07:40   -> KPIs berechnet: FLH_PV=1196.2h, FLH_Wind=2981.2h
2025-12-17T01:07:40 [104/192] NANTES_1-TOUGAS | PV:COMPLETE | WND:COMPLETE
2025-12-17T01:07:40   -> KPIs berechnet: FLH_PV=1281.7h, FLH_Wind=3319.4h
2025-12-17T01:07:40 [105/192] LMM_LE_MANS_-_LA_CHAUVINIÈRE | PV:COMPLETE | WND:COMPLETE
2025-12-17T01:07:41   -> KPIs berechnet: FLH_PV=1224.2h, FLH_Wind=3003.3h
2025-12-17T01:07:41 [106/192] TOULOUSE_GINESTOUS | PV:COMPLETE | WND:COMPLETE
2025-12-17T01:07:41   -> KPIs berechnet: FLH_PV=1357.2h, FLH_Wind=2238.6h
2025-12-17T01:07:41 [107/192] BEGLES_CLOS_DE_HILDE | PV:COMPLETE | WND:COMPLETE
2025-12-17T01:07:41   -> KPIs berechnet: FLH_PV=1325.2h, FLH_Wind=2481.9h
2025-12-17T01:07:41 [108/192] DIJON | PV:COMPLETE | WND:COMPLETE
2025-12-17T01:07:42   -> KPIs berechnet: FLH_PV=1270.6h, FLH_Wind=2528.4h
2025-12-17T01:07:42 [109/192] MAERA_EX_CEREIREDE | PV:COMPLETE | WND:COMPLETE
2025-12-17T01:07:42   -> KPIs berechnet: FLH_PV=1591.5h, FLH_Wind=3827.6h
2025-12-17T01:07:42 [110/192] LYON_-_PIERRE_BÉNITE | PV:COMPLETE | WND:COMPLETE
2025-12-17T01:07:42   -> KPIs berechnet: FLH_PV=1339.1h, FLH_Wind=2250.8h
2025-12-17T01:07:42 [111/192] LYON_-_SAINT_FONS | PV:COMPLETE | WND:COMPLETE
2025-12-17T01:07:43   -> KPIs berechnet: FLH_PV=1339.0h, FLH_Wind=2246.8h
2025-12-17T01:07:43 [112/192] FERNEY-VOLTAIRE_-_AIRE_2 | PV:COMPLETE | WND:COMPLETE
2025-12-17T01:07:43   -> KPIs berechnet: FLH_PV=1365.7h, FLH_Wind=1256.3h
2025-12-17T01:07:43 [113/192] Rijeka-Delta | PV:COMPLETE | WND:COMPLETE
2025-12-17T01:07:43   -> KPIs berechnet: FLH_PV=1458.8h, FLH_Wind=3045.0h
2025-12-17T01:07:43 [114/192] Zagreb | PV:COMPLETE | WND:COMPLETE
2025-12-17T01:07:43   -> KPIs berechnet: FLH_PV=1313.5h, FLH_Wind=2354.4h
2025-12-17T01:07:44 [115/192] Budapest_Eszak_Pest_-_Szennyviztisztito_Telep | PV:COMPLETE | WND:COMPLETE
2025-12-17T01:07:44   -> KPIs berechnet: FLH_PV=1299.7h, FLH_Wind=3095.1h
2025-12-17T01:07:44 [116/192] Debrecen_-_Szennyviztisztito_Telep | PV:COMPLETE | WND:COMPLETE
2025-12-17T01:07:44   -> KPIs berechnet: FLH_PV=1274.1h, FLH_Wind=2871.2h
2025-12-17T01:07:44 [117/192] Cork_city | PV:COMPLETE | WND:COMPLETE
2025-12-17T01:07:44   -> KPIs berechnet: FLH_PV=1079.9h, FLH_Wind=4198.9h
2025-12-17T01:07:45 [118/192] Ringsend | PV:COMPLETE | WND:COMPLETE
2025-12-17T01:07:45   -> KPIs berechnet: FLH_PV=1122.5h, FLH_Wind=5074.7h
2025-12-17T01:07:45 [119/192] Castiglione | PV:COMPLETE | WND:COMPLETE
2025-12-17T01:07:45   -> KPIs berechnet: FLH_PV=1423.4h, FLH_Wind=775.0h
2025-12-17T01:07:45 [120/192] Dp01209001_Lonate_Pozzolo | PV:COMPLETE | WND:COMPLETE
2025-12-17T01:07:45   -> KPIs berechnet: FLH_PV=1364.1h, FLH_Wind=874.4h
2025-12-17T01:07:45 [121/192] Dp01514601_Milano_Nosedo | PV:COMPLETE | WND:COMPLETE
2025-12-17T01:07:46   -> KPIs berechnet: FLH_PV=1361.0h, FLH_Wind=1001.1h
2025-12-17T01:07:46 [122/192] Dp01514602_Milano_S_Rocco | PV:COMPLETE | WND:COMPLETE
2025-12-17T01:07:46   -> KPIs berechnet: FLH_PV=1363.3h, FLH_Wind=1009.9h
2025-12-17T01:07:46 [123/192] Arzignano_Via_Altura | PV:COMPLETE | WND:COMPLETE
2025-12-17T01:07:47   -> KPIs berechnet: FLH_PV=1325.4h, FLH_Wind=1143.9h
2025-12-17T01:07:47 [124/192] Venezia_Fusina_Via_Dei_Cantieri | PV:COMPLETE | WND:COMPLETE
2025-12-17T01:07:47   -> KPIs berechnet: FLH_PV=1325.7h, FLH_Wind=1583.6h
2025-12-17T01:07:47 [125/192] San_Giorgio_Di_Nogaro | PV:COMPLETE | WND:COMPLETE
2025-12-17T01:07:47   -> KPIs berechnet: FLH_PV=1323.2h, FLH_Wind=1503.0h
2025-12-17T01:07:47 [126/192] Bologna_Corticella | PV:COMPLETE | WND:COMPLETE
2025-12-17T01:07:47   -> KPIs berechnet: FLH_PV=1378.4h, FLH_Wind=2026.2h
2025-12-17T01:07:48 [127/192] Idl_San_Colombano | PV:COMPLETE | WND:COMPLETE
2025-12-17T01:07:48   -> KPIs berechnet: FLH_PV=1366.2h, FLH_Wind=2092.7h
2025-12-17T01:07:48 [128/192] Idi_Aquarno | PV:COMPLETE | WND:COMPLETE
2025-12-17T01:07:48   -> KPIs berechnet: FLH_PV=1388.7h, FLH_Wind=2150.6h
2025-12-17T01:07:48 [129/192] Idi_Cuoio_Depur | PV:COMPLETE | WND:COMPLETE
2025-12-17T01:07:48   -> KPIs berechnet: FLH_PV=1394.9h, FLH_Wind=2181.2h
2025-12-17T01:07:49 [130/192] ROMA_EST | PV:COMPLETE | WND:COMPLETE
2025-12-17T01:07:49   -> KPIs berechnet: FLH_PV=1463.0h, FLH_Wind=1931.5h
2025-12-17T01:07:49 [131/192] ROMA_NORD | PV:COMPLETE | WND:COMPLETE
2025-12-17T01:07:49   -> KPIs berechnet: FLH_PV=1462.4h, FLH_Wind=2026.0h
2025-12-17T01:07:49 [132/192] Caivano_Depuratore_Di_Acerra | PV:COMPLETE | WND:COMPLETE
2025-12-17T01:07:49   -> KPIs berechnet: FLH_PV=1555.3h, FLH_Wind=1694.1h
2025-12-17T01:07:50 [133/192] Orta_Di_Atella_Ce_Impianto_Napoli_Nord | PV:COMPLETE | WND:COMPLETE
2025-12-17T01:07:50   -> KPIs berechnet: FLH_PV=1454.7h, FLH_Wind=1711.1h
2025-12-17T01:07:50 [134/192] Marigliano_Na_Depuratore_Di_Nola | PV:COMPLETE | WND:COMPLETE
2025-12-17T01:07:50   -> KPIs berechnet: FLH_PV=1555.0h, FLH_Wind=1773.7h
2025-12-17T01:07:50 [135/192] Marcianise_Ce_Depuratore_Di_Marcianise | PV:COMPLETE | WND:COMPLETE
2025-12-17T01:07:50   -> KPIs berechnet: FLH_PV=1455.3h, FLH_Wind=1717.4h
2025-12-17T01:07:50 [136/192] Pozzuoli_Na_Impianto_Napoli_Ovest_Cuma | PV:COMPLETE | WND:COMPLETE
2025-12-17T01:07:51   -> KPIs berechnet: FLH_PV=1468.7h, FLH_Wind=1848.9h
2025-12-17T01:07:51 [137/192] Salerno_Impianto_Salerno | PV:COMPLETE | WND:COMPLETE
2025-12-17T01:07:51   -> KPIs berechnet: FLH_PV=1567.1h, FLH_Wind=2286.1h
2025-12-17T01:07:51 [138/192] Impianto_Consortile_Di_Catania | PV:COMPLETE | WND:COMPLETE
2025-12-17T01:07:51   -> KPIs berechnet: FLH_PV=1659.2h, FLH_Wind=2457.3h
2025-12-17T01:07:51 [139/192] Impianto_C_Da_Magnisi_Casale_Vecchie_Saline_Depuratore_Ias_Priolo | PV:COMPLETE | WND:COMPLETE
2025-12-17T01:07:51   -> KPIs berechnet: FLH_PV=1671.0h, FLH_Wind=2796.5h
2025-12-17T01:07:52 [140/192] BAI_Daugavgrīva | PV:COMPLETE | WND:COMPLETE
2025-12-17T01:07:52   -> KPIs berechnet: FLH_PV=1030.2h, FLH_Wind=3169.1h
2025-12-17T01:07:52 [141/192] UWWTP_AMSTERDAM-WEST | PV:COMPLETE | WND:COMPLETE
2025-12-17T01:07:52   -> KPIs berechnet: FLH_PV=1132.5h, FLH_Wind=3807.3h
2025-12-17T01:07:52 [142/192] UWWTP_HARNASCHPOLDER | PV:COMPLETE | WND:COMPLETE
2025-12-17T01:07:52   -> KPIs berechnet: FLH_PV=1227.9h, FLH_Wind=4725.3h
2025-12-17T01:07:52 [143/192] UWWTP_KRALINGSEVEER | PV:COMPLETE | WND:COMPLETE
2025-12-17T01:07:53   -> KPIs berechnet: FLH_PV=1140.5h, FLH_Wind=3393.7h
2025-12-17T01:07:53 [144/192] UWWTP_NIEUWVEER | PV:COMPLETE | WND:COMPLETE
2025-12-17T01:07:53   -> KPIs berechnet: FLH_PV=1136.5h, FLH_Wind=3115.6h
2025-12-17T01:07:53 [145/192] UWWTP_BATH | PV:COMPLETE | WND:COMPLETE
2025-12-17T01:07:53   -> KPIs berechnet: FLH_PV=1145.5h, FLH_Wind=3372.7h
2025-12-17T01:07:53 [146/192] UWWTP_AMSTERDAN-WESTPOORT | PV:COMPLETE | WND:COMPLETE
2025-12-17T01:07:54   -> KPIs berechnet: FLH_PV=1132.0h, FLH_Wind=3808.1h
2025-12-17T01:07:54 [147/192] UWWTP_TILBURG-NOORD | PV:COMPLETE | WND:COMPLETE
2025-12-17T01:07:54   -> KPIs berechnet: FLH_PV=1132.1h, FLH_Wind=2937.7h
2025-12-17T01:07:54 [148/192] Wrocławska_Oczyszczalnia_Ścieków | PV:COMPLETE | WND:COMPLETE
2025-12-17T01:07:54   -> KPIs berechnet: FLH_PV=1171.0h, FLH_Wind=2581.2h
2025-12-17T01:07:54 [149/192] Toruń_Centralna_Oczyszczalnia_Ścieków | PV:COMPLETE | WND:COMPLETE
2025-12-17T01:07:54   -> KPIs berechnet: FLH_PV=1101.0h, FLH_Wind=2642.7h
2025-12-17T01:07:55 [150/192] Lublin-Hajdów | PV:COMPLETE | WND:COMPLETE
2025-12-17T01:07:55   -> KPIs berechnet: FLH_PV=1153.4h, FLH_Wind=2468.5h
2025-12-17T01:07:55 [151/192] Goś_Łam | PV:COMPLETE | WND:COMPLETE
2025-12-17T01:07:55   -> KPIs berechnet: FLH_PV=1143.6h, FLH_Wind=2541.1h
2025-12-17T01:07:55 [152/192] Kutno | PV:COMPLETE | WND:COMPLETE
2025-12-17T01:07:55   -> KPIs berechnet: FLH_PV=1130.7h, FLH_Wind=2544.6h
2025-12-17T01:07:56 [153/192] Kraków-Płaszów | PV:COMPLETE | WND:COMPLETE
2025-12-17T01:07:56   -> KPIs berechnet: FLH_PV=1210.9h, FLH_Wind=2366.3h
2025-12-17T01:07:56 [154/192] Kraków-Kujawy | PV:COMPLETE | WND:COMPLETE
2025-12-17T01:07:56   -> KPIs berechnet: FLH_PV=1208.4h, FLH_Wind=2358.0h
2025-12-17T01:07:56 [155/192] Tarnów | PV:COMPLETE | WND:COMPLETE
2025-12-17T01:07:56   -> KPIs berechnet: FLH_PV=1200.7h, FLH_Wind=2307.5h
2025-12-17T01:07:57 [156/192] Zakład_Oczyszczalni_Ścieków_Czajka | PV:COMPLETE | WND:COMPLETE
2025-12-17T01:07:57   -> KPIs berechnet: FLH_PV=1124.5h, FLH_Wind=2493.3h
2025-12-17T01:07:57 [157/192] Gdańsk-Wschód | PV:COMPLETE | WND:COMPLETE
2025-12-17T01:07:57   -> KPIs berechnet: FLH_PV=1171.2h, FLH_Wind=4448.0h
2025-12-17T01:07:57 [158/192] Goś_Dębogórze | PV:COMPLETE | WND:COMPLETE
2025-12-17T01:07:57   -> KPIs berechnet: FLH_PV=1169.1h, FLH_Wind=4590.9h
2025-12-17T01:07:57 [159/192] International_Paper-Kwidzyn_Sp_z_o_o | PV:COMPLETE | WND:COMPLETE
2025-12-17T01:07:58   -> KPIs berechnet: FLH_PV=1083.2h, FLH_Wind=2796.5h
2025-12-17T01:07:58 [160/192] Centralna_Oczyszczalnia_Ścieków_w_Gliwicach | PV:COMPLETE | WND:COMPLETE
2025-12-17T01:07:58   -> KPIs berechnet: FLH_PV=1187.7h, FLH_Wind=2450.1h
2025-12-17T01:07:58 [161/192] Centralna_Oczyszczalnia_Ścieków_w_Koziegłowach | PV:COMPLETE | WND:COMPLETE
2025-12-17T01:07:58   -> KPIs berechnet: FLH_PV=1116.1h, FLH_Wind=2621.5h
2025-12-17T01:07:58 [162/192] Dopiewo | PV:COMPLETE | WND:COMPLETE
2025-12-17T01:07:59   -> KPIs berechnet: FLH_PV=1119.7h, FLH_Wind=2607.3h
2025-12-17T01:07:59 [163/192] Pomorzany | PV:COMPLETE | WND:COMPLETE
2025-12-17T01:07:59   -> KPIs berechnet: FLH_PV=1168.1h, FLH_Wind=2915.2h
2025-12-17T01:07:59 [164/192] Agra_I_e_II | PV:COMPLETE | WND:COMPLETE
2025-12-17T01:07:59   -> KPIs berechnet: FLH_PV=1454.9h, FLH_Wind=3405.7h
2025-12-17T01:07:59 [165/192] Rib_de_Moinhos | PV:COMPLETE | WND:COMPLETE
2025-12-17T01:07:59   -> KPIs berechnet: FLH_PV=1615.1h, FLH_Wind=4168.8h
2025-12-17T01:08:00 [166/192] Matosinhos | PV:COMPLETE | WND:COMPLETE
2025-12-17T01:08:00   -> KPIs berechnet: FLH_PV=1563.4h, FLH_Wind=3406.7h
2025-12-17T01:08:00 [167/192] ROWP_DANCU_IASI | PV:COMPLETE | WND:COMPLETE
2025-12-17T01:08:00   -> KPIs berechnet: FLH_PV=1313.0h, FLH_Wind=3528.0h
2025-12-17T01:08:00 [168/192] ROWP_GALATI | PV:COMPLETE | WND:COMPLETE
2025-12-17T01:08:00   -> KPIs berechnet: FLH_PV=1360.0h, FLH_Wind=3554.7h
2025-12-17T01:08:01 [169/192] ROWP_SC_APA_CANAL_2000_S_A_PITESTI | PV:COMPLETE | WND:COMPLETE
2025-12-17T01:08:01   -> KPIs berechnet: FLH_PV=1384.3h, FLH_Wind=2521.7h
2025-12-17T01:08:01 [170/192] ROWP_RA_Aquatim_Timisoara | PV:COMPLETE | WND:COMPLETE
2025-12-17T01:08:01   -> KPIs berechnet: FLH_PV=1309.2h, FLH_Wind=2955.7h
2025-12-17T01:08:02 [171/192] ROWP_SC_COMPANIA_APA_SA_Brasov | PV:COMPLETE | WND:COMPLETE
2025-12-17T01:08:02   -> KPIs berechnet: FLH_PV=1372.1h, FLH_Wind=2334.2h
2025-12-17T01:08:02 [172/192] ROWP_SC_APA_NOVA_SA_BUCURESTI | PV:COMPLETE | WND:COMPLETE
2025-12-17T01:08:02   -> KPIs berechnet: FLH_PV=1368.4h, FLH_Wind=2813.6h
2025-12-17T01:08:02 [173/192] UWWTP_LJUBLJANA_ZALOG | PV:COMPLETE | WND:COMPLETE
2025-12-17T01:08:02   -> KPIs berechnet: FLH_PV=1421.4h, FLH_Wind=2219.6h
2025-12-17T01:08:02 [174/192] NORTH_WARRINGTON_STW | PV:COMPLETE | WND:COMPLETE
2025-12-17T01:08:03   -> KPIs berechnet: FLH_PV=1050.8h, FLH_Wind=3594.2h
2025-12-17T01:08:03 [175/192] BLACKBURN_STW | PV:COMPLETE | WND:COMPLETE
2025-12-17T01:08:03   -> KPIs berechnet: FLH_PV=1035.2h, FLH_Wind=3710.2h
2025-12-17T01:08:03 [176/192] LONDON_Becton_STW | PV:COMPLETE | WND:COMPLETE
2025-12-17T01:08:03   -> KPIs berechnet: FLH_PV=1155.4h, FLH_Wind=3717.4h
2025-12-17T01:08:03 [177/192] LONDON_Deepham_STW | PV:COMPLETE | WND:COMPLETE
2025-12-17T01:08:04   -> KPIs berechnet: FLH_PV=1146.6h, FLH_Wind=3692.0h
2025-12-17T01:08:04 [178/192] LONDON_Crossness_STW | PV:COMPLETE | WND:COMPLETE
2025-12-17T01:08:04   -> KPIs berechnet: FLH_PV=1156.9h, FLH_Wind=3724.8h
2025-12-17T01:08:04 [179/192] WIGAN_HOSCAR_STW | PV:COMPLETE | WND:COMPLETE
2025-12-17T01:08:04   -> KPIs berechnet: FLH_PV=1049.3h, FLH_Wind=3681.8h
2025-12-17T01:08:05 [180/192] Manchester_and_Salford_Davyhulme_STW | PV:COMPLETE | WND:COMPLETE
2025-12-17T01:08:05   -> KPIs berechnet: FLH_PV=1040.8h, FLH_Wind=3625.9h
2025-12-17T01:08:05 [181/192] BIRMINGHAM_BLACK_COUNTRY_NO_1_MINWORTH_STW | PV:COMPLETE | WND:COMPLETE
2025-12-17T01:08:05   -> KPIs berechnet: FLH_PV=1092.9h, FLH_Wind=3431.5h
2025-12-17T01:08:05 [182/192] BRADFORD_ESHOLT_STW | PV:COMPLETE | WND:COMPLETE
2025-12-17T01:08:06   -> KPIs berechnet: FLH_PV=1028.4h, FLH_Wind=3654.9h
2025-12-17T01:08:06 [183/192] LEEDS_KNOSTROP_STW | PV:COMPLETE | WND:COMPLETE
2025-12-17T01:08:06   -> KPIs berechnet: FLH_PV=1053.3h, FLH_Wind=3674.0h
2025-12-17T01:08:06 [184/192] MIDDLESBOROUGH_STW | PV:COMPLETE | WND:COMPLETE
2025-12-17T01:08:06   -> KPIs berechnet: FLH_PV=1038.8h, FLH_Wind=4036.9h
2025-12-17T01:08:06 [185/192] NORTHAMPTON_STW | PV:COMPLETE | WND:COMPLETE
2025-12-17T01:08:07   -> KPIs berechnet: FLH_PV=1107.5h, FLH_Wind=3519.5h
2025-12-17T01:08:07 [186/192] MILTON_KEYNES_STW | PV:COMPLETE | WND:COMPLETE
2025-12-17T01:08:07   -> KPIs berechnet: FLH_PV=1118.4h, FLH_Wind=3531.2h
2025-12-17T01:08:07 [187/192] HULL_STW | PV:COMPLETE | WND:COMPLETE
2025-12-17T01:08:07   -> KPIs berechnet: FLH_PV=1057.0h, FLH_Wind=4051.2h
2025-12-17T01:08:07 [188/192] Rye_Meads_STW | PV:COMPLETE | WND:COMPLETE
2025-12-17T01:08:07   -> KPIs berechnet: FLH_PV=1139.9h, FLH_Wind=3632.1h
2025-12-17T01:08:08 [189/192] TILBURY_STW_TILBURY_ESSEX | PV:COMPLETE | WND:COMPLETE
2025-12-17T01:08:08   -> KPIs berechnet: FLH_PV=1245.6h, FLH_Wind=4646.7h
2025-12-17T01:08:08 [190/192] COVENTRY_STW | PV:COMPLETE | WND:COMPLETE
2025-12-17T01:08:08   -> KPIs berechnet: FLH_PV=1096.5h, FLH_Wind=3451.4h
2025-12-17T01:08:08 [191/192] LONDON_Riverside_STW | PV:COMPLETE | WND:COMPLETE
2025-12-17T01:08:08   -> KPIs berechnet: FLH_PV=1157.0h, FLH_Wind=3728.1h
2025-12-17T01:08:09 [192/192] LONDON_Long_Reach_STW | PV:COMPLETE | WND:COMPLETE
2025-12-17T01:08:09   -> KPIs berechnet: FLH_PV=1160.8h, FLH_Wind=3747.9h
2025-12-17T01:08:09 ======================================================
2025-12-17T01:08:09 Schreibe 192 KPI-Zeilen in Excel 'H2 Renewables' …
2025-12-17T01:08:09 H2 Renewables Base geschrieben: C:\Users\aless\PycharmProjects\Masterthesis\Output\UWWTD_TP_Database.xlsx -> Sheet 'H2 Renewables'
2025-12-17T01:08:09 ✓ Renewable energy KPIs calculated for 192 plants → Sheet 'H2 Renewables'
2025-12-17T15:05:32 ======================================================
2025-12-17T15:05:32 Start • Sites: 192 • Zeitraum: 2015-01-01 bis 2024-12-31 (Auto-Chunking <=1Y)
2025-12-17T15:05:32 Limiter: 1.0 req/s & 50 req/h (sichtbar)
2025-12-17T15:05:32 Excel: C:\Users\aless\PycharmProjects\Masterthesis\Output\UWWTD_TP_Database.xlsx | Sheets: 'General Data' -> 'Grid Energy Connection'
2025-12-17T15:05:32 Ausgabe: C:\Users\aless\PycharmProjects\Masterthesis\Output\RenewableEnergyProfiles (stabile Dateinamen, keine Doppel-Downloads)
2025-12-17T15:05:32 ======================================================
2025-12-17T15:05:32 [1/192] ARA_AWV_Schwechat | PV:COMPLETE | WND:COMPLETE
2025-12-17T15:05:32   -> KPIs berechnet: FLH_PV=1285.9h, FLH_Wind=3572.7h
2025-12-17T15:05:33 [2/192] Asten_-_Regionalkläranlage | PV:COMPLETE | WND:COMPLETE
2025-12-17T15:05:33   -> KPIs berechnet: FLH_PV=1357.1h, FLH_Wind=2557.8h
2025-12-17T15:05:33 [3/192] ARA_Siggerwiesen | PV:COMPLETE | WND:COMPLETE
2025-12-17T15:05:33   -> KPIs berechnet: FLH_PV=1258.5h, FLH_Wind=1919.0h
2025-12-17T15:05:33 [4/192] Graz-Gössendorf | PV:COMPLETE | WND:COMPLETE
2025-12-17T15:05:33   -> KPIs berechnet: FLH_PV=1348.5h, FLH_Wind=1958.1h
2025-12-17T15:05:34 [5/192] Gratkorn | PV:COMPLETE | WND:COMPLETE
2025-12-17T15:05:34   -> KPIs berechnet: FLH_PV=1335.9h, FLH_Wind=2112.2h
2025-12-17T15:05:34 [6/192] Hauptkläranlage_Wien | PV:COMPLETE | WND:COMPLETE
2025-12-17T15:05:34   -> KPIs berechnet: FLH_PV=1285.7h, FLH_Wind=3550.5h
2025-12-17T15:05:35 [7/192] LIEGE_OUPEYE | PV:COMPLETE | WND:COMPLETE
2025-12-17T15:05:35   -> KPIs berechnet: FLH_PV=1152.8h, FLH_Wind=3016.0h
2025-12-17T15:05:35 [8/192] UWWTP_Plovdiv | PV:COMPLETE | WND:COMPLETE
2025-12-17T15:05:35   -> KPIs berechnet: FLH_PV=1479.3h, FLH_Wind=1845.2h
2025-12-17T15:05:35 [9/192] UWWTP_Sofia | PV:COMPLETE | WND:COMPLETE
2025-12-17T15:05:35   -> KPIs berechnet: FLH_PV=1479.8h, FLH_Wind=1876.4h
2025-12-17T15:05:36 [10/192] COV_Steti_-Papirny_Mondi | PV:COMPLETE | WND:COMPLETE
2025-12-17T15:05:36   -> KPIs berechnet: FLH_PV=1323.2h, FLH_Wind=2452.9h
2025-12-17T15:05:36 [11/192] COV_Brno_-_Modrice | PV:COMPLETE | WND:COMPLETE
2025-12-17T15:05:36   -> KPIs berechnet: FLH_PV=1257.0h, FLH_Wind=2992.5h
2025-12-17T15:05:36 [12/192] UCOV_Ostrava_-_Privoz | PV:COMPLETE | WND:COMPLETE
2025-12-17T15:05:36   -> KPIs berechnet: FLH_PV=1217.1h, FLH_Wind=2710.6h
2025-12-17T15:05:37 [13/192] Stahnsdorf | PV:COMPLETE | WND:COMPLETE
2025-12-17T15:05:37   -> KPIs berechnet: FLH_PV=1124.0h, FLH_Wind=2547.9h
2025-12-17T15:05:37 [14/192] Ruhleben | PV:COMPLETE | WND:COMPLETE
2025-12-17T15:05:37   -> KPIs berechnet: FLH_PV=1120.4h, FLH_Wind=2567.6h
2025-12-17T15:05:37 [15/192] Schönerlinde | PV:COMPLETE | WND:COMPLETE
2025-12-17T15:05:37   -> KPIs berechnet: FLH_PV=1113.1h, FLH_Wind=2581.0h
2025-12-17T15:05:38 [16/192] Waßmannsdorf | PV:COMPLETE | WND:COMPLETE
2025-12-17T15:05:38   -> KPIs berechnet: FLH_PV=1122.2h, FLH_Wind=2553.2h
2025-12-17T15:05:38 [17/192] Hauptklärwerk_Mühlhausen | PV:COMPLETE | WND:COMPLETE
2025-12-17T15:05:38   -> KPIs berechnet: FLH_PV=1242.4h, FLH_Wind=2075.0h
2025-12-17T15:05:38 [18/192] Göppingen | PV:COMPLETE | WND:COMPLETE
2025-12-17T15:05:38   -> KPIs berechnet: FLH_PV=1252.5h, FLH_Wind=2096.8h
2025-12-17T15:05:38 [19/192] SKA_Heilbronn | PV:COMPLETE | WND:COMPLETE
2025-12-17T15:05:39   -> KPIs berechnet: FLH_PV=1217.6h, FLH_Wind=2124.9h
2025-12-17T15:05:39 [20/192] SKA_Karlsruhe_Neureut | PV:COMPLETE | WND:COMPLETE
2025-12-17T15:05:39   -> KPIs berechnet: FLH_PV=1217.5h, FLH_Wind=2044.0h
2025-12-17T15:05:39 [21/192] SKA_AZV_Heidelberg | PV:COMPLETE | WND:COMPLETE
2025-12-17T15:05:39   -> KPIs berechnet: FLH_PV=1202.5h, FLH_Wind=2052.7h
2025-12-17T15:05:39 [22/192] Kläranlage_Mannheim | PV:COMPLETE | WND:COMPLETE
2025-12-17T15:05:40   -> KPIs berechnet: FLH_PV=1204.2h, FLH_Wind=2052.8h
2025-12-17T15:05:40 [23/192] SKA_AZV_BREISGAUER_BUCHT_-_KA_FORCHHEIM | PV:COMPLETE | WND:COMPLETE
2025-12-17T15:05:40   -> KPIs berechnet: FLH_PV=1268.0h, FLH_Wind=1793.0h
2025-12-17T15:05:40 [24/192] Würzburg | PV:COMPLETE | WND:COMPLETE
2025-12-17T15:05:40   -> KPIs berechnet: FLH_PV=1206.7h, FLH_Wind=2111.9h
2025-12-17T15:05:40 [25/192] Augsburg | PV:COMPLETE | WND:COMPLETE
2025-12-17T15:05:41   -> KPIs berechnet: FLH_PV=1267.4h, FLH_Wind=2031.6h
2025-12-17T15:05:41 [26/192] Zweckverband_Klärwerk_Steinhäule | PV:COMPLETE | WND:COMPLETE
2025-12-17T15:05:41   -> KPIs berechnet: FLH_PV=1263.1h, FLH_Wind=2054.4h
2025-12-17T15:05:41 [27/192] München_II_-_Gut_Marienhof | PV:COMPLETE | WND:COMPLETE
2025-12-17T15:05:41   -> KPIs berechnet: FLH_PV=1247.5h, FLH_Wind=1852.3h
2025-12-17T15:05:41 [28/192] Erlangen | PV:COMPLETE | WND:COMPLETE
2025-12-17T15:05:41   -> KPIs berechnet: FLH_PV=1201.8h, FLH_Wind=2139.0h
2025-12-17T15:05:42 [29/192] Kläranlage_Seehausen | PV:COMPLETE | WND:COMPLETE
2025-12-17T15:05:42   -> KPIs berechnet: FLH_PV=1080.8h, FLH_Wind=2920.5h
2025-12-17T15:05:42 [30/192] Frankfurt_am_Main_Sindlingen | PV:COMPLETE | WND:COMPLETE
2025-12-17T15:05:42   -> KPIs berechnet: FLH_PV=1198.2h, FLH_Wind=2067.3h
2025-12-17T15:05:42 [31/192] Wiesbaden_Mitte | PV:COMPLETE | WND:COMPLETE
2025-12-17T15:05:42   -> KPIs berechnet: FLH_PV=1190.7h, FLH_Wind=2110.3h
2025-12-17T15:05:43 [32/192] Klärwerksverbund_Köhlbrandhöft_Dradenau | PV:COMPLETE | WND:COMPLETE
2025-12-17T15:05:43   -> KPIs berechnet: FLH_PV=1081.8h, FLH_Wind=2936.5h
2025-12-17T15:05:43 [33/192] Rostock_-_Bramow | PV:COMPLETE | WND:COMPLETE
2025-12-17T15:05:43   -> KPIs berechnet: FLH_PV=1101.2h, FLH_Wind=3490.0h
2025-12-17T15:05:43 [34/192] 2530002102_KA_Herrenhausen | PV:COMPLETE | WND:COMPLETE
2025-12-17T15:05:43   -> KPIs berechnet: FLH_PV=1111.0h, FLH_Wind=2692.2h
2025-12-17T15:05:44 [35/192] 2530142095_KA_Gümmerwald | PV:COMPLETE | WND:COMPLETE
2025-12-17T15:05:44   -> KPIs berechnet: FLH_PV=1109.5h, FLH_Wind=2703.6h
2025-12-17T15:05:44 [36/192] Aachen-Soers | PV:COMPLETE | WND:COMPLETE
2025-12-17T15:05:44   -> KPIs berechnet: FLH_PV=1158.1h, FLH_Wind=2819.8h
2025-12-17T15:05:44 [37/192] Dortmund-Deusen | PV:COMPLETE | WND:COMPLETE
2025-12-17T15:05:44   -> KPIs berechnet: FLH_PV=1124.5h, FLH_Wind=2713.8h
2025-12-17T15:05:44 [38/192] Bottrop | PV:COMPLETE | WND:COMPLETE
2025-12-17T15:05:45   -> KPIs berechnet: FLH_PV=1124.7h, FLH_Wind=2685.2h
2025-12-17T15:05:45 [39/192] Köln_Stammheim | PV:COMPLETE | WND:COMPLETE
2025-12-17T15:05:45   -> KPIs berechnet: FLH_PV=1169.6h, FLH_Wind=2618.3h
2025-12-17T15:05:45 [40/192] Düsseldorf-Nord | PV:COMPLETE | WND:COMPLETE
2025-12-17T15:05:45   -> KPIs berechnet: FLH_PV=1145.5h, FLH_Wind=2664.6h
2025-12-17T15:05:45 [41/192] Krefeld | PV:COMPLETE | WND:COMPLETE
2025-12-17T15:05:46   -> KPIs berechnet: FLH_PV=1136.3h, FLH_Wind=2667.4h
2025-12-17T15:05:46 [42/192] Mönchengladbach_GWK_I | PV:COMPLETE | WND:COMPLETE
2025-12-17T15:05:46   -> KPIs berechnet: FLH_PV=1150.0h, FLH_Wind=2681.2h
2025-12-17T15:05:46 [43/192] Neuss-Ost | PV:COMPLETE | WND:COMPLETE
2025-12-17T15:05:46   -> KPIs berechnet: FLH_PV=1152.8h, FLH_Wind=2655.8h
2025-12-17T15:05:46 [44/192] Münster-Hauptkläranlage | PV:COMPLETE | WND:COMPLETE
2025-12-17T15:05:47   -> KPIs berechnet: FLH_PV=1115.0h, FLH_Wind=2724.3h
2025-12-17T15:05:47 [45/192] Abwasserverband_Obere_Lutter | PV:COMPLETE | WND:COMPLETE
2025-12-17T15:05:47   -> KPIs berechnet: FLH_PV=1115.5h, FLH_Wind=2672.7h
2025-12-17T15:05:47 [46/192] Düren | PV:COMPLETE | WND:COMPLETE
2025-12-17T15:05:47   -> KPIs berechnet: FLH_PV=1165.4h, FLH_Wind=2719.3h
2025-12-17T15:05:47 [47/192] Düsseldorf-Süd | PV:COMPLETE | WND:COMPLETE
2025-12-17T15:05:47   -> KPIs berechnet: FLH_PV=1153.8h, FLH_Wind=2653.8h
2025-12-17T15:05:48 [48/192] Wuppertal-Buchenhofen | PV:COMPLETE | WND:COMPLETE
2025-12-17T15:05:48   -> KPIs berechnet: FLH_PV=1143.2h, FLH_Wind=2604.6h
2025-12-17T15:05:48 [49/192] Duisburg-Kaßlerfeld | PV:COMPLETE | WND:COMPLETE
2025-12-17T15:05:48   -> KPIs berechnet: FLH_PV=1130.6h, FLH_Wind=2666.4h
2025-12-17T15:05:48 [50/192] Emscherkläranlage | PV:COMPLETE | WND:COMPLETE
2025-12-17T15:05:48   -> KPIs berechnet: FLH_PV=1125.0h, FLH_Wind=2673.8h
2025-12-17T15:05:49 [51/192] Duisburg-Alte_Emscher | PV:COMPLETE | WND:COMPLETE
2025-12-17T15:05:49   -> KPIs berechnet: FLH_PV=1126.8h, FLH_Wind=2668.8h
2025-12-17T15:05:49 [52/192] Mainz | PV:COMPLETE | WND:COMPLETE
2025-12-17T15:05:49   -> KPIs berechnet: FLH_PV=1191.5h, FLH_Wind=2109.4h
2025-12-17T15:05:49 [53/192] Hetlingen | PV:COMPLETE | WND:COMPLETE
2025-12-17T15:05:50   -> KPIs berechnet: FLH_PV=1077.7h, FLH_Wind=3002.0h
2025-12-17T15:05:50 [54/192] Bitterfeld-Wolfen | PV:COMPLETE | WND:COMPLETE
2025-12-17T15:05:50   -> KPIs berechnet: FLH_PV=1163.9h, FLH_Wind=2422.2h
2025-12-17T15:05:50 [55/192] Halle-Nord | PV:COMPLETE | WND:COMPLETE
2025-12-17T15:05:50   -> KPIs berechnet: FLH_PV=1179.3h, FLH_Wind=2380.8h
2025-12-17T15:05:50 [56/192] Schkopau | PV:COMPLETE | WND:COMPLETE
2025-12-17T15:05:51   -> KPIs berechnet: FLH_PV=1182.2h, FLH_Wind=2391.8h
2025-12-17T15:05:51 [57/192] MD-Gerwisch | PV:COMPLETE | WND:COMPLETE
2025-12-17T15:05:51   -> KPIs berechnet: FLH_PV=1148.5h, FLH_Wind=2519.5h
2025-12-17T15:05:51 [58/192] FREDERICIA_CENTRALRENS | PV:COMPLETE | WND:COMPLETE
2025-12-17T15:05:51   -> KPIs berechnet: FLH_PV=1047.1h, FLH_Wind=3769.8h
2025-12-17T15:05:51 [59/192] THESSALONIKI | PV:COMPLETE | WND:COMPLETE
2025-12-17T15:05:52   -> KPIs berechnet: FLH_PV=1581.8h, FLH_Wind=1868.1h
2025-12-17T15:05:52 [60/192] PSYTTALIA | PV:COMPLETE | WND:COMPLETE
2025-12-17T15:05:52   -> KPIs berechnet: FLH_PV=1577.0h, FLH_Wind=3393.4h
2025-12-17T15:05:52 [61/192] METAMORPHOSI | PV:COMPLETE | WND:COMPLETE
2025-12-17T15:05:52   -> KPIs berechnet: FLH_PV=1569.5h, FLH_Wind=3621.9h
2025-12-17T15:05:52 [62/192] MONTE_ORGEGIA | PV:COMPLETE | WND:COMPLETE
2025-12-17T15:05:53   -> KPIs berechnet: FLH_PV=1616.0h, FLH_Wind=2705.3h
2025-12-17T15:05:53 [63/192] RINCON_DE_LEON | PV:COMPLETE | WND:COMPLETE
2025-12-17T15:05:53   -> KPIs berechnet: FLH_PV=1616.8h, FLH_Wind=2707.1h
2025-12-17T15:05:53 [64/192] ELX_-_ALGOROS | PV:COMPLETE | WND:COMPLETE
2025-12-17T15:05:53   -> KPIs berechnet: FLH_PV=1731.2h, FLH_Wind=2873.8h
2025-12-17T15:05:53 [65/192] QUART_-_BENAGER | PV:COMPLETE | WND:COMPLETE
2025-12-17T15:05:53   -> KPIs berechnet: FLH_PV=1584.8h, FLH_Wind=2499.5h
2025-12-17T15:05:54 [66/192] PINEDO_1 | PV:COMPLETE | WND:COMPLETE
2025-12-17T15:05:54   -> KPIs berechnet: FLH_PV=1585.1h, FLH_Wind=2465.5h
2025-12-17T15:05:54 [67/192] GUADALETE | PV:COMPLETE | WND:COMPLETE
2025-12-17T15:05:54   -> KPIs berechnet: FLH_PV=1633.9h, FLH_Wind=3365.2h
2025-12-17T15:05:54 [68/192] LA_GOLONDRINA | PV:COMPLETE | WND:COMPLETE
2025-12-17T15:05:54   -> KPIs berechnet: FLH_PV=1607.5h, FLH_Wind=2427.6h
2025-12-17T15:05:55 [69/192] HUELVA | PV:COMPLETE | WND:COMPLETE
2025-12-17T15:05:55   -> KPIs berechnet: FLH_PV=1745.0h, FLH_Wind=3486.1h
2025-12-17T15:05:55 [70/192] SUR | PV:COMPLETE | WND:COMPLETE
2025-12-17T15:05:55   -> KPIs berechnet: FLH_PV=1593.1h, FLH_Wind=2930.7h
2025-12-17T15:05:55 [71/192] LA_CHINA | PV:COMPLETE | WND:COMPLETE
2025-12-17T15:05:55   -> KPIs berechnet: FLH_PV=1593.1h, FLH_Wind=2930.7h
2025-12-17T15:05:55 [72/192] BUTARQUE | PV:COMPLETE | WND:COMPLETE
2025-12-17T15:05:56   -> KPIs berechnet: FLH_PV=1592.8h, FLH_Wind=2911.7h
2025-12-17T15:05:56 [73/192] ARROYO_CULEBRO_CUENCA_BAJA | PV:COMPLETE | WND:COMPLETE
2025-12-17T15:05:56   -> KPIs berechnet: FLH_PV=1593.3h, FLH_Wind=2938.6h
2025-12-17T15:05:56 [74/192] PALOMARES | PV:COMPLETE | WND:COMPLETE
2025-12-17T15:05:56   -> KPIs berechnet: FLH_PV=1610.4h, FLH_Wind=2834.0h
2025-12-17T15:05:56 [75/192] COPERO | PV:COMPLETE | WND:COMPLETE
2025-12-17T15:05:57   -> KPIs berechnet: FLH_PV=1610.3h, FLH_Wind=2809.1h
2025-12-17T15:05:57 [76/192] LA_RANILLA | PV:COMPLETE | WND:COMPLETE
2025-12-17T15:05:57   -> KPIs berechnet: FLH_PV=1609.2h, FLH_Wind=2766.3h
2025-12-17T15:05:57 [77/192] CARTAGENA_CABEZO_BEAZA | PV:COMPLETE | WND:COMPLETE
2025-12-17T15:05:57   -> KPIs berechnet: FLH_PV=1732.7h, FLH_Wind=2946.1h
2025-12-17T15:05:57 [78/192] MAR_MENOR_SUR | PV:COMPLETE | WND:COMPLETE
2025-12-17T15:05:58   -> KPIs berechnet: FLH_PV=1734.6h, FLH_Wind=3038.3h
2025-12-17T15:05:58 [79/192] Crispijana | PV:COMPLETE | WND:COMPLETE
2025-12-17T15:05:58   -> KPIs berechnet: FLH_PV=1403.0h, FLH_Wind=2970.7h
2025-12-17T15:05:58 [80/192] Loiola | PV:COMPLETE | WND:COMPLETE
2025-12-17T15:05:58   -> KPIs berechnet: FLH_PV=1457.2h, FLH_Wind=3100.2h
2025-12-17T15:05:58 [81/192] LOGROÑO | PV:COMPLETE | WND:COMPLETE
2025-12-17T15:05:58   -> KPIs berechnet: FLH_PV=1501.5h, FLH_Wind=2900.6h
2025-12-17T15:05:59 [82/192] ZARAGOZA_LA_CARTUJA | PV:COMPLETE | WND:COMPLETE
2025-12-17T15:05:59   -> KPIs berechnet: FLH_PV=1562.3h, FLH_Wind=3702.3h
2025-12-17T15:05:59 [83/192] GIJON_OESTE | PV:COMPLETE | WND:COMPLETE
2025-12-17T15:05:59   -> KPIs berechnet: FLH_PV=1399.9h, FLH_Wind=3222.6h
2025-12-17T15:05:59 [84/192] VILLAPEREZ | PV:COMPLETE | WND:COMPLETE
2025-12-17T15:05:59   -> KPIs berechnet: FLH_PV=1406.1h, FLH_Wind=3041.4h
2025-12-17T15:06:00 [85/192] SAN_PANTALEON | PV:COMPLETE | WND:COMPLETE
2025-12-17T15:06:00   -> KPIs berechnet: FLH_PV=1464.1h, FLH_Wind=3283.5h
2025-12-17T15:06:00 [86/192] SAN_ROMÁN | PV:COMPLETE | WND:COMPLETE
2025-12-17T15:06:00   -> KPIs berechnet: FLH_PV=1465.3h, FLH_Wind=3200.1h
2025-12-17T15:06:00 [87/192] VUELTA_OSTRERA | PV:COMPLETE | WND:COMPLETE
2025-12-17T15:06:00   -> KPIs berechnet: FLH_PV=1481.7h, FLH_Wind=3161.4h
2025-12-17T15:06:01 [88/192] LEON | PV:COMPLETE | WND:COMPLETE
2025-12-17T15:06:01   -> KPIs berechnet: FLH_PV=1510.8h, FLH_Wind=2932.5h
2025-12-17T15:06:01 [89/192] SALAMANCA | PV:COMPLETE | WND:COMPLETE
2025-12-17T15:06:01   -> KPIs berechnet: FLH_PV=1566.5h, FLH_Wind=3414.3h
2025-12-17T15:06:01 [90/192] ALCAZAR_DE_SAN_JUAN-CAMPO_DE_CRIPTANA | PV:COMPLETE | WND:COMPLETE
2025-12-17T15:06:01   -> KPIs berechnet: FLH_PV=1622.0h, FLH_Wind=3236.7h
2025-12-17T15:06:01 [91/192] PRAT_DE_LLOBREGAT_EL | PV:COMPLETE | WND:COMPLETE
2025-12-17T15:06:02   -> KPIs berechnet: FLH_PV=1521.1h, FLH_Wind=2112.9h
2025-12-17T15:06:02 [92/192] SANT_FELIU_DE_LLOBREGAT | PV:COMPLETE | WND:COMPLETE
2025-12-17T15:06:02   -> KPIs berechnet: FLH_PV=1518.8h, FLH_Wind=2078.2h
2025-12-17T15:06:02 [93/192] TERRASSA | PV:COMPLETE | WND:COMPLETE
2025-12-17T15:06:02   -> KPIs berechnet: FLH_PV=1511.0h, FLH_Wind=2009.7h
2025-12-17T15:06:02 [94/192] TP_36_of_Helsingin_kt | PV:COMPLETE | WND:COMPLETE
2025-12-17T15:06:03   -> KPIs berechnet: FLH_PV=1071.6h, FLH_Wind=4071.0h
2025-12-17T15:06:03 [95/192] TP_101_of_Helsingin_kt | PV:COMPLETE | WND:COMPLETE
2025-12-17T15:06:03   -> KPIs berechnet: FLH_PV=1061.3h, FLH_Wind=4012.0h
2025-12-17T15:06:03 [96/192] MAXEVILLE | PV:COMPLETE | WND:COMPLETE
2025-12-17T15:06:03   -> KPIs berechnet: FLH_PV=1210.4h, FLH_Wind=2607.7h
2025-12-17T15:06:03 [97/192] METZ | PV:COMPLETE | WND:COMPLETE
2025-12-17T15:06:04   -> KPIs berechnet: FLH_PV=1189.9h, FLH_Wind=2664.3h
2025-12-17T15:06:04 [98/192] STRASBOURG_-_LA_WANTZENAU | PV:COMPLETE | WND:COMPLETE
2025-12-17T15:06:04   -> KPIs berechnet: FLH_PV=1241.9h, FLH_Wind=1926.0h
2025-12-17T15:06:04 [99/192] SAUSHEIM | PV:COMPLETE | WND:COMPLETE
2025-12-17T15:06:04   -> KPIs berechnet: FLH_PV=1286.5h, FLH_Wind=1841.7h
2025-12-17T15:06:05 [100/192] LE_HAVRE | PV:COMPLETE | WND:COMPLETE
2025-12-17T15:06:05   -> KPIs berechnet: FLH_PV=1294.1h, FLH_Wind=4604.4h
2025-12-17T15:06:05 [101/192] ROUEN | PV:COMPLETE | WND:COMPLETE
2025-12-17T15:06:05   -> KPIs berechnet: FLH_PV=1195.3h, FLH_Wind=3385.7h
2025-12-17T15:06:05 [102/192] PARIS_SEINE_AVAL | PV:COMPLETE | WND:COMPLETE
2025-12-17T15:06:05   -> KPIs berechnet: FLH_PV=1196.5h, FLH_Wind=2966.6h
2025-12-17T15:06:06 [103/192] PARIS_SEINE_GRÉSILLONS | PV:COMPLETE | WND:COMPLETE
2025-12-17T15:06:06   -> KPIs berechnet: FLH_PV=1196.2h, FLH_Wind=2981.2h
2025-12-17T15:06:06 [104/192] NANTES_1-TOUGAS | PV:COMPLETE | WND:COMPLETE
2025-12-17T15:06:06   -> KPIs berechnet: FLH_PV=1281.7h, FLH_Wind=3319.4h
2025-12-17T15:06:06 [105/192] LMM_LE_MANS_-_LA_CHAUVINIÈRE | PV:COMPLETE | WND:COMPLETE
2025-12-17T15:06:06   -> KPIs berechnet: FLH_PV=1224.2h, FLH_Wind=3003.3h
2025-12-17T15:06:07 [106/192] TOULOUSE_GINESTOUS | PV:COMPLETE | WND:COMPLETE
2025-12-17T15:06:07   -> KPIs berechnet: FLH_PV=1357.2h, FLH_Wind=2238.6h
2025-12-17T15:06:07 [107/192] BEGLES_CLOS_DE_HILDE | PV:COMPLETE | WND:COMPLETE
2025-12-17T15:06:07   -> KPIs berechnet: FLH_PV=1325.2h, FLH_Wind=2481.9h
2025-12-17T15:06:07 [108/192] DIJON | PV:COMPLETE | WND:COMPLETE
2025-12-17T15:06:07   -> KPIs berechnet: FLH_PV=1270.6h, FLH_Wind=2528.4h
2025-12-17T15:06:07 [109/192] MAERA_EX_CEREIREDE | PV:COMPLETE | WND:COMPLETE
2025-12-17T15:06:08   -> KPIs berechnet: FLH_PV=1591.5h, FLH_Wind=3827.6h
2025-12-17T15:06:08 [110/192] LYON_-_PIERRE_BÉNITE | PV:COMPLETE | WND:COMPLETE
2025-12-17T15:06:08   -> KPIs berechnet: FLH_PV=1339.1h, FLH_Wind=2250.8h
2025-12-17T15:06:08 [111/192] LYON_-_SAINT_FONS | PV:COMPLETE | WND:COMPLETE
2025-12-17T15:06:08   -> KPIs berechnet: FLH_PV=1339.0h, FLH_Wind=2246.8h
2025-12-17T15:06:08 [112/192] FERNEY-VOLTAIRE_-_AIRE_2 | PV:COMPLETE | WND:COMPLETE
2025-12-17T15:06:09   -> KPIs berechnet: FLH_PV=1365.7h, FLH_Wind=1256.3h
2025-12-17T15:06:09 [113/192] Rijeka-Delta | PV:COMPLETE | WND:COMPLETE
2025-12-17T15:06:09   -> KPIs berechnet: FLH_PV=1458.8h, FLH_Wind=3045.0h
2025-12-17T15:06:09 [114/192] Zagreb | PV:COMPLETE | WND:COMPLETE
2025-12-17T15:06:09   -> KPIs berechnet: FLH_PV=1313.5h, FLH_Wind=2354.4h
2025-12-17T15:06:09 [115/192] Budapest_Eszak_Pest_-_Szennyviztisztito_Telep | PV:COMPLETE | WND:COMPLETE
2025-12-17T15:06:10   -> KPIs berechnet: FLH_PV=1299.7h, FLH_Wind=3095.1h
2025-12-17T15:06:10 [116/192] Debrecen_-_Szennyviztisztito_Telep | PV:COMPLETE | WND:COMPLETE
2025-12-17T15:06:10   -> KPIs berechnet: FLH_PV=1274.1h, FLH_Wind=2871.2h
2025-12-17T15:06:10 [117/192] Cork_city | PV:COMPLETE | WND:COMPLETE
2025-12-17T15:06:10   -> KPIs berechnet: FLH_PV=1079.9h, FLH_Wind=4198.9h
2025-12-17T15:06:10 [118/192] Ringsend | PV:COMPLETE | WND:COMPLETE
2025-12-17T15:06:10   -> KPIs berechnet: FLH_PV=1122.5h, FLH_Wind=5074.7h
2025-12-17T15:06:11 [119/192] Castiglione | PV:COMPLETE | WND:COMPLETE
2025-12-17T15:06:11   -> KPIs berechnet: FLH_PV=1423.4h, FLH_Wind=775.0h
2025-12-17T15:06:11 [120/192] Dp01209001_Lonate_Pozzolo | PV:COMPLETE | WND:COMPLETE
2025-12-17T15:06:11   -> KPIs berechnet: FLH_PV=1364.1h, FLH_Wind=874.4h
2025-12-17T15:06:11 [121/192] Dp01514601_Milano_Nosedo | PV:COMPLETE | WND:COMPLETE
2025-12-17T15:06:11   -> KPIs berechnet: FLH_PV=1361.0h, FLH_Wind=1001.1h
2025-12-17T15:06:12 [122/192] Dp01514602_Milano_S_Rocco | PV:COMPLETE | WND:COMPLETE
2025-12-17T15:06:12   -> KPIs berechnet: FLH_PV=1363.3h, FLH_Wind=1009.9h
2025-12-17T15:06:12 [123/192] Arzignano_Via_Altura | PV:COMPLETE | WND:COMPLETE
2025-12-17T15:06:12   -> KPIs berechnet: FLH_PV=1325.4h, FLH_Wind=1143.9h
2025-12-17T15:06:12 [124/192] Venezia_Fusina_Via_Dei_Cantieri | PV:COMPLETE | WND:COMPLETE
2025-12-17T15:06:12   -> KPIs berechnet: FLH_PV=1325.7h, FLH_Wind=1583.6h
2025-12-17T15:06:13 [125/192] San_Giorgio_Di_Nogaro | PV:COMPLETE | WND:COMPLETE
2025-12-17T15:06:13   -> KPIs berechnet: FLH_PV=1323.2h, FLH_Wind=1503.0h
2025-12-17T15:06:13 [126/192] Bologna_Corticella | PV:COMPLETE | WND:COMPLETE
2025-12-17T15:06:13   -> KPIs berechnet: FLH_PV=1378.4h, FLH_Wind=2026.2h
2025-12-17T15:06:13 [127/192] Idl_San_Colombano | PV:COMPLETE | WND:COMPLETE
2025-12-17T15:06:13   -> KPIs berechnet: FLH_PV=1366.2h, FLH_Wind=2092.7h
2025-12-17T15:06:13 [128/192] Idi_Aquarno | PV:COMPLETE | WND:COMPLETE
2025-12-17T15:06:14   -> KPIs berechnet: FLH_PV=1388.7h, FLH_Wind=2150.6h
2025-12-17T15:06:14 [129/192] Idi_Cuoio_Depur | PV:COMPLETE | WND:COMPLETE
2025-12-17T15:06:14   -> KPIs berechnet: FLH_PV=1394.9h, FLH_Wind=2181.2h
2025-12-17T15:06:14 [130/192] ROMA_EST | PV:COMPLETE | WND:COMPLETE
2025-12-17T15:06:14   -> KPIs berechnet: FLH_PV=1463.0h, FLH_Wind=1931.5h
2025-12-17T15:06:14 [131/192] ROMA_NORD | PV:COMPLETE | WND:COMPLETE
2025-12-17T15:06:15   -> KPIs berechnet: FLH_PV=1462.4h, FLH_Wind=2026.0h
2025-12-17T15:06:15 [132/192] Caivano_Depuratore_Di_Acerra | PV:COMPLETE | WND:COMPLETE
2025-12-17T15:06:15   -> KPIs berechnet: FLH_PV=1555.3h, FLH_Wind=1694.1h
2025-12-17T15:06:15 [133/192] Orta_Di_Atella_Ce_Impianto_Napoli_Nord | PV:COMPLETE | WND:COMPLETE
2025-12-17T15:06:15   -> KPIs berechnet: FLH_PV=1454.7h, FLH_Wind=1711.1h
2025-12-17T15:06:15 [134/192] Marigliano_Na_Depuratore_Di_Nola | PV:COMPLETE | WND:COMPLETE
2025-12-17T15:06:16   -> KPIs berechnet: FLH_PV=1555.0h, FLH_Wind=1773.7h
2025-12-17T15:06:16 [135/192] Marcianise_Ce_Depuratore_Di_Marcianise | PV:COMPLETE | WND:COMPLETE
2025-12-17T15:06:16   -> KPIs berechnet: FLH_PV=1455.3h, FLH_Wind=1717.4h
2025-12-17T15:06:16 [136/192] Pozzuoli_Na_Impianto_Napoli_Ovest_Cuma | PV:COMPLETE | WND:COMPLETE
2025-12-17T15:06:16   -> KPIs berechnet: FLH_PV=1468.7h, FLH_Wind=1848.9h
2025-12-17T15:06:16 [137/192] Salerno_Impianto_Salerno | PV:COMPLETE | WND:COMPLETE
2025-12-17T15:06:16   -> KPIs berechnet: FLH_PV=1567.1h, FLH_Wind=2286.1h
2025-12-17T15:06:17 [138/192] Impianto_Consortile_Di_Catania | PV:COMPLETE | WND:COMPLETE
2025-12-17T15:06:17   -> KPIs berechnet: FLH_PV=1659.2h, FLH_Wind=2457.3h
2025-12-17T15:06:17 [139/192] Impianto_C_Da_Magnisi_Casale_Vecchie_Saline_Depuratore_Ias_Priolo | PV:COMPLETE | WND:COMPLETE
2025-12-17T15:06:17   -> KPIs berechnet: FLH_PV=1671.0h, FLH_Wind=2796.5h
2025-12-17T15:06:17 [140/192] BAI_Daugavgrīva | PV:COMPLETE | WND:COMPLETE
2025-12-17T15:06:17   -> KPIs berechnet: FLH_PV=1030.2h, FLH_Wind=3169.1h
2025-12-17T15:06:18 [141/192] UWWTP_AMSTERDAM-WEST | PV:COMPLETE | WND:COMPLETE
2025-12-17T15:06:18   -> KPIs berechnet: FLH_PV=1132.5h, FLH_Wind=3807.3h
2025-12-17T15:06:18 [142/192] UWWTP_HARNASCHPOLDER | PV:COMPLETE | WND:COMPLETE
2025-12-17T15:06:18   -> KPIs berechnet: FLH_PV=1227.9h, FLH_Wind=4725.3h
2025-12-17T15:06:18 [143/192] UWWTP_KRALINGSEVEER | PV:COMPLETE | WND:COMPLETE
2025-12-17T15:06:18   -> KPIs berechnet: FLH_PV=1140.5h, FLH_Wind=3393.7h
2025-12-17T15:06:19 [144/192] UWWTP_NIEUWVEER | PV:COMPLETE | WND:COMPLETE
2025-12-17T15:06:19   -> KPIs berechnet: FLH_PV=1136.5h, FLH_Wind=3115.6h
2025-12-17T15:06:19 [145/192] UWWTP_BATH | PV:COMPLETE | WND:COMPLETE
2025-12-17T15:06:19   -> KPIs berechnet: FLH_PV=1145.5h, FLH_Wind=3372.7h
2025-12-17T15:06:20 [146/192] UWWTP_AMSTERDAN-WESTPOORT | PV:COMPLETE | WND:COMPLETE
2025-12-17T15:06:20   -> KPIs berechnet: FLH_PV=1132.0h, FLH_Wind=3808.1h
2025-12-17T15:06:20 [147/192] UWWTP_TILBURG-NOORD | PV:COMPLETE | WND:COMPLETE
2025-12-17T15:06:20   -> KPIs berechnet: FLH_PV=1132.1h, FLH_Wind=2937.7h
2025-12-17T15:06:20 [148/192] Wrocławska_Oczyszczalnia_Ścieków | PV:COMPLETE | WND:COMPLETE
2025-12-17T15:06:21   -> KPIs berechnet: FLH_PV=1171.0h, FLH_Wind=2581.2h
2025-12-17T15:06:21 [149/192] Toruń_Centralna_Oczyszczalnia_Ścieków | PV:COMPLETE | WND:COMPLETE
2025-12-17T15:06:21   -> KPIs berechnet: FLH_PV=1101.0h, FLH_Wind=2642.7h
2025-12-17T15:06:21 [150/192] Lublin-Hajdów | PV:COMPLETE | WND:COMPLETE
2025-12-17T15:06:21   -> KPIs berechnet: FLH_PV=1153.4h, FLH_Wind=2468.5h
2025-12-17T15:06:21 [151/192] Goś_Łam | PV:COMPLETE | WND:COMPLETE
2025-12-17T15:06:22   -> KPIs berechnet: FLH_PV=1143.6h, FLH_Wind=2541.1h
2025-12-17T15:06:22 [152/192] Kutno | PV:COMPLETE | WND:COMPLETE
2025-12-17T15:06:22   -> KPIs berechnet: FLH_PV=1130.7h, FLH_Wind=2544.6h
2025-12-17T15:06:22 [153/192] Kraków-Płaszów | PV:COMPLETE | WND:COMPLETE
2025-12-17T15:06:22   -> KPIs berechnet: FLH_PV=1210.9h, FLH_Wind=2366.3h
2025-12-17T15:06:22 [154/192] Kraków-Kujawy | PV:COMPLETE | WND:COMPLETE
2025-12-17T15:06:23   -> KPIs berechnet: FLH_PV=1208.4h, FLH_Wind=2358.0h
2025-12-17T15:06:23 [155/192] Tarnów | PV:COMPLETE | WND:COMPLETE
2025-12-17T15:06:23   -> KPIs berechnet: FLH_PV=1200.7h, FLH_Wind=2307.5h
2025-12-17T15:06:23 [156/192] Zakład_Oczyszczalni_Ścieków_Czajka | PV:COMPLETE | WND:COMPLETE
2025-12-17T15:06:23   -> KPIs berechnet: FLH_PV=1124.5h, FLH_Wind=2493.3h
2025-12-17T15:06:23 [157/192] Gdańsk-Wschód | PV:COMPLETE | WND:COMPLETE
2025-12-17T15:06:24   -> KPIs berechnet: FLH_PV=1171.2h, FLH_Wind=4448.0h
2025-12-17T15:06:24 [158/192] Goś_Dębogórze | PV:COMPLETE | WND:COMPLETE
2025-12-17T15:06:24   -> KPIs berechnet: FLH_PV=1169.1h, FLH_Wind=4590.9h
2025-12-17T15:06:24 [159/192] International_Paper-Kwidzyn_Sp_z_o_o | PV:COMPLETE | WND:COMPLETE
2025-12-17T15:06:24   -> KPIs berechnet: FLH_PV=1083.2h, FLH_Wind=2796.5h
2025-12-17T15:06:25 [160/192] Centralna_Oczyszczalnia_Ścieków_w_Gliwicach | PV:COMPLETE | WND:COMPLETE
2025-12-17T15:06:25   -> KPIs berechnet: FLH_PV=1187.7h, FLH_Wind=2450.1h
2025-12-17T15:06:25 [161/192] Centralna_Oczyszczalnia_Ścieków_w_Koziegłowach | PV:COMPLETE | WND:COMPLETE
2025-12-17T15:06:25   -> KPIs berechnet: FLH_PV=1116.1h, FLH_Wind=2621.5h
2025-12-17T15:06:25 [162/192] Dopiewo | PV:COMPLETE | WND:COMPLETE
2025-12-17T15:06:25   -> KPIs berechnet: FLH_PV=1119.7h, FLH_Wind=2607.3h
2025-12-17T15:06:26 [163/192] Pomorzany | PV:COMPLETE | WND:COMPLETE
2025-12-17T15:06:26   -> KPIs berechnet: FLH_PV=1168.1h, FLH_Wind=2915.2h
2025-12-17T15:06:26 [164/192] Agra_I_e_II | PV:COMPLETE | WND:COMPLETE
2025-12-17T15:06:26   -> KPIs berechnet: FLH_PV=1454.9h, FLH_Wind=3405.7h
2025-12-17T15:06:26 [165/192] Rib_de_Moinhos | PV:COMPLETE | WND:COMPLETE
2025-12-17T15:06:26   -> KPIs berechnet: FLH_PV=1615.1h, FLH_Wind=4168.8h
2025-12-17T15:06:27 [166/192] Matosinhos | PV:COMPLETE | WND:COMPLETE
2025-12-17T15:06:27   -> KPIs berechnet: FLH_PV=1563.4h, FLH_Wind=3406.7h
2025-12-17T15:06:27 [167/192] ROWP_DANCU_IASI | PV:COMPLETE | WND:COMPLETE
2025-12-17T15:06:27   -> KPIs berechnet: FLH_PV=1313.0h, FLH_Wind=3528.0h
2025-12-17T15:06:27 [168/192] ROWP_GALATI | PV:COMPLETE | WND:COMPLETE
2025-12-17T15:06:27   -> KPIs berechnet: FLH_PV=1360.0h, FLH_Wind=3554.7h
2025-12-17T15:06:28 [169/192] ROWP_SC_APA_CANAL_2000_S_A_PITESTI | PV:COMPLETE | WND:COMPLETE
2025-12-17T15:06:28   -> KPIs berechnet: FLH_PV=1384.3h, FLH_Wind=2521.7h
2025-12-17T15:06:28 [170/192] ROWP_RA_Aquatim_Timisoara | PV:COMPLETE | WND:COMPLETE
2025-12-17T15:06:28   -> KPIs berechnet: FLH_PV=1309.2h, FLH_Wind=2955.7h
2025-12-17T15:06:28 [171/192] ROWP_SC_COMPANIA_APA_SA_Brasov | PV:COMPLETE | WND:COMPLETE
2025-12-17T15:06:28   -> KPIs berechnet: FLH_PV=1372.1h, FLH_Wind=2334.2h
2025-12-17T15:06:29 [172/192] ROWP_SC_APA_NOVA_SA_BUCURESTI | PV:COMPLETE | WND:COMPLETE
2025-12-17T15:06:29   -> KPIs berechnet: FLH_PV=1368.4h, FLH_Wind=2813.6h
2025-12-17T15:06:29 [173/192] UWWTP_LJUBLJANA_ZALOG | PV:COMPLETE | WND:COMPLETE
2025-12-17T15:06:29   -> KPIs berechnet: FLH_PV=1421.4h, FLH_Wind=2219.6h
2025-12-17T15:06:29 [174/192] NORTH_WARRINGTON_STW | PV:COMPLETE | WND:COMPLETE
2025-12-17T15:06:29   -> KPIs berechnet: FLH_PV=1050.8h, FLH_Wind=3594.2h
2025-12-17T15:06:30 [175/192] BLACKBURN_STW | PV:COMPLETE | WND:COMPLETE
2025-12-17T15:06:30   -> KPIs berechnet: FLH_PV=1035.2h, FLH_Wind=3710.2h
2025-12-17T15:06:30 [176/192] LONDON_Becton_STW | PV:COMPLETE | WND:COMPLETE
2025-12-17T15:06:30   -> KPIs berechnet: FLH_PV=1155.4h, FLH_Wind=3717.4h
2025-12-17T15:06:30 [177/192] LONDON_Deepham_STW | PV:COMPLETE | WND:COMPLETE
2025-12-17T15:06:30   -> KPIs berechnet: FLH_PV=1146.6h, FLH_Wind=3692.0h
2025-12-17T15:06:31 [178/192] LONDON_Crossness_STW | PV:COMPLETE | WND:COMPLETE
2025-12-17T15:06:31   -> KPIs berechnet: FLH_PV=1156.9h, FLH_Wind=3724.8h
2025-12-17T15:06:31 [179/192] WIGAN_HOSCAR_STW | PV:COMPLETE | WND:COMPLETE
2025-12-17T15:06:31   -> KPIs berechnet: FLH_PV=1049.3h, FLH_Wind=3681.8h
2025-12-17T15:06:31 [180/192] Manchester_and_Salford_Davyhulme_STW | PV:COMPLETE | WND:COMPLETE
2025-12-17T15:06:31   -> KPIs berechnet: FLH_PV=1040.8h, FLH_Wind=3625.9h
2025-12-17T15:06:31 [181/192] BIRMINGHAM_BLACK_COUNTRY_NO_1_MINWORTH_STW | PV:COMPLETE | WND:COMPLETE
2025-12-17T15:06:32   -> KPIs berechnet: FLH_PV=1092.9h, FLH_Wind=3431.5h
2025-12-17T15:06:32 [182/192] BRADFORD_ESHOLT_STW | PV:COMPLETE | WND:COMPLETE
2025-12-17T15:06:32   -> KPIs berechnet: FLH_PV=1028.4h, FLH_Wind=3654.9h
2025-12-17T15:06:32 [183/192] LEEDS_KNOSTROP_STW | PV:COMPLETE | WND:COMPLETE
2025-12-17T15:06:32   -> KPIs berechnet: FLH_PV=1053.3h, FLH_Wind=3674.0h
2025-12-17T15:06:32 [184/192] MIDDLESBOROUGH_STW | PV:COMPLETE | WND:COMPLETE
2025-12-17T15:06:33   -> KPIs berechnet: FLH_PV=1038.8h, FLH_Wind=4036.9h
2025-12-17T15:06:33 [185/192] NORTHAMPTON_STW | PV:COMPLETE | WND:COMPLETE
2025-12-17T15:06:33   -> KPIs berechnet: FLH_PV=1107.5h, FLH_Wind=3519.5h
2025-12-17T15:06:33 [186/192] MILTON_KEYNES_STW | PV:COMPLETE | WND:COMPLETE
2025-12-17T15:06:33   -> KPIs berechnet: FLH_PV=1118.4h, FLH_Wind=3531.2h
2025-12-17T15:06:33 [187/192] HULL_STW | PV:COMPLETE | WND:COMPLETE
2025-12-17T15:06:34   -> KPIs berechnet: FLH_PV=1057.0h, FLH_Wind=4051.2h
2025-12-17T15:06:34 [188/192] Rye_Meads_STW | PV:COMPLETE | WND:COMPLETE
2025-12-17T15:06:34   -> KPIs berechnet: FLH_PV=1139.9h, FLH_Wind=3632.1h
2025-12-17T15:06:34 [189/192] TILBURY_STW_TILBURY_ESSEX | PV:COMPLETE | WND:COMPLETE
2025-12-17T15:06:34   -> KPIs berechnet: FLH_PV=1245.6h, FLH_Wind=4646.7h
2025-12-17T15:06:35 [190/192] COVENTRY_STW | PV:COMPLETE | WND:COMPLETE
2025-12-17T15:06:35   -> KPIs berechnet: FLH_PV=1096.5h, FLH_Wind=3451.4h
2025-12-17T15:06:35 [191/192] LONDON_Riverside_STW | PV:COMPLETE | WND:COMPLETE
2025-12-17T15:06:35   -> KPIs berechnet: FLH_PV=1157.0h, FLH_Wind=3728.1h
2025-12-17T15:06:35 [192/192] LONDON_Long_Reach_STW | PV:COMPLETE | WND:COMPLETE
2025-12-17T15:06:35   -> KPIs berechnet: FLH_PV=1160.8h, FLH_Wind=3747.9h
2025-12-17T15:06:35 ======================================================
2025-12-17T15:06:35 Schreibe 192 KPI-Zeilen in Excel 'H2 Renewables' …
2025-12-17T15:06:36 H2 Renewables Base geschrieben: C:\Users\aless\PycharmProjects\Masterthesis\Output\UWWTD_TP_Database.xlsx -> Sheet 'H2 Renewables'
2025-12-17T15:06:36 ✓ Renewable energy KPIs calculated for 192 plants → Sheet 'H2 Renewables'
