2025-11-07T00:57:05 ======================================================
2025-11-07T00:57:05 Start • Sites: 300 • Zeitraum: 2015-01-01→2024-12-31 (Auto-Chunking ≤1Y)
2025-11-07T00:57:05 Limiter: 1.0 req/s & 50 req/h (sichtbar)
2025-11-07T00:57:05 Excel: C:\Users\aless\PycharmProjects\Masterthesis\Output\UWWTD_TP_Database.xlsx | Sheets: 'General Data' -> 'Energy'
2025-11-07T00:57:05 Ausgabe: C:\Users\aless\PycharmProjects\Masterthesis\Output\RenewableEnergyProfiles (stabile Dateinamen, keine Doppel-Downloads)
2025-11-07T00:57:05 ======================================================
2025-11-07T00:57:05 [1/300] ARA_AWV_Schwechat | PV:COMPLETE -> PV_ARA_AWV_Schwechat_20150101-20241231_merra2_d96d7cca0e.csv | WND:COMPLETE -> Wind_ARA_AWV_Schwechat_20150101-20241231_merra2_a6d7f2589a.csv
2025-11-07T00:57:05 [2/300] Asten_-_Regionalkläranlage | PV:COMPLETE -> PV_Asten_-_Regionalkläranlage_20150101-20241231_merra2_a44fae4635.csv | WND:COMPLETE -> Wind_Asten_-_Regionalkläranlage_20150101-20241231_merra2_a6d7f2589a.csv
2025-11-07T00:57:05 [3/300] ARA_Siggerwiesen | PV:COMPLETE -> PV_ARA_Siggerwiesen_20150101-20241231_merra2_365d0c7928.csv | WND:COMPLETE -> Wind_ARA_Siggerwiesen_20150101-20241231_merra2_a6d7f2589a.csv
2025-11-07T00:57:05 [4/300] Graz-Gössendorf | PV:COMPLETE -> PV_Graz-Gössendorf_20150101-20241231_merra2_6639b0113f.csv | WND:COMPLETE -> Wind_Graz-Gössendorf_20150101-20241231_merra2_a6d7f2589a.csv
2025-11-07T00:57:05 [5/300] Gratkorn | PV:COMPLETE -> PV_Gratkorn_20150101-20241231_merra2_b30f8f1e31.csv | WND:COMPLETE -> Wind_Gratkorn_20150101-20241231_merra2_a6d7f2589a.csv
2025-11-07T00:57:06 [6/300] Innsbruck | PV:COMPLETE -> PV_Innsbruck_20150101-20241231_merra2_7db14877e1.csv | WND:COMPLETE -> Wind_Innsbruck_20150101-20241231_merra2_a6d7f2589a.csv
2025-11-07T00:57:06 [7/300] Meiningen | PV:COMPLETE -> PV_Meiningen_20150101-20241231_merra2_7db14877e1.csv | WND:COMPLETE -> Wind_Meiningen_20150101-20241231_merra2_a6d7f2589a.csv
2025-11-07T00:57:06 [8/300] Hauptkläranlage_Wien | PV:COMPLETE -> PV_Hauptkläranlage_Wien_20150101-20241231_merra2_a44fae4635.csv | WND:COMPLETE -> Wind_Hauptkläranlage_Wien_20150101-20241231_merra2_a6d7f2589a.csv
2025-11-07T00:57:06 [9/300] Bruxelles-nord | PV:COMPLETE -> PV_Bruxelles-nord_20150101-20241231_merra2_aa131a78fd.csv | WND:COMPLETE -> Wind_Bruxelles-nord_20150101-20241231_merra2_a6d7f2589a.csv
2025-11-07T00:57:06 [10/300] LIEGE_OUPEYE | PV:COMPLETE -> PV_LIEGE_OUPEYE_20150101-20241231_merra2_5f797a9ee1.csv | WND:COMPLETE -> Wind_LIEGE_OUPEYE_20150101-20241231_merra2_a6d7f2589a.csv
2025-11-07T00:57:06 [11/300] UWWTP_Burgas | PV:COMPLETE -> PV_UWWTP_Burgas_20150101-20241231_merra2_afebd23a41.csv | WND:COMPLETE -> Wind_UWWTP_Burgas_20150101-20241231_merra2_a6d7f2589a.csv
2025-11-07T00:57:06 [12/300] UWWTP_Varna | PV:COMPLETE -> PV_UWWTP_Varna_20150101-20241231_merra2_7ea3568ef5.csv | WND:COMPLETE -> Wind_UWWTP_Varna_20150101-20241231_merra2_a6d7f2589a.csv
2025-11-07T00:57:07 [13/300] UWWTP_Plovdiv | PV:COMPLETE -> PV_UWWTP_Plovdiv_20150101-20241231_merra2_ceccdc6c04.csv | WND:COMPLETE -> Wind_UWWTP_Plovdiv_20150101-20241231_merra2_a6d7f2589a.csv
2025-11-07T00:57:07 [14/300] UWWTP_Sofia | PV:COMPLETE -> PV_UWWTP_Sofia_20150101-20241231_merra2_4f434c11f1.csv | WND:COMPLETE -> Wind_UWWTP_Sofia_20150101-20241231_merra2_a6d7f2589a.csv
2025-11-07T00:57:07 [15/300] UCOV_Praha | PV:COMPLETE -> PV_UCOV_Praha_20150101-20241231_merra2_dff9f75620.csv | WND:COMPLETE -> Wind_UCOV_Praha_20150101-20241231_merra2_a6d7f2589a.csv
2025-11-07T00:57:07 [16/300] COV_Plzen | PV:COMPLETE -> PV_COV_Plzen_20150101-20241231_merra2_45a48e10c0.csv | WND:COMPLETE -> Wind_COV_Plzen_20150101-20241231_merra2_a6d7f2589a.csv
2025-11-07T00:57:07 [17/300] COV_Steti_-Papirny_Mondi | PV:COMPLETE -> PV_COV_Steti_-Papirny_Mondi_20150101-20241231_merra2_70c8be051e.csv | WND:COMPLETE -> Wind_COV_Steti_-Papirny_Mondi_20150101-20241231_merra2_a6d7f2589a.csv
2025-11-07T00:57:07 [18/300] COV_Brno_-_Modrice | PV:COMPLETE -> PV_COV_Brno_-_Modrice_20150101-20241231_merra2_518e9398da.csv | WND:COMPLETE -> Wind_COV_Brno_-_Modrice_20150101-20241231_merra2_a6d7f2589a.csv
2025-11-07T00:57:07 [19/300] UCOV_Ostrava_-_Privoz | PV:COMPLETE -> PV_UCOV_Ostrava_-_Privoz_20150101-20241231_merra2_91eb67cd10.csv | WND:COMPLETE -> Wind_UCOV_Ostrava_-_Privoz_20150101-20241231_merra2_a6d7f2589a.csv
2025-11-07T00:57:08 [20/300] Stahnsdorf | PV:COMPLETE -> PV_Stahnsdorf_20150101-20241231_merra2_aaef4f714e.csv | WND:COMPLETE -> Wind_Stahnsdorf_20150101-20241231_merra2_a6d7f2589a.csv
2025-11-07T00:57:08 [21/300] Ruhleben | PV:COMPLETE -> PV_Ruhleben_20150101-20241231_merra2_a8652e5125.csv | WND:COMPLETE -> Wind_Ruhleben_20150101-20241231_merra2_a6d7f2589a.csv
2025-11-07T00:57:08 [22/300] Schönerlinde | PV:COMPLETE -> PV_Schönerlinde_20150101-20241231_merra2_05f5cdfd03.csv | WND:COMPLETE -> Wind_Schönerlinde_20150101-20241231_merra2_a6d7f2589a.csv
2025-11-07T00:57:08 [23/300] Waßmannsdorf | PV:COMPLETE -> PV_Waßmannsdorf_20150101-20241231_merra2_aaef4f714e.csv | WND:COMPLETE -> Wind_Waßmannsdorf_20150101-20241231_merra2_a6d7f2589a.csv
2025-11-07T00:57:08 [24/300] Hauptklärwerk_Mühlhausen | PV:COMPLETE -> PV_Hauptklärwerk_Mühlhausen_20150101-20241231_merra2_c6311ba2b1.csv | WND:COMPLETE -> Wind_Hauptklärwerk_Mühlhausen_20150101-20241231_merra2_a6d7f2589a.csv
2025-11-07T00:57:08 [25/300] Göppingen | PV:COMPLETE -> PV_Göppingen_20150101-20241231_merra2_d7147aef93.csv | WND:COMPLETE -> Wind_Göppingen_20150101-20241231_merra2_a6d7f2589a.csv
2025-11-07T00:57:08 [26/300] SKA_Heilbronn | PV:COMPLETE -> PV_SKA_Heilbronn_20150101-20241231_merra2_fe09ef0dd2.csv | WND:COMPLETE -> Wind_SKA_Heilbronn_20150101-20241231_merra2_a6d7f2589a.csv
2025-11-07T00:57:09 [27/300] SKA_Karlsruhe_Neureut | PV:COMPLETE -> PV_SKA_Karlsruhe_Neureut_20150101-20241231_merra2_c2d7a3cf3a.csv | WND:COMPLETE -> Wind_SKA_Karlsruhe_Neureut_20150101-20241231_merra2_a6d7f2589a.csv
2025-11-07T00:57:09 [28/300] SKA_AZV_Heidelberg | PV:COMPLETE -> PV_SKA_AZV_Heidelberg_20150101-20241231_merra2_cd3819f6b5.csv | WND:COMPLETE -> Wind_SKA_AZV_Heidelberg_20150101-20241231_merra2_a6d7f2589a.csv
2025-11-07T00:57:09 [29/300] Kläranlage_Mannheim | PV:COMPLETE -> PV_Kläranlage_Mannheim_20150101-20241231_merra2_09bc10e962.csv | WND:COMPLETE -> Wind_Kläranlage_Mannheim_20150101-20241231_merra2_a6d7f2589a.csv
2025-11-07T00:57:09 [30/300] SKA_AZV_BREISGAUER_BUCHT_-_KA_FORCHHEIM | PV:COMPLETE -> PV_SKA_AZV_BREISGAUER_BUCHT_-_KA_FORCHHEIM_20150101-20241231_merra2_a44fae4635.csv | WND:COMPLETE -> Wind_SKA_AZV_BREISGAUER_BUCHT_-_KA_FORCHHEIM_20150101-20241231_merra2_a6d7f2589a.csv
2025-11-07T00:57:09 [31/300] Würzburg | PV:COMPLETE -> PV_Würzburg_20150101-20241231_merra2_45a48e10c0.csv | WND:COMPLETE -> Wind_Würzburg_20150101-20241231_merra2_a6d7f2589a.csv
2025-11-07T00:57:09 [32/300] Augsburg | PV:COMPLETE -> PV_Augsburg_20150101-20241231_merra2_116c94f817.csv | WND:COMPLETE -> Wind_Augsburg_20150101-20241231_merra2_a6d7f2589a.csv
2025-11-07T00:57:09 [33/300] Zweckverband_Klärwerk_Steinhäule | PV:COMPLETE -> PV_Zweckverband_Klärwerk_Steinhäule_20150101-20241231_merra2_116c94f817.csv | WND:COMPLETE -> Wind_Zweckverband_Klärwerk_Steinhäule_20150101-20241231_merra2_a6d7f2589a.csv
2025-11-07T00:57:10 [34/300] München_II_-_Gut_Marienhof | PV:COMPLETE -> PV_München_II_-_Gut_Marienhof_20150101-20241231_merra2_24c702f0f6.csv | WND:COMPLETE -> Wind_München_II_-_Gut_Marienhof_20150101-20241231_merra2_a6d7f2589a.csv
2025-11-07T00:57:10 [35/300] AZV_Erdinger_Moos | PV:COMPLETE -> PV_AZV_Erdinger_Moos_20150101-20241231_merra2_116c94f817.csv | WND:COMPLETE -> Wind_AZV_Erdinger_Moos_20150101-20241231_merra2_a6d7f2589a.csv
2025-11-07T00:57:10 [36/300] Erlangen | PV:COMPLETE -> PV_Erlangen_20150101-20241231_merra2_09bc10e962.csv | WND:COMPLETE -> Wind_Erlangen_20150101-20241231_merra2_a6d7f2589a.csv
2025-11-07T00:57:10 [37/300] Rosenheim | PV:COMPLETE -> PV_Rosenheim_20150101-20241231_merra2_365d0c7928.csv | WND:COMPLETE -> Wind_Rosenheim_20150101-20241231_merra2_a6d7f2589a.csv
2025-11-07T00:57:10 [38/300] Kläranlage_Seehausen | PV:COMPLETE -> PV_Kläranlage_Seehausen_20150101-20241231_merra2_e8d919f64a.csv | WND:COMPLETE -> Wind_Kläranlage_Seehausen_20150101-20241231_merra2_a6d7f2589a.csv
2025-11-07T00:57:10 [39/300] Frankfurt_am_Main_Sindlingen | PV:COMPLETE -> PV_Frankfurt_am_Main_Sindlingen_20150101-20241231_merra2_dff9f75620.csv | WND:COMPLETE -> Wind_Frankfurt_am_Main_Sindlingen_20150101-20241231_merra2_a6d7f2589a.csv
2025-11-07T00:57:10 [40/300] Frankfurt_am_Main_Niederrad_Griesheim | PV:COMPLETE -> PV_Frankfurt_am_Main_Niederrad_Griesheim_20150101-20241231_merra2_dff9f75620.csv | WND:COMPLETE -> Wind_Frankfurt_am_Main_Niederrad_Griesheim_20150101-20241231_merra2_a6d7f2589a.csv
2025-11-07T00:57:10 [41/300] Wiesbaden_Mitte | PV:COMPLETE -> PV_Wiesbaden_Mitte_20150101-20241231_merra2_dff9f75620.csv | WND:COMPLETE -> Wind_Wiesbaden_Mitte_20150101-20241231_merra2_a6d7f2589a.csv
2025-11-07T00:57:11 [42/300] Klärwerksverbund_Köhlbrandhöft_Dradenau | PV:COMPLETE -> PV_Klärwerksverbund_Köhlbrandhöft_Dradenau_20150101-20241231_merra2_1005c77946.csv | WND:COMPLETE -> Wind_Klärwerksverbund_Köhlbrandhöft_Dradenau_20150101-20241231_merra2_a6d7f2589a.csv
2025-11-07T00:57:11 [43/300] 2530002102_KA_Herrenhausen | PV:COMPLETE -> PV_2530002102_KA_Herrenhausen_20150101-20241231_merra2_aaef4f714e.csv | WND:COMPLETE -> Wind_2530002102_KA_Herrenhausen_20150101-20241231_merra2_a6d7f2589a.csv
2025-11-07T00:57:11 [44/300] 2530142095_KA_Gümmerwald | PV:COMPLETE -> PV_2530142095_KA_Gümmerwald_20150101-20241231_merra2_aaef4f714e.csv | WND:COMPLETE -> Wind_2530142095_KA_Gümmerwald_20150101-20241231_merra2_a6d7f2589a.csv
2025-11-07T00:57:11 [45/300] 2550232001_KA_Holzminden | PV:COMPLETE -> PV_2550232001_KA_Holzminden_20150101-20241231_merra2_466aadda05.csv | WND:COMPLETE -> Wind_2550232001_KA_Holzminden_20150101-20241231_merra2_a6d7f2589a.csv
2025-11-07T00:57:11 [46/300] 3520112001_KA_Cuxhaven | PV:COMPLETE -> PV_3520112001_KA_Cuxhaven_20150101-20241231_merra2_f2393b5c8e.csv | WND:COMPLETE -> Wind_3520112001_KA_Cuxhaven_20150101-20241231_merra2_a6d7f2589a.csv
2025-11-07T00:57:11 [47/300] Aachen-Soers | PV:COMPLETE -> PV_Aachen-Soers_20150101-20241231_merra2_e8b4962e34.csv | WND:COMPLETE -> Wind_Aachen-Soers_20150101-20241231_merra2_a6d7f2589a.csv
2025-11-07T00:57:11 [48/300] Dortmund-Deusen | PV:COMPLETE -> PV_Dortmund-Deusen_20150101-20241231_merra2_22f8980d0b.csv | WND:COMPLETE -> Wind_Dortmund-Deusen_20150101-20241231_merra2_a6d7f2589a.csv
2025-11-07T00:57:12 [49/300] Bottrop | PV:COMPLETE -> PV_Bottrop_20150101-20241231_merra2_22f8980d0b.csv | WND:COMPLETE -> Wind_Bottrop_20150101-20241231_merra2_a6d7f2589a.csv
2025-11-07T00:57:12 [50/300] Köln_Stammheim | PV:COMPLETE -> PV_Köln_Stammheim_20150101-20241231_merra2_567b6ddef7.csv | WND:COMPLETE -> Wind_Köln_Stammheim_20150101-20241231_merra2_a6d7f2589a.csv
2025-11-07T00:57:12 [51/300] Düsseldorf-Nord | PV:COMPLETE -> PV_Düsseldorf-Nord_20150101-20241231_merra2_43b14af904.csv | WND:COMPLETE -> Wind_Düsseldorf-Nord_20150101-20241231_merra2_a6d7f2589a.csv
2025-11-07T00:57:12 [52/300] Krefeld | PV:COMPLETE -> PV_Krefeld_20150101-20241231_merra2_68f935552f.csv | WND:COMPLETE -> Wind_Krefeld_20150101-20241231_merra2_a6d7f2589a.csv
2025-11-07T00:57:12 [53/300] Mönchengladbach_GWK_I | PV:COMPLETE -> PV_Mönchengladbach_GWK_I_20150101-20241231_merra2_664b044967.csv | WND:COMPLETE -> Wind_Mönchengladbach_GWK_I_20150101-20241231_merra2_a6d7f2589a.csv
2025-11-07T00:57:12 [54/300] Neuss-Ost | PV:COMPLETE -> PV_Neuss-Ost_20150101-20241231_merra2_664b044967.csv | WND:COMPLETE -> Wind_Neuss-Ost_20150101-20241231_merra2_a6d7f2589a.csv
2025-11-07T00:57:12 [55/300] Münster-Hauptkläranlage | PV:COMPLETE -> PV_Münster-Hauptkläranlage_20150101-20241231_merra2_60b618a189.csv | WND:COMPLETE -> Wind_Münster-Hauptkläranlage_20150101-20241231_merra2_a6d7f2589a.csv
2025-11-07T00:57:13 [56/300] Abwasserverband_Obere_Lutter | PV:COMPLETE -> PV_Abwasserverband_Obere_Lutter_20150101-20241231_merra2_3644c1cbba.csv | WND:COMPLETE -> Wind_Abwasserverband_Obere_Lutter_20150101-20241231_merra2_a6d7f2589a.csv
2025-11-07T00:57:13 [57/300] Düren | PV:COMPLETE -> PV_Düren_20150101-20241231_merra2_e8b4962e34.csv | WND:COMPLETE -> Wind_Düren_20150101-20241231_merra2_a6d7f2589a.csv
2025-11-07T00:57:13 [58/300] Paderborn_Sande | PV:COMPLETE -> PV_Paderborn_Sande_20150101-20241231_merra2_0fc64b1b27.csv | WND:COMPLETE -> Wind_Paderborn_Sande_20150101-20241231_merra2_a6d7f2589a.csv
2025-11-07T00:57:13 [59/300] Düsseldorf-Süd | PV:COMPLETE -> PV_Düsseldorf-Süd_20150101-20241231_merra2_664b044967.csv | WND:COMPLETE -> Wind_Düsseldorf-Süd_20150101-20241231_merra2_a6d7f2589a.csv
2025-11-07T00:57:13 [60/300] Wuppertal-Buchenhofen | PV:COMPLETE -> PV_Wuppertal-Buchenhofen_20150101-20241231_merra2_664b044967.csv | WND:COMPLETE -> Wind_Wuppertal-Buchenhofen_20150101-20241231_merra2_a6d7f2589a.csv
2025-11-07T00:57:13 [61/300] Duisburg-Kaßlerfeld | PV:COMPLETE -> PV_Duisburg-Kaßlerfeld_20150101-20241231_merra2_68f935552f.csv | WND:COMPLETE -> Wind_Duisburg-Kaßlerfeld_20150101-20241231_merra2_a6d7f2589a.csv
2025-11-07T00:57:13 [62/300] Emscherkläranlage | PV:COMPLETE -> PV_Emscherkläranlage_20150101-20241231_merra2_22f8980d0b.csv | WND:COMPLETE -> Wind_Emscherkläranlage_20150101-20241231_merra2_a6d7f2589a.csv
2025-11-07T00:57:14 [63/300] Duisburg-Alte_Emscher | PV:COMPLETE -> PV_Duisburg-Alte_Emscher_20150101-20241231_merra2_22f8980d0b.csv | WND:COMPLETE -> Wind_Duisburg-Alte_Emscher_20150101-20241231_merra2_a6d7f2589a.csv
2025-11-07T00:57:14 [64/300] Koblenz | PV:COMPLETE -> PV_Koblenz_20150101-20241231_merra2_92f73bd59e.csv | WND:COMPLETE -> Wind_Koblenz_20150101-20241231_merra2_a6d7f2589a.csv
2025-11-07T00:57:14 [65/300] Mainz | PV:COMPLETE -> PV_Mainz_20150101-20241231_merra2_4c80d0bb5f.csv | WND:COMPLETE -> Wind_Mainz_20150101-20241231_merra2_a6d7f2589a.csv
2025-11-07T00:57:14 [66/300] Trier_Hauptklärwerk | PV:COMPLETE -> PV_Trier_Hauptklärwerk_20150101-20241231_merra2_45a48e10c0.csv | WND:COMPLETE -> Wind_Trier_Hauptklärwerk_20150101-20241231_merra2_a6d7f2589a.csv
2025-11-07T00:57:14 [67/300] Hetlingen | PV:COMPLETE -> PV_Hetlingen_20150101-20241231_merra2_90cf341c59.csv | WND:COMPLETE -> Wind_Hetlingen_20150101-20241231_merra2_a6d7f2589a.csv
2025-11-07T00:57:14 [68/300] Neumünster | PV:COMPLETE -> PV_Neumünster_20150101-20241231_merra2_3e394c49d7.csv | WND:COMPLETE -> Wind_Neumünster_20150101-20241231_merra2_a6d7f2589a.csv
2025-11-07T00:57:14 [69/300] Bitterfeld-Wolfen | PV:COMPLETE -> PV_Bitterfeld-Wolfen_20150101-20241231_merra2_0fc64b1b27.csv | WND:COMPLETE -> Wind_Bitterfeld-Wolfen_20150101-20241231_merra2_a6d7f2589a.csv
2025-11-07T00:57:14 [70/300] Halle-Nord | PV:COMPLETE -> PV_Halle-Nord_20150101-20241231_merra2_22f8980d0b.csv | WND:COMPLETE -> Wind_Halle-Nord_20150101-20241231_merra2_a6d7f2589a.csv
2025-11-07T00:57:15 [71/300] Schkopau | PV:COMPLETE -> PV_Schkopau_20150101-20241231_merra2_68f935552f.csv | WND:COMPLETE -> Wind_Schkopau_20150101-20241231_merra2_a6d7f2589a.csv
2025-11-07T00:57:15 [72/300] MD-Gerwisch | PV:COMPLETE -> PV_MD-Gerwisch_20150101-20241231_merra2_5d989c5281.csv | WND:COMPLETE -> Wind_MD-Gerwisch_20150101-20241231_merra2_a6d7f2589a.csv
2025-11-07T00:57:15 [73/300] Lynetten | PV:COMPLETE -> PV_Lynetten_20150101-20241231_merra2_66fe5cfdc5.csv | WND:COMPLETE -> Wind_Lynetten_20150101-20241231_merra2_a6d7f2589a.csv
2025-11-07T00:57:15 [74/300] Damhusåen | PV:COMPLETE -> PV_Damhusåen_20150101-20241231_merra2_66fe5cfdc5.csv | WND:COMPLETE -> Wind_Damhusåen_20150101-20241231_merra2_a6d7f2589a.csv
2025-11-07T00:57:15 [75/300] SPILDEVANDSCENTER_AVEDØRE | PV:COMPLETE -> PV_SPILDEVANDSCENTER_AVEDØRE_20150101-20241231_merra2_66fe5cfdc5.csv | WND:COMPLETE -> Wind_SPILDEVANDSCENTER_AVEDØRE_20150101-20241231_merra2_a6d7f2589a.csv
2025-11-07T00:57:15 [76/300] EJBY_MØLLE_RENSEANLÆG Wind fehlt/inkomplett -> lade … (Wind_EJBY_MØLLE_RENSEANLÆG_20150101-20241231_merra2_a6d7f2589a.csv)
2025-11-07T00:57:15   -> Chunk 8/10: 2022-01-01..2022-12-31
2025-11-07T00:57:17   -> Chunk 9/10: 2023-01-01..2023-12-31
2025-11-07T00:57:19   -> Chunk 10/10: 2024-01-01..2024-12-31
2025-11-07T00:57:20 [76/300] EJBY_MØLLE_RENSEANLÆG | PV:COMPLETE -> PV_EJBY_MØLLE_RENSEANLÆG_20150101-20241231_merra2_66fe5cfdc5.csv | WND:COMPLETE -> Wind_EJBY_MØLLE_RENSEANLÆG_20150101-20241231_merra2_a6d7f2589a.csv
2025-11-07T00:57:20 [77/300] FREDERICIA_CENTRALRENS PV fehlt/inkomplett -> lade … (PV_FREDERICIA_CENTRALRENS_20150101-20241231_merra2_66fe5cfdc5.csv)
2025-11-07T00:57:20   -> Chunk 1/10: 2015-01-01..2015-12-31
2025-11-07T00:57:23   -> Chunk 2/10: 2016-01-01..2016-12-31
2025-11-07T00:57:25   -> Chunk 3/10: 2017-01-01..2017-12-31
2025-11-07T00:57:27   -> Chunk 4/10: 2018-01-01..2018-12-31
2025-11-07T00:57:29   -> Chunk 5/10: 2019-01-01..2019-12-31
2025-11-07T00:57:31   -> Chunk 6/10: 2020-01-01..2020-12-31
2025-11-07T00:57:34   -> Chunk 7/10: 2021-01-01..2021-12-31
2025-11-07T00:57:36   -> Chunk 8/10: 2022-01-01..2022-12-31
2025-11-07T00:57:38   -> Chunk 9/10: 2023-01-01..2023-12-31
2025-11-07T00:57:41   -> Chunk 10/10: 2024-01-01..2024-12-31
2025-11-07T00:57:43 [77/300] FREDERICIA_CENTRALRENS Wind fehlt/inkomplett -> lade … (Wind_FREDERICIA_CENTRALRENS_20150101-20241231_merra2_a6d7f2589a.csv)
2025-11-07T00:57:43   -> Chunk 1/10: 2015-01-01..2015-12-31
2025-11-07T00:57:45   -> Chunk 2/10: 2016-01-01..2016-12-31
2025-11-07T00:57:46   -> Chunk 3/10: 2017-01-01..2017-12-31
2025-11-07T00:57:48   -> Chunk 4/10: 2018-01-01..2018-12-31
2025-11-07T00:57:49   -> Chunk 5/10: 2019-01-01..2019-12-31
2025-11-07T00:57:51   -> Chunk 6/10: 2020-01-01..2020-12-31
2025-11-07T00:57:52   -> Chunk 7/10: 2021-01-01..2021-12-31
2025-11-07T00:57:54   -> Chunk 8/10: 2022-01-01..2022-12-31
2025-11-07T00:57:55   -> Chunk 9/10: 2023-01-01..2023-12-31
2025-11-07T00:57:56   -> Chunk 10/10: 2024-01-01..2024-12-31
2025-11-07T00:57:58 [77/300] FREDERICIA_CENTRALRENS | PV:COMPLETE -> PV_FREDERICIA_CENTRALRENS_20150101-20241231_merra2_66fe5cfdc5.csv | WND:COMPLETE -> Wind_FREDERICIA_CENTRALRENS_20150101-20241231_merra2_a6d7f2589a.csv
2025-11-07T00:57:58 [78/300] Kohtla-Järve_regionaalne_reoveepuhasti PV fehlt/inkomplett -> lade … (PV_Kohtla-Järve_regionaalne_reoveepuhasti_20150101-20241231_merra2_66fe5cfdc5.csv)
2025-11-07T00:57:58   -> Chunk 1/10: 2015-01-01..2015-12-31
2025-11-07T00:58:00   -> Chunk 2/10: 2016-01-01..2016-12-31
2025-11-07T00:58:02   -> Chunk 3/10: 2017-01-01..2017-12-31
2025-11-07T00:58:05   -> Chunk 4/10: 2018-01-01..2018-12-31
2025-11-07T00:58:07   -> Chunk 5/10: 2019-01-01..2019-12-31
2025-11-07T00:58:09   -> Chunk 6/10: 2020-01-01..2020-12-31
2025-11-07T00:58:11   -> Chunk 7/10: 2021-01-01..2021-12-31
2025-11-07T00:58:14   -> Chunk 8/10: 2022-01-01..2022-12-31
2025-11-07T00:58:16   -> Chunk 9/10: 2023-01-01..2023-12-31
2025-11-07T00:58:18   -> Chunk 10/10: 2024-01-01..2024-12-31
2025-11-07T00:58:21 [78/300] Kohtla-Järve_regionaalne_reoveepuhasti Wind fehlt/inkomplett -> lade … (Wind_Kohtla-Järve_regionaalne_reoveepuhasti_20150101-20241231_merra2_a6d7f2589a.csv)
2025-11-07T00:58:21   -> Chunk 1/10: 2015-01-01..2015-12-31
2025-11-07T00:58:22   -> Chunk 2/10: 2016-01-01..2016-12-31
2025-11-07T00:58:23   -> Chunk 3/10: 2017-01-01..2017-12-31
2025-11-07T00:58:25   -> Chunk 4/10: 2018-01-01..2018-12-31
2025-11-07T00:58:27   -> Chunk 5/10: 2019-01-01..2019-12-31
2025-11-07T00:58:28   -> Chunk 6/10: 2020-01-01..2020-12-31
2025-11-07T00:58:30   -> Chunk 7/10: 2021-01-01..2021-12-31
2025-11-07T00:58:31   -> Chunk 8/10: 2022-01-01..2022-12-31
2025-11-07T00:58:32   -> Chunk 9/10: 2023-01-01..2023-12-31
2025-11-07T00:58:34   -> Chunk 10/10: 2024-01-01..2024-12-31
2025-11-07T00:58:35 [78/300] Kohtla-Järve_regionaalne_reoveepuhasti | PV:COMPLETE -> PV_Kohtla-Järve_regionaalne_reoveepuhasti_20150101-20241231_merra2_66fe5cfdc5.csv | WND:COMPLETE -> Wind_Kohtla-Järve_regionaalne_reoveepuhasti_20150101-20241231_merra2_a6d7f2589a.csv
2025-11-07T00:58:35 [79/300] Tallinna_reoveepuhastusjaam PV fehlt/inkomplett -> lade … (PV_Tallinna_reoveepuhastusjaam_20150101-20241231_merra2_66fe5cfdc5.csv)
2025-11-07T00:58:35   -> Chunk 1/10: 2015-01-01..2015-12-31
2025-11-07T00:58:37   -> Chunk 2/10: 2016-01-01..2016-12-31
2025-11-07T00:58:39   -> Chunk 3/10: 2017-01-01..2017-12-31
2025-11-07T00:58:42   -> Chunk 4/10: 2018-01-01..2018-12-31
2025-11-07T00:58:44   -> Chunk 5/10: 2019-01-01..2019-12-31
2025-11-07T00:58:46   -> Chunk 6/10: 2020-01-01..2020-12-31
2025-11-07T00:58:48   -> Chunk 7/10: 2021-01-01..2021-12-31
2025-11-07T00:58:51   -> Chunk 8/10: 2022-01-01..2022-12-31
2025-11-07T00:58:51 Hourly-Limit 50/h erreicht – warte 58m24s (nächster Slot: 01:57:15)
2025-11-07T00:59:51 ... noch 57m24s
2025-11-07T01:00:51 ... noch 56m24s
