2025-11-27T23:49:28 ======================================================
2025-11-27T23:49:28 Start • Sites: 283 • Zeitraum: 2015-01-01 bis 2024-12-31 (Auto-Chunking <=1Y)
2025-11-27T23:49:28 Limiter: 1.0 req/s & 50 req/h (sichtbar)
2025-11-27T23:49:28 Excel: C:\Users\aless\PycharmProjects\Masterthesis\Output\UWWTD_TP_Database.xlsx | Sheets: 'General Data' -> 'Energy'
2025-11-27T23:49:28 Ausgabe: C:\Users\aless\PycharmProjects\Masterthesis\Output\RenewableEnergyProfiles (stabile Dateinamen, keine Doppel-Downloads)
2025-11-27T23:49:28 ======================================================
2025-11-27T23:49:28 [1/283] ARA_AWV_Schwechat | PV:COMPLETE | WND:COMPLETE
2025-11-27T23:49:28   -> KPIs berechnet: FLH_PV=1285.9h, FLH_Wind=3572.7h
2025-11-27T23:49:28 [2/283] Asten_-_Regionalkläranlage | PV:COMPLETE | WND:COMPLETE
2025-11-27T23:49:29   -> KPIs berechnet: FLH_PV=1357.1h, FLH_Wind=2557.8h
2025-11-27T23:49:29 [3/283] ARA_Siggerwiesen | PV:COMPLETE | WND:COMPLETE
2025-11-27T23:49:29   -> KPIs berechnet: FLH_PV=1258.5h, FLH_Wind=1919.0h
2025-11-27T23:49:29 [4/283] Graz-Gössendorf | PV:COMPLETE | WND:COMPLETE
2025-11-27T23:49:30   -> KPIs berechnet: FLH_PV=1348.5h, FLH_Wind=1958.1h
2025-11-27T23:49:30 [5/283] Gratkorn | PV:COMPLETE | WND:COMPLETE
2025-11-27T23:49:30   -> KPIs berechnet: FLH_PV=1335.9h, FLH_Wind=2112.2h
2025-11-27T23:49:30 [6/283] Innsbruck | PV:COMPLETE | WND:COMPLETE
2025-11-27T23:49:30   -> KPIs berechnet: FLH_PV=1383.4h, FLH_Wind=850.4h
2025-11-27T23:49:30 [7/283] Meiningen | PV:COMPLETE | WND:COMPLETE
2025-11-27T23:49:31   -> KPIs berechnet: FLH_PV=1340.8h, FLH_Wind=1093.0h
2025-11-27T23:49:31 [8/283] Hauptkläranlage_Wien | PV:COMPLETE | WND:COMPLETE
2025-11-27T23:49:31   -> KPIs berechnet: FLH_PV=1285.7h, FLH_Wind=3550.5h
2025-11-27T23:49:31 [9/283] Bruxelles-nord | PV:COMPLETE | WND:COMPLETE
2025-11-27T23:49:31   -> KPIs berechnet: FLH_PV=1145.9h, FLH_Wind=3084.9h
2025-11-27T23:49:31 [10/283] LIEGE_OUPEYE | PV:COMPLETE | WND:COMPLETE
2025-11-27T23:49:32   -> KPIs berechnet: FLH_PV=1152.8h, FLH_Wind=3016.0h
2025-11-27T23:49:32 [11/283] UWWTP_Varna | PV:COMPLETE | WND:COMPLETE
2025-11-27T23:49:32   -> KPIs berechnet: FLH_PV=1505.8h, FLH_Wind=3603.8h
2025-11-27T23:49:32 [12/283] UWWTP_Plovdiv | PV:COMPLETE | WND:COMPLETE
2025-11-27T23:49:32   -> KPIs berechnet: FLH_PV=1479.3h, FLH_Wind=1845.2h
2025-11-27T23:49:32 [13/283] UWWTP_Sofia | PV:COMPLETE | WND:COMPLETE
2025-11-27T23:49:33   -> KPIs berechnet: FLH_PV=1479.8h, FLH_Wind=1876.4h
2025-11-27T23:49:33 [14/283] COV_Plzen | PV:COMPLETE | WND:COMPLETE
2025-11-27T23:49:33   -> KPIs berechnet: FLH_PV=1229.0h, FLH_Wind=2470.0h
2025-11-27T23:49:33 [15/283] COV_Steti_-Papirny_Mondi | PV:COMPLETE | WND:COMPLETE
2025-11-27T23:49:33   -> KPIs berechnet: FLH_PV=1323.2h, FLH_Wind=2452.9h
2025-11-27T23:49:33 [16/283] COV_Brno_-_Modrice | PV:COMPLETE | WND:COMPLETE
2025-11-27T23:49:34   -> KPIs berechnet: FLH_PV=1257.0h, FLH_Wind=2992.5h
2025-11-27T23:49:34 [17/283] UCOV_Ostrava_-_Privoz | PV:COMPLETE | WND:COMPLETE
2025-11-27T23:49:34   -> KPIs berechnet: FLH_PV=1217.1h, FLH_Wind=2710.6h
2025-11-27T23:49:34 [18/283] Stahnsdorf | PV:COMPLETE | WND:COMPLETE
2025-11-27T23:49:34   -> KPIs berechnet: FLH_PV=1124.0h, FLH_Wind=2547.9h
2025-11-27T23:49:34 [19/283] Ruhleben | PV:COMPLETE | WND:COMPLETE
2025-11-27T23:49:35   -> KPIs berechnet: FLH_PV=1120.4h, FLH_Wind=2567.6h
2025-11-27T23:49:35 [20/283] Schönerlinde | PV:COMPLETE | WND:COMPLETE
2025-11-27T23:49:35   -> KPIs berechnet: FLH_PV=1113.1h, FLH_Wind=2581.0h
2025-11-27T23:49:35 [21/283] Waßmannsdorf | PV:COMPLETE | WND:COMPLETE
2025-11-27T23:49:35   -> KPIs berechnet: FLH_PV=1122.2h, FLH_Wind=2553.2h
2025-11-27T23:49:35 [22/283] Hauptklärwerk_Mühlhausen | PV:COMPLETE | WND:COMPLETE
2025-11-27T23:49:36   -> KPIs berechnet: FLH_PV=1242.4h, FLH_Wind=2075.0h
2025-11-27T23:49:36 [23/283] Göppingen | PV:COMPLETE | WND:COMPLETE
2025-11-27T23:49:36   -> KPIs berechnet: FLH_PV=1252.5h, FLH_Wind=2096.8h
2025-11-27T23:49:36 [24/283] SKA_Heilbronn | PV:COMPLETE | WND:COMPLETE
2025-11-27T23:49:36   -> KPIs berechnet: FLH_PV=1217.6h, FLH_Wind=2124.9h
2025-11-27T23:49:36 [25/283] SKA_Karlsruhe_Neureut | PV:COMPLETE | WND:COMPLETE
2025-11-27T23:49:37   -> KPIs berechnet: FLH_PV=1217.5h, FLH_Wind=2044.0h
2025-11-27T23:49:37 [26/283] SKA_AZV_Heidelberg | PV:COMPLETE | WND:COMPLETE
2025-11-27T23:49:37   -> KPIs berechnet: FLH_PV=1202.5h, FLH_Wind=2052.7h
2025-11-27T23:49:37 [27/283] Kläranlage_Mannheim | PV:COMPLETE | WND:COMPLETE
2025-11-27T23:49:37   -> KPIs berechnet: FLH_PV=1204.2h, FLH_Wind=2052.8h
2025-11-27T23:49:37 [28/283] SKA_AZV_BREISGAUER_BUCHT_-_KA_FORCHHEIM | PV:COMPLETE | WND:COMPLETE
2025-11-27T23:49:38   -> KPIs berechnet: FLH_PV=1268.0h, FLH_Wind=1793.0h
2025-11-27T23:49:38 [29/283] Würzburg | PV:COMPLETE | WND:COMPLETE
2025-11-27T23:49:38   -> KPIs berechnet: FLH_PV=1206.7h, FLH_Wind=2111.9h
2025-11-27T23:49:38 [30/283] Augsburg | PV:COMPLETE | WND:COMPLETE
2025-11-27T23:49:38   -> KPIs berechnet: FLH_PV=1267.4h, FLH_Wind=2031.6h
2025-11-27T23:49:38 [31/283] Zweckverband_Klärwerk_Steinhäule | PV:COMPLETE | WND:COMPLETE
2025-11-27T23:49:39   -> KPIs berechnet: FLH_PV=1263.1h, FLH_Wind=2054.4h
2025-11-27T23:49:39 [32/283] München_II_-_Gut_Marienhof | PV:COMPLETE | WND:COMPLETE
2025-11-27T23:49:39   -> KPIs berechnet: FLH_PV=1247.5h, FLH_Wind=1852.3h
2025-11-27T23:49:39 [33/283] AZV_Erdinger_Moos | PV:COMPLETE | WND:COMPLETE
2025-11-27T23:49:39   -> KPIs berechnet: FLH_PV=1245.2h, FLH_Wind=1879.4h
2025-11-27T23:49:40 [34/283] Erlangen | PV:COMPLETE | WND:COMPLETE
2025-11-27T23:49:40   -> KPIs berechnet: FLH_PV=1201.8h, FLH_Wind=2139.0h
2025-11-27T23:49:40 [35/283] Rosenheim | PV:COMPLETE | WND:COMPLETE
2025-11-27T23:49:40   -> KPIs berechnet: FLH_PV=1269.6h, FLH_Wind=1459.5h
2025-11-27T23:49:40 [36/283] Kläranlage_Seehausen | PV:COMPLETE | WND:COMPLETE
2025-11-27T23:49:40   -> KPIs berechnet: FLH_PV=1080.8h, FLH_Wind=2920.5h
2025-11-27T23:49:41 [37/283] Frankfurt_am_Main_Sindlingen | PV:COMPLETE | WND:COMPLETE
2025-11-27T23:49:41   -> KPIs berechnet: FLH_PV=1198.2h, FLH_Wind=2067.3h
2025-11-27T23:49:41 [38/283] Wiesbaden_Mitte | PV:COMPLETE | WND:COMPLETE
2025-11-27T23:49:41   -> KPIs berechnet: FLH_PV=1190.7h, FLH_Wind=2110.3h
2025-11-27T23:49:41 [39/283] Klärwerksverbund_Köhlbrandhöft_Dradenau | PV:COMPLETE | WND:COMPLETE
2025-11-27T23:49:41   -> KPIs berechnet: FLH_PV=1081.8h, FLH_Wind=2936.5h
2025-11-27T23:49:42 [40/283] Rostock_-_Bramow | PV:COMPLETE | WND:COMPLETE
2025-11-27T23:49:42   -> KPIs berechnet: FLH_PV=1101.2h, FLH_Wind=3490.0h
2025-11-27T23:49:42 [41/283] 2530002102_KA_Herrenhausen | PV:COMPLETE | WND:COMPLETE
2025-11-27T23:49:42   -> KPIs berechnet: FLH_PV=1111.0h, FLH_Wind=2692.2h
2025-11-27T23:49:42 [42/283] 2530142095_KA_Gümmerwald | PV:COMPLETE | WND:COMPLETE
2025-11-27T23:49:42   -> KPIs berechnet: FLH_PV=1109.5h, FLH_Wind=2703.6h
2025-11-27T23:49:43 [43/283] 3520112001_KA_Cuxhaven | PV:COMPLETE | WND:COMPLETE
2025-11-27T23:49:43   -> KPIs berechnet: FLH_PV=1154.9h, FLH_Wind=4560.9h
2025-11-27T23:49:43 [44/283] Aachen-Soers | PV:COMPLETE | WND:COMPLETE
2025-11-27T23:49:43   -> KPIs berechnet: FLH_PV=1158.1h, FLH_Wind=2819.8h
2025-11-27T23:49:43 [45/283] Dortmund-Deusen | PV:COMPLETE | WND:COMPLETE
2025-11-27T23:49:43   -> KPIs berechnet: FLH_PV=1124.5h, FLH_Wind=2713.8h
2025-11-27T23:49:44 [46/283] Bottrop | PV:COMPLETE | WND:COMPLETE
2025-11-27T23:49:44   -> KPIs berechnet: FLH_PV=1124.7h, FLH_Wind=2685.2h
2025-11-27T23:49:44 [47/283] Köln_Stammheim | PV:COMPLETE | WND:COMPLETE
2025-11-27T23:49:44   -> KPIs berechnet: FLH_PV=1169.6h, FLH_Wind=2618.3h
2025-11-27T23:49:45 [48/283] Düsseldorf-Nord | PV:COMPLETE | WND:COMPLETE
2025-11-27T23:49:45   -> KPIs berechnet: FLH_PV=1145.5h, FLH_Wind=2664.6h
2025-11-27T23:49:45 [49/283] Krefeld | PV:COMPLETE | WND:COMPLETE
2025-11-27T23:49:45   -> KPIs berechnet: FLH_PV=1136.3h, FLH_Wind=2667.4h
2025-11-27T23:49:45 [50/283] Mönchengladbach_GWK_I | PV:COMPLETE | WND:COMPLETE
2025-11-27T23:49:46   -> KPIs berechnet: FLH_PV=1150.0h, FLH_Wind=2681.2h
2025-11-27T23:49:46 [51/283] Neuss-Ost | PV:COMPLETE | WND:COMPLETE
2025-11-27T23:49:46   -> KPIs berechnet: FLH_PV=1152.8h, FLH_Wind=2655.8h
2025-11-27T23:49:46 [52/283] Münster-Hauptkläranlage | PV:COMPLETE | WND:COMPLETE
2025-11-27T23:49:46   -> KPIs berechnet: FLH_PV=1115.0h, FLH_Wind=2724.3h
2025-11-27T23:49:46 [53/283] Abwasserverband_Obere_Lutter | PV:COMPLETE | WND:COMPLETE
2025-11-27T23:49:47   -> KPIs berechnet: FLH_PV=1115.5h, FLH_Wind=2672.7h
2025-11-27T23:49:47 [54/283] Düren | PV:COMPLETE | WND:COMPLETE
2025-11-27T23:49:47   -> KPIs berechnet: FLH_PV=1165.4h, FLH_Wind=2719.3h
2025-11-27T23:49:47 [55/283] Paderborn_Sande | PV:COMPLETE | WND:COMPLETE
2025-11-27T23:49:47   -> KPIs berechnet: FLH_PV=1129.1h, FLH_Wind=2650.2h
2025-11-27T23:49:47 [56/283] Düsseldorf-Süd | PV:COMPLETE | WND:COMPLETE
2025-11-27T23:49:48   -> KPIs berechnet: FLH_PV=1153.8h, FLH_Wind=2653.8h
2025-11-27T23:49:48 [57/283] Wuppertal-Buchenhofen | PV:COMPLETE | WND:COMPLETE
2025-11-27T23:49:48   -> KPIs berechnet: FLH_PV=1143.2h, FLH_Wind=2604.6h
2025-11-27T23:49:48 [58/283] Duisburg-Kaßlerfeld | PV:COMPLETE | WND:COMPLETE
2025-11-27T23:49:48   -> KPIs berechnet: FLH_PV=1130.6h, FLH_Wind=2666.4h
2025-11-27T23:49:48 [59/283] Emscherkläranlage | PV:COMPLETE | WND:COMPLETE
2025-11-27T23:49:49   -> KPIs berechnet: FLH_PV=1125.0h, FLH_Wind=2673.8h
2025-11-27T23:49:49 [60/283] Duisburg-Alte_Emscher | PV:COMPLETE | WND:COMPLETE
2025-11-27T23:49:49   -> KPIs berechnet: FLH_PV=1126.8h, FLH_Wind=2668.8h
2025-11-27T23:49:49 [61/283] Koblenz | PV:COMPLETE | WND:COMPLETE
2025-11-27T23:49:49   -> KPIs berechnet: FLH_PV=1181.7h, FLH_Wind=2283.7h
2025-11-27T23:49:49 [62/283] Mainz | PV:COMPLETE | WND:COMPLETE
2025-11-27T23:49:50   -> KPIs berechnet: FLH_PV=1191.5h, FLH_Wind=2109.4h
2025-11-27T23:49:50 [63/283] Hetlingen | PV:COMPLETE | WND:COMPLETE
2025-11-27T23:49:50   -> KPIs berechnet: FLH_PV=1077.7h, FLH_Wind=3002.0h
2025-11-27T23:49:50 [64/283] Neumünster | PV:COMPLETE | WND:COMPLETE
2025-11-27T23:49:50   -> KPIs berechnet: FLH_PV=1074.7h, FLH_Wind=3289.7h
2025-11-27T23:49:50 [65/283] Bitterfeld-Wolfen | PV:COMPLETE | WND:COMPLETE
2025-11-27T23:49:51   -> KPIs berechnet: FLH_PV=1163.9h, FLH_Wind=2422.2h
2025-11-27T23:49:51 [66/283] Halle-Nord | PV:COMPLETE | WND:COMPLETE
2025-11-27T23:49:51   -> KPIs berechnet: FLH_PV=1179.3h, FLH_Wind=2380.8h
2025-11-27T23:49:51 [67/283] Schkopau | PV:COMPLETE | WND:COMPLETE
2025-11-27T23:49:51   -> KPIs berechnet: FLH_PV=1182.2h, FLH_Wind=2391.8h
2025-11-27T23:49:51 [68/283] MD-Gerwisch | PV:COMPLETE | WND:COMPLETE
2025-11-27T23:49:52   -> KPIs berechnet: FLH_PV=1148.5h, FLH_Wind=2519.5h
2025-11-27T23:49:52 [69/283] Lynetten | PV:COMPLETE | WND:COMPLETE
2025-11-27T23:49:52   -> KPIs berechnet: FLH_PV=1151.9h, FLH_Wind=4885.1h
2025-11-27T23:49:52 [70/283] Damhusåen | PV:COMPLETE | WND:COMPLETE
2025-11-27T23:49:52   -> KPIs berechnet: FLH_PV=1153.4h, FLH_Wind=4891.2h
2025-11-27T23:49:52 [71/283] SPILDEVANDSCENTER_AVEDØRE | PV:COMPLETE | WND:COMPLETE
2025-11-27T23:49:53   -> KPIs berechnet: FLH_PV=1153.7h, FLH_Wind=4899.1h
2025-11-27T23:49:53 [72/283] EJBY_MØLLE_RENSEANLÆG | PV:COMPLETE | WND:COMPLETE
2025-11-27T23:49:53   -> KPIs berechnet: FLH_PV=1061.6h, FLH_Wind=3930.2h
2025-11-27T23:49:53 [73/283] FREDERICIA_CENTRALRENS | PV:COMPLETE | WND:COMPLETE
2025-11-27T23:49:53   -> KPIs berechnet: FLH_PV=1047.1h, FLH_Wind=3769.8h
2025-11-27T23:49:54 [74/283] Kohtla-Järve_regionaalne_reoveepuhasti | PV:COMPLETE | WND:COMPLETE
2025-11-27T23:49:54   -> KPIs berechnet: FLH_PV=1057.3h, FLH_Wind=4249.6h
2025-11-27T23:49:54 [75/283] Tallinna_reoveepuhastusjaam | PV:COMPLETE | WND:COMPLETE
2025-11-27T23:49:54   -> KPIs berechnet: FLH_PV=1100.4h, FLH_Wind=4911.0h
2025-11-27T23:49:54 [76/283] THESSALONIKI | PV:COMPLETE | WND:COMPLETE
2025-11-27T23:49:54   -> KPIs berechnet: FLH_PV=1581.8h, FLH_Wind=1868.1h
2025-11-27T23:49:55 [77/283] PSYTTALIA | PV:COMPLETE | WND:COMPLETE
2025-11-27T23:49:55   -> KPIs berechnet: FLH_PV=1577.0h, FLH_Wind=3393.4h
2025-11-27T23:49:55 [78/283] METAMORPHOSI | PV:COMPLETE | WND:COMPLETE
2025-11-27T23:49:55   -> KPIs berechnet: FLH_PV=1569.5h, FLH_Wind=3621.9h
2025-11-27T23:49:55 [79/283] MONTE_ORGEGIA | PV:COMPLETE | WND:COMPLETE
2025-11-27T23:49:55   -> KPIs berechnet: FLH_PV=1616.0h, FLH_Wind=2705.3h
2025-11-27T23:49:55 [80/283] RINCON_DE_LEON | PV:COMPLETE | WND:COMPLETE
2025-11-27T23:49:56   -> KPIs berechnet: FLH_PV=1616.8h, FLH_Wind=2707.1h
2025-11-27T23:49:56 [81/283] ELX_-_ALGOROS | PV:COMPLETE | WND:COMPLETE
2025-11-27T23:49:56   -> KPIs berechnet: FLH_PV=1731.2h, FLH_Wind=2873.8h
2025-11-27T23:49:56 [82/283] EL_BOBAR | PV:COMPLETE | WND:COMPLETE
2025-11-27T23:49:56   -> KPIs berechnet: FLH_PV=1667.5h, FLH_Wind=2671.5h
2025-11-27T23:49:57 [83/283] QUART_-_BENAGER | PV:COMPLETE | WND:COMPLETE
2025-11-27T23:49:57   -> KPIs berechnet: FLH_PV=1584.8h, FLH_Wind=2499.5h
2025-11-27T23:49:57 [84/283] PINEDO_1 | PV:COMPLETE | WND:COMPLETE
2025-11-27T23:49:57   -> KPIs berechnet: FLH_PV=1585.1h, FLH_Wind=2465.5h
2025-11-27T23:49:57 [85/283] GUADALETE | PV:COMPLETE | WND:COMPLETE
2025-11-27T23:49:57   -> KPIs berechnet: FLH_PV=1633.9h, FLH_Wind=3365.2h
2025-11-27T23:49:58 [86/283] LA_GOLONDRINA | PV:COMPLETE | WND:COMPLETE
2025-11-27T23:49:58   -> KPIs berechnet: FLH_PV=1607.5h, FLH_Wind=2427.6h
2025-11-27T23:49:58 [87/283] GRANADA_SUR | PV:COMPLETE | WND:COMPLETE
2025-11-27T23:49:58   -> KPIs berechnet: FLH_PV=1672.7h, FLH_Wind=1865.6h
2025-11-27T23:49:58 [88/283] HUELVA | PV:COMPLETE | WND:COMPLETE
2025-11-27T23:49:58   -> KPIs berechnet: FLH_PV=1745.0h, FLH_Wind=3486.1h
2025-11-27T23:49:59 [89/283] BENS_A_CORUÑA | PV:COMPLETE | WND:COMPLETE
2025-11-27T23:49:59   -> KPIs berechnet: FLH_PV=1452.9h, FLH_Wind=4538.2h
2025-11-27T23:49:59 [90/283] FUENGIROLA | PV:COMPLETE | WND:COMPLETE
2025-11-27T23:49:59   -> KPIs berechnet: FLH_PV=1769.6h, FLH_Wind=3071.3h
2025-11-27T23:50:00 [91/283] GUADALHORCE | PV:COMPLETE | WND:COMPLETE
2025-11-27T23:50:00   -> KPIs berechnet: FLH_PV=1766.5h, FLH_Wind=2800.7h
2025-11-27T23:50:00 [92/283] ARROYO_DE_LA_VIBORA | PV:COMPLETE | WND:COMPLETE
2025-11-27T23:50:00   -> KPIs berechnet: FLH_PV=1767.2h, FLH_Wind=3151.8h
2025-11-27T23:50:00 [93/283] SUR | PV:COMPLETE | WND:COMPLETE
2025-11-27T23:50:00   -> KPIs berechnet: FLH_PV=1593.1h, FLH_Wind=2930.7h
2025-11-27T23:50:01 [94/283] LA_CHINA | PV:COMPLETE | WND:COMPLETE
2025-11-27T23:50:01   -> KPIs berechnet: FLH_PV=1593.1h, FLH_Wind=2930.7h
2025-11-27T23:50:01 [95/283] BUTARQUE | PV:COMPLETE | WND:COMPLETE
2025-11-27T23:50:01   -> KPIs berechnet: FLH_PV=1592.8h, FLH_Wind=2911.7h
2025-11-27T23:50:01 [96/283] REJAS | PV:COMPLETE | WND:COMPLETE
2025-11-27T23:50:01   -> KPIs berechnet: FLH_PV=1590.0h, FLH_Wind=2897.4h
2025-11-27T23:50:02 [97/283] LA_GAVIA | PV:COMPLETE | WND:COMPLETE
2025-11-27T23:50:02   -> KPIs berechnet: FLH_PV=1592.5h, FLH_Wind=2906.7h
2025-11-27T23:50:02 [98/283] ARROYO_CULEBRO_CUENCA_MEDIA_ALTA | PV:COMPLETE | WND:COMPLETE
2025-11-27T23:50:02   -> KPIs berechnet: FLH_PV=1594.6h, FLH_Wind=2923.5h
2025-11-27T23:50:02 [99/283] ARROYO_CULEBRO_CUENCA_BAJA | PV:COMPLETE | WND:COMPLETE
2025-11-27T23:50:02   -> KPIs berechnet: FLH_PV=1593.3h, FLH_Wind=2938.6h
2025-11-27T23:50:03 [100/283] ARROYO_DEL_SOTO | PV:COMPLETE | WND:COMPLETE
2025-11-27T23:50:03   -> KPIs berechnet: FLH_PV=1592.7h, FLH_Wind=2841.8h
2025-11-27T23:50:03 [101/283] ARROYO_DE_LA_VEGA | PV:COMPLETE | WND:COMPLETE
2025-11-27T23:50:03   -> KPIs berechnet: FLH_PV=1588.6h, FLH_Wind=2870.8h
2025-11-27T23:50:03 [102/283] TORREJÓN_DE_ARDOZ | PV:COMPLETE | WND:COMPLETE
2025-11-27T23:50:03   -> KPIs berechnet: FLH_PV=1590.1h, FLH_Wind=2916.5h
2025-11-27T23:50:04 [103/283] PALOMARES | PV:COMPLETE | WND:COMPLETE
2025-11-27T23:50:04   -> KPIs berechnet: FLH_PV=1610.4h, FLH_Wind=2834.0h
2025-11-27T23:50:04 [104/283] COPERO | PV:COMPLETE | WND:COMPLETE
2025-11-27T23:50:04   -> KPIs berechnet: FLH_PV=1610.3h, FLH_Wind=2809.1h
2025-11-27T23:50:04 [105/283] LA_RANILLA | PV:COMPLETE | WND:COMPLETE
2025-11-27T23:50:04   -> KPIs berechnet: FLH_PV=1609.2h, FLH_Wind=2766.3h
2025-11-27T23:50:05 [106/283] SAN_JERONIMO | PV:COMPLETE | WND:COMPLETE
2025-11-27T23:50:05   -> KPIs berechnet: FLH_PV=1608.0h, FLH_Wind=2796.0h
2025-11-27T23:50:05 [107/283] CARTAGENA_CABEZO_BEAZA | PV:COMPLETE | WND:COMPLETE
2025-11-27T23:50:05   -> KPIs berechnet: FLH_PV=1732.7h, FLH_Wind=2946.1h
2025-11-27T23:50:05 [108/283] MAR_MENOR_SUR | PV:COMPLETE | WND:COMPLETE
2025-11-27T23:50:05   -> KPIs berechnet: FLH_PV=1734.6h, FLH_Wind=3038.3h
2025-11-27T23:50:06 [109/283] ARAZURI | PV:COMPLETE | WND:COMPLETE
2025-11-27T23:50:06   -> KPIs berechnet: FLH_PV=1420.1h, FLH_Wind=2987.9h
2025-11-27T23:50:06 [110/283] Crispijana | PV:COMPLETE | WND:COMPLETE
2025-11-27T23:50:06   -> KPIs berechnet: FLH_PV=1403.0h, FLH_Wind=2970.7h
2025-11-27T23:50:06 [111/283] Loiola | PV:COMPLETE | WND:COMPLETE
2025-11-27T23:50:06   -> KPIs berechnet: FLH_PV=1457.2h, FLH_Wind=3100.2h
2025-11-27T23:50:07 [112/283] LOGROÑO | PV:COMPLETE | WND:COMPLETE
2025-11-27T23:50:07   -> KPIs berechnet: FLH_PV=1501.5h, FLH_Wind=2900.6h
2025-11-27T23:50:07 [113/283] ZARAGOZA_LA_CARTUJA | PV:COMPLETE | WND:COMPLETE
2025-11-27T23:50:07   -> KPIs berechnet: FLH_PV=1562.3h, FLH_Wind=3702.3h
2025-11-27T23:50:07 [114/283] GIJON_OESTE | PV:COMPLETE | WND:COMPLETE
2025-11-27T23:50:07   -> KPIs berechnet: FLH_PV=1399.9h, FLH_Wind=3222.6h
2025-11-27T23:50:08 [115/283] VILLAPEREZ | PV:COMPLETE | WND:COMPLETE
2025-11-27T23:50:08   -> KPIs berechnet: FLH_PV=1406.1h, FLH_Wind=3041.4h
2025-11-27T23:50:08 [116/283] PALMA_II | PV:COMPLETE | WND:COMPLETE
2025-11-27T23:50:08   -> KPIs berechnet: FLH_PV=1676.1h, FLH_Wind=2943.5h
2025-11-27T23:50:08 [117/283] SAN_PANTALEON | PV:COMPLETE | WND:COMPLETE
2025-11-27T23:50:08   -> KPIs berechnet: FLH_PV=1464.1h, FLH_Wind=3283.5h
2025-11-27T23:50:09 [118/283] SAN_ROMÁN | PV:COMPLETE | WND:COMPLETE
2025-11-27T23:50:09   -> KPIs berechnet: FLH_PV=1465.3h, FLH_Wind=3200.1h
2025-11-27T23:50:09 [119/283] VUELTA_OSTRERA | PV:COMPLETE | WND:COMPLETE
2025-11-27T23:50:09   -> KPIs berechnet: FLH_PV=1481.7h, FLH_Wind=3161.4h
2025-11-27T23:50:09 [120/283] BURGOS | PV:COMPLETE | WND:COMPLETE
2025-11-27T23:50:10   -> KPIs berechnet: FLH_PV=1494.3h, FLH_Wind=3676.6h
2025-11-27T23:50:10 [121/283] LEON | PV:COMPLETE | WND:COMPLETE
2025-11-27T23:50:10   -> KPIs berechnet: FLH_PV=1510.8h, FLH_Wind=2932.5h
2025-11-27T23:50:10 [122/283] SALAMANCA | PV:COMPLETE | WND:COMPLETE
2025-11-27T23:50:10   -> KPIs berechnet: FLH_PV=1566.5h, FLH_Wind=3414.3h
2025-11-27T23:50:10 [123/283] VALLADOLID | PV:COMPLETE | WND:COMPLETE
2025-11-27T23:50:11   -> KPIs berechnet: FLH_PV=1535.3h, FLH_Wind=3328.6h
2025-11-27T23:50:11 [124/283] ALCAZAR_DE_SAN_JUAN-CAMPO_DE_CRIPTANA | PV:COMPLETE | WND:COMPLETE
2025-11-27T23:50:11   -> KPIs berechnet: FLH_PV=1622.0h, FLH_Wind=3236.7h
2025-11-27T23:50:11 [125/283] LLAGOSTA_LA | PV:COMPLETE | WND:COMPLETE
2025-11-27T23:50:11   -> KPIs berechnet: FLH_PV=1505.3h, FLH_Wind=2004.7h
2025-11-27T23:50:11 [126/283] MONTCADA | PV:COMPLETE | WND:COMPLETE
2025-11-27T23:50:12   -> KPIs berechnet: FLH_PV=1507.4h, FLH_Wind=2018.2h
2025-11-27T23:50:12 [127/283] PRAT_DE_LLOBREGAT_EL | PV:COMPLETE | WND:COMPLETE
2025-11-27T23:50:12   -> KPIs berechnet: FLH_PV=1521.1h, FLH_Wind=2112.9h
2025-11-27T23:50:12 [128/283] SANT_FELIU_DE_LLOBREGAT | PV:COMPLETE | WND:COMPLETE
2025-11-27T23:50:12   -> KPIs berechnet: FLH_PV=1518.8h, FLH_Wind=2078.2h
2025-11-27T23:50:12 [129/283] TERRASSA | PV:COMPLETE | WND:COMPLETE
2025-11-27T23:50:13   -> KPIs berechnet: FLH_PV=1511.0h, FLH_Wind=2009.7h
2025-11-27T23:50:13 [130/283] TP_36_of_Helsingin_kt | PV:COMPLETE | WND:COMPLETE
2025-11-27T23:50:13   -> KPIs berechnet: FLH_PV=1071.6h, FLH_Wind=4071.0h
2025-11-27T23:50:13 [131/283] TP_101_of_Helsingin_kt | PV:COMPLETE | WND:COMPLETE
2025-11-27T23:50:13   -> KPIs berechnet: FLH_PV=1061.3h, FLH_Wind=4012.0h
2025-11-27T23:50:13 [132/283] MAXEVILLE | PV:COMPLETE | WND:COMPLETE
2025-11-27T23:50:14   -> KPIs berechnet: FLH_PV=1210.4h, FLH_Wind=2607.7h
2025-11-27T23:50:14 [133/283] METZ | PV:COMPLETE | WND:COMPLETE
2025-11-27T23:50:14   -> KPIs berechnet: FLH_PV=1189.9h, FLH_Wind=2664.3h
2025-11-27T23:50:15 [134/283] STRASBOURG_-_LA_WANTZENAU | PV:COMPLETE | WND:COMPLETE
2025-11-27T23:50:15   -> KPIs berechnet: FLH_PV=1241.9h, FLH_Wind=1926.0h
2025-11-27T23:50:15 [135/283] SAUSHEIM | PV:COMPLETE | WND:COMPLETE
2025-11-27T23:50:15   -> KPIs berechnet: FLH_PV=1286.5h, FLH_Wind=1841.7h
2025-11-27T23:50:15 [136/283] REIMS | PV:COMPLETE | WND:COMPLETE
2025-11-27T23:50:15   -> KPIs berechnet: FLH_PV=1180.0h, FLH_Wind=2783.7h
2025-11-27T23:50:16 [137/283] LE_HAVRE | PV:COMPLETE | WND:COMPLETE
2025-11-27T23:50:16   -> KPIs berechnet: FLH_PV=1294.1h, FLH_Wind=4604.4h
2025-11-27T23:50:16 [138/283] ROUEN | PV:COMPLETE | WND:COMPLETE
2025-11-27T23:50:16   -> KPIs berechnet: FLH_PV=1195.3h, FLH_Wind=3385.7h
2025-11-27T23:50:16 [139/283] PARIS_SEINE_AVAL | PV:COMPLETE | WND:COMPLETE
2025-11-27T23:50:16   -> KPIs berechnet: FLH_PV=1196.5h, FLH_Wind=2966.6h
2025-11-27T23:50:17 [140/283] CARRE_DE_REUNION | PV:COMPLETE | WND:COMPLETE
2025-11-27T23:50:17   -> KPIs berechnet: FLH_PV=1200.5h, FLH_Wind=2960.9h
2025-11-27T23:50:17 [141/283] PARIS_SEINE_GRÉSILLONS | PV:COMPLETE | WND:COMPLETE
2025-11-27T23:50:17   -> KPIs berechnet: FLH_PV=1196.2h, FLH_Wind=2981.2h
2025-11-27T23:50:17 [142/283] PARIS_SEINE-CENTRE | PV:COMPLETE | WND:COMPLETE
2025-11-27T23:50:17   -> KPIs berechnet: FLH_PV=1198.3h, FLH_Wind=2952.5h
2025-11-27T23:50:18 [143/283] PARIS_MARNE_AVAL | PV:COMPLETE | WND:COMPLETE
2025-11-27T23:50:18   -> KPIs berechnet: FLH_PV=1202.8h, FLH_Wind=2895.5h
2025-11-27T23:50:18 [144/283] NEUVILLE_SUR_OISE | PV:COMPLETE | WND:COMPLETE
2025-11-27T23:50:18   -> KPIs berechnet: FLH_PV=1195.2h, FLH_Wind=2980.8h
2025-11-27T23:50:18 [145/283] RENNES | PV:COMPLETE | WND:COMPLETE
2025-11-27T23:50:18   -> KPIs berechnet: FLH_PV=1232.1h, FLH_Wind=3366.1h
2025-11-27T23:50:19 [146/283] TOURS_LA_RICHE_LA_GRANGE_DAVID | PV:COMPLETE | WND:COMPLETE
2025-11-27T23:50:19   -> KPIs berechnet: FLH_PV=1237.4h, FLH_Wind=2901.8h
2025-11-27T23:50:19 [147/283] NANTES_1-TOUGAS | PV:COMPLETE | WND:COMPLETE
2025-11-27T23:50:19   -> KPIs berechnet: FLH_PV=1281.7h, FLH_Wind=3319.4h
2025-11-27T23:50:19 [148/283] LMM_LE_MANS_-_LA_CHAUVINIÈRE | PV:COMPLETE | WND:COMPLETE
2025-11-27T23:50:19   -> KPIs berechnet: FLH_PV=1224.2h, FLH_Wind=3003.3h
2025-11-27T23:50:20 [149/283] TOULOUSE_GINESTOUS | PV:COMPLETE | WND:COMPLETE
2025-11-27T23:50:20   -> KPIs berechnet: FLH_PV=1357.2h, FLH_Wind=2238.6h
2025-11-27T23:50:20 [150/283] BEGLES_CLOS_DE_HILDE | PV:COMPLETE | WND:COMPLETE
2025-11-27T23:50:20   -> KPIs berechnet: FLH_PV=1325.2h, FLH_Wind=2481.9h
2025-11-27T23:50:20 [151/283] DIJON | PV:COMPLETE | WND:COMPLETE
2025-11-27T23:50:20   -> KPIs berechnet: FLH_PV=1270.6h, FLH_Wind=2528.4h
2025-11-27T23:50:21 [152/283] MAERA_EX_CEREIREDE | PV:COMPLETE | WND:COMPLETE
2025-11-27T23:50:21   -> KPIs berechnet: FLH_PV=1591.5h, FLH_Wind=3827.6h
2025-11-27T23:50:21 [153/283] GRENOBLE_AQUAPOLE | PV:COMPLETE | WND:COMPLETE
2025-11-27T23:50:21   -> KPIs berechnet: FLH_PV=1401.2h, FLH_Wind=1345.3h
2025-11-27T23:50:21 [154/283] LYON_-_PIERRE_BÉNITE | PV:COMPLETE | WND:COMPLETE
2025-11-27T23:50:21   -> KPIs berechnet: FLH_PV=1339.1h, FLH_Wind=2250.8h
2025-11-27T23:50:22 [155/283] LYON_-_SAINT_FONS | PV:COMPLETE | WND:COMPLETE
2025-11-27T23:50:22   -> KPIs berechnet: FLH_PV=1339.0h, FLH_Wind=2246.8h
2025-11-27T23:50:22 [156/283] FERNEY-VOLTAIRE_-_AIRE_2 | PV:COMPLETE | WND:COMPLETE
2025-11-27T23:50:22   -> KPIs berechnet: FLH_PV=1365.7h, FLH_Wind=1256.3h
2025-11-27T23:50:22 [157/283] Rijeka-Delta | PV:COMPLETE | WND:COMPLETE
2025-11-27T23:50:22   -> KPIs berechnet: FLH_PV=1458.8h, FLH_Wind=3045.0h
2025-11-27T23:50:23 [158/283] Zagreb | PV:COMPLETE | WND:COMPLETE
2025-11-27T23:50:23   -> KPIs berechnet: FLH_PV=1313.5h, FLH_Wind=2354.4h
2025-11-27T23:50:23 [159/283] Miskolc_-_Szennyviztisztito_Telep | PV:COMPLETE | WND:COMPLETE
2025-11-27T23:50:23   -> KPIs berechnet: FLH_PV=1282.9h, FLH_Wind=2702.9h
2025-11-27T23:50:23 [160/283] Pecs_-_Szennyviztisztito_Telep | PV:COMPLETE | WND:COMPLETE
2025-11-27T23:50:23   -> KPIs berechnet: FLH_PV=1334.2h, FLH_Wind=2922.8h
2025-11-27T23:50:24 [161/283] Budapest_Eszak_Pest_-_Szennyviztisztito_Telep | PV:COMPLETE | WND:COMPLETE
2025-11-27T23:50:24   -> KPIs berechnet: FLH_PV=1299.7h, FLH_Wind=3095.1h
2025-11-27T23:50:24 [162/283] Debrecen_-_Szennyviztisztito_Telep | PV:COMPLETE | WND:COMPLETE
2025-11-27T23:50:24   -> KPIs berechnet: FLH_PV=1274.1h, FLH_Wind=2871.2h
2025-11-27T23:50:24 [163/283] Gyor_-_Szennyviztisztito_Telep | PV:COMPLETE | WND:COMPLETE
2025-11-27T23:50:24   -> KPIs berechnet: FLH_PV=1294.2h, FLH_Wind=3510.6h
2025-11-27T23:50:25 [164/283] Cork_city | PV:COMPLETE | WND:COMPLETE
2025-11-27T23:50:25   -> KPIs berechnet: FLH_PV=1079.9h, FLH_Wind=4198.9h
2025-11-27T23:50:25 [165/283] Ringsend | PV:COMPLETE | WND:COMPLETE
2025-11-27T23:50:25   -> KPIs berechnet: FLH_PV=1122.5h, FLH_Wind=5074.7h
2025-11-27T23:50:25 [166/283] Cossato_Spolina | PV:COMPLETE | WND:COMPLETE
2025-11-27T23:50:25   -> KPIs berechnet: FLH_PV=1424.3h, FLH_Wind=652.9h
2025-11-27T23:50:26 [167/283] Castiglione | PV:COMPLETE | WND:COMPLETE
2025-11-27T23:50:26   -> KPIs berechnet: FLH_PV=1423.4h, FLH_Wind=775.0h
2025-11-27T23:50:26 [168/283] Dp01209001_Lonate_Pozzolo | PV:COMPLETE | WND:COMPLETE
2025-11-27T23:50:26   -> KPIs berechnet: FLH_PV=1364.1h, FLH_Wind=874.4h
2025-11-27T23:50:26 [169/283] Dp01514601_Milano_Nosedo | PV:COMPLETE | WND:COMPLETE
2025-11-27T23:50:26   -> KPIs berechnet: FLH_PV=1361.0h, FLH_Wind=1001.1h
2025-11-27T23:50:27 [170/283] Dp01514602_Milano_S_Rocco | PV:COMPLETE | WND:COMPLETE
2025-11-27T23:50:27   -> KPIs berechnet: FLH_PV=1363.3h, FLH_Wind=1009.9h
2025-11-27T23:50:27 [171/283] Dp01517001_Pero_Olona_Sud | PV:COMPLETE | WND:COMPLETE
2025-11-27T23:50:27   -> KPIs berechnet: FLH_PV=1357.2h, FLH_Wind=960.9h
2025-11-27T23:50:27 [172/283] Dp01517101_Peschiera_Borromeo | PV:COMPLETE | WND:COMPLETE
2025-11-27T23:50:28   -> KPIs berechnet: FLH_PV=1360.9h, FLH_Wind=1015.8h
2025-11-27T23:50:28 [173/283] Peschiera_Del_Garda_Paradiso | PV:COMPLETE | WND:COMPLETE
2025-11-27T23:50:28   -> KPIs berechnet: FLH_PV=1338.1h, FLH_Wind=1212.0h
2025-11-27T23:50:28 [174/283] Verona_Via_Avesani | PV:COMPLETE | WND:COMPLETE
2025-11-27T23:50:28   -> KPIs berechnet: FLH_PV=1330.8h, FLH_Wind=1180.3h
2025-11-27T23:50:28 [175/283] Arzignano_Via_Altura | PV:COMPLETE | WND:COMPLETE
2025-11-27T23:50:29   -> KPIs berechnet: FLH_PV=1325.4h, FLH_Wind=1143.9h
2025-11-27T23:50:29 [176/283] Montebello_Vicentino_Via_Fracanzana | PV:COMPLETE | WND:COMPLETE
2025-11-27T23:50:29   -> KPIs berechnet: FLH_PV=1323.9h, FLH_Wind=1199.5h
2025-11-27T23:50:29 [177/283] Venezia_Fusina_Via_Dei_Cantieri | PV:COMPLETE | WND:COMPLETE
2025-11-27T23:50:30   -> KPIs berechnet: FLH_PV=1325.7h, FLH_Wind=1583.6h
2025-11-27T23:50:30 [178/283] San_Giorgio_Di_Nogaro | PV:COMPLETE | WND:COMPLETE
2025-11-27T23:50:30   -> KPIs berechnet: FLH_PV=1323.2h, FLH_Wind=1503.0h
2025-11-27T23:50:30 [179/283] Bologna_Corticella | PV:COMPLETE | WND:COMPLETE
2025-11-27T23:50:30   -> KPIs berechnet: FLH_PV=1378.4h, FLH_Wind=2026.2h
2025-11-27T23:50:30 [180/283] Rimini_S_Giustina | PV:COMPLETE | WND:COMPLETE
2025-11-27T23:50:31   -> KPIs berechnet: FLH_PV=1386.7h, FLH_Wind=2312.3h
2025-11-27T23:50:31 [181/283] Idl_Baciacavallo | PV:COMPLETE | WND:COMPLETE
2025-11-27T23:50:31   -> KPIs berechnet: FLH_PV=1356.1h, FLH_Wind=2055.4h
2025-11-27T23:50:31 [182/283] Idl_San_Colombano | PV:COMPLETE | WND:COMPLETE
2025-11-27T23:50:31   -> KPIs berechnet: FLH_PV=1366.2h, FLH_Wind=2092.7h
2025-11-27T23:50:31 [183/283] Idi_Aquarno | PV:COMPLETE | WND:COMPLETE
2025-11-27T23:50:32   -> KPIs berechnet: FLH_PV=1388.7h, FLH_Wind=2150.6h
2025-11-27T23:50:32 [184/283] Idi_Cuoio_Depur | PV:COMPLETE | WND:COMPLETE
2025-11-27T23:50:32   -> KPIs berechnet: FLH_PV=1394.9h, FLH_Wind=2181.2h
2025-11-27T23:50:32 [185/283] Idi_Casa_Del_Lupo | PV:COMPLETE | WND:COMPLETE
2025-11-27T23:50:32   -> KPIs berechnet: FLH_PV=1380.8h, FLH_Wind=2032.9h
2025-11-27T23:50:32 [186/283] ROMA_EST | PV:COMPLETE | WND:COMPLETE
2025-11-27T23:50:33   -> KPIs berechnet: FLH_PV=1463.0h, FLH_Wind=1931.5h
2025-11-27T23:50:33 [187/283] ROMA_NORD | PV:COMPLETE | WND:COMPLETE
2025-11-27T23:50:33   -> KPIs berechnet: FLH_PV=1462.4h, FLH_Wind=2026.0h
2025-11-27T23:50:33 [188/283] ROMA_SUD | PV:COMPLETE | WND:COMPLETE
2025-11-27T23:50:33   -> KPIs berechnet: FLH_PV=1470.1h, FLH_Wind=2048.2h
2025-11-27T23:50:33 [189/283] Caivano_Depuratore_Di_Acerra | PV:COMPLETE | WND:COMPLETE
2025-11-27T23:50:34   -> KPIs berechnet: FLH_PV=1555.3h, FLH_Wind=1694.1h
2025-11-27T23:50:34 [190/283] Orta_Di_Atella_Ce_Impianto_Napoli_Nord | PV:COMPLETE | WND:COMPLETE
2025-11-27T23:50:34   -> KPIs berechnet: FLH_PV=1454.7h, FLH_Wind=1711.1h
2025-11-27T23:50:34 [191/283] Marigliano_Na_Depuratore_Di_Nola | PV:COMPLETE | WND:COMPLETE
2025-11-27T23:50:34   -> KPIs berechnet: FLH_PV=1555.0h, FLH_Wind=1773.7h
2025-11-27T23:50:34 [192/283] Marcianise_Ce_Depuratore_Di_Marcianise | PV:COMPLETE | WND:COMPLETE
2025-11-27T23:50:35   -> KPIs berechnet: FLH_PV=1455.3h, FLH_Wind=1717.4h
2025-11-27T23:50:35 [193/283] Pozzuoli_Na_Impianto_Napoli_Ovest_Cuma | PV:COMPLETE | WND:COMPLETE
2025-11-27T23:50:35   -> KPIs berechnet: FLH_PV=1468.7h, FLH_Wind=1848.9h
2025-11-27T23:50:35 [194/283] Salerno_Impianto_Salerno | PV:COMPLETE | WND:COMPLETE
2025-11-27T23:50:35   -> KPIs berechnet: FLH_PV=1567.1h, FLH_Wind=2286.1h
2025-11-27T23:50:35 [195/283] Bari_Est | PV:COMPLETE | WND:COMPLETE
2025-11-27T23:50:36   -> KPIs berechnet: FLH_PV=1490.6h, FLH_Wind=3093.6h
2025-11-27T23:50:36 [196/283] Impianto_Consortile_Di_Catania | PV:COMPLETE | WND:COMPLETE
2025-11-27T23:50:36   -> KPIs berechnet: FLH_PV=1659.2h, FLH_Wind=2457.3h
2025-11-27T23:50:36 [197/283] Impianto_C_Da_Magnisi_Casale_Vecchie_Saline_Depuratore_Ias_Priolo | PV:COMPLETE | WND:COMPLETE
2025-11-27T23:50:36   -> KPIs berechnet: FLH_PV=1671.0h, FLH_Wind=2796.5h
2025-11-27T23:50:36 [198/283] Casic_Loc_Sa_Marra | PV:COMPLETE | WND:COMPLETE
2025-11-27T23:50:37   -> KPIs berechnet: FLH_PV=1638.3h, FLH_Wind=3654.8h
2025-11-27T23:50:37 [199/283] Vilniaus_nuoteku_valykla | PV:COMPLETE | WND:COMPLETE
2025-11-27T23:50:37   -> KPIs berechnet: FLH_PV=1038.2h, FLH_Wind=2391.9h
2025-11-27T23:50:37 [200/283] Kauno_nuoteku_valykla | PV:COMPLETE | WND:COMPLETE
2025-11-27T23:50:37   -> KPIs berechnet: FLH_PV=1033.4h, FLH_Wind=2331.0h
2025-11-27T23:50:38 [201/283] Klaipedos_nuoteku_valykla | PV:COMPLETE | WND:COMPLETE
2025-11-27T23:50:38   -> KPIs berechnet: FLH_PV=1085.5h, FLH_Wind=3494.5h
2025-11-27T23:50:38 [202/283] BAI_Daugavgrīva | PV:COMPLETE | WND:COMPLETE
2025-11-27T23:50:38   -> KPIs berechnet: FLH_PV=1030.2h, FLH_Wind=3169.1h
2025-11-27T23:50:38 [203/283] Ta_Barkat_Urban_Wastewater_Treatment_Plant | PV:COMPLETE | WND:COMPLETE
2025-11-27T23:50:38   -> KPIs berechnet: FLH_PV=1609.5h, FLH_Wind=3605.5h
2025-11-27T23:50:39 [204/283] UWWTP_AMSTERDAM-WEST | PV:COMPLETE | WND:COMPLETE
2025-11-27T23:50:39   -> KPIs berechnet: FLH_PV=1132.5h, FLH_Wind=3807.3h
2025-11-27T23:50:39 [205/283] UWWTP_HARNASCHPOLDER | PV:COMPLETE | WND:COMPLETE
2025-11-27T23:50:39   -> KPIs berechnet: FLH_PV=1227.9h, FLH_Wind=4725.3h
2025-11-27T23:50:40 [206/283] UWWTP_KRALINGSEVEER | PV:COMPLETE | WND:COMPLETE
2025-11-27T23:50:40   -> KPIs berechnet: FLH_PV=1140.5h, FLH_Wind=3393.7h
2025-11-27T23:50:40 [207/283] UWWTP_NIEUWVEER | PV:COMPLETE | WND:COMPLETE
2025-11-27T23:50:40   -> KPIs berechnet: FLH_PV=1136.5h, FLH_Wind=3115.6h
2025-11-27T23:50:40 [208/283] UWWTP_BATH | PV:COMPLETE | WND:COMPLETE
2025-11-27T23:50:41   -> KPIs berechnet: FLH_PV=1145.5h, FLH_Wind=3372.7h
2025-11-27T23:50:41 [209/283] UWWTP_EINDHOVEN | PV:COMPLETE | WND:COMPLETE
2025-11-27T23:50:41   -> KPIs berechnet: FLH_PV=1134.1h, FLH_Wind=2865.5h
2025-11-27T23:50:41 [210/283] UWWTP_AARLE-RIXTEL | PV:COMPLETE | WND:COMPLETE
2025-11-27T23:50:41   -> KPIs berechnet: FLH_PV=1133.2h, FLH_Wind=2852.1h
2025-11-27T23:50:42 [211/283] UWWTP_AMSTERDAN-WESTPOORT | PV:COMPLETE | WND:COMPLETE
2025-11-27T23:50:42   -> KPIs berechnet: FLH_PV=1132.0h, FLH_Wind=3808.1h
2025-11-27T23:50:42 [212/283] UWWTP_TILBURG-NOORD | PV:COMPLETE | WND:COMPLETE
2025-11-27T23:50:42   -> KPIs berechnet: FLH_PV=1132.1h, FLH_Wind=2937.7h
2025-11-27T23:50:42 [213/283] Wrocławska_Oczyszczalnia_Ścieków | PV:COMPLETE | WND:COMPLETE
2025-11-27T23:50:43   -> KPIs berechnet: FLH_PV=1171.0h, FLH_Wind=2581.2h
2025-11-27T23:50:43 [214/283] Toruń_Centralna_Oczyszczalnia_Ścieków | PV:COMPLETE | WND:COMPLETE
2025-11-27T23:50:43   -> KPIs berechnet: FLH_PV=1101.0h, FLH_Wind=2642.7h
2025-11-27T23:50:43 [215/283] Lublin-Hajdów | PV:COMPLETE | WND:COMPLETE
2025-11-27T23:50:44   -> KPIs berechnet: FLH_PV=1153.4h, FLH_Wind=2468.5h
2025-11-27T23:50:44 [216/283] Goś_Łam | PV:COMPLETE | WND:COMPLETE
2025-11-27T23:50:44   -> KPIs berechnet: FLH_PV=1143.6h, FLH_Wind=2541.1h
2025-11-27T23:50:44 [217/283] Kutno | PV:COMPLETE | WND:COMPLETE
2025-11-27T23:50:45   -> KPIs berechnet: FLH_PV=1130.7h, FLH_Wind=2544.6h
2025-11-27T23:50:45 [218/283] Kraków-Płaszów | PV:COMPLETE | WND:COMPLETE
2025-11-27T23:50:45   -> KPIs berechnet: FLH_PV=1210.9h, FLH_Wind=2366.3h
2025-11-27T23:50:45 [219/283] Kraków-Kujawy | PV:COMPLETE | WND:COMPLETE
2025-11-27T23:50:45   -> KPIs berechnet: FLH_PV=1208.4h, FLH_Wind=2358.0h
2025-11-27T23:50:46 [220/283] Tarnów | PV:COMPLETE | WND:COMPLETE
2025-11-27T23:50:46   -> KPIs berechnet: FLH_PV=1200.7h, FLH_Wind=2307.5h
2025-11-27T23:50:46 [221/283] Zakład_Oczyszczalni_Ścieków_Czajka | PV:COMPLETE | WND:COMPLETE
2025-11-27T23:50:46   -> KPIs berechnet: FLH_PV=1124.5h, FLH_Wind=2493.3h
2025-11-27T23:50:46 [222/283] Zakład_Oczyszczalni_Ścieków_Południe | PV:COMPLETE | WND:COMPLETE
2025-11-27T23:50:47   -> KPIs berechnet: FLH_PV=1127.4h, FLH_Wind=2484.2h
2025-11-27T23:50:47 [223/283] Radom | PV:COMPLETE | WND:COMPLETE
2025-11-27T23:50:47   -> KPIs berechnet: FLH_PV=1161.3h, FLH_Wind=2475.4h
2025-11-27T23:50:47 [224/283] Rzeszów | PV:COMPLETE | WND:COMPLETE
2025-11-27T23:50:47   -> KPIs berechnet: FLH_PV=1190.2h, FLH_Wind=2460.2h
2025-11-27T23:50:48 [225/283] Oczyszczalnia_Ścieków_w_Białymstoku | PV:COMPLETE | WND:COMPLETE
2025-11-27T23:50:48   -> KPIs berechnet: FLH_PV=1091.9h, FLH_Wind=2311.5h
2025-11-27T23:50:48 [226/283] Gdańsk-Wschód | PV:COMPLETE | WND:COMPLETE
2025-11-27T23:50:48   -> KPIs berechnet: FLH_PV=1171.2h, FLH_Wind=4448.0h
2025-11-27T23:50:48 [227/283] Goś_Dębogórze | PV:COMPLETE | WND:COMPLETE
2025-11-27T23:50:49   -> KPIs berechnet: FLH_PV=1169.1h, FLH_Wind=4590.9h
2025-11-27T23:50:49 [228/283] International_Paper-Kwidzyn_Sp_z_o_o | PV:COMPLETE | WND:COMPLETE
2025-11-27T23:50:49   -> KPIs berechnet: FLH_PV=1083.2h, FLH_Wind=2796.5h
2025-11-27T23:50:49 [229/283] Radocha_Ii | PV:COMPLETE | WND:COMPLETE
2025-11-27T23:50:50   -> KPIs berechnet: FLH_PV=1190.6h, FLH_Wind=2399.7h
2025-11-27T23:50:50 [230/283] Centralna_Oczyszczalnia_Ścieków_w_Gliwicach | PV:COMPLETE | WND:COMPLETE
2025-11-27T23:50:50   -> KPIs berechnet: FLH_PV=1187.7h, FLH_Wind=2450.1h
2025-11-27T23:50:50 [231/283] Centralna_Oczyszczalnia_Ścieków_w_Koziegłowach | PV:COMPLETE | WND:COMPLETE
2025-11-27T23:50:51   -> KPIs berechnet: FLH_PV=1116.1h, FLH_Wind=2621.5h
2025-11-27T23:50:51 [232/283] Dopiewo | PV:COMPLETE | WND:COMPLETE
2025-11-27T23:50:51   -> KPIs berechnet: FLH_PV=1119.7h, FLH_Wind=2607.3h
2025-11-27T23:50:51 [233/283] Pomorzany | PV:COMPLETE | WND:COMPLETE
2025-11-27T23:50:52   -> KPIs berechnet: FLH_PV=1168.1h, FLH_Wind=2915.2h
2025-11-27T23:50:52 [234/283] Agra_I_e_II | PV:COMPLETE | WND:COMPLETE
2025-11-27T23:50:52   -> KPIs berechnet: FLH_PV=1454.9h, FLH_Wind=3405.7h
2025-11-27T23:50:52 [235/283] Rib_de_Moinhos | PV:COMPLETE | WND:COMPLETE
2025-11-27T23:50:52   -> KPIs berechnet: FLH_PV=1615.1h, FLH_Wind=4168.8h
2025-11-27T23:50:53 [236/283] Matosinhos | PV:COMPLETE | WND:COMPLETE
2025-11-27T23:50:53   -> KPIs berechnet: FLH_PV=1563.4h, FLH_Wind=3406.7h
2025-11-27T23:50:53 [237/283] Frielas | PV:COMPLETE | WND:COMPLETE
2025-11-27T23:50:53   -> KPIs berechnet: FLH_PV=1580.2h, FLH_Wind=4481.4h
2025-11-27T23:50:54 [238/283] Serzedelo_II | PV:COMPLETE | WND:COMPLETE
2025-11-27T23:50:54   -> KPIs berechnet: FLH_PV=1450.2h, FLH_Wind=3327.6h
2025-11-27T23:50:54 [239/283] ROWP_DANCU_IASI | PV:COMPLETE | WND:COMPLETE
2025-11-27T23:50:54   -> KPIs berechnet: FLH_PV=1313.0h, FLH_Wind=3528.0h
2025-11-27T23:50:55 [240/283] ROWP_RAJA_Constanta_Sud | PV:COMPLETE | WND:COMPLETE
2025-11-27T23:50:55   -> KPIs berechnet: FLH_PV=1498.2h, FLH_Wind=3918.6h
2025-11-27T23:50:55 [241/283] ROWP_GALATI | PV:COMPLETE | WND:COMPLETE
2025-11-27T23:50:55   -> KPIs berechnet: FLH_PV=1360.0h, FLH_Wind=3554.7h
2025-11-27T23:50:55 [242/283] ROWP_SC_APA_CANAL_2000_S_A_PITESTI | PV:COMPLETE | WND:COMPLETE
2025-11-27T23:50:56   -> KPIs berechnet: FLH_PV=1384.3h, FLH_Wind=2521.7h
2025-11-27T23:50:56 [243/283] ROWP_RA_Aquatim_Timisoara | PV:COMPLETE | WND:COMPLETE
2025-11-27T23:50:56   -> KPIs berechnet: FLH_PV=1309.2h, FLH_Wind=2955.7h
2025-11-27T23:50:56 [244/283] ROWP_SC_COMPANIA_APA_SA_Brasov | PV:COMPLETE | WND:COMPLETE
2025-11-27T23:50:56   -> KPIs berechnet: FLH_PV=1372.1h, FLH_Wind=2334.2h
2025-11-27T23:50:56 [245/283] ROWP_SC_APA_NOVA_SA_BUCURESTI | PV:COMPLETE | WND:COMPLETE
2025-11-27T23:50:57   -> KPIs berechnet: FLH_PV=1368.4h, FLH_Wind=2813.6h
2025-11-27T23:50:57 [246/283] Sjolunda_Avloppsreningsverk | PV:COMPLETE | WND:COMPLETE
2025-11-27T23:50:57   -> KPIs berechnet: FLH_PV=1080.0h, FLH_Wind=4502.9h
2025-11-27T23:50:57 [247/283] Ellinge_Avloppsreningsverk | PV:COMPLETE | WND:COMPLETE
2025-11-27T23:50:57   -> KPIs berechnet: FLH_PV=1070.3h, FLH_Wind=4379.2h
2025-11-27T23:50:57 [248/283] Gryaab_AB_Ryaverket | PV:COMPLETE | WND:COMPLETE
2025-11-27T23:50:58   -> KPIs berechnet: FLH_PV=1040.4h, FLH_Wind=3698.2h
2025-11-27T23:50:58 [249/283] UWWTP_LJUBLJANA_ZALOG | PV:COMPLETE | WND:COMPLETE
2025-11-27T23:50:58   -> KPIs berechnet: FLH_PV=1421.4h, FLH_Wind=2219.6h
2025-11-27T23:50:58 [250/283] COV_Vrakuna | PV:COMPLETE | WND:COMPLETE
2025-11-27T23:50:58   -> KPIs berechnet: FLH_PV=1277.8h, FLH_Wind=3805.0h
2025-11-27T23:50:58 [251/283] Belfast | PV:COMPLETE | WND:COMPLETE
2025-11-27T23:50:59   -> KPIs berechnet: FLH_PV=982.9h, FLH_Wind=4202.2h
2025-11-27T23:50:59 [252/283] Newtownards_Ballyrickard | PV:COMPLETE | WND:COMPLETE
2025-11-27T23:50:59   -> KPIs berechnet: FLH_PV=996.1h, FLH_Wind=4234.4h
2025-11-27T23:50:59 [253/283] EDINBURGH_SEAFIELD_WWTW | PV:COMPLETE | WND:COMPLETE
2025-11-27T23:51:00   -> KPIs berechnet: FLH_PV=987.6h, FLH_Wind=4722.5h
2025-11-27T23:51:00 [254/283] NIGG_WWTW-_ABERDEEN_PFI | PV:COMPLETE | WND:COMPLETE
2025-11-27T23:51:00   -> KPIs berechnet: FLH_PV=1063.9h, FLH_Wind=5127.7h
2025-11-27T23:51:00 [255/283] NORTH_WARRINGTON_STW | PV:COMPLETE | WND:COMPLETE
2025-11-27T23:51:00   -> KPIs berechnet: FLH_PV=1050.8h, FLH_Wind=3594.2h
2025-11-27T23:51:01 [256/283] BLACKBURN_STW | PV:COMPLETE | WND:COMPLETE
2025-11-27T23:51:01   -> KPIs berechnet: FLH_PV=1035.2h, FLH_Wind=3710.2h
2025-11-27T23:51:01 [257/283] BURTON_ON_TRENT_STW | PV:COMPLETE | WND:COMPLETE
2025-11-27T23:51:01   -> KPIs berechnet: FLH_PV=1073.8h, FLH_Wind=3479.8h
2025-11-27T23:51:01 [258/283] LONDON_Becton_STW | PV:COMPLETE | WND:COMPLETE
2025-11-27T23:51:01   -> KPIs berechnet: FLH_PV=1155.4h, FLH_Wind=3717.4h
2025-11-27T23:51:02 [259/283] LONDON_Beddington_STW | PV:COMPLETE | WND:COMPLETE
2025-11-27T23:51:02   -> KPIs berechnet: FLH_PV=1157.5h, FLH_Wind=3727.7h
2025-11-27T23:51:02 [260/283] LONDON_Deepham_STW | PV:COMPLETE | WND:COMPLETE
2025-11-27T23:51:02   -> KPIs berechnet: FLH_PV=1146.6h, FLH_Wind=3692.0h
2025-11-27T23:51:02 [261/283] LONDON_Crossness_STW | PV:COMPLETE | WND:COMPLETE
2025-11-27T23:51:02   -> KPIs berechnet: FLH_PV=1156.9h, FLH_Wind=3724.8h
2025-11-27T23:51:03 [262/283] WIGAN_HOSCAR_STW | PV:COMPLETE | WND:COMPLETE
2025-11-27T23:51:03   -> KPIs berechnet: FLH_PV=1049.3h, FLH_Wind=3681.8h
2025-11-27T23:51:03 [263/283] BRISTOL_STW | PV:COMPLETE | WND:COMPLETE
2025-11-27T23:51:03   -> KPIs berechnet: FLH_PV=1133.3h, FLH_Wind=3594.5h
2025-11-27T23:51:03 [264/283] Manchester_and_Salford_Davyhulme_STW | PV:COMPLETE | WND:COMPLETE
2025-11-27T23:51:03   -> KPIs berechnet: FLH_PV=1040.8h, FLH_Wind=3625.9h
2025-11-27T23:51:04 [265/283] STOKE_ON_TRENT_STRONGFORD_STW | PV:COMPLETE | WND:COMPLETE
2025-11-27T23:51:04   -> KPIs berechnet: FLH_PV=1064.0h, FLH_Wind=3415.5h
2025-11-27T23:51:04 [266/283] BIRMINGHAM_BLACK_COUNTRY_NO_1_MINWORTH_STW | PV:COMPLETE | WND:COMPLETE
2025-11-27T23:51:04   -> KPIs berechnet: FLH_PV=1092.9h, FLH_Wind=3431.5h
2025-11-27T23:51:04 [267/283] BRADFORD_ESHOLT_STW | PV:COMPLETE | WND:COMPLETE
2025-11-27T23:51:05   -> KPIs berechnet: FLH_PV=1028.4h, FLH_Wind=3654.9h
2025-11-27T23:51:05 [268/283] NEWCASTLE_Howdon_STW | PV:COMPLETE | WND:COMPLETE
2025-11-27T23:51:05   -> KPIs berechnet: FLH_PV=1115.9h, FLH_Wind=4973.1h
2025-11-27T23:51:05 [269/283] LEEDS_KNOSTROP_STW | PV:COMPLETE | WND:COMPLETE
2025-11-27T23:51:05   -> KPIs berechnet: FLH_PV=1053.3h, FLH_Wind=3674.0h
2025-11-27T23:51:05 [270/283] MIDDLESBOROUGH_STW | PV:COMPLETE | WND:COMPLETE
2025-11-27T23:51:06   -> KPIs berechnet: FLH_PV=1038.8h, FLH_Wind=4036.9h
2025-11-27T23:51:06 [271/283] LEICESTER_STW | PV:COMPLETE | WND:COMPLETE
2025-11-27T23:51:06   -> KPIs berechnet: FLH_PV=1085.8h, FLH_Wind=3496.6h
2025-11-27T23:51:06 [272/283] NOTTINGHAM_STW | PV:COMPLETE | WND:COMPLETE
2025-11-27T23:51:06   -> KPIs berechnet: FLH_PV=1078.6h, FLH_Wind=3533.1h
2025-11-27T23:51:06 [273/283] NORTHAMPTON_STW | PV:COMPLETE | WND:COMPLETE
2025-11-27T23:51:07   -> KPIs berechnet: FLH_PV=1107.5h, FLH_Wind=3519.5h
2025-11-27T23:51:07 [274/283] MILTON_KEYNES_STW | PV:COMPLETE | WND:COMPLETE
2025-11-27T23:51:07   -> KPIs berechnet: FLH_PV=1118.4h, FLH_Wind=3531.2h
2025-11-27T23:51:07 [275/283] HULL_STW | PV:COMPLETE | WND:COMPLETE
2025-11-27T23:51:07   -> KPIs berechnet: FLH_PV=1057.0h, FLH_Wind=4051.2h
2025-11-27T23:51:07 [276/283] Rye_Meads_STW | PV:COMPLETE | WND:COMPLETE
2025-11-27T23:51:08   -> KPIs berechnet: FLH_PV=1139.9h, FLH_Wind=3632.1h
2025-11-27T23:51:08 [277/283] TILBURY_STW_TILBURY_ESSEX | PV:COMPLETE | WND:COMPLETE
2025-11-27T23:51:08   -> KPIs berechnet: FLH_PV=1245.6h, FLH_Wind=4646.7h
2025-11-27T23:51:08 [278/283] NORWICH_STW | PV:COMPLETE | WND:COMPLETE
2025-11-27T23:51:08   -> KPIs berechnet: FLH_PV=1123.3h, FLH_Wind=4232.2h
2025-11-27T23:51:08 [279/283] Fleetwood_and_Blackpool_Fleetwood_Marsh_STW | PV:COMPLETE | WND:COMPLETE
2025-11-27T23:51:09   -> KPIs berechnet: FLH_PV=1121.5h, FLH_Wind=4754.4h
2025-11-27T23:51:09 [280/283] BOLTON_STW | PV:COMPLETE | WND:COMPLETE
2025-11-27T23:51:09   -> KPIs berechnet: FLH_PV=1037.2h, FLH_Wind=3645.3h
2025-11-27T23:51:09 [281/283] COVENTRY_STW | PV:COMPLETE | WND:COMPLETE
2025-11-27T23:51:09   -> KPIs berechnet: FLH_PV=1096.5h, FLH_Wind=3451.4h
2025-11-27T23:51:10 [282/283] LONDON_Riverside_STW | PV:COMPLETE | WND:COMPLETE
2025-11-27T23:51:10   -> KPIs berechnet: FLH_PV=1157.0h, FLH_Wind=3728.1h
2025-11-27T23:51:10 [283/283] LONDON_Long_Reach_STW | PV:COMPLETE | WND:COMPLETE
2025-11-27T23:51:10   -> KPIs berechnet: FLH_PV=1160.8h, FLH_Wind=3747.9h
2025-11-27T23:51:10 ======================================================
2025-11-27T23:51:10 Schreibe 283 KPI-Zeilen in Excel 'Energy' …
2025-11-27T23:51:10 KPI-Update in Excel geschrieben: C:\Users\aless\PycharmProjects\Masterthesis\Output\UWWTD_TP_Database.xlsx -> Sheet 'Energy'
2025-11-27T23:51:10 ✓ Renewable energy KPIs calculated for 283 plants → Sheet 'Energy'
