2025-11-29T00:25:18 ======================================================
2025-11-29T00:25:18 Start • Sites: 288 • Zeitraum: 2015-01-01 bis 2024-12-31 (Auto-Chunking <=1Y)
2025-11-29T00:25:18 Limiter: 1.0 req/s & 50 req/h (sichtbar)
2025-11-29T00:25:18 Excel: C:\Users\aless\PycharmProjects\Masterthesis\Output\UWWTD_TP_Database.xlsx | Sheets: 'General Data' -> 'Energy'
2025-11-29T00:25:18 Ausgabe: C:\Users\aless\PycharmProjects\Masterthesis\Output\RenewableEnergyProfiles (stabile Dateinamen, keine Doppel-Downloads)
2025-11-29T00:25:18 ======================================================
2025-11-29T00:25:18 [1/288] ARA_AWV_Schwechat | PV:COMPLETE | WND:COMPLETE
2025-11-29T00:25:18   -> KPIs berechnet: FLH_PV=1285.9h, FLH_Wind=3572.7h
2025-11-29T00:25:18 [2/288] Asten_-_Regionalkläranlage | PV:COMPLETE | WND:COMPLETE
2025-11-29T00:25:19   -> KPIs berechnet: FLH_PV=1357.1h, FLH_Wind=2557.8h
2025-11-29T00:25:19 [3/288] ARA_Siggerwiesen | PV:COMPLETE | WND:COMPLETE
2025-11-29T00:25:19   -> KPIs berechnet: FLH_PV=1258.5h, FLH_Wind=1919.0h
2025-11-29T00:25:19 [4/288] Graz-Gössendorf | PV:COMPLETE | WND:COMPLETE
2025-11-29T00:25:19   -> KPIs berechnet: FLH_PV=1348.5h, FLH_Wind=1958.1h
2025-11-29T00:25:19 [5/288] Gratkorn | PV:COMPLETE | WND:COMPLETE
2025-11-29T00:25:20   -> KPIs berechnet: FLH_PV=1335.9h, FLH_Wind=2112.2h
2025-11-29T00:25:20 [6/288] Innsbruck | PV:COMPLETE | WND:COMPLETE
2025-11-29T00:25:20   -> KPIs berechnet: FLH_PV=1383.4h, FLH_Wind=850.4h
2025-11-29T00:25:20 [7/288] Meiningen | PV:COMPLETE | WND:COMPLETE
2025-11-29T00:25:20   -> KPIs berechnet: FLH_PV=1340.8h, FLH_Wind=1093.0h
2025-11-29T00:25:20 [8/288] Hauptkläranlage_Wien | PV:COMPLETE | WND:COMPLETE
2025-11-29T00:25:21   -> KPIs berechnet: FLH_PV=1285.7h, FLH_Wind=3550.5h
2025-11-29T00:25:21 [9/288] Bruxelles-nord | PV:COMPLETE | WND:COMPLETE
2025-11-29T00:25:21   -> KPIs berechnet: FLH_PV=1145.9h, FLH_Wind=3084.9h
2025-11-29T00:25:21 [10/288] LIEGE_OUPEYE | PV:COMPLETE | WND:COMPLETE
2025-11-29T00:25:21   -> KPIs berechnet: FLH_PV=1152.8h, FLH_Wind=3016.0h
2025-11-29T00:25:21 [11/288] UWWTP_Varna | PV:COMPLETE | WND:COMPLETE
2025-11-29T00:25:21   -> KPIs berechnet: FLH_PV=1505.8h, FLH_Wind=3603.8h
2025-11-29T00:25:22 [12/288] UWWTP_Plovdiv | PV:COMPLETE | WND:COMPLETE
2025-11-29T00:25:22   -> KPIs berechnet: FLH_PV=1479.3h, FLH_Wind=1845.2h
2025-11-29T00:25:22 [13/288] UWWTP_Sofia | PV:COMPLETE | WND:COMPLETE
2025-11-29T00:25:22   -> KPIs berechnet: FLH_PV=1479.8h, FLH_Wind=1876.4h
2025-11-29T00:25:22 [14/288] COV_Plzen | PV:COMPLETE | WND:COMPLETE
2025-11-29T00:25:22   -> KPIs berechnet: FLH_PV=1229.0h, FLH_Wind=2470.0h
2025-11-29T00:25:23 [15/288] COV_Steti_-Papirny_Mondi | PV:COMPLETE | WND:COMPLETE
2025-11-29T00:25:23   -> KPIs berechnet: FLH_PV=1323.2h, FLH_Wind=2452.9h
2025-11-29T00:25:23 [16/288] COV_Brno_-_Modrice | PV:COMPLETE | WND:COMPLETE
2025-11-29T00:25:23   -> KPIs berechnet: FLH_PV=1257.0h, FLH_Wind=2992.5h
2025-11-29T00:25:23 [17/288] UCOV_Ostrava_-_Privoz | PV:COMPLETE | WND:COMPLETE
2025-11-29T00:25:23   -> KPIs berechnet: FLH_PV=1217.1h, FLH_Wind=2710.6h
2025-11-29T00:25:24 [18/288] Stahnsdorf | PV:COMPLETE | WND:COMPLETE
2025-11-29T00:25:24   -> KPIs berechnet: FLH_PV=1124.0h, FLH_Wind=2547.9h
2025-11-29T00:25:24 [19/288] Ruhleben | PV:COMPLETE | WND:COMPLETE
2025-11-29T00:25:24   -> KPIs berechnet: FLH_PV=1120.4h, FLH_Wind=2567.6h
2025-11-29T00:25:24 [20/288] Schönerlinde | PV:COMPLETE | WND:COMPLETE
2025-11-29T00:25:24   -> KPIs berechnet: FLH_PV=1113.1h, FLH_Wind=2581.0h
2025-11-29T00:25:25 [21/288] Waßmannsdorf | PV:COMPLETE | WND:COMPLETE
2025-11-29T00:25:25   -> KPIs berechnet: FLH_PV=1122.2h, FLH_Wind=2553.2h
2025-11-29T00:25:25 [22/288] Hauptklärwerk_Mühlhausen | PV:COMPLETE | WND:COMPLETE
2025-11-29T00:25:25   -> KPIs berechnet: FLH_PV=1242.4h, FLH_Wind=2075.0h
2025-11-29T00:25:25 [23/288] Göppingen | PV:COMPLETE | WND:COMPLETE
2025-11-29T00:25:25   -> KPIs berechnet: FLH_PV=1252.5h, FLH_Wind=2096.8h
2025-11-29T00:25:26 [24/288] SKA_Heilbronn | PV:COMPLETE | WND:COMPLETE
2025-11-29T00:25:26   -> KPIs berechnet: FLH_PV=1217.6h, FLH_Wind=2124.9h
2025-11-29T00:25:26 [25/288] SKA_Karlsruhe_Neureut | PV:COMPLETE | WND:COMPLETE
2025-11-29T00:25:26   -> KPIs berechnet: FLH_PV=1217.5h, FLH_Wind=2044.0h
2025-11-29T00:25:26 [26/288] SKA_AZV_Heidelberg | PV:COMPLETE | WND:COMPLETE
2025-11-29T00:25:26   -> KPIs berechnet: FLH_PV=1202.5h, FLH_Wind=2052.7h
2025-11-29T00:25:26 [27/288] Kläranlage_Mannheim | PV:COMPLETE | WND:COMPLETE
2025-11-29T00:25:27   -> KPIs berechnet: FLH_PV=1204.2h, FLH_Wind=2052.8h
2025-11-29T00:25:27 [28/288] SKA_AZV_BREISGAUER_BUCHT_-_KA_FORCHHEIM | PV:COMPLETE | WND:COMPLETE
2025-11-29T00:25:27   -> KPIs berechnet: FLH_PV=1268.0h, FLH_Wind=1793.0h
2025-11-29T00:25:27 [29/288] Würzburg | PV:COMPLETE | WND:COMPLETE
2025-11-29T00:25:27   -> KPIs berechnet: FLH_PV=1206.7h, FLH_Wind=2111.9h
2025-11-29T00:25:27 [30/288] Augsburg | PV:COMPLETE | WND:COMPLETE
2025-11-29T00:25:28   -> KPIs berechnet: FLH_PV=1267.4h, FLH_Wind=2031.6h
2025-11-29T00:25:28 [31/288] Zweckverband_Klärwerk_Steinhäule | PV:COMPLETE | WND:COMPLETE
2025-11-29T00:25:28   -> KPIs berechnet: FLH_PV=1263.1h, FLH_Wind=2054.4h
2025-11-29T00:25:28 [32/288] München_II_-_Gut_Marienhof | PV:COMPLETE | WND:COMPLETE
2025-11-29T00:25:28   -> KPIs berechnet: FLH_PV=1247.5h, FLH_Wind=1852.3h
2025-11-29T00:25:28 [33/288] AZV_Erdinger_Moos | PV:COMPLETE | WND:COMPLETE
2025-11-29T00:25:29   -> KPIs berechnet: FLH_PV=1245.2h, FLH_Wind=1879.4h
2025-11-29T00:25:29 [34/288] Erlangen | PV:COMPLETE | WND:COMPLETE
2025-11-29T00:25:29   -> KPIs berechnet: FLH_PV=1201.8h, FLH_Wind=2139.0h
2025-11-29T00:25:29 [35/288] Rosenheim | PV:COMPLETE | WND:COMPLETE
2025-11-29T00:25:29   -> KPIs berechnet: FLH_PV=1269.6h, FLH_Wind=1459.5h
2025-11-29T00:25:29 [36/288] Kläranlage_Seehausen | PV:COMPLETE | WND:COMPLETE
2025-11-29T00:25:30   -> KPIs berechnet: FLH_PV=1080.8h, FLH_Wind=2920.5h
2025-11-29T00:25:30 [37/288] Frankfurt_am_Main_Sindlingen | PV:COMPLETE | WND:COMPLETE
2025-11-29T00:25:30   -> KPIs berechnet: FLH_PV=1198.2h, FLH_Wind=2067.3h
2025-11-29T00:25:30 [38/288] Wiesbaden_Mitte | PV:COMPLETE | WND:COMPLETE
2025-11-29T00:25:30   -> KPIs berechnet: FLH_PV=1190.7h, FLH_Wind=2110.3h
2025-11-29T00:25:30 [39/288] Klärwerksverbund_Köhlbrandhöft_Dradenau | PV:COMPLETE | WND:COMPLETE
2025-11-29T00:25:31   -> KPIs berechnet: FLH_PV=1081.8h, FLH_Wind=2936.5h
2025-11-29T00:25:31 [40/288] Rostock_-_Bramow | PV:COMPLETE | WND:COMPLETE
2025-11-29T00:25:31   -> KPIs berechnet: FLH_PV=1101.2h, FLH_Wind=3490.0h
2025-11-29T00:25:31 [41/288] 2530002102_KA_Herrenhausen | PV:COMPLETE | WND:COMPLETE
2025-11-29T00:25:31   -> KPIs berechnet: FLH_PV=1111.0h, FLH_Wind=2692.2h
2025-11-29T00:25:31 [42/288] 2530142095_KA_Gümmerwald | PV:COMPLETE | WND:COMPLETE
2025-11-29T00:25:31   -> KPIs berechnet: FLH_PV=1109.5h, FLH_Wind=2703.6h
2025-11-29T00:25:32 [43/288] 3520112001_KA_Cuxhaven | PV:COMPLETE | WND:COMPLETE
2025-11-29T00:25:32   -> KPIs berechnet: FLH_PV=1154.9h, FLH_Wind=4560.9h
2025-11-29T00:25:32 [44/288] Aachen-Soers | PV:COMPLETE | WND:COMPLETE
2025-11-29T00:25:32   -> KPIs berechnet: FLH_PV=1158.1h, FLH_Wind=2819.8h
2025-11-29T00:25:32 [45/288] Dortmund-Deusen | PV:COMPLETE | WND:COMPLETE
2025-11-29T00:25:32   -> KPIs berechnet: FLH_PV=1124.5h, FLH_Wind=2713.8h
2025-11-29T00:25:33 [46/288] Bottrop | PV:COMPLETE | WND:COMPLETE
2025-11-29T00:25:33   -> KPIs berechnet: FLH_PV=1124.7h, FLH_Wind=2685.2h
2025-11-29T00:25:33 [47/288] Köln_Stammheim | PV:COMPLETE | WND:COMPLETE
2025-11-29T00:25:33   -> KPIs berechnet: FLH_PV=1169.6h, FLH_Wind=2618.3h
2025-11-29T00:25:33 [48/288] Düsseldorf-Nord | PV:COMPLETE | WND:COMPLETE
2025-11-29T00:25:33   -> KPIs berechnet: FLH_PV=1145.5h, FLH_Wind=2664.6h
2025-11-29T00:25:34 [49/288] Krefeld | PV:COMPLETE | WND:COMPLETE
2025-11-29T00:25:34   -> KPIs berechnet: FLH_PV=1136.3h, FLH_Wind=2667.4h
2025-11-29T00:25:34 [50/288] Mönchengladbach_GWK_I | PV:COMPLETE | WND:COMPLETE
2025-11-29T00:25:34   -> KPIs berechnet: FLH_PV=1150.0h, FLH_Wind=2681.2h
2025-11-29T00:25:34 [51/288] Neuss-Ost | PV:COMPLETE | WND:COMPLETE
2025-11-29T00:25:34   -> KPIs berechnet: FLH_PV=1152.8h, FLH_Wind=2655.8h
2025-11-29T00:25:34 [52/288] Münster-Hauptkläranlage | PV:COMPLETE | WND:COMPLETE
2025-11-29T00:25:35   -> KPIs berechnet: FLH_PV=1115.0h, FLH_Wind=2724.3h
2025-11-29T00:25:35 [53/288] Abwasserverband_Obere_Lutter | PV:COMPLETE | WND:COMPLETE
2025-11-29T00:25:35   -> KPIs berechnet: FLH_PV=1115.5h, FLH_Wind=2672.7h
2025-11-29T00:25:35 [54/288] Düren | PV:COMPLETE | WND:COMPLETE
2025-11-29T00:25:35   -> KPIs berechnet: FLH_PV=1165.4h, FLH_Wind=2719.3h
2025-11-29T00:25:35 [55/288] Paderborn_Sande | PV:COMPLETE | WND:COMPLETE
2025-11-29T00:25:36   -> KPIs berechnet: FLH_PV=1129.1h, FLH_Wind=2650.2h
2025-11-29T00:25:36 [56/288] Düsseldorf-Süd | PV:COMPLETE | WND:COMPLETE
2025-11-29T00:25:36   -> KPIs berechnet: FLH_PV=1153.8h, FLH_Wind=2653.8h
2025-11-29T00:25:36 [57/288] Wuppertal-Buchenhofen | PV:COMPLETE | WND:COMPLETE
2025-11-29T00:25:36   -> KPIs berechnet: FLH_PV=1143.2h, FLH_Wind=2604.6h
2025-11-29T00:25:36 [58/288] Duisburg-Kaßlerfeld | PV:COMPLETE | WND:COMPLETE
2025-11-29T00:25:36   -> KPIs berechnet: FLH_PV=1130.6h, FLH_Wind=2666.4h
2025-11-29T00:25:37 [59/288] Emscherkläranlage | PV:COMPLETE | WND:COMPLETE
2025-11-29T00:25:37   -> KPIs berechnet: FLH_PV=1125.0h, FLH_Wind=2673.8h
2025-11-29T00:25:37 [60/288] Duisburg-Alte_Emscher | PV:COMPLETE | WND:COMPLETE
2025-11-29T00:25:37   -> KPIs berechnet: FLH_PV=1126.8h, FLH_Wind=2668.8h
2025-11-29T00:25:37 [61/288] Koblenz | PV:COMPLETE | WND:COMPLETE
2025-11-29T00:25:37   -> KPIs berechnet: FLH_PV=1181.7h, FLH_Wind=2283.7h
2025-11-29T00:25:37 [62/288] Mainz | PV:COMPLETE | WND:COMPLETE
2025-11-29T00:25:38   -> KPIs berechnet: FLH_PV=1191.5h, FLH_Wind=2109.4h
2025-11-29T00:25:38 [63/288] Hetlingen | PV:COMPLETE | WND:COMPLETE
2025-11-29T00:25:38   -> KPIs berechnet: FLH_PV=1077.7h, FLH_Wind=3002.0h
2025-11-29T00:25:38 [64/288] Neumünster | PV:COMPLETE | WND:COMPLETE
2025-11-29T00:25:38   -> KPIs berechnet: FLH_PV=1074.7h, FLH_Wind=3289.7h
2025-11-29T00:25:38 [65/288] Chemnitz_Heinersdorf_ZKA | PV:COMPLETE | WND:COMPLETE
2025-11-29T00:25:39   -> KPIs berechnet: FLH_PV=1188.0h, FLH_Wind=2489.4h
2025-11-29T00:25:39 [66/288] Bitterfeld-Wolfen | PV:COMPLETE | WND:COMPLETE
2025-11-29T00:25:39   -> KPIs berechnet: FLH_PV=1163.9h, FLH_Wind=2422.2h
2025-11-29T00:25:39 [67/288] Halle-Nord | PV:COMPLETE | WND:COMPLETE
2025-11-29T00:25:39   -> KPIs berechnet: FLH_PV=1179.3h, FLH_Wind=2380.8h
2025-11-29T00:25:39 [68/288] Schkopau | PV:COMPLETE | WND:COMPLETE
2025-11-29T00:25:39   -> KPIs berechnet: FLH_PV=1182.2h, FLH_Wind=2391.8h
2025-11-29T00:25:40 [69/288] MD-Gerwisch | PV:COMPLETE | WND:COMPLETE
2025-11-29T00:25:40   -> KPIs berechnet: FLH_PV=1148.5h, FLH_Wind=2519.5h
2025-11-29T00:25:40 [70/288] Erfurt | PV:COMPLETE | WND:COMPLETE
2025-11-29T00:25:40   -> KPIs berechnet: FLH_PV=1184.8h, FLH_Wind=2311.7h
2025-11-29T00:25:40 [71/288] Lynetten | PV:COMPLETE | WND:COMPLETE
2025-11-29T00:25:40   -> KPIs berechnet: FLH_PV=1151.9h, FLH_Wind=4885.1h
2025-11-29T00:25:41 [72/288] Damhusåen | PV:COMPLETE | WND:COMPLETE
2025-11-29T00:25:41   -> KPIs berechnet: FLH_PV=1153.4h, FLH_Wind=4891.2h
2025-11-29T00:25:41 [73/288] SPILDEVANDSCENTER_AVEDØRE | PV:COMPLETE | WND:COMPLETE
2025-11-29T00:25:41   -> KPIs berechnet: FLH_PV=1153.7h, FLH_Wind=4899.1h
2025-11-29T00:25:41 [74/288] EJBY_MØLLE_RENSEANLÆG | PV:COMPLETE | WND:COMPLETE
2025-11-29T00:25:41   -> KPIs berechnet: FLH_PV=1061.6h, FLH_Wind=3930.2h
2025-11-29T00:25:41 [75/288] FREDERICIA_CENTRALRENS | PV:COMPLETE | WND:COMPLETE
2025-11-29T00:25:42   -> KPIs berechnet: FLH_PV=1047.1h, FLH_Wind=3769.8h
2025-11-29T00:25:42 [76/288] Kohtla-Järve_regionaalne_reoveepuhasti | PV:COMPLETE | WND:COMPLETE
2025-11-29T00:25:42   -> KPIs berechnet: FLH_PV=1057.3h, FLH_Wind=4249.6h
2025-11-29T00:25:42 [77/288] Tallinna_reoveepuhastusjaam | PV:COMPLETE | WND:COMPLETE
2025-11-29T00:25:42   -> KPIs berechnet: FLH_PV=1100.4h, FLH_Wind=4911.0h
2025-11-29T00:25:42 [78/288] THESSALONIKI | PV:COMPLETE | WND:COMPLETE
2025-11-29T00:25:43   -> KPIs berechnet: FLH_PV=1581.8h, FLH_Wind=1868.1h
2025-11-29T00:25:43 [79/288] PSYTTALIA | PV:COMPLETE | WND:COMPLETE
2025-11-29T00:25:43   -> KPIs berechnet: FLH_PV=1577.0h, FLH_Wind=3393.4h
2025-11-29T00:25:43 [80/288] METAMORPHOSI | PV:COMPLETE | WND:COMPLETE
2025-11-29T00:25:43   -> KPIs berechnet: FLH_PV=1569.5h, FLH_Wind=3621.9h
2025-11-29T00:25:43 [81/288] MONTE_ORGEGIA | PV:COMPLETE | WND:COMPLETE
2025-11-29T00:25:43   -> KPIs berechnet: FLH_PV=1616.0h, FLH_Wind=2705.3h
2025-11-29T00:25:44 [82/288] RINCON_DE_LEON | PV:COMPLETE | WND:COMPLETE
2025-11-29T00:25:44   -> KPIs berechnet: FLH_PV=1616.8h, FLH_Wind=2707.1h
2025-11-29T00:25:44 [83/288] ELX_-_ALGOROS | PV:COMPLETE | WND:COMPLETE
2025-11-29T00:25:44   -> KPIs berechnet: FLH_PV=1731.2h, FLH_Wind=2873.8h
2025-11-29T00:25:44 [84/288] EL_BOBAR | PV:COMPLETE | WND:COMPLETE
2025-11-29T00:25:44   -> KPIs berechnet: FLH_PV=1667.5h, FLH_Wind=2671.5h
2025-11-29T00:25:45 [85/288] QUART_-_BENAGER | PV:COMPLETE | WND:COMPLETE
2025-11-29T00:25:45   -> KPIs berechnet: FLH_PV=1584.8h, FLH_Wind=2499.5h
2025-11-29T00:25:45 [86/288] PINEDO_1 | PV:COMPLETE | WND:COMPLETE
2025-11-29T00:25:45   -> KPIs berechnet: FLH_PV=1585.1h, FLH_Wind=2465.5h
2025-11-29T00:25:45 [87/288] GUADALETE | PV:COMPLETE | WND:COMPLETE
2025-11-29T00:25:45   -> KPIs berechnet: FLH_PV=1633.9h, FLH_Wind=3365.2h
2025-11-29T00:25:45 [88/288] LA_GOLONDRINA | PV:COMPLETE | WND:COMPLETE
2025-11-29T00:25:46   -> KPIs berechnet: FLH_PV=1607.5h, FLH_Wind=2427.6h
2025-11-29T00:25:46 [89/288] GRANADA_SUR | PV:COMPLETE | WND:COMPLETE
2025-11-29T00:25:46   -> KPIs berechnet: FLH_PV=1672.7h, FLH_Wind=1865.6h
2025-11-29T00:25:46 [90/288] HUELVA | PV:COMPLETE | WND:COMPLETE
2025-11-29T00:25:46   -> KPIs berechnet: FLH_PV=1745.0h, FLH_Wind=3486.1h
2025-11-29T00:25:46 [91/288] BENS_A_CORUÑA | PV:COMPLETE | WND:COMPLETE
2025-11-29T00:25:47   -> KPIs berechnet: FLH_PV=1452.9h, FLH_Wind=4538.2h
2025-11-29T00:25:47 [92/288] FUENGIROLA | PV:COMPLETE | WND:COMPLETE
2025-11-29T00:25:47   -> KPIs berechnet: FLH_PV=1769.6h, FLH_Wind=3071.3h
2025-11-29T00:25:47 [93/288] GUADALHORCE | PV:COMPLETE | WND:COMPLETE
2025-11-29T00:25:47   -> KPIs berechnet: FLH_PV=1766.5h, FLH_Wind=2800.7h
2025-11-29T00:25:47 [94/288] ARROYO_DE_LA_VIBORA | PV:COMPLETE | WND:COMPLETE
2025-11-29T00:25:47   -> KPIs berechnet: FLH_PV=1767.2h, FLH_Wind=3151.8h
2025-11-29T00:25:48 [95/288] SUR | PV:COMPLETE | WND:COMPLETE
2025-11-29T00:25:48   -> KPIs berechnet: FLH_PV=1593.1h, FLH_Wind=2930.7h
2025-11-29T00:25:48 [96/288] LA_CHINA | PV:COMPLETE | WND:COMPLETE
2025-11-29T00:25:48   -> KPIs berechnet: FLH_PV=1593.1h, FLH_Wind=2930.7h
2025-11-29T00:25:48 [97/288] BUTARQUE | PV:COMPLETE | WND:COMPLETE
2025-11-29T00:25:48   -> KPIs berechnet: FLH_PV=1592.8h, FLH_Wind=2911.7h
2025-11-29T00:25:49 [98/288] REJAS | PV:COMPLETE | WND:COMPLETE
2025-11-29T00:25:49   -> KPIs berechnet: FLH_PV=1590.0h, FLH_Wind=2897.4h
2025-11-29T00:25:49 [99/288] LA_GAVIA | PV:COMPLETE | WND:COMPLETE
2025-11-29T00:25:49   -> KPIs berechnet: FLH_PV=1592.5h, FLH_Wind=2906.7h
2025-11-29T00:25:49 [100/288] ARROYO_CULEBRO_CUENCA_MEDIA_ALTA | PV:COMPLETE | WND:COMPLETE
2025-11-29T00:25:49   -> KPIs berechnet: FLH_PV=1594.6h, FLH_Wind=2923.5h
2025-11-29T00:25:50 [101/288] ARROYO_CULEBRO_CUENCA_BAJA | PV:COMPLETE | WND:COMPLETE
2025-11-29T00:25:50   -> KPIs berechnet: FLH_PV=1593.3h, FLH_Wind=2938.6h
2025-11-29T00:25:50 [102/288] ARROYO_DEL_SOTO | PV:COMPLETE | WND:COMPLETE
2025-11-29T00:25:50   -> KPIs berechnet: FLH_PV=1592.7h, FLH_Wind=2841.8h
2025-11-29T00:25:50 [103/288] ARROYO_DE_LA_VEGA | PV:COMPLETE | WND:COMPLETE
2025-11-29T00:25:50   -> KPIs berechnet: FLH_PV=1588.6h, FLH_Wind=2870.8h
2025-11-29T00:25:50 [104/288] TORREJÓN_DE_ARDOZ | PV:COMPLETE | WND:COMPLETE
2025-11-29T00:25:51   -> KPIs berechnet: FLH_PV=1590.1h, FLH_Wind=2916.5h
2025-11-29T00:25:51 [105/288] PALOMARES | PV:COMPLETE | WND:COMPLETE
2025-11-29T00:25:51   -> KPIs berechnet: FLH_PV=1610.4h, FLH_Wind=2834.0h
2025-11-29T00:25:51 [106/288] COPERO | PV:COMPLETE | WND:COMPLETE
2025-11-29T00:25:51   -> KPIs berechnet: FLH_PV=1610.3h, FLH_Wind=2809.1h
2025-11-29T00:25:51 [107/288] LA_RANILLA | PV:COMPLETE | WND:COMPLETE
2025-11-29T00:25:52   -> KPIs berechnet: FLH_PV=1609.2h, FLH_Wind=2766.3h
2025-11-29T00:25:52 [108/288] SAN_JERONIMO | PV:COMPLETE | WND:COMPLETE
2025-11-29T00:25:52   -> KPIs berechnet: FLH_PV=1608.0h, FLH_Wind=2796.0h
2025-11-29T00:25:52 [109/288] CARTAGENA_CABEZO_BEAZA | PV:COMPLETE | WND:COMPLETE
2025-11-29T00:25:52   -> KPIs berechnet: FLH_PV=1732.7h, FLH_Wind=2946.1h
2025-11-29T00:25:52 [110/288] MAR_MENOR_SUR | PV:COMPLETE | WND:COMPLETE
2025-11-29T00:25:52   -> KPIs berechnet: FLH_PV=1734.6h, FLH_Wind=3038.3h
2025-11-29T00:25:53 [111/288] ARAZURI | PV:COMPLETE | WND:COMPLETE
2025-11-29T00:25:53   -> KPIs berechnet: FLH_PV=1420.1h, FLH_Wind=2987.9h
2025-11-29T00:25:53 [112/288] Crispijana | PV:COMPLETE | WND:COMPLETE
2025-11-29T00:25:53   -> KPIs berechnet: FLH_PV=1403.0h, FLH_Wind=2970.7h
2025-11-29T00:25:53 [113/288] Loiola | PV:COMPLETE | WND:COMPLETE
2025-11-29T00:25:53   -> KPIs berechnet: FLH_PV=1457.2h, FLH_Wind=3100.2h
2025-11-29T00:25:54 [114/288] LOGROÑO | PV:COMPLETE | WND:COMPLETE
2025-11-29T00:25:54   -> KPIs berechnet: FLH_PV=1501.5h, FLH_Wind=2900.6h
2025-11-29T00:25:54 [115/288] ZARAGOZA_LA_CARTUJA | PV:COMPLETE | WND:COMPLETE
2025-11-29T00:25:54   -> KPIs berechnet: FLH_PV=1562.3h, FLH_Wind=3702.3h
2025-11-29T00:25:54 [116/288] GIJON_OESTE | PV:COMPLETE | WND:COMPLETE
2025-11-29T00:25:54   -> KPIs berechnet: FLH_PV=1399.9h, FLH_Wind=3222.6h
2025-11-29T00:25:55 [117/288] VILLAPEREZ | PV:COMPLETE | WND:COMPLETE
2025-11-29T00:25:55   -> KPIs berechnet: FLH_PV=1406.1h, FLH_Wind=3041.4h
2025-11-29T00:25:55 [118/288] PALMA_II | PV:COMPLETE | WND:COMPLETE
2025-11-29T00:25:55   -> KPIs berechnet: FLH_PV=1676.1h, FLH_Wind=2943.5h
2025-11-29T00:25:55 [119/288] SAN_PANTALEON | PV:COMPLETE | WND:COMPLETE
2025-11-29T00:25:55   -> KPIs berechnet: FLH_PV=1464.1h, FLH_Wind=3283.5h
2025-11-29T00:25:55 [120/288] SAN_ROMÁN | PV:COMPLETE | WND:COMPLETE
2025-11-29T00:25:56   -> KPIs berechnet: FLH_PV=1465.3h, FLH_Wind=3200.1h
2025-11-29T00:25:56 [121/288] VUELTA_OSTRERA | PV:COMPLETE | WND:COMPLETE
2025-11-29T00:25:56   -> KPIs berechnet: FLH_PV=1481.7h, FLH_Wind=3161.4h
2025-11-29T00:25:56 [122/288] BURGOS | PV:COMPLETE | WND:COMPLETE
2025-11-29T00:25:56   -> KPIs berechnet: FLH_PV=1494.3h, FLH_Wind=3676.6h
2025-11-29T00:25:56 [123/288] LEON | PV:COMPLETE | WND:COMPLETE
2025-11-29T00:25:57   -> KPIs berechnet: FLH_PV=1510.8h, FLH_Wind=2932.5h
2025-11-29T00:25:57 [124/288] SALAMANCA | PV:COMPLETE | WND:COMPLETE
2025-11-29T00:25:57   -> KPIs berechnet: FLH_PV=1566.5h, FLH_Wind=3414.3h
2025-11-29T00:25:57 [125/288] VALLADOLID | PV:COMPLETE | WND:COMPLETE
2025-11-29T00:25:57   -> KPIs berechnet: FLH_PV=1535.3h, FLH_Wind=3328.6h
2025-11-29T00:25:57 [126/288] ALCAZAR_DE_SAN_JUAN-CAMPO_DE_CRIPTANA | PV:COMPLETE | WND:COMPLETE
2025-11-29T00:25:57   -> KPIs berechnet: FLH_PV=1622.0h, FLH_Wind=3236.7h
2025-11-29T00:25:58 [127/288] LLAGOSTA_LA | PV:COMPLETE | WND:COMPLETE
2025-11-29T00:25:58   -> KPIs berechnet: FLH_PV=1505.3h, FLH_Wind=2004.7h
2025-11-29T00:25:58 [128/288] MONTCADA | PV:COMPLETE | WND:COMPLETE
2025-11-29T00:25:58   -> KPIs berechnet: FLH_PV=1507.4h, FLH_Wind=2018.2h
2025-11-29T00:25:58 [129/288] PRAT_DE_LLOBREGAT_EL | PV:COMPLETE | WND:COMPLETE
2025-11-29T00:25:58   -> KPIs berechnet: FLH_PV=1521.1h, FLH_Wind=2112.9h
2025-11-29T00:25:59 [130/288] SANT_FELIU_DE_LLOBREGAT | PV:COMPLETE | WND:COMPLETE
2025-11-29T00:25:59   -> KPIs berechnet: FLH_PV=1518.8h, FLH_Wind=2078.2h
2025-11-29T00:25:59 [131/288] TERRASSA | PV:COMPLETE | WND:COMPLETE
2025-11-29T00:25:59   -> KPIs berechnet: FLH_PV=1511.0h, FLH_Wind=2009.7h
2025-11-29T00:25:59 [132/288] TP_36_of_Helsingin_kt | PV:COMPLETE | WND:COMPLETE
2025-11-29T00:25:59   -> KPIs berechnet: FLH_PV=1071.6h, FLH_Wind=4071.0h
2025-11-29T00:25:59 [133/288] TP_101_of_Helsingin_kt | PV:COMPLETE | WND:COMPLETE
2025-11-29T00:26:00   -> KPIs berechnet: FLH_PV=1061.3h, FLH_Wind=4012.0h
2025-11-29T00:26:00 [134/288] MAXEVILLE | PV:COMPLETE | WND:COMPLETE
2025-11-29T00:26:00   -> KPIs berechnet: FLH_PV=1210.4h, FLH_Wind=2607.7h
2025-11-29T00:26:00 [135/288] METZ | PV:COMPLETE | WND:COMPLETE
2025-11-29T00:26:00   -> KPIs berechnet: FLH_PV=1189.9h, FLH_Wind=2664.3h
2025-11-29T00:26:00 [136/288] STRASBOURG_-_LA_WANTZENAU | PV:COMPLETE | WND:COMPLETE
2025-11-29T00:26:01   -> KPIs berechnet: FLH_PV=1241.9h, FLH_Wind=1926.0h
2025-11-29T00:26:01 [137/288] SAUSHEIM | PV:COMPLETE | WND:COMPLETE
2025-11-29T00:26:01   -> KPIs berechnet: FLH_PV=1286.5h, FLH_Wind=1841.7h
2025-11-29T00:26:01 [138/288] REIMS | PV:COMPLETE | WND:COMPLETE
2025-11-29T00:26:01   -> KPIs berechnet: FLH_PV=1180.0h, FLH_Wind=2783.7h
2025-11-29T00:26:01 [139/288] LE_HAVRE | PV:COMPLETE | WND:COMPLETE
2025-11-29T00:26:02   -> KPIs berechnet: FLH_PV=1294.1h, FLH_Wind=4604.4h
2025-11-29T00:26:02 [140/288] ROUEN | PV:COMPLETE | WND:COMPLETE
2025-11-29T00:26:02   -> KPIs berechnet: FLH_PV=1195.3h, FLH_Wind=3385.7h
2025-11-29T00:26:02 [141/288] PARIS_SEINE_AVAL | PV:COMPLETE | WND:COMPLETE
2025-11-29T00:26:02   -> KPIs berechnet: FLH_PV=1196.5h, FLH_Wind=2966.6h
2025-11-29T00:26:02 [142/288] CARRE_DE_REUNION | PV:COMPLETE | WND:COMPLETE
2025-11-29T00:26:03   -> KPIs berechnet: FLH_PV=1200.5h, FLH_Wind=2960.9h
2025-11-29T00:26:03 [143/288] PARIS_SEINE_GRÉSILLONS | PV:COMPLETE | WND:COMPLETE
2025-11-29T00:26:03   -> KPIs berechnet: FLH_PV=1196.2h, FLH_Wind=2981.2h
2025-11-29T00:26:03 [144/288] PARIS_SEINE-CENTRE | PV:COMPLETE | WND:COMPLETE
2025-11-29T00:26:03   -> KPIs berechnet: FLH_PV=1198.3h, FLH_Wind=2952.5h
2025-11-29T00:26:03 [145/288] PARIS_MARNE_AVAL | PV:COMPLETE | WND:COMPLETE
2025-11-29T00:26:03   -> KPIs berechnet: FLH_PV=1202.8h, FLH_Wind=2895.5h
2025-11-29T00:26:04 [146/288] NEUVILLE_SUR_OISE | PV:COMPLETE | WND:COMPLETE
2025-11-29T00:26:04   -> KPIs berechnet: FLH_PV=1195.2h, FLH_Wind=2980.8h
2025-11-29T00:26:04 [147/288] RENNES | PV:COMPLETE | WND:COMPLETE
2025-11-29T00:26:04   -> KPIs berechnet: FLH_PV=1232.1h, FLH_Wind=3366.1h
2025-11-29T00:26:04 [148/288] TOURS_LA_RICHE_LA_GRANGE_DAVID | PV:COMPLETE | WND:COMPLETE
2025-11-29T00:26:04   -> KPIs berechnet: FLH_PV=1237.4h, FLH_Wind=2901.8h
2025-11-29T00:26:05 [149/288] NANTES_1-TOUGAS | PV:COMPLETE | WND:COMPLETE
2025-11-29T00:26:05   -> KPIs berechnet: FLH_PV=1281.7h, FLH_Wind=3319.4h
2025-11-29T00:26:05 [150/288] LMM_LE_MANS_-_LA_CHAUVINIÈRE | PV:COMPLETE | WND:COMPLETE
2025-11-29T00:26:05   -> KPIs berechnet: FLH_PV=1224.2h, FLH_Wind=3003.3h
2025-11-29T00:26:05 [151/288] TOULOUSE_GINESTOUS | PV:COMPLETE | WND:COMPLETE
2025-11-29T00:26:05   -> KPIs berechnet: FLH_PV=1357.2h, FLH_Wind=2238.6h
2025-11-29T00:26:05 [152/288] BEGLES_CLOS_DE_HILDE | PV:COMPLETE | WND:COMPLETE
2025-11-29T00:26:06   -> KPIs berechnet: FLH_PV=1325.2h, FLH_Wind=2481.9h
2025-11-29T00:26:06 [153/288] DIJON | PV:COMPLETE | WND:COMPLETE
2025-11-29T00:26:06   -> KPIs berechnet: FLH_PV=1270.6h, FLH_Wind=2528.4h
2025-11-29T00:26:06 [154/288] MAERA_EX_CEREIREDE | PV:COMPLETE | WND:COMPLETE
2025-11-29T00:26:06   -> KPIs berechnet: FLH_PV=1591.5h, FLH_Wind=3827.6h
2025-11-29T00:26:06 [155/288] GRENOBLE_AQUAPOLE | PV:COMPLETE | WND:COMPLETE
2025-11-29T00:26:07   -> KPIs berechnet: FLH_PV=1401.2h, FLH_Wind=1345.3h
2025-11-29T00:26:07 [156/288] LYON_-_PIERRE_BÉNITE | PV:COMPLETE | WND:COMPLETE
2025-11-29T00:26:07   -> KPIs berechnet: FLH_PV=1339.1h, FLH_Wind=2250.8h
2025-11-29T00:26:07 [157/288] LYON_-_SAINT_FONS | PV:COMPLETE | WND:COMPLETE
2025-11-29T00:26:07   -> KPIs berechnet: FLH_PV=1339.0h, FLH_Wind=2246.8h
2025-11-29T00:26:07 [158/288] FERNEY-VOLTAIRE_-_AIRE_2 | PV:COMPLETE | WND:COMPLETE
2025-11-29T00:26:07   -> KPIs berechnet: FLH_PV=1365.7h, FLH_Wind=1256.3h
2025-11-29T00:26:08 [159/288] Rijeka-Delta | PV:COMPLETE | WND:COMPLETE
2025-11-29T00:26:08   -> KPIs berechnet: FLH_PV=1458.8h, FLH_Wind=3045.0h
2025-11-29T00:26:08 [160/288] Zagreb | PV:COMPLETE | WND:COMPLETE
2025-11-29T00:26:08   -> KPIs berechnet: FLH_PV=1313.5h, FLH_Wind=2354.4h
2025-11-29T00:26:08 [161/288] Miskolc_-_Szennyviztisztito_Telep | PV:COMPLETE | WND:COMPLETE
2025-11-29T00:26:08   -> KPIs berechnet: FLH_PV=1282.9h, FLH_Wind=2702.9h
2025-11-29T00:26:09 [162/288] Pecs_-_Szennyviztisztito_Telep | PV:COMPLETE | WND:COMPLETE
2025-11-29T00:26:09   -> KPIs berechnet: FLH_PV=1334.2h, FLH_Wind=2922.8h
2025-11-29T00:26:09 [163/288] Budapest_Eszak_Pest_-_Szennyviztisztito_Telep | PV:COMPLETE | WND:COMPLETE
2025-11-29T00:26:09   -> KPIs berechnet: FLH_PV=1299.7h, FLH_Wind=3095.1h
2025-11-29T00:26:09 [164/288] Debrecen_-_Szennyviztisztito_Telep | PV:COMPLETE | WND:COMPLETE
2025-11-29T00:26:09   -> KPIs berechnet: FLH_PV=1274.1h, FLH_Wind=2871.2h
2025-11-29T00:26:10 [165/288] Gyor_-_Szennyviztisztito_Telep | PV:COMPLETE | WND:COMPLETE
2025-11-29T00:26:10   -> KPIs berechnet: FLH_PV=1294.2h, FLH_Wind=3510.6h
2025-11-29T00:26:10 [166/288] Cork_city | PV:COMPLETE | WND:COMPLETE
2025-11-29T00:26:10   -> KPIs berechnet: FLH_PV=1079.9h, FLH_Wind=4198.9h
2025-11-29T00:26:10 [167/288] Ringsend | PV:COMPLETE | WND:COMPLETE
2025-11-29T00:26:10   -> KPIs berechnet: FLH_PV=1122.5h, FLH_Wind=5074.7h
2025-11-29T00:26:11 [168/288] Cossato_Spolina | PV:COMPLETE | WND:COMPLETE
2025-11-29T00:26:11   -> KPIs berechnet: FLH_PV=1424.3h, FLH_Wind=652.9h
2025-11-29T00:26:11 [169/288] Castiglione | PV:COMPLETE | WND:COMPLETE
2025-11-29T00:26:11   -> KPIs berechnet: FLH_PV=1423.4h, FLH_Wind=775.0h
2025-11-29T00:26:11 [170/288] Dp01209001_Lonate_Pozzolo | PV:COMPLETE | WND:COMPLETE
2025-11-29T00:26:11   -> KPIs berechnet: FLH_PV=1364.1h, FLH_Wind=874.4h
2025-11-29T00:26:11 [171/288] Dp01514601_Milano_Nosedo | PV:COMPLETE | WND:COMPLETE
2025-11-29T00:26:12   -> KPIs berechnet: FLH_PV=1361.0h, FLH_Wind=1001.1h
2025-11-29T00:26:12 [172/288] Dp01514602_Milano_S_Rocco | PV:COMPLETE | WND:COMPLETE
2025-11-29T00:26:12   -> KPIs berechnet: FLH_PV=1363.3h, FLH_Wind=1009.9h
2025-11-29T00:26:12 [173/288] Dp01517001_Pero_Olona_Sud | PV:COMPLETE | WND:COMPLETE
2025-11-29T00:26:12   -> KPIs berechnet: FLH_PV=1357.2h, FLH_Wind=960.9h
2025-11-29T00:26:12 [174/288] Dp01517101_Peschiera_Borromeo | PV:COMPLETE | WND:COMPLETE
2025-11-29T00:26:13   -> KPIs berechnet: FLH_PV=1360.9h, FLH_Wind=1015.8h
2025-11-29T00:26:13 [175/288] Peschiera_Del_Garda_Paradiso | PV:COMPLETE | WND:COMPLETE
2025-11-29T00:26:13   -> KPIs berechnet: FLH_PV=1338.1h, FLH_Wind=1212.0h
2025-11-29T00:26:13 [176/288] Verona_Via_Avesani | PV:COMPLETE | WND:COMPLETE
2025-11-29T00:26:13   -> KPIs berechnet: FLH_PV=1330.8h, FLH_Wind=1180.3h
2025-11-29T00:26:13 [177/288] Arzignano_Via_Altura | PV:COMPLETE | WND:COMPLETE
2025-11-29T00:26:14   -> KPIs berechnet: FLH_PV=1325.4h, FLH_Wind=1143.9h
2025-11-29T00:26:14 [178/288] Montebello_Vicentino_Via_Fracanzana | PV:COMPLETE | WND:COMPLETE
2025-11-29T00:26:14   -> KPIs berechnet: FLH_PV=1323.9h, FLH_Wind=1199.5h
2025-11-29T00:26:14 [179/288] Venezia_Fusina_Via_Dei_Cantieri | PV:COMPLETE | WND:COMPLETE
2025-11-29T00:26:14   -> KPIs berechnet: FLH_PV=1325.7h, FLH_Wind=1583.6h
2025-11-29T00:26:14 [180/288] San_Giorgio_Di_Nogaro | PV:COMPLETE | WND:COMPLETE
2025-11-29T00:26:14   -> KPIs berechnet: FLH_PV=1323.2h, FLH_Wind=1503.0h
2025-11-29T00:26:15 [181/288] Bologna_Corticella | PV:COMPLETE | WND:COMPLETE
2025-11-29T00:26:15   -> KPIs berechnet: FLH_PV=1378.4h, FLH_Wind=2026.2h
2025-11-29T00:26:15 [182/288] Rimini_S_Giustina | PV:COMPLETE | WND:COMPLETE
2025-11-29T00:26:15   -> KPIs berechnet: FLH_PV=1386.7h, FLH_Wind=2312.3h
2025-11-29T00:26:15 [183/288] Idl_Baciacavallo | PV:COMPLETE | WND:COMPLETE
2025-11-29T00:26:15   -> KPIs berechnet: FLH_PV=1356.1h, FLH_Wind=2055.4h
2025-11-29T00:26:16 [184/288] Idl_San_Colombano | PV:COMPLETE | WND:COMPLETE
2025-11-29T00:26:16   -> KPIs berechnet: FLH_PV=1366.2h, FLH_Wind=2092.7h
2025-11-29T00:26:16 [185/288] Idi_Aquarno | PV:COMPLETE | WND:COMPLETE
2025-11-29T00:26:16   -> KPIs berechnet: FLH_PV=1388.7h, FLH_Wind=2150.6h
2025-11-29T00:26:16 [186/288] Idi_Cuoio_Depur | PV:COMPLETE | WND:COMPLETE
2025-11-29T00:26:16   -> KPIs berechnet: FLH_PV=1394.9h, FLH_Wind=2181.2h
2025-11-29T00:26:17 [187/288] Idi_Casa_Del_Lupo | PV:COMPLETE | WND:COMPLETE
2025-11-29T00:26:17   -> KPIs berechnet: FLH_PV=1380.8h, FLH_Wind=2032.9h
2025-11-29T00:26:17 [188/288] ROMA_EST | PV:COMPLETE | WND:COMPLETE
2025-11-29T00:26:17   -> KPIs berechnet: FLH_PV=1463.0h, FLH_Wind=1931.5h
2025-11-29T00:26:17 [189/288] ROMA_NORD | PV:COMPLETE | WND:COMPLETE
2025-11-29T00:26:17   -> KPIs berechnet: FLH_PV=1462.4h, FLH_Wind=2026.0h
2025-11-29T00:26:17 [190/288] ROMA_SUD | PV:COMPLETE | WND:COMPLETE
2025-11-29T00:26:18   -> KPIs berechnet: FLH_PV=1470.1h, FLH_Wind=2048.2h
2025-11-29T00:26:18 [191/288] Caivano_Depuratore_Di_Acerra | PV:COMPLETE | WND:COMPLETE
2025-11-29T00:26:18   -> KPIs berechnet: FLH_PV=1555.3h, FLH_Wind=1694.1h
2025-11-29T00:26:18 [192/288] Orta_Di_Atella_Ce_Impianto_Napoli_Nord | PV:COMPLETE | WND:COMPLETE
2025-11-29T00:26:18   -> KPIs berechnet: FLH_PV=1454.7h, FLH_Wind=1711.1h
2025-11-29T00:26:18 [193/288] Marigliano_Na_Depuratore_Di_Nola | PV:COMPLETE | WND:COMPLETE
2025-11-29T00:26:19   -> KPIs berechnet: FLH_PV=1555.0h, FLH_Wind=1773.7h
2025-11-29T00:26:19 [194/288] Marcianise_Ce_Depuratore_Di_Marcianise | PV:COMPLETE | WND:COMPLETE
2025-11-29T00:26:19   -> KPIs berechnet: FLH_PV=1455.3h, FLH_Wind=1717.4h
2025-11-29T00:26:19 [195/288] Pozzuoli_Na_Impianto_Napoli_Ovest_Cuma | PV:COMPLETE | WND:COMPLETE
2025-11-29T00:26:19   -> KPIs berechnet: FLH_PV=1468.7h, FLH_Wind=1848.9h
2025-11-29T00:26:19 [196/288] Salerno_Impianto_Salerno | PV:COMPLETE | WND:COMPLETE
2025-11-29T00:26:20   -> KPIs berechnet: FLH_PV=1567.1h, FLH_Wind=2286.1h
2025-11-29T00:26:20 [197/288] Bari_Est | PV:COMPLETE | WND:COMPLETE
2025-11-29T00:26:20   -> KPIs berechnet: FLH_PV=1490.6h, FLH_Wind=3093.6h
2025-11-29T00:26:20 [198/288] Impianto_Consortile_Di_Catania | PV:COMPLETE | WND:COMPLETE
2025-11-29T00:26:20   -> KPIs berechnet: FLH_PV=1659.2h, FLH_Wind=2457.3h
2025-11-29T00:26:20 [199/288] Impianto_C_Da_Magnisi_Casale_Vecchie_Saline_Depuratore_Ias_Priolo | PV:COMPLETE | WND:COMPLETE
2025-11-29T00:26:21   -> KPIs berechnet: FLH_PV=1671.0h, FLH_Wind=2796.5h
2025-11-29T00:26:21 [200/288] Casic_Loc_Sa_Marra | PV:COMPLETE | WND:COMPLETE
2025-11-29T00:26:21   -> KPIs berechnet: FLH_PV=1638.3h, FLH_Wind=3654.8h
2025-11-29T00:26:21 [201/288] Vilniaus_nuoteku_valykla | PV:COMPLETE | WND:COMPLETE
2025-11-29T00:26:21   -> KPIs berechnet: FLH_PV=1038.2h, FLH_Wind=2391.9h
2025-11-29T00:26:21 [202/288] Kauno_nuoteku_valykla | PV:COMPLETE | WND:COMPLETE
2025-11-29T00:26:21   -> KPIs berechnet: FLH_PV=1033.4h, FLH_Wind=2331.0h
2025-11-29T00:26:22 [203/288] Klaipedos_nuoteku_valykla | PV:COMPLETE | WND:COMPLETE
2025-11-29T00:26:22   -> KPIs berechnet: FLH_PV=1085.5h, FLH_Wind=3494.5h
2025-11-29T00:26:22 [204/288] BAI_Daugavgrīva | PV:COMPLETE | WND:COMPLETE
2025-11-29T00:26:22   -> KPIs berechnet: FLH_PV=1030.2h, FLH_Wind=3169.1h
2025-11-29T00:26:22 [205/288] Ta_Barkat_Urban_Wastewater_Treatment_Plant | PV:COMPLETE | WND:COMPLETE
2025-11-29T00:26:22   -> KPIs berechnet: FLH_PV=1609.5h, FLH_Wind=3605.5h
2025-11-29T00:26:23 [206/288] UWWTP_AMSTERDAM-WEST | PV:COMPLETE | WND:COMPLETE
2025-11-29T00:26:23   -> KPIs berechnet: FLH_PV=1132.5h, FLH_Wind=3807.3h
2025-11-29T00:26:23 [207/288] UWWTP_HARNASCHPOLDER | PV:COMPLETE | WND:COMPLETE
2025-11-29T00:26:23   -> KPIs berechnet: FLH_PV=1227.9h, FLH_Wind=4725.3h
2025-11-29T00:26:23 [208/288] UWWTP_KRALINGSEVEER | PV:COMPLETE | WND:COMPLETE
2025-11-29T00:26:23   -> KPIs berechnet: FLH_PV=1140.5h, FLH_Wind=3393.7h
2025-11-29T00:26:24 [209/288] UWWTP_NIEUWVEER | PV:COMPLETE | WND:COMPLETE
2025-11-29T00:26:24   -> KPIs berechnet: FLH_PV=1136.5h, FLH_Wind=3115.6h
2025-11-29T00:26:24 [210/288] UWWTP_BATH | PV:COMPLETE | WND:COMPLETE
2025-11-29T00:26:24   -> KPIs berechnet: FLH_PV=1145.5h, FLH_Wind=3372.7h
2025-11-29T00:26:24 [211/288] UWWTP_EINDHOVEN | PV:COMPLETE | WND:COMPLETE
2025-11-29T00:26:24   -> KPIs berechnet: FLH_PV=1134.1h, FLH_Wind=2865.5h
2025-11-29T00:26:24 [212/288] UWWTP_AARLE-RIXTEL | PV:COMPLETE | WND:COMPLETE
2025-11-29T00:26:25   -> KPIs berechnet: FLH_PV=1133.2h, FLH_Wind=2852.1h
2025-11-29T00:26:25 [213/288] UWWTP_AMSTERDAN-WESTPOORT | PV:COMPLETE | WND:COMPLETE
2025-11-29T00:26:25   -> KPIs berechnet: FLH_PV=1132.0h, FLH_Wind=3808.1h
2025-11-29T00:26:25 [214/288] UWWTP_TILBURG-NOORD | PV:COMPLETE | WND:COMPLETE
2025-11-29T00:26:25   -> KPIs berechnet: FLH_PV=1132.1h, FLH_Wind=2937.7h
2025-11-29T00:26:25 [215/288] Sentralrenseanlegget_for_Nord_Jæren_SNJ Wind fehlt/inkomplett -> lade … (Wind_Sentralrenseanlegget_for_Nord_Jæren_SNJ_20150101-20241231_merra2_a6d7f2589a.csv)
2025-11-29T00:26:25   -> Chunk 1/10: 2015-01-01..2015-12-31
2025-11-29T00:26:27   -> Chunk 2/10: 2016-01-01..2016-12-31
2025-11-29T00:26:29   -> Chunk 3/10: 2017-01-01..2017-12-31
2025-11-29T00:26:30   -> Chunk 4/10: 2018-01-01..2018-12-31
2025-11-29T00:26:32   -> Chunk 5/10: 2019-01-01..2019-12-31
2025-11-29T00:26:33   -> Chunk 6/10: 2020-01-01..2020-12-31
2025-11-29T00:26:35   -> Chunk 7/10: 2021-01-01..2021-12-31
2025-11-29T00:26:36   -> Chunk 8/10: 2022-01-01..2022-12-31
2025-11-29T00:26:38   -> Chunk 9/10: 2023-01-01..2023-12-31
2025-11-29T00:26:39   -> Chunk 10/10: 2024-01-01..2024-12-31
2025-11-29T00:26:41 [215/288] Sentralrenseanlegget_for_Nord_Jæren_SNJ | PV:COMPLETE | WND:COMPLETE
2025-11-29T00:26:41   -> KPIs berechnet: FLH_PV=1013.0h, FLH_Wind=4386.3h
2025-11-29T00:26:41 [216/288] Wrocławska_Oczyszczalnia_Ścieków | PV:COMPLETE | WND:COMPLETE
2025-11-29T00:26:42   -> KPIs berechnet: FLH_PV=1171.0h, FLH_Wind=2581.2h
2025-11-29T00:26:42 [217/288] Toruń_Centralna_Oczyszczalnia_Ścieków | PV:COMPLETE | WND:COMPLETE
2025-11-29T00:26:42   -> KPIs berechnet: FLH_PV=1101.0h, FLH_Wind=2642.7h
2025-11-29T00:26:43 [218/288] Lublin-Hajdów | PV:COMPLETE | WND:COMPLETE
2025-11-29T00:26:43   -> KPIs berechnet: FLH_PV=1153.4h, FLH_Wind=2468.5h
2025-11-29T00:26:43 [219/288] Goś_Łam | PV:COMPLETE | WND:COMPLETE
2025-11-29T00:26:43   -> KPIs berechnet: FLH_PV=1143.6h, FLH_Wind=2541.1h
2025-11-29T00:26:43 [220/288] Kutno | PV:COMPLETE | WND:COMPLETE
2025-11-29T00:26:43   -> KPIs berechnet: FLH_PV=1130.7h, FLH_Wind=2544.6h
2025-11-29T00:26:44 [221/288] Kraków-Płaszów | PV:COMPLETE | WND:COMPLETE
2025-11-29T00:26:44   -> KPIs berechnet: FLH_PV=1210.9h, FLH_Wind=2366.3h
2025-11-29T00:26:44 [222/288] Kraków-Kujawy | PV:COMPLETE | WND:COMPLETE
2025-11-29T00:26:44   -> KPIs berechnet: FLH_PV=1208.4h, FLH_Wind=2358.0h
2025-11-29T00:26:44 [223/288] Tarnów | PV:COMPLETE | WND:COMPLETE
2025-11-29T00:26:45   -> KPIs berechnet: FLH_PV=1200.7h, FLH_Wind=2307.5h
2025-11-29T00:26:45 [224/288] Zakład_Oczyszczalni_Ścieków_Czajka | PV:COMPLETE | WND:COMPLETE
2025-11-29T00:26:45   -> KPIs berechnet: FLH_PV=1124.5h, FLH_Wind=2493.3h
2025-11-29T00:26:45 [225/288] Zakład_Oczyszczalni_Ścieków_Południe | PV:COMPLETE | WND:COMPLETE
2025-11-29T00:26:45   -> KPIs berechnet: FLH_PV=1127.4h, FLH_Wind=2484.2h
2025-11-29T00:26:46 [226/288] Radom | PV:COMPLETE | WND:COMPLETE
2025-11-29T00:26:46   -> KPIs berechnet: FLH_PV=1161.3h, FLH_Wind=2475.4h
2025-11-29T00:26:46 [227/288] Rzeszów | PV:COMPLETE | WND:COMPLETE
2025-11-29T00:26:46   -> KPIs berechnet: FLH_PV=1190.2h, FLH_Wind=2460.2h
2025-11-29T00:26:46 [228/288] Oczyszczalnia_Ścieków_w_Białymstoku | PV:COMPLETE | WND:COMPLETE
2025-11-29T00:26:47   -> KPIs berechnet: FLH_PV=1091.9h, FLH_Wind=2311.5h
2025-11-29T00:26:47 [229/288] Gdańsk-Wschód | PV:COMPLETE | WND:COMPLETE
2025-11-29T00:26:47   -> KPIs berechnet: FLH_PV=1171.2h, FLH_Wind=4448.0h
2025-11-29T00:26:47 [230/288] Goś_Dębogórze | PV:COMPLETE | WND:COMPLETE
2025-11-29T00:26:47   -> KPIs berechnet: FLH_PV=1169.1h, FLH_Wind=4590.9h
2025-11-29T00:26:48 [231/288] International_Paper-Kwidzyn_Sp_z_o_o | PV:COMPLETE | WND:COMPLETE
2025-11-29T00:26:48   -> KPIs berechnet: FLH_PV=1083.2h, FLH_Wind=2796.5h
2025-11-29T00:26:48 [232/288] Radocha_Ii | PV:COMPLETE | WND:COMPLETE
2025-11-29T00:26:48   -> KPIs berechnet: FLH_PV=1190.6h, FLH_Wind=2399.7h
2025-11-29T00:26:48 [233/288] Centralna_Oczyszczalnia_Ścieków_w_Gliwicach | PV:COMPLETE | WND:COMPLETE
2025-11-29T00:26:48   -> KPIs berechnet: FLH_PV=1187.7h, FLH_Wind=2450.1h
2025-11-29T00:26:49 [234/288] Centralna_Oczyszczalnia_Ścieków_w_Koziegłowach | PV:COMPLETE | WND:COMPLETE
2025-11-29T00:26:49   -> KPIs berechnet: FLH_PV=1116.1h, FLH_Wind=2621.5h
2025-11-29T00:26:49 [235/288] Dopiewo | PV:COMPLETE | WND:COMPLETE
2025-11-29T00:26:49   -> KPIs berechnet: FLH_PV=1119.7h, FLH_Wind=2607.3h
2025-11-29T00:26:49 [236/288] Pomorzany | PV:COMPLETE | WND:COMPLETE
2025-11-29T00:26:49   -> KPIs berechnet: FLH_PV=1168.1h, FLH_Wind=2915.2h
2025-11-29T00:26:50 [237/288] Agra_I_e_II | PV:COMPLETE | WND:COMPLETE
2025-11-29T00:26:50   -> KPIs berechnet: FLH_PV=1454.9h, FLH_Wind=3405.7h
2025-11-29T00:26:50 [238/288] Rib_de_Moinhos | PV:COMPLETE | WND:COMPLETE
2025-11-29T00:26:50   -> KPIs berechnet: FLH_PV=1615.1h, FLH_Wind=4168.8h
2025-11-29T00:26:50 [239/288] Matosinhos | PV:COMPLETE | WND:COMPLETE
2025-11-29T00:26:51   -> KPIs berechnet: FLH_PV=1563.4h, FLH_Wind=3406.7h
2025-11-29T00:26:51 [240/288] Frielas | PV:COMPLETE | WND:COMPLETE
2025-11-29T00:26:51   -> KPIs berechnet: FLH_PV=1580.2h, FLH_Wind=4481.4h
2025-11-29T00:26:51 [241/288] Serzedelo_II | PV:COMPLETE | WND:COMPLETE
2025-11-29T00:26:51   -> KPIs berechnet: FLH_PV=1450.2h, FLH_Wind=3327.6h
2025-11-29T00:26:52 [242/288] ROWP_DANCU_IASI | PV:COMPLETE | WND:COMPLETE
2025-11-29T00:26:52   -> KPIs berechnet: FLH_PV=1313.0h, FLH_Wind=3528.0h
2025-11-29T00:26:52 [243/288] ROWP_RAJA_Constanta_Sud | PV:COMPLETE | WND:COMPLETE
2025-11-29T00:26:52   -> KPIs berechnet: FLH_PV=1498.2h, FLH_Wind=3918.6h
2025-11-29T00:26:52 [244/288] ROWP_GALATI | PV:COMPLETE | WND:COMPLETE
2025-11-29T00:26:52   -> KPIs berechnet: FLH_PV=1360.0h, FLH_Wind=3554.7h
2025-11-29T00:26:53 [245/288] ROWP_SC_APA_CANAL_2000_S_A_PITESTI | PV:COMPLETE | WND:COMPLETE
2025-11-29T00:26:53   -> KPIs berechnet: FLH_PV=1384.3h, FLH_Wind=2521.7h
2025-11-29T00:26:53 [246/288] ROWP_RA_Aquatim_Timisoara | PV:COMPLETE | WND:COMPLETE
2025-11-29T00:26:53   -> KPIs berechnet: FLH_PV=1309.2h, FLH_Wind=2955.7h
2025-11-29T00:26:53 [247/288] ROWP_SC_COMPANIA_APA_SA_Brasov | PV:COMPLETE | WND:COMPLETE
2025-11-29T00:26:54   -> KPIs berechnet: FLH_PV=1372.1h, FLH_Wind=2334.2h
2025-11-29T00:26:54 [248/288] ROWP_SC_APA_NOVA_SA_BUCURESTI | PV:COMPLETE | WND:COMPLETE
2025-11-29T00:26:54   -> KPIs berechnet: FLH_PV=1368.4h, FLH_Wind=2813.6h
2025-11-29T00:26:54 [249/288] Sjolunda_Avloppsreningsverk | PV:COMPLETE | WND:COMPLETE
2025-11-29T00:26:54   -> KPIs berechnet: FLH_PV=1080.0h, FLH_Wind=4502.9h
2025-11-29T00:26:55 [250/288] Ellinge_Avloppsreningsverk | PV:COMPLETE | WND:COMPLETE
2025-11-29T00:26:55   -> KPIs berechnet: FLH_PV=1070.3h, FLH_Wind=4379.2h
2025-11-29T00:26:55 [251/288] Gryaab_AB_Ryaverket | PV:COMPLETE | WND:COMPLETE
2025-11-29T00:26:55   -> KPIs berechnet: FLH_PV=1040.4h, FLH_Wind=3698.2h
2025-11-29T00:26:55 [252/288] UWWTP_LJUBLJANA_ZALOG | PV:COMPLETE | WND:COMPLETE
2025-11-29T00:26:56   -> KPIs berechnet: FLH_PV=1421.4h, FLH_Wind=2219.6h
2025-11-29T00:26:56 [253/288] COV_Vrakuna | PV:COMPLETE | WND:COMPLETE
2025-11-29T00:26:56   -> KPIs berechnet: FLH_PV=1277.8h, FLH_Wind=3805.0h
2025-11-29T00:26:56 [254/288] Belfast | PV:COMPLETE | WND:COMPLETE
2025-11-29T00:26:56   -> KPIs berechnet: FLH_PV=982.9h, FLH_Wind=4202.2h
2025-11-29T00:26:57 [255/288] Newtownards_Ballyrickard | PV:COMPLETE | WND:COMPLETE
2025-11-29T00:26:57   -> KPIs berechnet: FLH_PV=996.1h, FLH_Wind=4234.4h
2025-11-29T00:26:57 [256/288] EDINBURGH_SEAFIELD_WWTW | PV:COMPLETE | WND:COMPLETE
2025-11-29T00:26:57   -> KPIs berechnet: FLH_PV=987.6h, FLH_Wind=4722.5h
2025-11-29T00:26:57 [257/288] NIGG_WWTW-_ABERDEEN_PFI | PV:COMPLETE | WND:COMPLETE
2025-11-29T00:26:57   -> KPIs berechnet: FLH_PV=1063.9h, FLH_Wind=5127.7h
2025-11-29T00:26:58 [258/288] NORTH_WARRINGTON_STW | PV:COMPLETE | WND:COMPLETE
2025-11-29T00:26:58   -> KPIs berechnet: FLH_PV=1050.8h, FLH_Wind=3594.2h
2025-11-29T00:26:58 [259/288] BLACKBURN_STW | PV:COMPLETE | WND:COMPLETE
2025-11-29T00:26:58   -> KPIs berechnet: FLH_PV=1035.2h, FLH_Wind=3710.2h
2025-11-29T00:26:58 [260/288] BURTON_ON_TRENT_STW | PV:COMPLETE | WND:COMPLETE
2025-11-29T00:26:59   -> KPIs berechnet: FLH_PV=1073.8h, FLH_Wind=3479.8h
2025-11-29T00:26:59 [261/288] LONDON_Becton_STW | PV:COMPLETE | WND:COMPLETE
2025-11-29T00:26:59   -> KPIs berechnet: FLH_PV=1155.4h, FLH_Wind=3717.4h
2025-11-29T00:26:59 [262/288] MAPLE_LODGE_BUCKS_STW PV fehlt/inkomplett -> lade … (PV_MAPLE_LODGE_BUCKS_STW_20150101-20241231_merra2_75cba1d1db.csv)
2025-11-29T00:26:59   -> Chunk 1/10: 2015-01-01..2015-12-31
2025-11-29T00:27:02   -> Chunk 2/10: 2016-01-01..2016-12-31
2025-11-29T00:27:04   -> Chunk 3/10: 2017-01-01..2017-12-31
2025-11-29T00:27:08   -> Chunk 4/10: 2018-01-01..2018-12-31
2025-11-29T00:27:11   -> Chunk 5/10: 2019-01-01..2019-12-31
2025-11-29T00:27:14   -> Chunk 6/10: 2020-01-01..2020-12-31
2025-11-29T00:27:17   -> Chunk 7/10: 2021-01-01..2021-12-31
2025-11-29T00:27:20   -> Chunk 8/10: 2022-01-01..2022-12-31
2025-11-29T00:27:23   -> Chunk 9/10: 2023-01-01..2023-12-31
2025-11-29T00:27:27   -> Chunk 10/10: 2024-01-01..2024-12-31
2025-11-29T00:27:30 [262/288] MAPLE_LODGE_BUCKS_STW Wind fehlt/inkomplett -> lade … (Wind_MAPLE_LODGE_BUCKS_STW_20150101-20241231_merra2_a6d7f2589a.csv)
2025-11-29T00:27:30   -> Chunk 1/10: 2015-01-01..2015-12-31
2025-11-29T00:27:32   -> Chunk 2/10: 2016-01-01..2016-12-31
2025-11-29T00:27:35   -> Chunk 3/10: 2017-01-01..2017-12-31
2025-11-29T00:27:37   -> Chunk 4/10: 2018-01-01..2018-12-31
2025-11-29T00:27:39   -> Chunk 5/10: 2019-01-01..2019-12-31
2025-11-29T00:27:41   -> Chunk 6/10: 2020-01-01..2020-12-31
2025-11-29T00:27:43   -> Chunk 7/10: 2021-01-01..2021-12-31
2025-11-29T00:27:46   -> Chunk 8/10: 2022-01-01..2022-12-31
2025-11-29T00:27:48   -> Chunk 9/10: 2023-01-01..2023-12-31
2025-11-29T00:27:50   -> Chunk 10/10: 2024-01-01..2024-12-31
2025-11-29T00:27:53 [262/288] MAPLE_LODGE_BUCKS_STW | PV:COMPLETE | WND:COMPLETE
2025-11-29T00:27:53   -> KPIs berechnet: FLH_PV=1138.4h, FLH_Wind=3586.4h
2025-11-29T00:27:53 [263/288] LONDON_Beddington_STW | PV:COMPLETE | WND:COMPLETE
2025-11-29T00:27:53   -> KPIs berechnet: FLH_PV=1157.5h, FLH_Wind=3727.7h
2025-11-29T00:27:53 [264/288] LONDON_Deepham_STW | PV:COMPLETE | WND:COMPLETE
2025-11-29T00:27:53   -> KPIs berechnet: FLH_PV=1146.6h, FLH_Wind=3692.0h
2025-11-29T00:27:54 [265/288] LONDON_Crossness_STW | PV:COMPLETE | WND:COMPLETE
2025-11-29T00:27:54   -> KPIs berechnet: FLH_PV=1156.9h, FLH_Wind=3724.8h
2025-11-29T00:27:54 [266/288] WIGAN_HOSCAR_STW | PV:COMPLETE | WND:COMPLETE
2025-11-29T00:27:54   -> KPIs berechnet: FLH_PV=1049.3h, FLH_Wind=3681.8h
2025-11-29T00:27:54 [267/288] BRISTOL_STW | PV:COMPLETE | WND:COMPLETE
2025-11-29T00:27:55   -> KPIs berechnet: FLH_PV=1133.3h, FLH_Wind=3594.5h
2025-11-29T00:27:55 [268/288] Manchester_and_Salford_Davyhulme_STW | PV:COMPLETE | WND:COMPLETE
2025-11-29T00:27:55   -> KPIs berechnet: FLH_PV=1040.8h, FLH_Wind=3625.9h
2025-11-29T00:27:55 [269/288] STOKE_ON_TRENT_STRONGFORD_STW | PV:COMPLETE | WND:COMPLETE
2025-11-29T00:27:55   -> KPIs berechnet: FLH_PV=1064.0h, FLH_Wind=3415.5h
2025-11-29T00:27:55 [270/288] BIRMINGHAM_BLACK_COUNTRY_NO_1_MINWORTH_STW | PV:COMPLETE | WND:COMPLETE
2025-11-29T00:27:56   -> KPIs berechnet: FLH_PV=1092.9h, FLH_Wind=3431.5h
2025-11-29T00:27:56 [271/288] BRADFORD_ESHOLT_STW | PV:COMPLETE | WND:COMPLETE
2025-11-29T00:27:56   -> KPIs berechnet: FLH_PV=1028.4h, FLH_Wind=3654.9h
2025-11-29T00:27:56 [272/288] NEWCASTLE_Howdon_STW | PV:COMPLETE | WND:COMPLETE
2025-11-29T00:27:56   -> KPIs berechnet: FLH_PV=1115.9h, FLH_Wind=4973.1h
2025-11-29T00:27:56 [273/288] LEEDS_KNOSTROP_STW | PV:COMPLETE | WND:COMPLETE
2025-11-29T00:27:57   -> KPIs berechnet: FLH_PV=1053.3h, FLH_Wind=3674.0h
2025-11-29T00:27:57 [274/288] MIDDLESBOROUGH_STW | PV:COMPLETE | WND:COMPLETE
2025-11-29T00:27:57   -> KPIs berechnet: FLH_PV=1038.8h, FLH_Wind=4036.9h
2025-11-29T00:27:57 [275/288] LEICESTER_STW | PV:COMPLETE | WND:COMPLETE
2025-11-29T00:27:57   -> KPIs berechnet: FLH_PV=1085.8h, FLH_Wind=3496.6h
2025-11-29T00:27:58 [276/288] NOTTINGHAM_STW | PV:COMPLETE | WND:COMPLETE
2025-11-29T00:27:58   -> KPIs berechnet: FLH_PV=1078.6h, FLH_Wind=3533.1h
2025-11-29T00:27:58 [277/288] READING_STW PV fehlt/inkomplett -> lade … (PV_READING_STW_20150101-20241231_merra2_68f935552f.csv)
2025-11-29T00:27:58   -> Chunk 1/10: 2015-01-01..2015-12-31
2025-11-29T00:28:00   -> Chunk 2/10: 2016-01-01..2016-12-31
2025-11-29T00:28:02   -> Chunk 3/10: 2017-01-01..2017-12-31
2025-11-29T00:28:04   -> Chunk 4/10: 2018-01-01..2018-12-31
2025-11-29T00:28:06   -> Chunk 5/10: 2019-01-01..2019-12-31
2025-11-29T00:28:08   -> Chunk 6/10: 2020-01-01..2020-12-31
2025-11-29T00:28:11   -> Chunk 7/10: 2021-01-01..2021-12-31
2025-11-29T00:28:14   -> Chunk 8/10: 2022-01-01..2022-12-31
2025-11-29T00:28:16   -> Chunk 9/10: 2023-01-01..2023-12-31
2025-11-29T00:28:18   -> Chunk 10/10: 2024-01-01..2024-12-31
2025-11-29T00:28:21 [277/288] READING_STW Wind fehlt/inkomplett -> lade … (Wind_READING_STW_20150101-20241231_merra2_a6d7f2589a.csv)
2025-11-29T00:28:21   -> Chunk 1/10: 2015-01-01..2015-12-31
2025-11-29T00:28:22   -> Chunk 2/10: 2016-01-01..2016-12-31
2025-11-29T00:28:24   -> Chunk 3/10: 2017-01-01..2017-12-31
2025-11-29T00:28:25   -> Chunk 4/10: 2018-01-01..2018-12-31
2025-11-29T00:28:27   -> Chunk 5/10: 2019-01-01..2019-12-31
2025-11-29T00:28:28   -> Chunk 6/10: 2020-01-01..2020-12-31
2025-11-29T00:28:29   -> Chunk 7/10: 2021-01-01..2021-12-31
2025-11-29T00:28:31   -> Chunk 8/10: 2022-01-01..2022-12-31
2025-11-29T00:28:32   -> Chunk 9/10: 2023-01-01..2023-12-31
2025-11-29T00:28:34   -> Chunk 10/10: 2024-01-01..2024-12-31
2025-11-29T00:28:35 [277/288] READING_STW | PV:COMPLETE | WND:COMPLETE
2025-11-29T00:28:36   -> KPIs berechnet: FLH_PV=1142.6h, FLH_Wind=3604.1h
2025-11-29T00:28:36 [278/288] NORTHAMPTON_STW | PV:COMPLETE | WND:COMPLETE
2025-11-29T00:28:36   -> KPIs berechnet: FLH_PV=1107.5h, FLH_Wind=3519.5h
2025-11-29T00:28:36 [279/288] MILTON_KEYNES_STW | PV:COMPLETE | WND:COMPLETE
2025-11-29T00:28:37   -> KPIs berechnet: FLH_PV=1118.4h, FLH_Wind=3531.2h
2025-11-29T00:28:37 [280/288] HULL_STW | PV:COMPLETE | WND:COMPLETE
2025-11-29T00:28:37   -> KPIs berechnet: FLH_PV=1057.0h, FLH_Wind=4051.2h
2025-11-29T00:28:37 [281/288] Rye_Meads_STW | PV:COMPLETE | WND:COMPLETE
2025-11-29T00:28:37   -> KPIs berechnet: FLH_PV=1139.9h, FLH_Wind=3632.1h
2025-11-29T00:28:38 [282/288] TILBURY_STW_TILBURY_ESSEX | PV:COMPLETE | WND:COMPLETE
2025-11-29T00:28:38   -> KPIs berechnet: FLH_PV=1245.6h, FLH_Wind=4646.7h
2025-11-29T00:28:38 [283/288] NORWICH_STW | PV:COMPLETE | WND:COMPLETE
2025-11-29T00:28:38   -> KPIs berechnet: FLH_PV=1123.3h, FLH_Wind=4232.2h
2025-11-29T00:28:38 [284/288] Fleetwood_and_Blackpool_Fleetwood_Marsh_STW | PV:COMPLETE | WND:COMPLETE
2025-11-29T00:28:39   -> KPIs berechnet: FLH_PV=1121.5h, FLH_Wind=4754.4h
2025-11-29T00:28:39 [285/288] BOLTON_STW | PV:COMPLETE | WND:COMPLETE
2025-11-29T00:28:39   -> KPIs berechnet: FLH_PV=1037.2h, FLH_Wind=3645.3h
2025-11-29T00:28:39 [286/288] COVENTRY_STW | PV:COMPLETE | WND:COMPLETE
2025-11-29T00:28:39   -> KPIs berechnet: FLH_PV=1096.5h, FLH_Wind=3451.4h
2025-11-29T00:28:40 [287/288] LONDON_Riverside_STW | PV:COMPLETE | WND:COMPLETE
2025-11-29T00:28:40   -> KPIs berechnet: FLH_PV=1157.0h, FLH_Wind=3728.1h
2025-11-29T00:28:40 [288/288] LONDON_Long_Reach_STW | PV:COMPLETE | WND:COMPLETE
2025-11-29T00:28:40   -> KPIs berechnet: FLH_PV=1160.8h, FLH_Wind=3747.9h
2025-11-29T00:28:40 ======================================================
2025-11-29T00:28:40 Schreibe 288 KPI-Zeilen in Excel 'Energy' …
2025-11-29T00:28:41 KPI-Update in Excel geschrieben: C:\Users\aless\PycharmProjects\Masterthesis\Output\UWWTD_TP_Database.xlsx -> Sheet 'Energy'
2025-11-29T00:28:41 ✓ Renewable energy KPIs calculated for 288 plants → Sheet 'Energy'
2025-11-29T01:20:28 ======================================================
2025-11-29T01:20:28 Start • Sites: 288 • Zeitraum: 2015-01-01 bis 2024-12-31 (Auto-Chunking <=1Y)
2025-11-29T01:20:28 Limiter: 1.0 req/s & 50 req/h (sichtbar)
2025-11-29T01:20:28 Excel: C:\Users\aless\PycharmProjects\Masterthesis\Output\UWWTD_TP_Database.xlsx | Sheets: 'General Data' -> 'Energy'
2025-11-29T01:20:28 Ausgabe: C:\Users\aless\PycharmProjects\Masterthesis\Output\RenewableEnergyProfiles (stabile Dateinamen, keine Doppel-Downloads)
2025-11-29T01:20:28 ======================================================
2025-11-29T01:20:28 [1/288] ARA_AWV_Schwechat | PV:COMPLETE | WND:COMPLETE
2025-11-29T01:20:28   -> KPIs berechnet: FLH_PV=1285.9h, FLH_Wind=3572.7h
2025-11-29T01:20:28 [2/288] Asten_-_Regionalkläranlage | PV:COMPLETE | WND:COMPLETE
2025-11-29T01:20:29   -> KPIs berechnet: FLH_PV=1357.1h, FLH_Wind=2557.8h
2025-11-29T01:20:29 [3/288] ARA_Siggerwiesen | PV:COMPLETE | WND:COMPLETE
2025-11-29T01:20:29   -> KPIs berechnet: FLH_PV=1258.5h, FLH_Wind=1919.0h
2025-11-29T01:20:29 [4/288] Graz-Gössendorf | PV:COMPLETE | WND:COMPLETE
2025-11-29T01:20:29   -> KPIs berechnet: FLH_PV=1348.5h, FLH_Wind=1958.1h
2025-11-29T01:20:29 [5/288] Gratkorn | PV:COMPLETE | WND:COMPLETE
2025-11-29T01:20:30   -> KPIs berechnet: FLH_PV=1335.9h, FLH_Wind=2112.2h
2025-11-29T01:20:30 [6/288] Innsbruck | PV:COMPLETE | WND:COMPLETE
2025-11-29T01:20:30   -> KPIs berechnet: FLH_PV=1383.4h, FLH_Wind=850.4h
2025-11-29T01:20:30 [7/288] Meiningen | PV:COMPLETE | WND:COMPLETE
2025-11-29T01:20:30   -> KPIs berechnet: FLH_PV=1340.8h, FLH_Wind=1093.0h
2025-11-29T01:20:30 [8/288] Hauptkläranlage_Wien | PV:COMPLETE | WND:COMPLETE
2025-11-29T01:20:30   -> KPIs berechnet: FLH_PV=1285.7h, FLH_Wind=3550.5h
2025-11-29T01:20:31 [9/288] Bruxelles-nord | PV:COMPLETE | WND:COMPLETE
2025-11-29T01:20:31   -> KPIs berechnet: FLH_PV=1145.9h, FLH_Wind=3084.9h
2025-11-29T01:20:31 [10/288] LIEGE_OUPEYE | PV:COMPLETE | WND:COMPLETE
2025-11-29T01:20:31   -> KPIs berechnet: FLH_PV=1152.8h, FLH_Wind=3016.0h
2025-11-29T01:20:31 [11/288] UWWTP_Varna | PV:COMPLETE | WND:COMPLETE
2025-11-29T01:20:31   -> KPIs berechnet: FLH_PV=1505.8h, FLH_Wind=3603.8h
2025-11-29T01:20:32 [12/288] UWWTP_Plovdiv | PV:COMPLETE | WND:COMPLETE
2025-11-29T01:20:32   -> KPIs berechnet: FLH_PV=1479.3h, FLH_Wind=1845.2h
2025-11-29T01:20:32 [13/288] UWWTP_Sofia | PV:COMPLETE | WND:COMPLETE
2025-11-29T01:20:32   -> KPIs berechnet: FLH_PV=1479.8h, FLH_Wind=1876.4h
2025-11-29T01:20:32 [14/288] COV_Plzen | PV:COMPLETE | WND:COMPLETE
2025-11-29T01:20:32   -> KPIs berechnet: FLH_PV=1229.0h, FLH_Wind=2470.0h
2025-11-29T01:20:32 [15/288] COV_Steti_-Papirny_Mondi | PV:COMPLETE | WND:COMPLETE
2025-11-29T01:20:33   -> KPIs berechnet: FLH_PV=1323.2h, FLH_Wind=2452.9h
2025-11-29T01:20:33 [16/288] COV_Brno_-_Modrice | PV:COMPLETE | WND:COMPLETE
2025-11-29T01:20:33   -> KPIs berechnet: FLH_PV=1257.0h, FLH_Wind=2992.5h
2025-11-29T01:20:33 [17/288] UCOV_Ostrava_-_Privoz | PV:COMPLETE | WND:COMPLETE
2025-11-29T01:20:33   -> KPIs berechnet: FLH_PV=1217.1h, FLH_Wind=2710.6h
2025-11-29T01:20:33 [18/288] Stahnsdorf | PV:COMPLETE | WND:COMPLETE
2025-11-29T01:20:34   -> KPIs berechnet: FLH_PV=1124.0h, FLH_Wind=2547.9h
2025-11-29T01:20:34 [19/288] Ruhleben | PV:COMPLETE | WND:COMPLETE
2025-11-29T01:20:34   -> KPIs berechnet: FLH_PV=1120.4h, FLH_Wind=2567.6h
2025-11-29T01:20:34 [20/288] Schönerlinde | PV:COMPLETE | WND:COMPLETE
2025-11-29T01:20:34   -> KPIs berechnet: FLH_PV=1113.1h, FLH_Wind=2581.0h
2025-11-29T01:20:34 [21/288] Waßmannsdorf | PV:COMPLETE | WND:COMPLETE
2025-11-29T01:20:35   -> KPIs berechnet: FLH_PV=1122.2h, FLH_Wind=2553.2h
2025-11-29T01:20:35 [22/288] Hauptklärwerk_Mühlhausen | PV:COMPLETE | WND:COMPLETE
2025-11-29T01:20:35   -> KPIs berechnet: FLH_PV=1242.4h, FLH_Wind=2075.0h
2025-11-29T01:20:35 [23/288] Göppingen | PV:COMPLETE | WND:COMPLETE
2025-11-29T01:20:35   -> KPIs berechnet: FLH_PV=1252.5h, FLH_Wind=2096.8h
2025-11-29T01:20:35 [24/288] SKA_Heilbronn | PV:COMPLETE | WND:COMPLETE
2025-11-29T01:20:35   -> KPIs berechnet: FLH_PV=1217.6h, FLH_Wind=2124.9h
2025-11-29T01:20:36 [25/288] SKA_Karlsruhe_Neureut | PV:COMPLETE | WND:COMPLETE
2025-11-29T01:20:36   -> KPIs berechnet: FLH_PV=1217.5h, FLH_Wind=2044.0h
2025-11-29T01:20:36 [26/288] SKA_AZV_Heidelberg | PV:COMPLETE | WND:COMPLETE
2025-11-29T01:20:36   -> KPIs berechnet: FLH_PV=1202.5h, FLH_Wind=2052.7h
2025-11-29T01:20:36 [27/288] Kläranlage_Mannheim | PV:COMPLETE | WND:COMPLETE
2025-11-29T01:20:36   -> KPIs berechnet: FLH_PV=1204.2h, FLH_Wind=2052.8h
2025-11-29T01:20:37 [28/288] SKA_AZV_BREISGAUER_BUCHT_-_KA_FORCHHEIM | PV:COMPLETE | WND:COMPLETE
2025-11-29T01:20:37   -> KPIs berechnet: FLH_PV=1268.0h, FLH_Wind=1793.0h
2025-11-29T01:20:37 [29/288] Würzburg | PV:COMPLETE | WND:COMPLETE
2025-11-29T01:20:37   -> KPIs berechnet: FLH_PV=1206.7h, FLH_Wind=2111.9h
2025-11-29T01:20:37 [30/288] Augsburg | PV:COMPLETE | WND:COMPLETE
2025-11-29T01:20:37   -> KPIs berechnet: FLH_PV=1267.4h, FLH_Wind=2031.6h
2025-11-29T01:20:37 [31/288] Zweckverband_Klärwerk_Steinhäule | PV:COMPLETE | WND:COMPLETE
2025-11-29T01:20:38   -> KPIs berechnet: FLH_PV=1263.1h, FLH_Wind=2054.4h
2025-11-29T01:20:38 [32/288] München_II_-_Gut_Marienhof | PV:COMPLETE | WND:COMPLETE
2025-11-29T01:20:38   -> KPIs berechnet: FLH_PV=1247.5h, FLH_Wind=1852.3h
2025-11-29T01:20:38 [33/288] AZV_Erdinger_Moos | PV:COMPLETE | WND:COMPLETE
2025-11-29T01:20:38   -> KPIs berechnet: FLH_PV=1245.2h, FLH_Wind=1879.4h
2025-11-29T01:20:38 [34/288] Erlangen | PV:COMPLETE | WND:COMPLETE
2025-11-29T01:20:38   -> KPIs berechnet: FLH_PV=1201.8h, FLH_Wind=2139.0h
2025-11-29T01:20:39 [35/288] Rosenheim | PV:COMPLETE | WND:COMPLETE
2025-11-29T01:20:39   -> KPIs berechnet: FLH_PV=1269.6h, FLH_Wind=1459.5h
2025-11-29T01:20:39 [36/288] Kläranlage_Seehausen | PV:COMPLETE | WND:COMPLETE
2025-11-29T01:20:39   -> KPIs berechnet: FLH_PV=1080.8h, FLH_Wind=2920.5h
2025-11-29T01:20:39 [37/288] Frankfurt_am_Main_Sindlingen | PV:COMPLETE | WND:COMPLETE
2025-11-29T01:20:39   -> KPIs berechnet: FLH_PV=1198.2h, FLH_Wind=2067.3h
2025-11-29T01:20:40 [38/288] Wiesbaden_Mitte | PV:COMPLETE | WND:COMPLETE
2025-11-29T01:20:40   -> KPIs berechnet: FLH_PV=1190.7h, FLH_Wind=2110.3h
2025-11-29T01:20:40 [39/288] Klärwerksverbund_Köhlbrandhöft_Dradenau | PV:COMPLETE | WND:COMPLETE
2025-11-29T01:20:40   -> KPIs berechnet: FLH_PV=1081.8h, FLH_Wind=2936.5h
2025-11-29T01:20:40 [40/288] Rostock_-_Bramow | PV:COMPLETE | WND:COMPLETE
2025-11-29T01:20:40   -> KPIs berechnet: FLH_PV=1101.2h, FLH_Wind=3490.0h
2025-11-29T01:20:40 [41/288] 2530002102_KA_Herrenhausen | PV:COMPLETE | WND:COMPLETE
2025-11-29T01:20:41   -> KPIs berechnet: FLH_PV=1111.0h, FLH_Wind=2692.2h
2025-11-29T01:20:41 [42/288] 2530142095_KA_Gümmerwald | PV:COMPLETE | WND:COMPLETE
2025-11-29T01:20:41   -> KPIs berechnet: FLH_PV=1109.5h, FLH_Wind=2703.6h
2025-11-29T01:20:41 [43/288] 3520112001_KA_Cuxhaven | PV:COMPLETE | WND:COMPLETE
2025-11-29T01:20:41   -> KPIs berechnet: FLH_PV=1154.9h, FLH_Wind=4560.9h
2025-11-29T01:20:41 [44/288] Aachen-Soers | PV:COMPLETE | WND:COMPLETE
2025-11-29T01:20:42   -> KPIs berechnet: FLH_PV=1158.1h, FLH_Wind=2819.8h
2025-11-29T01:20:42 [45/288] Dortmund-Deusen | PV:COMPLETE | WND:COMPLETE
2025-11-29T01:20:42   -> KPIs berechnet: FLH_PV=1124.5h, FLH_Wind=2713.8h
2025-11-29T01:20:42 [46/288] Bottrop | PV:COMPLETE | WND:COMPLETE
2025-11-29T01:20:42   -> KPIs berechnet: FLH_PV=1124.7h, FLH_Wind=2685.2h
2025-11-29T01:20:42 [47/288] Köln_Stammheim | PV:COMPLETE | WND:COMPLETE
2025-11-29T01:20:42   -> KPIs berechnet: FLH_PV=1169.6h, FLH_Wind=2618.3h
2025-11-29T01:20:43 [48/288] Düsseldorf-Nord | PV:COMPLETE | WND:COMPLETE
2025-11-29T01:20:43   -> KPIs berechnet: FLH_PV=1145.5h, FLH_Wind=2664.6h
2025-11-29T01:20:43 [49/288] Krefeld | PV:COMPLETE | WND:COMPLETE
2025-11-29T01:20:43   -> KPIs berechnet: FLH_PV=1136.3h, FLH_Wind=2667.4h
2025-11-29T01:20:43 [50/288] Mönchengladbach_GWK_I | PV:COMPLETE | WND:COMPLETE
2025-11-29T01:20:43   -> KPIs berechnet: FLH_PV=1150.0h, FLH_Wind=2681.2h
2025-11-29T01:20:44 [51/288] Neuss-Ost | PV:COMPLETE | WND:COMPLETE
2025-11-29T01:20:44   -> KPIs berechnet: FLH_PV=1152.8h, FLH_Wind=2655.8h
2025-11-29T01:20:44 [52/288] Münster-Hauptkläranlage | PV:COMPLETE | WND:COMPLETE
2025-11-29T01:20:44   -> KPIs berechnet: FLH_PV=1115.0h, FLH_Wind=2724.3h
2025-11-29T01:20:44 [53/288] Abwasserverband_Obere_Lutter | PV:COMPLETE | WND:COMPLETE
2025-11-29T01:20:44   -> KPIs berechnet: FLH_PV=1115.5h, FLH_Wind=2672.7h
2025-11-29T01:20:44 [54/288] Düren | PV:COMPLETE | WND:COMPLETE
2025-11-29T01:20:45   -> KPIs berechnet: FLH_PV=1165.4h, FLH_Wind=2719.3h
2025-11-29T01:20:45 [55/288] Paderborn_Sande | PV:COMPLETE | WND:COMPLETE
2025-11-29T01:20:45   -> KPIs berechnet: FLH_PV=1129.1h, FLH_Wind=2650.2h
2025-11-29T01:20:45 [56/288] Düsseldorf-Süd | PV:COMPLETE | WND:COMPLETE
2025-11-29T01:20:45   -> KPIs berechnet: FLH_PV=1153.8h, FLH_Wind=2653.8h
2025-11-29T01:20:45 [57/288] Wuppertal-Buchenhofen | PV:COMPLETE | WND:COMPLETE
2025-11-29T01:20:46   -> KPIs berechnet: FLH_PV=1143.2h, FLH_Wind=2604.6h
2025-11-29T01:20:46 [58/288] Duisburg-Kaßlerfeld | PV:COMPLETE | WND:COMPLETE
2025-11-29T01:20:46   -> KPIs berechnet: FLH_PV=1130.6h, FLH_Wind=2666.4h
2025-11-29T01:20:46 [59/288] Emscherkläranlage | PV:COMPLETE | WND:COMPLETE
2025-11-29T01:20:46   -> KPIs berechnet: FLH_PV=1125.0h, FLH_Wind=2673.8h
2025-11-29T01:20:46 [60/288] Duisburg-Alte_Emscher | PV:COMPLETE | WND:COMPLETE
2025-11-29T01:20:46   -> KPIs berechnet: FLH_PV=1126.8h, FLH_Wind=2668.8h
2025-11-29T01:20:47 [61/288] Koblenz | PV:COMPLETE | WND:COMPLETE
2025-11-29T01:20:47   -> KPIs berechnet: FLH_PV=1181.7h, FLH_Wind=2283.7h
2025-11-29T01:20:47 [62/288] Mainz | PV:COMPLETE | WND:COMPLETE
2025-11-29T01:20:47   -> KPIs berechnet: FLH_PV=1191.5h, FLH_Wind=2109.4h
2025-11-29T01:20:47 [63/288] Hetlingen | PV:COMPLETE | WND:COMPLETE
2025-11-29T01:20:47   -> KPIs berechnet: FLH_PV=1077.7h, FLH_Wind=3002.0h
2025-11-29T01:20:48 [64/288] Neumünster | PV:COMPLETE | WND:COMPLETE
2025-11-29T01:20:48   -> KPIs berechnet: FLH_PV=1074.7h, FLH_Wind=3289.7h
2025-11-29T01:20:48 [65/288] Chemnitz_Heinersdorf_ZKA | PV:COMPLETE | WND:COMPLETE
2025-11-29T01:20:48   -> KPIs berechnet: FLH_PV=1188.0h, FLH_Wind=2489.4h
2025-11-29T01:20:48 [66/288] Bitterfeld-Wolfen | PV:COMPLETE | WND:COMPLETE
2025-11-29T01:20:48   -> KPIs berechnet: FLH_PV=1163.9h, FLH_Wind=2422.2h
2025-11-29T01:20:48 [67/288] Halle-Nord | PV:COMPLETE | WND:COMPLETE
2025-11-29T01:20:49   -> KPIs berechnet: FLH_PV=1179.3h, FLH_Wind=2380.8h
2025-11-29T01:20:49 [68/288] Schkopau | PV:COMPLETE | WND:COMPLETE
2025-11-29T01:20:49   -> KPIs berechnet: FLH_PV=1182.2h, FLH_Wind=2391.8h
2025-11-29T01:20:49 [69/288] MD-Gerwisch | PV:COMPLETE | WND:COMPLETE
2025-11-29T01:20:49   -> KPIs berechnet: FLH_PV=1148.5h, FLH_Wind=2519.5h
2025-11-29T01:20:49 [70/288] Erfurt | PV:COMPLETE | WND:COMPLETE
2025-11-29T01:20:50   -> KPIs berechnet: FLH_PV=1184.8h, FLH_Wind=2311.7h
2025-11-29T01:20:50 [71/288] Lynetten | PV:COMPLETE | WND:COMPLETE
2025-11-29T01:20:50   -> KPIs berechnet: FLH_PV=1151.9h, FLH_Wind=4885.1h
2025-11-29T01:20:50 [72/288] Damhusåen | PV:COMPLETE | WND:COMPLETE
2025-11-29T01:20:50   -> KPIs berechnet: FLH_PV=1153.4h, FLH_Wind=4891.2h
2025-11-29T01:20:50 [73/288] SPILDEVANDSCENTER_AVEDØRE | PV:COMPLETE | WND:COMPLETE
2025-11-29T01:20:50   -> KPIs berechnet: FLH_PV=1153.7h, FLH_Wind=4899.1h
2025-11-29T01:20:51 [74/288] EJBY_MØLLE_RENSEANLÆG | PV:COMPLETE | WND:COMPLETE
2025-11-29T01:20:51   -> KPIs berechnet: FLH_PV=1061.6h, FLH_Wind=3930.2h
2025-11-29T01:20:51 [75/288] FREDERICIA_CENTRALRENS | PV:COMPLETE | WND:COMPLETE
2025-11-29T01:20:51   -> KPIs berechnet: FLH_PV=1047.1h, FLH_Wind=3769.8h
2025-11-29T01:20:51 [76/288] Kohtla-Järve_regionaalne_reoveepuhasti | PV:COMPLETE | WND:COMPLETE
2025-11-29T01:20:51   -> KPIs berechnet: FLH_PV=1057.3h, FLH_Wind=4249.6h
2025-11-29T01:20:52 [77/288] Tallinna_reoveepuhastusjaam | PV:COMPLETE | WND:COMPLETE
2025-11-29T01:20:52   -> KPIs berechnet: FLH_PV=1100.4h, FLH_Wind=4911.0h
2025-11-29T01:20:52 [78/288] THESSALONIKI | PV:COMPLETE | WND:COMPLETE
2025-11-29T01:20:52   -> KPIs berechnet: FLH_PV=1581.8h, FLH_Wind=1868.1h
2025-11-29T01:20:52 [79/288] PSYTTALIA | PV:COMPLETE | WND:COMPLETE
2025-11-29T01:20:52   -> KPIs berechnet: FLH_PV=1577.0h, FLH_Wind=3393.4h
2025-11-29T01:20:52 [80/288] METAMORPHOSI | PV:COMPLETE | WND:COMPLETE
2025-11-29T01:20:53   -> KPIs berechnet: FLH_PV=1569.5h, FLH_Wind=3621.9h
2025-11-29T01:20:53 [81/288] MONTE_ORGEGIA | PV:COMPLETE | WND:COMPLETE
2025-11-29T01:20:53   -> KPIs berechnet: FLH_PV=1616.0h, FLH_Wind=2705.3h
2025-11-29T01:20:53 [82/288] RINCON_DE_LEON | PV:COMPLETE | WND:COMPLETE
2025-11-29T01:20:53   -> KPIs berechnet: FLH_PV=1616.8h, FLH_Wind=2707.1h
2025-11-29T01:20:53 [83/288] ELX_-_ALGOROS | PV:COMPLETE | WND:COMPLETE
2025-11-29T01:20:54   -> KPIs berechnet: FLH_PV=1731.2h, FLH_Wind=2873.8h
2025-11-29T01:20:54 [84/288] EL_BOBAR | PV:COMPLETE | WND:COMPLETE
2025-11-29T01:20:54   -> KPIs berechnet: FLH_PV=1667.5h, FLH_Wind=2671.5h
2025-11-29T01:20:54 [85/288] QUART_-_BENAGER | PV:COMPLETE | WND:COMPLETE
2025-11-29T01:20:54   -> KPIs berechnet: FLH_PV=1584.8h, FLH_Wind=2499.5h
2025-11-29T01:20:54 [86/288] PINEDO_1 | PV:COMPLETE | WND:COMPLETE
2025-11-29T01:20:54   -> KPIs berechnet: FLH_PV=1585.1h, FLH_Wind=2465.5h
2025-11-29T01:20:55 [87/288] GUADALETE | PV:COMPLETE | WND:COMPLETE
2025-11-29T01:20:55   -> KPIs berechnet: FLH_PV=1633.9h, FLH_Wind=3365.2h
2025-11-29T01:20:55 [88/288] LA_GOLONDRINA | PV:COMPLETE | WND:COMPLETE
2025-11-29T01:20:55   -> KPIs berechnet: FLH_PV=1607.5h, FLH_Wind=2427.6h
2025-11-29T01:20:55 [89/288] GRANADA_SUR | PV:COMPLETE | WND:COMPLETE
2025-11-29T01:20:55   -> KPIs berechnet: FLH_PV=1672.7h, FLH_Wind=1865.6h
2025-11-29T01:20:56 [90/288] HUELVA | PV:COMPLETE | WND:COMPLETE
2025-11-29T01:20:56   -> KPIs berechnet: FLH_PV=1745.0h, FLH_Wind=3486.1h
2025-11-29T01:20:56 [91/288] BENS_A_CORUÑA | PV:COMPLETE | WND:COMPLETE
2025-11-29T01:20:56   -> KPIs berechnet: FLH_PV=1452.9h, FLH_Wind=4538.2h
2025-11-29T01:20:56 [92/288] FUENGIROLA | PV:COMPLETE | WND:COMPLETE
2025-11-29T01:20:56   -> KPIs berechnet: FLH_PV=1769.6h, FLH_Wind=3071.3h
2025-11-29T01:20:56 [93/288] GUADALHORCE | PV:COMPLETE | WND:COMPLETE
2025-11-29T01:20:57   -> KPIs berechnet: FLH_PV=1766.5h, FLH_Wind=2800.7h
2025-11-29T01:20:57 [94/288] ARROYO_DE_LA_VIBORA | PV:COMPLETE | WND:COMPLETE
2025-11-29T01:20:57   -> KPIs berechnet: FLH_PV=1767.2h, FLH_Wind=3151.8h
2025-11-29T01:20:57 [95/288] SUR | PV:COMPLETE | WND:COMPLETE
2025-11-29T01:20:57   -> KPIs berechnet: FLH_PV=1593.1h, FLH_Wind=2930.7h
2025-11-29T01:20:57 [96/288] LA_CHINA | PV:COMPLETE | WND:COMPLETE
2025-11-29T01:20:58   -> KPIs berechnet: FLH_PV=1593.1h, FLH_Wind=2930.7h
2025-11-29T01:20:58 [97/288] BUTARQUE | PV:COMPLETE | WND:COMPLETE
2025-11-29T01:20:58   -> KPIs berechnet: FLH_PV=1592.8h, FLH_Wind=2911.7h
2025-11-29T01:20:58 [98/288] REJAS | PV:COMPLETE | WND:COMPLETE
2025-11-29T01:20:58   -> KPIs berechnet: FLH_PV=1590.0h, FLH_Wind=2897.4h
2025-11-29T01:20:58 [99/288] LA_GAVIA | PV:COMPLETE | WND:COMPLETE
2025-11-29T01:20:58   -> KPIs berechnet: FLH_PV=1592.5h, FLH_Wind=2906.7h
2025-11-29T01:20:59 [100/288] ARROYO_CULEBRO_CUENCA_MEDIA_ALTA | PV:COMPLETE | WND:COMPLETE
2025-11-29T01:20:59   -> KPIs berechnet: FLH_PV=1594.6h, FLH_Wind=2923.5h
2025-11-29T01:20:59 [101/288] ARROYO_CULEBRO_CUENCA_BAJA | PV:COMPLETE | WND:COMPLETE
2025-11-29T01:20:59   -> KPIs berechnet: FLH_PV=1593.3h, FLH_Wind=2938.6h
2025-11-29T01:20:59 [102/288] ARROYO_DEL_SOTO | PV:COMPLETE | WND:COMPLETE
2025-11-29T01:20:59   -> KPIs berechnet: FLH_PV=1592.7h, FLH_Wind=2841.8h
2025-11-29T01:21:00 [103/288] ARROYO_DE_LA_VEGA | PV:COMPLETE | WND:COMPLETE
2025-11-29T01:21:00   -> KPIs berechnet: FLH_PV=1588.6h, FLH_Wind=2870.8h
2025-11-29T01:21:00 [104/288] TORREJÓN_DE_ARDOZ | PV:COMPLETE | WND:COMPLETE
2025-11-29T01:21:00   -> KPIs berechnet: FLH_PV=1590.1h, FLH_Wind=2916.5h
2025-11-29T01:21:00 [105/288] PALOMARES | PV:COMPLETE | WND:COMPLETE
2025-11-29T01:21:01   -> KPIs berechnet: FLH_PV=1610.4h, FLH_Wind=2834.0h
2025-11-29T01:21:01 [106/288] COPERO | PV:COMPLETE | WND:COMPLETE
2025-11-29T01:21:01   -> KPIs berechnet: FLH_PV=1610.3h, FLH_Wind=2809.1h
2025-11-29T01:21:01 [107/288] LA_RANILLA | PV:COMPLETE | WND:COMPLETE
2025-11-29T01:21:01   -> KPIs berechnet: FLH_PV=1609.2h, FLH_Wind=2766.3h
2025-11-29T01:21:01 [108/288] SAN_JERONIMO | PV:COMPLETE | WND:COMPLETE
2025-11-29T01:21:02   -> KPIs berechnet: FLH_PV=1608.0h, FLH_Wind=2796.0h
2025-11-29T01:21:02 [109/288] CARTAGENA_CABEZO_BEAZA | PV:COMPLETE | WND:COMPLETE
2025-11-29T01:21:02   -> KPIs berechnet: FLH_PV=1732.7h, FLH_Wind=2946.1h
2025-11-29T01:21:02 [110/288] MAR_MENOR_SUR | PV:COMPLETE | WND:COMPLETE
2025-11-29T01:21:02   -> KPIs berechnet: FLH_PV=1734.6h, FLH_Wind=3038.3h
2025-11-29T01:21:02 [111/288] ARAZURI | PV:COMPLETE | WND:COMPLETE
2025-11-29T01:21:03   -> KPIs berechnet: FLH_PV=1420.1h, FLH_Wind=2987.9h
2025-11-29T01:21:03 [112/288] Crispijana | PV:COMPLETE | WND:COMPLETE
2025-11-29T01:21:03   -> KPIs berechnet: FLH_PV=1403.0h, FLH_Wind=2970.7h
2025-11-29T01:21:03 [113/288] Loiola | PV:COMPLETE | WND:COMPLETE
2025-11-29T01:21:03   -> KPIs berechnet: FLH_PV=1457.2h, FLH_Wind=3100.2h
2025-11-29T01:21:03 [114/288] LOGROÑO | PV:COMPLETE | WND:COMPLETE
2025-11-29T01:21:04   -> KPIs berechnet: FLH_PV=1501.5h, FLH_Wind=2900.6h
2025-11-29T01:21:04 [115/288] ZARAGOZA_LA_CARTUJA | PV:COMPLETE | WND:COMPLETE
2025-11-29T01:21:04   -> KPIs berechnet: FLH_PV=1562.3h, FLH_Wind=3702.3h
2025-11-29T01:21:04 [116/288] GIJON_OESTE | PV:COMPLETE | WND:COMPLETE
2025-11-29T01:21:04   -> KPIs berechnet: FLH_PV=1399.9h, FLH_Wind=3222.6h
2025-11-29T01:21:04 [117/288] VILLAPEREZ | PV:COMPLETE | WND:COMPLETE
2025-11-29T01:21:05   -> KPIs berechnet: FLH_PV=1406.1h, FLH_Wind=3041.4h
2025-11-29T01:21:05 [118/288] PALMA_II | PV:COMPLETE | WND:COMPLETE
2025-11-29T01:21:05   -> KPIs berechnet: FLH_PV=1676.1h, FLH_Wind=2943.5h
2025-11-29T01:21:05 [119/288] SAN_PANTALEON | PV:COMPLETE | WND:COMPLETE
2025-11-29T01:21:05   -> KPIs berechnet: FLH_PV=1464.1h, FLH_Wind=3283.5h
2025-11-29T01:21:05 [120/288] SAN_ROMÁN | PV:COMPLETE | WND:COMPLETE
2025-11-29T01:21:06   -> KPIs berechnet: FLH_PV=1465.3h, FLH_Wind=3200.1h
2025-11-29T01:21:06 [121/288] VUELTA_OSTRERA | PV:COMPLETE | WND:COMPLETE
2025-11-29T01:21:06   -> KPIs berechnet: FLH_PV=1481.7h, FLH_Wind=3161.4h
2025-11-29T01:21:06 [122/288] BURGOS | PV:COMPLETE | WND:COMPLETE
2025-11-29T01:21:06   -> KPIs berechnet: FLH_PV=1494.3h, FLH_Wind=3676.6h
2025-11-29T01:21:06 [123/288] LEON | PV:COMPLETE | WND:COMPLETE
2025-11-29T01:21:06   -> KPIs berechnet: FLH_PV=1510.8h, FLH_Wind=2932.5h
2025-11-29T01:21:07 [124/288] SALAMANCA | PV:COMPLETE | WND:COMPLETE
2025-11-29T01:21:07   -> KPIs berechnet: FLH_PV=1566.5h, FLH_Wind=3414.3h
2025-11-29T01:21:07 [125/288] VALLADOLID | PV:COMPLETE | WND:COMPLETE
2025-11-29T01:21:07   -> KPIs berechnet: FLH_PV=1535.3h, FLH_Wind=3328.6h
2025-11-29T01:21:07 [126/288] ALCAZAR_DE_SAN_JUAN-CAMPO_DE_CRIPTANA | PV:COMPLETE | WND:COMPLETE
2025-11-29T01:21:07   -> KPIs berechnet: FLH_PV=1622.0h, FLH_Wind=3236.7h
2025-11-29T01:21:08 [127/288] LLAGOSTA_LA | PV:COMPLETE | WND:COMPLETE
2025-11-29T01:21:08   -> KPIs berechnet: FLH_PV=1505.3h, FLH_Wind=2004.7h
2025-11-29T01:21:08 [128/288] MONTCADA | PV:COMPLETE | WND:COMPLETE
2025-11-29T01:21:08   -> KPIs berechnet: FLH_PV=1507.4h, FLH_Wind=2018.2h
2025-11-29T01:21:08 [129/288] PRAT_DE_LLOBREGAT_EL | PV:COMPLETE | WND:COMPLETE
2025-11-29T01:21:08   -> KPIs berechnet: FLH_PV=1521.1h, FLH_Wind=2112.9h
2025-11-29T01:21:08 [130/288] SANT_FELIU_DE_LLOBREGAT | PV:COMPLETE | WND:COMPLETE
2025-11-29T01:21:09   -> KPIs berechnet: FLH_PV=1518.8h, FLH_Wind=2078.2h
2025-11-29T01:21:09 [131/288] TERRASSA | PV:COMPLETE | WND:COMPLETE
2025-11-29T01:21:09   -> KPIs berechnet: FLH_PV=1511.0h, FLH_Wind=2009.7h
2025-11-29T01:21:09 [132/288] TP_36_of_Helsingin_kt | PV:COMPLETE | WND:COMPLETE
2025-11-29T01:21:09   -> KPIs berechnet: FLH_PV=1071.6h, FLH_Wind=4071.0h
2025-11-29T01:21:09 [133/288] TP_101_of_Helsingin_kt | PV:COMPLETE | WND:COMPLETE
2025-11-29T01:21:10   -> KPIs berechnet: FLH_PV=1061.3h, FLH_Wind=4012.0h
2025-11-29T01:21:10 [134/288] MAXEVILLE | PV:COMPLETE | WND:COMPLETE
2025-11-29T01:21:10   -> KPIs berechnet: FLH_PV=1210.4h, FLH_Wind=2607.7h
2025-11-29T01:21:10 [135/288] METZ | PV:COMPLETE | WND:COMPLETE
2025-11-29T01:21:10   -> KPIs berechnet: FLH_PV=1189.9h, FLH_Wind=2664.3h
2025-11-29T01:21:10 [136/288] STRASBOURG_-_LA_WANTZENAU | PV:COMPLETE | WND:COMPLETE
2025-11-29T01:21:10   -> KPIs berechnet: FLH_PV=1241.9h, FLH_Wind=1926.0h
2025-11-29T01:21:11 [137/288] SAUSHEIM | PV:COMPLETE | WND:COMPLETE
2025-11-29T01:21:11   -> KPIs berechnet: FLH_PV=1286.5h, FLH_Wind=1841.7h
2025-11-29T01:21:11 [138/288] REIMS | PV:COMPLETE | WND:COMPLETE
2025-11-29T01:21:11   -> KPIs berechnet: FLH_PV=1180.0h, FLH_Wind=2783.7h
2025-11-29T01:21:11 [139/288] LE_HAVRE | PV:COMPLETE | WND:COMPLETE
2025-11-29T01:21:11   -> KPIs berechnet: FLH_PV=1294.1h, FLH_Wind=4604.4h
2025-11-29T01:21:12 [140/288] ROUEN | PV:COMPLETE | WND:COMPLETE
2025-11-29T01:21:12   -> KPIs berechnet: FLH_PV=1195.3h, FLH_Wind=3385.7h
2025-11-29T01:21:12 [141/288] PARIS_SEINE_AVAL | PV:COMPLETE | WND:COMPLETE
2025-11-29T01:21:12   -> KPIs berechnet: FLH_PV=1196.5h, FLH_Wind=2966.6h
2025-11-29T01:21:12 [142/288] CARRE_DE_REUNION | PV:COMPLETE | WND:COMPLETE
2025-11-29T01:21:12   -> KPIs berechnet: FLH_PV=1200.5h, FLH_Wind=2960.9h
2025-11-29T01:21:12 [143/288] PARIS_SEINE_GRÉSILLONS | PV:COMPLETE | WND:COMPLETE
2025-11-29T01:21:13   -> KPIs berechnet: FLH_PV=1196.2h, FLH_Wind=2981.2h
2025-11-29T01:21:13 [144/288] PARIS_SEINE-CENTRE | PV:COMPLETE | WND:COMPLETE
2025-11-29T01:21:13   -> KPIs berechnet: FLH_PV=1198.3h, FLH_Wind=2952.5h
2025-11-29T01:21:13 [145/288] PARIS_MARNE_AVAL | PV:COMPLETE | WND:COMPLETE
2025-11-29T01:21:13   -> KPIs berechnet: FLH_PV=1202.8h, FLH_Wind=2895.5h
2025-11-29T01:21:13 [146/288] NEUVILLE_SUR_OISE | PV:COMPLETE | WND:COMPLETE
2025-11-29T01:21:14   -> KPIs berechnet: FLH_PV=1195.2h, FLH_Wind=2980.8h
2025-11-29T01:21:14 [147/288] RENNES | PV:COMPLETE | WND:COMPLETE
2025-11-29T01:21:14   -> KPIs berechnet: FLH_PV=1232.1h, FLH_Wind=3366.1h
2025-11-29T01:21:14 [148/288] TOURS_LA_RICHE_LA_GRANGE_DAVID | PV:COMPLETE | WND:COMPLETE
2025-11-29T01:21:14   -> KPIs berechnet: FLH_PV=1237.4h, FLH_Wind=2901.8h
2025-11-29T01:21:14 [149/288] NANTES_1-TOUGAS | PV:COMPLETE | WND:COMPLETE
2025-11-29T01:21:15   -> KPIs berechnet: FLH_PV=1281.7h, FLH_Wind=3319.4h
2025-11-29T01:21:15 [150/288] LMM_LE_MANS_-_LA_CHAUVINIÈRE | PV:COMPLETE | WND:COMPLETE
2025-11-29T01:21:15   -> KPIs berechnet: FLH_PV=1224.2h, FLH_Wind=3003.3h
2025-11-29T01:21:15 [151/288] TOULOUSE_GINESTOUS | PV:COMPLETE | WND:COMPLETE
2025-11-29T01:21:15   -> KPIs berechnet: FLH_PV=1357.2h, FLH_Wind=2238.6h
2025-11-29T01:21:15 [152/288] BEGLES_CLOS_DE_HILDE | PV:COMPLETE | WND:COMPLETE
2025-11-29T01:21:15   -> KPIs berechnet: FLH_PV=1325.2h, FLH_Wind=2481.9h
2025-11-29T01:21:16 [153/288] DIJON | PV:COMPLETE | WND:COMPLETE
2025-11-29T01:21:16   -> KPIs berechnet: FLH_PV=1270.6h, FLH_Wind=2528.4h
2025-11-29T01:21:16 [154/288] MAERA_EX_CEREIREDE | PV:COMPLETE | WND:COMPLETE
2025-11-29T01:21:16   -> KPIs berechnet: FLH_PV=1591.5h, FLH_Wind=3827.6h
2025-11-29T01:21:16 [155/288] GRENOBLE_AQUAPOLE | PV:COMPLETE | WND:COMPLETE
2025-11-29T01:21:16   -> KPIs berechnet: FLH_PV=1401.2h, FLH_Wind=1345.3h
2025-11-29T01:21:17 [156/288] LYON_-_PIERRE_BÉNITE | PV:COMPLETE | WND:COMPLETE
2025-11-29T01:21:17   -> KPIs berechnet: FLH_PV=1339.1h, FLH_Wind=2250.8h
2025-11-29T01:21:17 [157/288] LYON_-_SAINT_FONS | PV:COMPLETE | WND:COMPLETE
2025-11-29T01:21:17   -> KPIs berechnet: FLH_PV=1339.0h, FLH_Wind=2246.8h
2025-11-29T01:21:17 [158/288] FERNEY-VOLTAIRE_-_AIRE_2 | PV:COMPLETE | WND:COMPLETE
2025-11-29T01:21:17   -> KPIs berechnet: FLH_PV=1365.7h, FLH_Wind=1256.3h
2025-11-29T01:21:17 [159/288] Rijeka-Delta | PV:COMPLETE | WND:COMPLETE
2025-11-29T01:21:18   -> KPIs berechnet: FLH_PV=1458.8h, FLH_Wind=3045.0h
2025-11-29T01:21:18 [160/288] Zagreb | PV:COMPLETE | WND:COMPLETE
2025-11-29T01:21:18   -> KPIs berechnet: FLH_PV=1313.5h, FLH_Wind=2354.4h
2025-11-29T01:21:18 [161/288] Miskolc_-_Szennyviztisztito_Telep | PV:COMPLETE | WND:COMPLETE
2025-11-29T01:21:18   -> KPIs berechnet: FLH_PV=1282.9h, FLH_Wind=2702.9h
2025-11-29T01:21:18 [162/288] Pecs_-_Szennyviztisztito_Telep | PV:COMPLETE | WND:COMPLETE
2025-11-29T01:21:19   -> KPIs berechnet: FLH_PV=1334.2h, FLH_Wind=2922.8h
2025-11-29T01:21:19 [163/288] Budapest_Eszak_Pest_-_Szennyviztisztito_Telep | PV:COMPLETE | WND:COMPLETE
2025-11-29T01:21:19   -> KPIs berechnet: FLH_PV=1299.7h, FLH_Wind=3095.1h
2025-11-29T01:21:19 [164/288] Debrecen_-_Szennyviztisztito_Telep | PV:COMPLETE | WND:COMPLETE
2025-11-29T01:21:19   -> KPIs berechnet: FLH_PV=1274.1h, FLH_Wind=2871.2h
2025-11-29T01:21:19 [165/288] Gyor_-_Szennyviztisztito_Telep | PV:COMPLETE | WND:COMPLETE
2025-11-29T01:21:20   -> KPIs berechnet: FLH_PV=1294.2h, FLH_Wind=3510.6h
2025-11-29T01:21:20 [166/288] Cork_city | PV:COMPLETE | WND:COMPLETE
2025-11-29T01:21:20   -> KPIs berechnet: FLH_PV=1079.9h, FLH_Wind=4198.9h
2025-11-29T01:21:20 [167/288] Ringsend | PV:COMPLETE | WND:COMPLETE
2025-11-29T01:21:20   -> KPIs berechnet: FLH_PV=1122.5h, FLH_Wind=5074.7h
2025-11-29T01:21:20 [168/288] Cossato_Spolina | PV:COMPLETE | WND:COMPLETE
2025-11-29T01:21:21   -> KPIs berechnet: FLH_PV=1424.3h, FLH_Wind=652.9h
2025-11-29T01:21:21 [169/288] Castiglione | PV:COMPLETE | WND:COMPLETE
2025-11-29T01:21:21   -> KPIs berechnet: FLH_PV=1423.4h, FLH_Wind=775.0h
2025-11-29T01:21:21 [170/288] Dp01209001_Lonate_Pozzolo | PV:COMPLETE | WND:COMPLETE
2025-11-29T01:21:21   -> KPIs berechnet: FLH_PV=1364.1h, FLH_Wind=874.4h
2025-11-29T01:21:22 [171/288] Dp01514601_Milano_Nosedo | PV:COMPLETE | WND:COMPLETE
2025-11-29T01:21:22   -> KPIs berechnet: FLH_PV=1361.0h, FLH_Wind=1001.1h
2025-11-29T01:21:22 [172/288] Dp01514602_Milano_S_Rocco | PV:COMPLETE | WND:COMPLETE
2025-11-29T01:21:22   -> KPIs berechnet: FLH_PV=1363.3h, FLH_Wind=1009.9h
2025-11-29T01:21:22 [173/288] Dp01517001_Pero_Olona_Sud | PV:COMPLETE | WND:COMPLETE
2025-11-29T01:21:22   -> KPIs berechnet: FLH_PV=1357.2h, FLH_Wind=960.9h
2025-11-29T01:21:23 [174/288] Dp01517101_Peschiera_Borromeo | PV:COMPLETE | WND:COMPLETE
2025-11-29T01:21:23   -> KPIs berechnet: FLH_PV=1360.9h, FLH_Wind=1015.8h
2025-11-29T01:21:23 [175/288] Peschiera_Del_Garda_Paradiso | PV:COMPLETE | WND:COMPLETE
2025-11-29T01:21:23   -> KPIs berechnet: FLH_PV=1338.1h, FLH_Wind=1212.0h
2025-11-29T01:21:23 [176/288] Verona_Via_Avesani | PV:COMPLETE | WND:COMPLETE
2025-11-29T01:21:24   -> KPIs berechnet: FLH_PV=1330.8h, FLH_Wind=1180.3h
2025-11-29T01:21:24 [177/288] Arzignano_Via_Altura | PV:COMPLETE | WND:COMPLETE
2025-11-29T01:21:24   -> KPIs berechnet: FLH_PV=1325.4h, FLH_Wind=1143.9h
2025-11-29T01:21:24 [178/288] Montebello_Vicentino_Via_Fracanzana | PV:COMPLETE | WND:COMPLETE
2025-11-29T01:21:24   -> KPIs berechnet: FLH_PV=1323.9h, FLH_Wind=1199.5h
2025-11-29T01:21:24 [179/288] Venezia_Fusina_Via_Dei_Cantieri | PV:COMPLETE | WND:COMPLETE
2025-11-29T01:21:25   -> KPIs berechnet: FLH_PV=1325.7h, FLH_Wind=1583.6h
2025-11-29T01:21:25 [180/288] San_Giorgio_Di_Nogaro | PV:COMPLETE | WND:COMPLETE
2025-11-29T01:21:25   -> KPIs berechnet: FLH_PV=1323.2h, FLH_Wind=1503.0h
2025-11-29T01:21:25 [181/288] Bologna_Corticella | PV:COMPLETE | WND:COMPLETE
2025-11-29T01:21:25   -> KPIs berechnet: FLH_PV=1378.4h, FLH_Wind=2026.2h
2025-11-29T01:21:25 [182/288] Rimini_S_Giustina | PV:COMPLETE | WND:COMPLETE
2025-11-29T01:21:25   -> KPIs berechnet: FLH_PV=1386.7h, FLH_Wind=2312.3h
2025-11-29T01:21:26 [183/288] Idl_Baciacavallo | PV:COMPLETE | WND:COMPLETE
2025-11-29T01:21:26   -> KPIs berechnet: FLH_PV=1356.1h, FLH_Wind=2055.4h
2025-11-29T01:21:26 [184/288] Idl_San_Colombano | PV:COMPLETE | WND:COMPLETE
2025-11-29T01:21:26   -> KPIs berechnet: FLH_PV=1366.2h, FLH_Wind=2092.7h
2025-11-29T01:21:26 [185/288] Idi_Aquarno | PV:COMPLETE | WND:COMPLETE
2025-11-29T01:21:26   -> KPIs berechnet: FLH_PV=1388.7h, FLH_Wind=2150.6h
2025-11-29T01:21:27 [186/288] Idi_Cuoio_Depur | PV:COMPLETE | WND:COMPLETE
2025-11-29T01:21:27   -> KPIs berechnet: FLH_PV=1394.9h, FLH_Wind=2181.2h
2025-11-29T01:21:27 [187/288] Idi_Casa_Del_Lupo | PV:COMPLETE | WND:COMPLETE
2025-11-29T01:21:27   -> KPIs berechnet: FLH_PV=1380.8h, FLH_Wind=2032.9h
2025-11-29T01:21:27 [188/288] ROMA_EST | PV:COMPLETE | WND:COMPLETE
2025-11-29T01:21:27   -> KPIs berechnet: FLH_PV=1463.0h, FLH_Wind=1931.5h
2025-11-29T01:21:27 [189/288] ROMA_NORD | PV:COMPLETE | WND:COMPLETE
2025-11-29T01:21:28   -> KPIs berechnet: FLH_PV=1462.4h, FLH_Wind=2026.0h
2025-11-29T01:21:28 [190/288] ROMA_SUD | PV:COMPLETE | WND:COMPLETE
2025-11-29T01:21:28   -> KPIs berechnet: FLH_PV=1470.1h, FLH_Wind=2048.2h
2025-11-29T01:21:28 [191/288] Caivano_Depuratore_Di_Acerra | PV:COMPLETE | WND:COMPLETE
2025-11-29T01:21:28   -> KPIs berechnet: FLH_PV=1555.3h, FLH_Wind=1694.1h
2025-11-29T01:21:28 [192/288] Orta_Di_Atella_Ce_Impianto_Napoli_Nord | PV:COMPLETE | WND:COMPLETE
2025-11-29T01:21:29   -> KPIs berechnet: FLH_PV=1454.7h, FLH_Wind=1711.1h
2025-11-29T01:21:29 [193/288] Marigliano_Na_Depuratore_Di_Nola | PV:COMPLETE | WND:COMPLETE
2025-11-29T01:21:29   -> KPIs berechnet: FLH_PV=1555.0h, FLH_Wind=1773.7h
2025-11-29T01:21:29 [194/288] Marcianise_Ce_Depuratore_Di_Marcianise | PV:COMPLETE | WND:COMPLETE
2025-11-29T01:21:29   -> KPIs berechnet: FLH_PV=1455.3h, FLH_Wind=1717.4h
2025-11-29T01:21:29 [195/288] Pozzuoli_Na_Impianto_Napoli_Ovest_Cuma | PV:COMPLETE | WND:COMPLETE
2025-11-29T01:21:29   -> KPIs berechnet: FLH_PV=1468.7h, FLH_Wind=1848.9h
2025-11-29T01:21:30 [196/288] Salerno_Impianto_Salerno | PV:COMPLETE | WND:COMPLETE
2025-11-29T01:21:30   -> KPIs berechnet: FLH_PV=1567.1h, FLH_Wind=2286.1h
2025-11-29T01:21:30 [197/288] Bari_Est | PV:COMPLETE | WND:COMPLETE
2025-11-29T01:21:30   -> KPIs berechnet: FLH_PV=1490.6h, FLH_Wind=3093.6h
2025-11-29T01:21:30 [198/288] Impianto_Consortile_Di_Catania | PV:COMPLETE | WND:COMPLETE
2025-11-29T01:21:30   -> KPIs berechnet: FLH_PV=1659.2h, FLH_Wind=2457.3h
2025-11-29T01:21:31 [199/288] Impianto_C_Da_Magnisi_Casale_Vecchie_Saline_Depuratore_Ias_Priolo | PV:COMPLETE | WND:COMPLETE
2025-11-29T01:21:31   -> KPIs berechnet: FLH_PV=1671.0h, FLH_Wind=2796.5h
2025-11-29T01:21:31 [200/288] Casic_Loc_Sa_Marra | PV:COMPLETE | WND:COMPLETE
2025-11-29T01:21:31   -> KPIs berechnet: FLH_PV=1638.3h, FLH_Wind=3654.8h
2025-11-29T01:21:31 [201/288] Vilniaus_nuoteku_valykla | PV:COMPLETE | WND:COMPLETE
2025-11-29T01:21:31   -> KPIs berechnet: FLH_PV=1038.2h, FLH_Wind=2391.9h
2025-11-29T01:21:32 [202/288] Kauno_nuoteku_valykla | PV:COMPLETE | WND:COMPLETE
2025-11-29T01:21:32   -> KPIs berechnet: FLH_PV=1033.4h, FLH_Wind=2331.0h
2025-11-29T01:21:32 [203/288] Klaipedos_nuoteku_valykla | PV:COMPLETE | WND:COMPLETE
2025-11-29T01:21:32   -> KPIs berechnet: FLH_PV=1085.5h, FLH_Wind=3494.5h
2025-11-29T01:21:32 [204/288] BAI_Daugavgrīva | PV:COMPLETE | WND:COMPLETE
2025-11-29T01:21:32   -> KPIs berechnet: FLH_PV=1030.2h, FLH_Wind=3169.1h
2025-11-29T01:21:33 [205/288] Ta_Barkat_Urban_Wastewater_Treatment_Plant | PV:COMPLETE | WND:COMPLETE
2025-11-29T01:21:33   -> KPIs berechnet: FLH_PV=1609.5h, FLH_Wind=3605.5h
2025-11-29T01:21:33 [206/288] UWWTP_AMSTERDAM-WEST | PV:COMPLETE | WND:COMPLETE
2025-11-29T01:21:33   -> KPIs berechnet: FLH_PV=1132.5h, FLH_Wind=3807.3h
2025-11-29T01:21:33 [207/288] UWWTP_HARNASCHPOLDER | PV:COMPLETE | WND:COMPLETE
2025-11-29T01:21:33   -> KPIs berechnet: FLH_PV=1227.9h, FLH_Wind=4725.3h
2025-11-29T01:21:33 [208/288] UWWTP_KRALINGSEVEER | PV:COMPLETE | WND:COMPLETE
2025-11-29T01:21:34   -> KPIs berechnet: FLH_PV=1140.5h, FLH_Wind=3393.7h
2025-11-29T01:21:34 [209/288] UWWTP_NIEUWVEER | PV:COMPLETE | WND:COMPLETE
2025-11-29T01:21:34   -> KPIs berechnet: FLH_PV=1136.5h, FLH_Wind=3115.6h
2025-11-29T01:21:34 [210/288] UWWTP_BATH | PV:COMPLETE | WND:COMPLETE
2025-11-29T01:21:34   -> KPIs berechnet: FLH_PV=1145.5h, FLH_Wind=3372.7h
2025-11-29T01:21:34 [211/288] UWWTP_EINDHOVEN | PV:COMPLETE | WND:COMPLETE
2025-11-29T01:21:35   -> KPIs berechnet: FLH_PV=1134.1h, FLH_Wind=2865.5h
2025-11-29T01:21:35 [212/288] UWWTP_AARLE-RIXTEL | PV:COMPLETE | WND:COMPLETE
2025-11-29T01:21:35   -> KPIs berechnet: FLH_PV=1133.2h, FLH_Wind=2852.1h
2025-11-29T01:21:35 [213/288] UWWTP_AMSTERDAN-WESTPOORT | PV:COMPLETE | WND:COMPLETE
2025-11-29T01:21:35   -> KPIs berechnet: FLH_PV=1132.0h, FLH_Wind=3808.1h
2025-11-29T01:21:35 [214/288] UWWTP_TILBURG-NOORD | PV:COMPLETE | WND:COMPLETE
2025-11-29T01:21:36   -> KPIs berechnet: FLH_PV=1132.1h, FLH_Wind=2937.7h
2025-11-29T01:21:36 [215/288] Sentralrenseanlegget_for_Nord_Jæren_SNJ | PV:COMPLETE | WND:COMPLETE
2025-11-29T01:21:36   -> KPIs berechnet: FLH_PV=1013.0h, FLH_Wind=4386.3h
2025-11-29T01:21:36 [216/288] Wrocławska_Oczyszczalnia_Ścieków | PV:COMPLETE | WND:COMPLETE
2025-11-29T01:21:36   -> KPIs berechnet: FLH_PV=1171.0h, FLH_Wind=2581.2h
2025-11-29T01:21:36 [217/288] Toruń_Centralna_Oczyszczalnia_Ścieków | PV:COMPLETE | WND:COMPLETE
2025-11-29T01:21:36   -> KPIs berechnet: FLH_PV=1101.0h, FLH_Wind=2642.7h
2025-11-29T01:21:37 [218/288] Lublin-Hajdów | PV:COMPLETE | WND:COMPLETE
2025-11-29T01:21:37   -> KPIs berechnet: FLH_PV=1153.4h, FLH_Wind=2468.5h
2025-11-29T01:21:37 [219/288] Goś_Łam | PV:COMPLETE | WND:COMPLETE
2025-11-29T01:21:37   -> KPIs berechnet: FLH_PV=1143.6h, FLH_Wind=2541.1h
2025-11-29T01:21:37 [220/288] Kutno | PV:COMPLETE | WND:COMPLETE
2025-11-29T01:21:37   -> KPIs berechnet: FLH_PV=1130.7h, FLH_Wind=2544.6h
2025-11-29T01:21:38 [221/288] Kraków-Płaszów | PV:COMPLETE | WND:COMPLETE
2025-11-29T01:21:38   -> KPIs berechnet: FLH_PV=1210.9h, FLH_Wind=2366.3h
2025-11-29T01:21:38 [222/288] Kraków-Kujawy | PV:COMPLETE | WND:COMPLETE
2025-11-29T01:21:38   -> KPIs berechnet: FLH_PV=1208.4h, FLH_Wind=2358.0h
2025-11-29T01:21:38 [223/288] Tarnów | PV:COMPLETE | WND:COMPLETE
2025-11-29T01:21:38   -> KPIs berechnet: FLH_PV=1200.7h, FLH_Wind=2307.5h
2025-11-29T01:21:38 [224/288] Zakład_Oczyszczalni_Ścieków_Czajka | PV:COMPLETE | WND:COMPLETE
2025-11-29T01:21:39   -> KPIs berechnet: FLH_PV=1124.5h, FLH_Wind=2493.3h
2025-11-29T01:21:39 [225/288] Zakład_Oczyszczalni_Ścieków_Południe | PV:COMPLETE | WND:COMPLETE
2025-11-29T01:21:39   -> KPIs berechnet: FLH_PV=1127.4h, FLH_Wind=2484.2h
2025-11-29T01:21:39 [226/288] Radom | PV:COMPLETE | WND:COMPLETE
2025-11-29T01:21:39   -> KPIs berechnet: FLH_PV=1161.3h, FLH_Wind=2475.4h
2025-11-29T01:21:39 [227/288] Rzeszów | PV:COMPLETE | WND:COMPLETE
2025-11-29T01:21:40   -> KPIs berechnet: FLH_PV=1190.2h, FLH_Wind=2460.2h
2025-11-29T01:21:40 [228/288] Oczyszczalnia_Ścieków_w_Białymstoku | PV:COMPLETE | WND:COMPLETE
2025-11-29T01:21:40   -> KPIs berechnet: FLH_PV=1091.9h, FLH_Wind=2311.5h
2025-11-29T01:21:40 [229/288] Gdańsk-Wschód | PV:COMPLETE | WND:COMPLETE
2025-11-29T01:21:40   -> KPIs berechnet: FLH_PV=1171.2h, FLH_Wind=4448.0h
2025-11-29T01:21:40 [230/288] Goś_Dębogórze | PV:COMPLETE | WND:COMPLETE
2025-11-29T01:21:41   -> KPIs berechnet: FLH_PV=1169.1h, FLH_Wind=4590.9h
2025-11-29T01:21:41 [231/288] International_Paper-Kwidzyn_Sp_z_o_o | PV:COMPLETE | WND:COMPLETE
2025-11-29T01:21:41   -> KPIs berechnet: FLH_PV=1083.2h, FLH_Wind=2796.5h
2025-11-29T01:21:41 [232/288] Radocha_Ii | PV:COMPLETE | WND:COMPLETE
2025-11-29T01:21:41   -> KPIs berechnet: FLH_PV=1190.6h, FLH_Wind=2399.7h
2025-11-29T01:21:41 [233/288] Centralna_Oczyszczalnia_Ścieków_w_Gliwicach | PV:COMPLETE | WND:COMPLETE
2025-11-29T01:21:41   -> KPIs berechnet: FLH_PV=1187.7h, FLH_Wind=2450.1h
2025-11-29T01:21:42 [234/288] Centralna_Oczyszczalnia_Ścieków_w_Koziegłowach | PV:COMPLETE | WND:COMPLETE
2025-11-29T01:21:42   -> KPIs berechnet: FLH_PV=1116.1h, FLH_Wind=2621.5h
2025-11-29T01:21:42 [235/288] Dopiewo | PV:COMPLETE | WND:COMPLETE
2025-11-29T01:21:42   -> KPIs berechnet: FLH_PV=1119.7h, FLH_Wind=2607.3h
2025-11-29T01:21:42 [236/288] Pomorzany | PV:COMPLETE | WND:COMPLETE
2025-11-29T01:21:42   -> KPIs berechnet: FLH_PV=1168.1h, FLH_Wind=2915.2h
2025-11-29T01:21:43 [237/288] Agra_I_e_II | PV:COMPLETE | WND:COMPLETE
2025-11-29T01:21:43   -> KPIs berechnet: FLH_PV=1454.9h, FLH_Wind=3405.7h
2025-11-29T01:21:43 [238/288] Rib_de_Moinhos | PV:COMPLETE | WND:COMPLETE
2025-11-29T01:21:43   -> KPIs berechnet: FLH_PV=1615.1h, FLH_Wind=4168.8h
2025-11-29T01:21:43 [239/288] Matosinhos | PV:COMPLETE | WND:COMPLETE
2025-11-29T01:21:43   -> KPIs berechnet: FLH_PV=1563.4h, FLH_Wind=3406.7h
2025-11-29T01:21:44 [240/288] Frielas | PV:COMPLETE | WND:COMPLETE
2025-11-29T01:21:44   -> KPIs berechnet: FLH_PV=1580.2h, FLH_Wind=4481.4h
2025-11-29T01:21:44 [241/288] Serzedelo_II | PV:COMPLETE | WND:COMPLETE
2025-11-29T01:21:44   -> KPIs berechnet: FLH_PV=1450.2h, FLH_Wind=3327.6h
2025-11-29T01:21:44 [242/288] ROWP_DANCU_IASI | PV:COMPLETE | WND:COMPLETE
2025-11-29T01:21:44   -> KPIs berechnet: FLH_PV=1313.0h, FLH_Wind=3528.0h
2025-11-29T01:21:44 [243/288] ROWP_RAJA_Constanta_Sud | PV:COMPLETE | WND:COMPLETE
2025-11-29T01:21:45   -> KPIs berechnet: FLH_PV=1498.2h, FLH_Wind=3918.6h
2025-11-29T01:21:45 [244/288] ROWP_GALATI | PV:COMPLETE | WND:COMPLETE
2025-11-29T01:21:45   -> KPIs berechnet: FLH_PV=1360.0h, FLH_Wind=3554.7h
2025-11-29T01:21:45 [245/288] ROWP_SC_APA_CANAL_2000_S_A_PITESTI | PV:COMPLETE | WND:COMPLETE
2025-11-29T01:21:45   -> KPIs berechnet: FLH_PV=1384.3h, FLH_Wind=2521.7h
2025-11-29T01:21:45 [246/288] ROWP_RA_Aquatim_Timisoara | PV:COMPLETE | WND:COMPLETE
2025-11-29T01:21:46   -> KPIs berechnet: FLH_PV=1309.2h, FLH_Wind=2955.7h
2025-11-29T01:21:46 [247/288] ROWP_SC_COMPANIA_APA_SA_Brasov | PV:COMPLETE | WND:COMPLETE
2025-11-29T01:21:46   -> KPIs berechnet: FLH_PV=1372.1h, FLH_Wind=2334.2h
2025-11-29T01:21:46 [248/288] ROWP_SC_APA_NOVA_SA_BUCURESTI | PV:COMPLETE | WND:COMPLETE
2025-11-29T01:21:46   -> KPIs berechnet: FLH_PV=1368.4h, FLH_Wind=2813.6h
2025-11-29T01:21:46 [249/288] Sjolunda_Avloppsreningsverk | PV:COMPLETE | WND:COMPLETE
2025-11-29T01:21:47   -> KPIs berechnet: FLH_PV=1080.0h, FLH_Wind=4502.9h
2025-11-29T01:21:47 [250/288] Ellinge_Avloppsreningsverk | PV:COMPLETE | WND:COMPLETE
2025-11-29T01:21:47   -> KPIs berechnet: FLH_PV=1070.3h, FLH_Wind=4379.2h
2025-11-29T01:21:47 [251/288] Gryaab_AB_Ryaverket | PV:COMPLETE | WND:COMPLETE
2025-11-29T01:21:47   -> KPIs berechnet: FLH_PV=1040.4h, FLH_Wind=3698.2h
2025-11-29T01:21:47 [252/288] UWWTP_LJUBLJANA_ZALOG | PV:COMPLETE | WND:COMPLETE
2025-11-29T01:21:47   -> KPIs berechnet: FLH_PV=1421.4h, FLH_Wind=2219.6h
2025-11-29T01:21:48 [253/288] COV_Vrakuna | PV:COMPLETE | WND:COMPLETE
2025-11-29T01:21:48   -> KPIs berechnet: FLH_PV=1277.8h, FLH_Wind=3805.0h
2025-11-29T01:21:48 [254/288] Belfast | PV:COMPLETE | WND:COMPLETE
2025-11-29T01:21:48   -> KPIs berechnet: FLH_PV=982.9h, FLH_Wind=4202.2h
2025-11-29T01:21:48 [255/288] Newtownards_Ballyrickard | PV:COMPLETE | WND:COMPLETE
2025-11-29T01:21:48   -> KPIs berechnet: FLH_PV=996.1h, FLH_Wind=4234.4h
2025-11-29T01:21:49 [256/288] EDINBURGH_SEAFIELD_WWTW | PV:COMPLETE | WND:COMPLETE
2025-11-29T01:21:49   -> KPIs berechnet: FLH_PV=987.6h, FLH_Wind=4722.5h
2025-11-29T01:21:49 [257/288] NIGG_WWTW-_ABERDEEN_PFI | PV:COMPLETE | WND:COMPLETE
2025-11-29T01:21:49   -> KPIs berechnet: FLH_PV=1063.9h, FLH_Wind=5127.7h
2025-11-29T01:21:49 [258/288] NORTH_WARRINGTON_STW | PV:COMPLETE | WND:COMPLETE
2025-11-29T01:21:49   -> KPIs berechnet: FLH_PV=1050.8h, FLH_Wind=3594.2h
2025-11-29T01:21:49 [259/288] BLACKBURN_STW | PV:COMPLETE | WND:COMPLETE
2025-11-29T01:21:50   -> KPIs berechnet: FLH_PV=1035.2h, FLH_Wind=3710.2h
2025-11-29T01:21:50 [260/288] BURTON_ON_TRENT_STW | PV:COMPLETE | WND:COMPLETE
2025-11-29T01:21:50   -> KPIs berechnet: FLH_PV=1073.8h, FLH_Wind=3479.8h
2025-11-29T01:21:50 [261/288] LONDON_Becton_STW | PV:COMPLETE | WND:COMPLETE
2025-11-29T01:21:50   -> KPIs berechnet: FLH_PV=1155.4h, FLH_Wind=3717.4h
2025-11-29T01:21:50 [262/288] MAPLE_LODGE_BUCKS_STW | PV:COMPLETE | WND:COMPLETE
2025-11-29T01:21:51   -> KPIs berechnet: FLH_PV=1138.4h, FLH_Wind=3586.4h
2025-11-29T01:21:51 [263/288] LONDON_Beddington_STW | PV:COMPLETE | WND:COMPLETE
2025-11-29T01:21:51   -> KPIs berechnet: FLH_PV=1157.5h, FLH_Wind=3727.7h
2025-11-29T01:21:51 [264/288] LONDON_Deepham_STW | PV:COMPLETE | WND:COMPLETE
2025-11-29T01:21:51   -> KPIs berechnet: FLH_PV=1146.6h, FLH_Wind=3692.0h
2025-11-29T01:21:51 [265/288] LONDON_Crossness_STW | PV:COMPLETE | WND:COMPLETE
2025-11-29T01:21:52   -> KPIs berechnet: FLH_PV=1156.9h, FLH_Wind=3724.8h
2025-11-29T01:21:52 [266/288] WIGAN_HOSCAR_STW | PV:COMPLETE | WND:COMPLETE
2025-11-29T01:21:52   -> KPIs berechnet: FLH_PV=1049.3h, FLH_Wind=3681.8h
2025-11-29T01:21:52 [267/288] BRISTOL_STW | PV:COMPLETE | WND:COMPLETE
2025-11-29T01:21:52   -> KPIs berechnet: FLH_PV=1133.3h, FLH_Wind=3594.5h
2025-11-29T01:21:52 [268/288] Manchester_and_Salford_Davyhulme_STW | PV:COMPLETE | WND:COMPLETE
2025-11-29T01:21:52   -> KPIs berechnet: FLH_PV=1040.8h, FLH_Wind=3625.9h
2025-11-29T01:21:53 [269/288] STOKE_ON_TRENT_STRONGFORD_STW | PV:COMPLETE | WND:COMPLETE
2025-11-29T01:21:53   -> KPIs berechnet: FLH_PV=1064.0h, FLH_Wind=3415.5h
2025-11-29T01:21:53 [270/288] BIRMINGHAM_BLACK_COUNTRY_NO_1_MINWORTH_STW | PV:COMPLETE | WND:COMPLETE
2025-11-29T01:21:53   -> KPIs berechnet: FLH_PV=1092.9h, FLH_Wind=3431.5h
2025-11-29T01:21:53 [271/288] BRADFORD_ESHOLT_STW | PV:COMPLETE | WND:COMPLETE
2025-11-29T01:21:53   -> KPIs berechnet: FLH_PV=1028.4h, FLH_Wind=3654.9h
2025-11-29T01:21:54 [272/288] NEWCASTLE_Howdon_STW | PV:COMPLETE | WND:COMPLETE
2025-11-29T01:21:54   -> KPIs berechnet: FLH_PV=1115.9h, FLH_Wind=4973.1h
2025-11-29T01:21:54 [273/288] LEEDS_KNOSTROP_STW | PV:COMPLETE | WND:COMPLETE
2025-11-29T01:21:54   -> KPIs berechnet: FLH_PV=1053.3h, FLH_Wind=3674.0h
2025-11-29T01:21:54 [274/288] MIDDLESBOROUGH_STW | PV:COMPLETE | WND:COMPLETE
2025-11-29T01:21:54   -> KPIs berechnet: FLH_PV=1038.8h, FLH_Wind=4036.9h
2025-11-29T01:21:55 [275/288] LEICESTER_STW | PV:COMPLETE | WND:COMPLETE
2025-11-29T01:21:55   -> KPIs berechnet: FLH_PV=1085.8h, FLH_Wind=3496.6h
2025-11-29T01:21:55 [276/288] NOTTINGHAM_STW | PV:COMPLETE | WND:COMPLETE
2025-11-29T01:21:55   -> KPIs berechnet: FLH_PV=1078.6h, FLH_Wind=3533.1h
2025-11-29T01:21:55 [277/288] READING_STW | PV:COMPLETE | WND:COMPLETE
2025-11-29T01:21:55   -> KPIs berechnet: FLH_PV=1142.6h, FLH_Wind=3604.1h
2025-11-29T01:21:55 [278/288] NORTHAMPTON_STW | PV:COMPLETE | WND:COMPLETE
2025-11-29T01:21:56   -> KPIs berechnet: FLH_PV=1107.5h, FLH_Wind=3519.5h
2025-11-29T01:21:56 [279/288] MILTON_KEYNES_STW | PV:COMPLETE | WND:COMPLETE
2025-11-29T01:21:56   -> KPIs berechnet: FLH_PV=1118.4h, FLH_Wind=3531.2h
2025-11-29T01:21:56 [280/288] HULL_STW | PV:COMPLETE | WND:COMPLETE
2025-11-29T01:21:56   -> KPIs berechnet: FLH_PV=1057.0h, FLH_Wind=4051.2h
2025-11-29T01:21:56 [281/288] Rye_Meads_STW | PV:COMPLETE | WND:COMPLETE
2025-11-29T01:21:57   -> KPIs berechnet: FLH_PV=1139.9h, FLH_Wind=3632.1h
2025-11-29T01:21:57 [282/288] TILBURY_STW_TILBURY_ESSEX | PV:COMPLETE | WND:COMPLETE
2025-11-29T01:21:57   -> KPIs berechnet: FLH_PV=1245.6h, FLH_Wind=4646.7h
2025-11-29T01:21:57 [283/288] NORWICH_STW | PV:COMPLETE | WND:COMPLETE
2025-11-29T01:21:57   -> KPIs berechnet: FLH_PV=1123.3h, FLH_Wind=4232.2h
2025-11-29T01:21:57 [284/288] Fleetwood_and_Blackpool_Fleetwood_Marsh_STW | PV:COMPLETE | WND:COMPLETE
2025-11-29T01:21:58   -> KPIs berechnet: FLH_PV=1121.5h, FLH_Wind=4754.4h
2025-11-29T01:21:58 [285/288] BOLTON_STW | PV:COMPLETE | WND:COMPLETE
2025-11-29T01:21:58   -> KPIs berechnet: FLH_PV=1037.2h, FLH_Wind=3645.3h
2025-11-29T01:21:58 [286/288] COVENTRY_STW | PV:COMPLETE | WND:COMPLETE
2025-11-29T01:21:58   -> KPIs berechnet: FLH_PV=1096.5h, FLH_Wind=3451.4h
2025-11-29T01:21:58 [287/288] LONDON_Riverside_STW | PV:COMPLETE | WND:COMPLETE
2025-11-29T01:21:59   -> KPIs berechnet: FLH_PV=1157.0h, FLH_Wind=3728.1h
2025-11-29T01:21:59 [288/288] LONDON_Long_Reach_STW | PV:COMPLETE | WND:COMPLETE
2025-11-29T01:21:59   -> KPIs berechnet: FLH_PV=1160.8h, FLH_Wind=3747.9h
2025-11-29T01:21:59 ======================================================
2025-11-29T01:21:59 Schreibe 288 KPI-Zeilen in Excel 'Energy' …
2025-11-29T01:21:59 KPI-Update in Excel geschrieben: C:\Users\aless\PycharmProjects\Masterthesis\Output\UWWTD_TP_Database.xlsx -> Sheet 'Energy'
2025-11-29T01:21:59 ✓ Renewable energy KPIs calculated for 288 plants → Sheet 'Energy'
