2025-11-25T00:16:13 ======================================================
2025-11-25T00:16:13 Start • Sites: 293 • Zeitraum: 2015-01-01 bis 2024-12-31 (Auto-Chunking <=1Y)
2025-11-25T00:16:13 Limiter: 1.0 req/s & 50 req/h (sichtbar)
2025-11-25T00:16:13 Excel: C:\Users\aless\PycharmProjects\Masterthesis\Output\UWWTD_TP_Database.xlsx | Sheets: 'General Data' -> 'Energy'
2025-11-25T00:16:13 Ausgabe: C:\Users\aless\PycharmProjects\Masterthesis\Output\RenewableEnergyProfiles (stabile Dateinamen, keine Doppel-Downloads)
2025-11-25T00:16:13 ======================================================
2025-11-25T00:16:14 [1/293] ARA_AWV_Schwechat | PV:COMPLETE | WND:COMPLETE
2025-11-25T00:16:14   -> KPIs berechnet: FLH_PV=1285.9h, FLH_Wind=3572.7h
2025-11-25T00:16:14 [2/293] Asten_-_Regionalkläranlage | PV:COMPLETE | WND:COMPLETE
2025-11-25T00:16:14   -> KPIs berechnet: FLH_PV=1357.1h, FLH_Wind=2557.8h
2025-11-25T00:16:14 [3/293] ARA_Siggerwiesen | PV:COMPLETE | WND:COMPLETE
2025-11-25T00:16:14   -> KPIs berechnet: FLH_PV=1258.5h, FLH_Wind=1919.0h
2025-11-25T00:16:15 [4/293] Graz-Gössendorf | PV:COMPLETE | WND:COMPLETE
2025-11-25T00:16:15   -> KPIs berechnet: FLH_PV=1348.5h, FLH_Wind=1958.1h
2025-11-25T00:16:15 [5/293] Gratkorn | PV:COMPLETE | WND:COMPLETE
2025-11-25T00:16:15   -> KPIs berechnet: FLH_PV=1335.9h, FLH_Wind=2112.2h
2025-11-25T00:16:15 [6/293] Innsbruck | PV:COMPLETE | WND:COMPLETE
2025-11-25T00:16:15   -> KPIs berechnet: FLH_PV=1383.4h, FLH_Wind=850.4h
2025-11-25T00:16:16 [7/293] Meiningen | PV:COMPLETE | WND:COMPLETE
2025-11-25T00:16:16   -> KPIs berechnet: FLH_PV=1340.8h, FLH_Wind=1093.0h
2025-11-25T00:16:17 [8/293] Hauptkläranlage_Wien | PV:COMPLETE | WND:COMPLETE
2025-11-25T00:16:17   -> KPIs berechnet: FLH_PV=1285.7h, FLH_Wind=3550.5h
2025-11-25T00:16:17 [9/293] Bruxelles-nord | PV:COMPLETE | WND:COMPLETE
2025-11-25T00:16:17   -> KPIs berechnet: FLH_PV=1145.9h, FLH_Wind=3084.9h
2025-11-25T00:16:17 [10/293] LIEGE_OUPEYE | PV:COMPLETE | WND:COMPLETE
2025-11-25T00:16:18   -> KPIs berechnet: FLH_PV=1152.8h, FLH_Wind=3016.0h
2025-11-25T00:16:18 [11/293] UWWTP_Burgas | PV:COMPLETE | WND:COMPLETE
2025-11-25T00:16:18   -> KPIs berechnet: FLH_PV=1425.6h, FLH_Wind=2815.7h
2025-11-25T00:16:18 [12/293] UWWTP_Varna | PV:COMPLETE | WND:COMPLETE
2025-11-25T00:16:18   -> KPIs berechnet: FLH_PV=1505.8h, FLH_Wind=3603.8h
2025-11-25T00:16:18 [13/293] UWWTP_Plovdiv | PV:COMPLETE | WND:COMPLETE
2025-11-25T00:16:19   -> KPIs berechnet: FLH_PV=1479.3h, FLH_Wind=1845.2h
2025-11-25T00:16:19 [14/293] UWWTP_Sofia | PV:COMPLETE | WND:COMPLETE
2025-11-25T00:16:19   -> KPIs berechnet: FLH_PV=1479.8h, FLH_Wind=1876.4h
2025-11-25T00:16:19 [15/293] UCOV_Praha | PV:COMPLETE | WND:COMPLETE
2025-11-25T00:16:19   -> KPIs berechnet: FLH_PV=1310.9h, FLH_Wind=2678.6h
2025-11-25T00:16:19 [16/293] COV_Plzen | PV:COMPLETE | WND:COMPLETE
2025-11-25T00:16:19   -> KPIs berechnet: FLH_PV=1229.0h, FLH_Wind=2470.0h
2025-11-25T00:16:20 [17/293] COV_Steti_-Papirny_Mondi | PV:COMPLETE | WND:COMPLETE
2025-11-25T00:16:20   -> KPIs berechnet: FLH_PV=1323.2h, FLH_Wind=2452.9h
2025-11-25T00:16:20 [18/293] COV_Brno_-_Modrice | PV:COMPLETE | WND:COMPLETE
2025-11-25T00:16:20   -> KPIs berechnet: FLH_PV=1257.0h, FLH_Wind=2992.5h
2025-11-25T00:16:20 [19/293] UCOV_Ostrava_-_Privoz | PV:COMPLETE | WND:COMPLETE
2025-11-25T00:16:20   -> KPIs berechnet: FLH_PV=1217.1h, FLH_Wind=2710.6h
2025-11-25T00:16:21 [20/293] Stahnsdorf | PV:COMPLETE | WND:COMPLETE
2025-11-25T00:16:21   -> KPIs berechnet: FLH_PV=1124.0h, FLH_Wind=2547.9h
2025-11-25T00:16:21 [21/293] Ruhleben | PV:COMPLETE | WND:COMPLETE
2025-11-25T00:16:21   -> KPIs berechnet: FLH_PV=1120.4h, FLH_Wind=2567.6h
2025-11-25T00:16:21 [22/293] Schönerlinde | PV:COMPLETE | WND:COMPLETE
2025-11-25T00:16:21   -> KPIs berechnet: FLH_PV=1113.1h, FLH_Wind=2581.0h
2025-11-25T00:16:21 [23/293] Waßmannsdorf | PV:COMPLETE | WND:COMPLETE
2025-11-25T00:16:22   -> KPIs berechnet: FLH_PV=1122.2h, FLH_Wind=2553.2h
2025-11-25T00:16:22 [24/293] Hauptklärwerk_Mühlhausen | PV:COMPLETE | WND:COMPLETE
2025-11-25T00:16:22   -> KPIs berechnet: FLH_PV=1242.4h, FLH_Wind=2075.0h
2025-11-25T00:16:22 [25/293] Göppingen | PV:COMPLETE | WND:COMPLETE
2025-11-25T00:16:22   -> KPIs berechnet: FLH_PV=1252.5h, FLH_Wind=2096.8h
2025-11-25T00:16:22 [26/293] SKA_Heilbronn | PV:COMPLETE | WND:COMPLETE
2025-11-25T00:16:23   -> KPIs berechnet: FLH_PV=1217.6h, FLH_Wind=2124.9h
2025-11-25T00:16:23 [27/293] SKA_Karlsruhe_Neureut | PV:COMPLETE | WND:COMPLETE
2025-11-25T00:16:23   -> KPIs berechnet: FLH_PV=1217.5h, FLH_Wind=2044.0h
2025-11-25T00:16:23 [28/293] SKA_AZV_Heidelberg | PV:COMPLETE | WND:COMPLETE
2025-11-25T00:16:23   -> KPIs berechnet: FLH_PV=1202.5h, FLH_Wind=2052.7h
2025-11-25T00:16:23 [29/293] Kläranlage_Mannheim | PV:COMPLETE | WND:COMPLETE
2025-11-25T00:16:23   -> KPIs berechnet: FLH_PV=1204.2h, FLH_Wind=2052.8h
2025-11-25T00:16:24 [30/293] SKA_AZV_BREISGAUER_BUCHT_-_KA_FORCHHEIM | PV:COMPLETE | WND:COMPLETE
2025-11-25T00:16:24   -> KPIs berechnet: FLH_PV=1268.0h, FLH_Wind=1793.0h
2025-11-25T00:16:24 [31/293] Würzburg | PV:COMPLETE | WND:COMPLETE
2025-11-25T00:16:24   -> KPIs berechnet: FLH_PV=1206.7h, FLH_Wind=2111.9h
2025-11-25T00:16:24 [32/293] Augsburg | PV:COMPLETE | WND:COMPLETE
2025-11-25T00:16:24   -> KPIs berechnet: FLH_PV=1267.4h, FLH_Wind=2031.6h
2025-11-25T00:16:25 [33/293] Zweckverband_Klärwerk_Steinhäule | PV:COMPLETE | WND:COMPLETE
2025-11-25T00:16:25   -> KPIs berechnet: FLH_PV=1263.1h, FLH_Wind=2054.4h
2025-11-25T00:16:25 [34/293] München_II_-_Gut_Marienhof | PV:COMPLETE | WND:COMPLETE
2025-11-25T00:16:25   -> KPIs berechnet: FLH_PV=1247.5h, FLH_Wind=1852.3h
2025-11-25T00:16:25 [35/293] AZV_Erdinger_Moos | PV:COMPLETE | WND:COMPLETE
2025-11-25T00:16:25   -> KPIs berechnet: FLH_PV=1245.2h, FLH_Wind=1879.4h
2025-11-25T00:16:25 [36/293] Erlangen | PV:COMPLETE | WND:COMPLETE
2025-11-25T00:16:26   -> KPIs berechnet: FLH_PV=1201.8h, FLH_Wind=2139.0h
2025-11-25T00:16:26 [37/293] Rosenheim | PV:COMPLETE | WND:COMPLETE
2025-11-25T00:16:26   -> KPIs berechnet: FLH_PV=1269.6h, FLH_Wind=1459.5h
2025-11-25T00:16:26 [38/293] Kläranlage_Seehausen | PV:COMPLETE | WND:COMPLETE
2025-11-25T00:16:26   -> KPIs berechnet: FLH_PV=1080.8h, FLH_Wind=2920.5h
2025-11-25T00:16:26 [39/293] Frankfurt_am_Main_Sindlingen | PV:COMPLETE | WND:COMPLETE
2025-11-25T00:16:27   -> KPIs berechnet: FLH_PV=1198.2h, FLH_Wind=2067.3h
2025-11-25T00:16:27 [40/293] Wiesbaden_Mitte | PV:COMPLETE | WND:COMPLETE
2025-11-25T00:16:27   -> KPIs berechnet: FLH_PV=1190.7h, FLH_Wind=2110.3h
2025-11-25T00:16:27 [41/293] Klärwerksverbund_Köhlbrandhöft_Dradenau | PV:COMPLETE | WND:COMPLETE
2025-11-25T00:16:27   -> KPIs berechnet: FLH_PV=1081.8h, FLH_Wind=2936.5h
2025-11-25T00:16:27 [42/293] 2530002102_KA_Herrenhausen | PV:COMPLETE | WND:COMPLETE
2025-11-25T00:16:27   -> KPIs berechnet: FLH_PV=1111.0h, FLH_Wind=2692.2h
2025-11-25T00:16:28 [43/293] 2530142095_KA_Gümmerwald | PV:COMPLETE | WND:COMPLETE
2025-11-25T00:16:28   -> KPIs berechnet: FLH_PV=1109.5h, FLH_Wind=2703.6h
2025-11-25T00:16:28 [44/293] 2550232001_KA_Holzminden | PV:COMPLETE | WND:COMPLETE
2025-11-25T00:16:28   -> KPIs berechnet: FLH_PV=1124.3h, FLH_Wind=2590.7h
2025-11-25T00:16:28 [45/293] 3520112001_KA_Cuxhaven | PV:COMPLETE | WND:COMPLETE
2025-11-25T00:16:28   -> KPIs berechnet: FLH_PV=1154.9h, FLH_Wind=4560.9h
2025-11-25T00:16:29 [46/293] Aachen-Soers | PV:COMPLETE | WND:COMPLETE
2025-11-25T00:16:29   -> KPIs berechnet: FLH_PV=1158.1h, FLH_Wind=2819.8h
2025-11-25T00:16:29 [47/293] Dortmund-Deusen | PV:COMPLETE | WND:COMPLETE
2025-11-25T00:16:29   -> KPIs berechnet: FLH_PV=1124.5h, FLH_Wind=2713.8h
2025-11-25T00:16:29 [48/293] Bottrop | PV:COMPLETE | WND:COMPLETE
2025-11-25T00:16:29   -> KPIs berechnet: FLH_PV=1124.7h, FLH_Wind=2685.2h
2025-11-25T00:16:29 [49/293] Köln_Stammheim | PV:COMPLETE | WND:COMPLETE
2025-11-25T00:16:30   -> KPIs berechnet: FLH_PV=1169.6h, FLH_Wind=2618.3h
2025-11-25T00:16:30 [50/293] Düsseldorf-Nord | PV:COMPLETE | WND:COMPLETE
2025-11-25T00:16:30   -> KPIs berechnet: FLH_PV=1145.5h, FLH_Wind=2664.6h
2025-11-25T00:16:30 [51/293] Krefeld | PV:COMPLETE | WND:COMPLETE
2025-11-25T00:16:30   -> KPIs berechnet: FLH_PV=1136.3h, FLH_Wind=2667.4h
2025-11-25T00:16:30 [52/293] Mönchengladbach_GWK_I | PV:COMPLETE | WND:COMPLETE
2025-11-25T00:16:31   -> KPIs berechnet: FLH_PV=1150.0h, FLH_Wind=2681.2h
2025-11-25T00:16:31 [53/293] Neuss-Ost | PV:COMPLETE | WND:COMPLETE
2025-11-25T00:16:31   -> KPIs berechnet: FLH_PV=1152.8h, FLH_Wind=2655.8h
2025-11-25T00:16:32 [54/293] Münster-Hauptkläranlage | PV:COMPLETE | WND:COMPLETE
2025-11-25T00:16:32   -> KPIs berechnet: FLH_PV=1115.0h, FLH_Wind=2724.3h
2025-11-25T00:16:32 [55/293] Abwasserverband_Obere_Lutter | PV:COMPLETE | WND:COMPLETE
2025-11-25T00:16:32   -> KPIs berechnet: FLH_PV=1115.5h, FLH_Wind=2672.7h
2025-11-25T00:16:32 [56/293] Düren | PV:COMPLETE | WND:COMPLETE
2025-11-25T00:16:33   -> KPIs berechnet: FLH_PV=1165.4h, FLH_Wind=2719.3h
2025-11-25T00:16:33 [57/293] Paderborn_Sande | PV:COMPLETE | WND:COMPLETE
2025-11-25T00:16:33   -> KPIs berechnet: FLH_PV=1129.1h, FLH_Wind=2650.2h
2025-11-25T00:16:33 [58/293] Düsseldorf-Süd | PV:COMPLETE | WND:COMPLETE
2025-11-25T00:16:33   -> KPIs berechnet: FLH_PV=1153.8h, FLH_Wind=2653.8h
2025-11-25T00:16:33 [59/293] Wuppertal-Buchenhofen | PV:COMPLETE | WND:COMPLETE
2025-11-25T00:16:33   -> KPIs berechnet: FLH_PV=1143.2h, FLH_Wind=2604.6h
2025-11-25T00:16:34 [60/293] Duisburg-Kaßlerfeld | PV:COMPLETE | WND:COMPLETE
2025-11-25T00:16:34   -> KPIs berechnet: FLH_PV=1130.6h, FLH_Wind=2666.4h
2025-11-25T00:16:34 [61/293] Emscherkläranlage | PV:COMPLETE | WND:COMPLETE
2025-11-25T00:16:34   -> KPIs berechnet: FLH_PV=1125.0h, FLH_Wind=2673.8h
2025-11-25T00:16:34 [62/293] Duisburg-Alte_Emscher | PV:COMPLETE | WND:COMPLETE
2025-11-25T00:16:34   -> KPIs berechnet: FLH_PV=1126.8h, FLH_Wind=2668.8h
2025-11-25T00:16:35 [63/293] Koblenz | PV:COMPLETE | WND:COMPLETE
2025-11-25T00:16:35   -> KPIs berechnet: FLH_PV=1181.7h, FLH_Wind=2283.7h
2025-11-25T00:16:35 [64/293] Mainz | PV:COMPLETE | WND:COMPLETE
2025-11-25T00:16:35   -> KPIs berechnet: FLH_PV=1191.5h, FLH_Wind=2109.4h
2025-11-25T00:16:35 [65/293] Trier_Hauptklärwerk | PV:COMPLETE | WND:COMPLETE
2025-11-25T00:16:35   -> KPIs berechnet: FLH_PV=1176.4h, FLH_Wind=2411.9h
2025-11-25T00:16:35 [66/293] Hetlingen | PV:COMPLETE | WND:COMPLETE
2025-11-25T00:16:36   -> KPIs berechnet: FLH_PV=1077.7h, FLH_Wind=3002.0h
2025-11-25T00:16:36 [67/293] Neumünster | PV:COMPLETE | WND:COMPLETE
2025-11-25T00:16:36   -> KPIs berechnet: FLH_PV=1074.7h, FLH_Wind=3289.7h
2025-11-25T00:16:36 [68/293] Bitterfeld-Wolfen | PV:COMPLETE | WND:COMPLETE
2025-11-25T00:16:36   -> KPIs berechnet: FLH_PV=1163.9h, FLH_Wind=2422.2h
2025-11-25T00:16:36 [69/293] Halle-Nord | PV:COMPLETE | WND:COMPLETE
2025-11-25T00:16:37   -> KPIs berechnet: FLH_PV=1179.3h, FLH_Wind=2380.8h
2025-11-25T00:16:37 [70/293] Schkopau | PV:COMPLETE | WND:COMPLETE
2025-11-25T00:16:37   -> KPIs berechnet: FLH_PV=1182.2h, FLH_Wind=2391.8h
2025-11-25T00:16:37 [71/293] MD-Gerwisch | PV:COMPLETE | WND:COMPLETE
2025-11-25T00:16:37   -> KPIs berechnet: FLH_PV=1148.5h, FLH_Wind=2519.5h
2025-11-25T00:16:37 [72/293] Lynetten | PV:COMPLETE | WND:COMPLETE
2025-11-25T00:16:37   -> KPIs berechnet: FLH_PV=1151.9h, FLH_Wind=4885.1h
2025-11-25T00:16:38 [73/293] Damhusåen | PV:COMPLETE | WND:COMPLETE
2025-11-25T00:16:38   -> KPIs berechnet: FLH_PV=1153.4h, FLH_Wind=4891.2h
2025-11-25T00:16:38 [74/293] SPILDEVANDSCENTER_AVEDØRE | PV:COMPLETE | WND:COMPLETE
2025-11-25T00:16:38   -> KPIs berechnet: FLH_PV=1153.7h, FLH_Wind=4899.1h
2025-11-25T00:16:38 [75/293] EJBY_MØLLE_RENSEANLÆG | PV:COMPLETE | WND:COMPLETE
2025-11-25T00:16:38   -> KPIs berechnet: FLH_PV=1061.6h, FLH_Wind=3930.2h
2025-11-25T00:16:38 [76/293] FREDERICIA_CENTRALRENS | PV:COMPLETE | WND:COMPLETE
2025-11-25T00:16:39   -> KPIs berechnet: FLH_PV=1047.1h, FLH_Wind=3769.8h
2025-11-25T00:16:39 [77/293] Kohtla-Järve_regionaalne_reoveepuhasti | PV:COMPLETE | WND:COMPLETE
2025-11-25T00:16:39   -> KPIs berechnet: FLH_PV=1057.3h, FLH_Wind=4249.6h
2025-11-25T00:16:39 [78/293] Tallinna_reoveepuhastusjaam | PV:COMPLETE | WND:COMPLETE
2025-11-25T00:16:39   -> KPIs berechnet: FLH_PV=1100.4h, FLH_Wind=4911.0h
2025-11-25T00:16:39 [79/293] THESSALONIKI | PV:COMPLETE | WND:COMPLETE
2025-11-25T00:16:40   -> KPIs berechnet: FLH_PV=1581.8h, FLH_Wind=1868.1h
2025-11-25T00:16:40 [80/293] PSYTTALIA | PV:COMPLETE | WND:COMPLETE
2025-11-25T00:16:40   -> KPIs berechnet: FLH_PV=1577.0h, FLH_Wind=3393.4h
2025-11-25T00:16:40 [81/293] METAMORPHOSI | PV:COMPLETE | WND:COMPLETE
2025-11-25T00:16:40   -> KPIs berechnet: FLH_PV=1569.5h, FLH_Wind=3621.9h
2025-11-25T00:16:40 [82/293] MONTE_ORGEGIA | PV:COMPLETE | WND:COMPLETE
2025-11-25T00:16:40   -> KPIs berechnet: FLH_PV=1616.0h, FLH_Wind=2705.3h
2025-11-25T00:16:41 [83/293] RINCON_DE_LEON | PV:COMPLETE | WND:COMPLETE
2025-11-25T00:16:41   -> KPIs berechnet: FLH_PV=1616.8h, FLH_Wind=2707.1h
2025-11-25T00:16:41 [84/293] ELX_-_ALGOROS | PV:COMPLETE | WND:COMPLETE
2025-11-25T00:16:41   -> KPIs berechnet: FLH_PV=1731.2h, FLH_Wind=2873.8h
2025-11-25T00:16:41 [85/293] EL_BOBAR | PV:COMPLETE | WND:COMPLETE
2025-11-25T00:16:41   -> KPIs berechnet: FLH_PV=1667.5h, FLH_Wind=2671.5h
2025-11-25T00:16:42 [86/293] QUART_-_BENAGER | PV:COMPLETE | WND:COMPLETE
2025-11-25T00:16:42   -> KPIs berechnet: FLH_PV=1584.8h, FLH_Wind=2499.5h
2025-11-25T00:16:42 [87/293] PINEDO_1 | PV:COMPLETE | WND:COMPLETE
2025-11-25T00:16:42   -> KPIs berechnet: FLH_PV=1585.1h, FLH_Wind=2465.5h
2025-11-25T00:16:42 [88/293] GUADALETE | PV:COMPLETE | WND:COMPLETE
2025-11-25T00:16:42   -> KPIs berechnet: FLH_PV=1633.9h, FLH_Wind=3365.2h
2025-11-25T00:16:43 [89/293] LA_GOLONDRINA | PV:COMPLETE | WND:COMPLETE
2025-11-25T00:16:43   -> KPIs berechnet: FLH_PV=1607.5h, FLH_Wind=2427.6h
2025-11-25T00:16:43 [90/293] GRANADA_SUR | PV:COMPLETE | WND:COMPLETE
2025-11-25T00:16:43   -> KPIs berechnet: FLH_PV=1672.7h, FLH_Wind=1865.6h
2025-11-25T00:16:43 [91/293] HUELVA | PV:COMPLETE | WND:COMPLETE
2025-11-25T00:16:43   -> KPIs berechnet: FLH_PV=1745.0h, FLH_Wind=3486.1h
2025-11-25T00:16:43 [92/293] BENS_A_CORUÑA | PV:COMPLETE | WND:COMPLETE
2025-11-25T00:16:44   -> KPIs berechnet: FLH_PV=1452.9h, FLH_Wind=4538.2h
2025-11-25T00:16:44 [93/293] FUENGIROLA | PV:COMPLETE | WND:COMPLETE
2025-11-25T00:16:44   -> KPIs berechnet: FLH_PV=1769.6h, FLH_Wind=3071.3h
2025-11-25T00:16:44 [94/293] GUADALHORCE | PV:COMPLETE | WND:COMPLETE
2025-11-25T00:16:44   -> KPIs berechnet: FLH_PV=1766.5h, FLH_Wind=2800.7h
2025-11-25T00:16:44 [95/293] SUR | PV:COMPLETE | WND:COMPLETE
2025-11-25T00:16:45   -> KPIs berechnet: FLH_PV=1593.1h, FLH_Wind=2930.7h
2025-11-25T00:16:45 [96/293] LA_CHINA | PV:COMPLETE | WND:COMPLETE
2025-11-25T00:16:45   -> KPIs berechnet: FLH_PV=1593.1h, FLH_Wind=2930.7h
2025-11-25T00:16:45 [97/293] BUTARQUE | PV:COMPLETE | WND:COMPLETE
2025-11-25T00:16:45   -> KPIs berechnet: FLH_PV=1592.8h, FLH_Wind=2911.7h
2025-11-25T00:16:45 [98/293] VIVEROS_DE_LA_VILLA | PV:COMPLETE | WND:COMPLETE
2025-11-25T00:16:46   -> KPIs berechnet: FLH_PV=1591.1h, FLH_Wind=2861.9h
2025-11-25T00:16:46 [99/293] REJAS | PV:COMPLETE | WND:COMPLETE
2025-11-25T00:16:46   -> KPIs berechnet: FLH_PV=1590.0h, FLH_Wind=2897.4h
2025-11-25T00:16:47 [100/293] LA_GAVIA | PV:COMPLETE | WND:COMPLETE
2025-11-25T00:16:47   -> KPIs berechnet: FLH_PV=1592.5h, FLH_Wind=2906.7h
2025-11-25T00:16:47 [101/293] ARROYO_CULEBRO_CUENCA_MEDIA_ALTA | PV:COMPLETE | WND:COMPLETE
2025-11-25T00:16:47   -> KPIs berechnet: FLH_PV=1594.6h, FLH_Wind=2923.5h
2025-11-25T00:16:48 [102/293] ARROYO_CULEBRO_CUENCA_BAJA | PV:COMPLETE | WND:COMPLETE
2025-11-25T00:16:48   -> KPIs berechnet: FLH_PV=1593.3h, FLH_Wind=2938.6h
2025-11-25T00:16:48 [103/293] ARROYO_DEL_SOTO | PV:COMPLETE | WND:COMPLETE
2025-11-25T00:16:48   -> KPIs berechnet: FLH_PV=1592.7h, FLH_Wind=2841.8h
2025-11-25T00:16:48 [104/293] ARROYO_DE_LA_VEGA | PV:COMPLETE | WND:COMPLETE
2025-11-25T00:16:48   -> KPIs berechnet: FLH_PV=1588.6h, FLH_Wind=2870.8h
2025-11-25T00:16:49 [105/293] TORREJÓN_DE_ARDOZ | PV:COMPLETE | WND:COMPLETE
2025-11-25T00:16:49   -> KPIs berechnet: FLH_PV=1590.1h, FLH_Wind=2916.5h
2025-11-25T00:16:49 [106/293] PALOMARES | PV:COMPLETE | WND:COMPLETE
2025-11-25T00:16:49   -> KPIs berechnet: FLH_PV=1610.4h, FLH_Wind=2834.0h
2025-11-25T00:16:49 [107/293] COPERO | PV:COMPLETE | WND:COMPLETE
2025-11-25T00:16:49   -> KPIs berechnet: FLH_PV=1610.3h, FLH_Wind=2809.1h
2025-11-25T00:16:50 [108/293] LA_RANILLA | PV:COMPLETE | WND:COMPLETE
2025-11-25T00:16:50   -> KPIs berechnet: FLH_PV=1609.2h, FLH_Wind=2766.3h
2025-11-25T00:16:50 [109/293] SAN_JERONIMO | PV:COMPLETE | WND:COMPLETE
2025-11-25T00:16:50   -> KPIs berechnet: FLH_PV=1608.0h, FLH_Wind=2796.0h
2025-11-25T00:16:50 [110/293] CARTAGENA_CABEZO_BEAZA | PV:COMPLETE | WND:COMPLETE
2025-11-25T00:16:50   -> KPIs berechnet: FLH_PV=1732.7h, FLH_Wind=2946.1h
2025-11-25T00:16:50 [111/293] MAR_MENOR_SUR | PV:COMPLETE | WND:COMPLETE
2025-11-25T00:16:51   -> KPIs berechnet: FLH_PV=1734.6h, FLH_Wind=3038.3h
2025-11-25T00:16:51 [112/293] ARAZURI | PV:COMPLETE | WND:COMPLETE
2025-11-25T00:16:51   -> KPIs berechnet: FLH_PV=1420.1h, FLH_Wind=2987.9h
2025-11-25T00:16:51 [113/293] Crispijana | PV:COMPLETE | WND:COMPLETE
2025-11-25T00:16:51   -> KPIs berechnet: FLH_PV=1403.0h, FLH_Wind=2970.7h
2025-11-25T00:16:51 [114/293] Loiola | PV:COMPLETE | WND:COMPLETE
2025-11-25T00:16:52   -> KPIs berechnet: FLH_PV=1457.2h, FLH_Wind=3100.2h
2025-11-25T00:16:52 [115/293] LOGROÑO | PV:COMPLETE | WND:COMPLETE
2025-11-25T00:16:52   -> KPIs berechnet: FLH_PV=1501.5h, FLH_Wind=2900.6h
2025-11-25T00:16:52 [116/293] ZARAGOZA_LA_CARTUJA | PV:COMPLETE | WND:COMPLETE
2025-11-25T00:16:52   -> KPIs berechnet: FLH_PV=1562.3h, FLH_Wind=3702.3h
2025-11-25T00:16:52 [117/293] GIJON_OESTE | PV:COMPLETE | WND:COMPLETE
2025-11-25T00:16:52   -> KPIs berechnet: FLH_PV=1399.9h, FLH_Wind=3222.6h
2025-11-25T00:16:53 [118/293] VILLAPEREZ | PV:COMPLETE | WND:COMPLETE
2025-11-25T00:16:53   -> KPIs berechnet: FLH_PV=1406.1h, FLH_Wind=3041.4h
2025-11-25T00:16:53 [119/293] PALMA_II | PV:COMPLETE | WND:COMPLETE
2025-11-25T00:16:53   -> KPIs berechnet: FLH_PV=1676.1h, FLH_Wind=2943.5h
2025-11-25T00:16:53 [120/293] BARRANCO_SECO_II | PV:COMPLETE | WND:COMPLETE
2025-11-25T00:16:53   -> KPIs berechnet: FLH_PV=1866.8h, FLH_Wind=4804.8h
2025-11-25T00:16:54 [121/293] EDAR_de_Buenos_Aires | PV:COMPLETE | WND:COMPLETE
2025-11-25T00:16:54   -> KPIs berechnet: FLH_PV=1843.7h, FLH_Wind=3604.0h
2025-11-25T00:16:54 [122/293] SAN_PANTALEON | PV:COMPLETE | WND:COMPLETE
2025-11-25T00:16:54   -> KPIs berechnet: FLH_PV=1464.1h, FLH_Wind=3283.5h
2025-11-25T00:16:54 [123/293] SAN_ROMÁN | PV:COMPLETE | WND:COMPLETE
2025-11-25T00:16:54   -> KPIs berechnet: FLH_PV=1465.3h, FLH_Wind=3200.1h
2025-11-25T00:16:54 [124/293] VUELTA_OSTRERA | PV:COMPLETE | WND:COMPLETE
2025-11-25T00:16:55   -> KPIs berechnet: FLH_PV=1481.7h, FLH_Wind=3161.4h
2025-11-25T00:16:55 [125/293] BURGOS | PV:COMPLETE | WND:COMPLETE
2025-11-25T00:16:55   -> KPIs berechnet: FLH_PV=1494.3h, FLH_Wind=3676.6h
2025-11-25T00:16:55 [126/293] LEON | PV:COMPLETE | WND:COMPLETE
2025-11-25T00:16:55   -> KPIs berechnet: FLH_PV=1510.8h, FLH_Wind=2932.5h
2025-11-25T00:16:55 [127/293] SALAMANCA | PV:COMPLETE | WND:COMPLETE
2025-11-25T00:16:56   -> KPIs berechnet: FLH_PV=1566.5h, FLH_Wind=3414.3h
2025-11-25T00:16:56 [128/293] VALLADOLID | PV:COMPLETE | WND:COMPLETE
2025-11-25T00:16:56   -> KPIs berechnet: FLH_PV=1535.3h, FLH_Wind=3328.6h
2025-11-25T00:16:56 [129/293] ALCAZAR_DE_SAN_JUAN-CAMPO_DE_CRIPTANA | PV:COMPLETE | WND:COMPLETE
2025-11-25T00:16:56   -> KPIs berechnet: FLH_PV=1622.0h, FLH_Wind=3236.7h
2025-11-25T00:16:56 [130/293] LLAGOSTA_LA | PV:COMPLETE | WND:COMPLETE
2025-11-25T00:16:56   -> KPIs berechnet: FLH_PV=1505.3h, FLH_Wind=2004.7h
2025-11-25T00:16:57 [131/293] MONTCADA | PV:COMPLETE | WND:COMPLETE
2025-11-25T00:16:57   -> KPIs berechnet: FLH_PV=1507.4h, FLH_Wind=2018.2h
2025-11-25T00:16:57 [132/293] PRAT_DE_LLOBREGAT_EL | PV:COMPLETE | WND:COMPLETE
2025-11-25T00:16:57   -> KPIs berechnet: FLH_PV=1521.1h, FLH_Wind=2112.9h
2025-11-25T00:16:57 [133/293] SANT_FELIU_DE_LLOBREGAT | PV:COMPLETE | WND:COMPLETE
2025-11-25T00:16:57   -> KPIs berechnet: FLH_PV=1518.8h, FLH_Wind=2078.2h
2025-11-25T00:16:57 [134/293] TP_36_of_Helsingin_kt | PV:COMPLETE | WND:COMPLETE
2025-11-25T00:16:58   -> KPIs berechnet: FLH_PV=1071.6h, FLH_Wind=4071.0h
2025-11-25T00:16:58 [135/293] TP_101_of_Helsingin_kt | PV:COMPLETE | WND:COMPLETE
2025-11-25T00:16:58   -> KPIs berechnet: FLH_PV=1061.3h, FLH_Wind=4012.0h
2025-11-25T00:16:58 [136/293] MAXEVILLE | PV:COMPLETE | WND:COMPLETE
2025-11-25T00:16:58   -> KPIs berechnet: FLH_PV=1210.4h, FLH_Wind=2607.7h
2025-11-25T00:16:58 [137/293] METZ | PV:COMPLETE | WND:COMPLETE
2025-11-25T00:16:59   -> KPIs berechnet: FLH_PV=1189.9h, FLH_Wind=2664.3h
2025-11-25T00:16:59 [138/293] STRASBOURG_-_LA_WANTZENAU | PV:COMPLETE | WND:COMPLETE
2025-11-25T00:16:59   -> KPIs berechnet: FLH_PV=1241.9h, FLH_Wind=1926.0h
2025-11-25T00:16:59 [139/293] SAUSHEIM | PV:COMPLETE | WND:COMPLETE
2025-11-25T00:16:59   -> KPIs berechnet: FLH_PV=1286.5h, FLH_Wind=1841.7h
2025-11-25T00:16:59 [140/293] REIMS | PV:COMPLETE | WND:COMPLETE
2025-11-25T00:16:59   -> KPIs berechnet: FLH_PV=1180.0h, FLH_Wind=2783.7h
2025-11-25T00:17:00 [141/293] LE_HAVRE | PV:COMPLETE | WND:COMPLETE
2025-11-25T00:17:00   -> KPIs berechnet: FLH_PV=1294.1h, FLH_Wind=4604.4h
2025-11-25T00:17:00 [142/293] ROUEN | PV:COMPLETE | WND:COMPLETE
2025-11-25T00:17:00   -> KPIs berechnet: FLH_PV=1195.3h, FLH_Wind=3385.7h
2025-11-25T00:17:00 [143/293] PARIS_SEINE_AVAL | PV:COMPLETE | WND:COMPLETE
2025-11-25T00:17:00   -> KPIs berechnet: FLH_PV=1196.5h, FLH_Wind=2966.6h
2025-11-25T00:17:01 [144/293] CARRE_DE_REUNION | PV:COMPLETE | WND:COMPLETE
2025-11-25T00:17:01   -> KPIs berechnet: FLH_PV=1200.5h, FLH_Wind=2960.9h
2025-11-25T00:17:01 [145/293] PARIS_SEINE_GRÉSILLONS | PV:COMPLETE | WND:COMPLETE
2025-11-25T00:17:02   -> KPIs berechnet: FLH_PV=1196.2h, FLH_Wind=2981.2h
2025-11-25T00:17:02 [146/293] PARIS_SEINE-CENTRE | PV:COMPLETE | WND:COMPLETE
2025-11-25T00:17:02   -> KPIs berechnet: FLH_PV=1198.3h, FLH_Wind=2952.5h
2025-11-25T00:17:02 [147/293] PARIS_MARNE_AVAL | PV:COMPLETE | WND:COMPLETE
2025-11-25T00:17:02   -> KPIs berechnet: FLH_PV=1202.8h, FLH_Wind=2895.5h
2025-11-25T00:17:03 [148/293] NEUVILLE_SUR_OISE | PV:COMPLETE | WND:COMPLETE
2025-11-25T00:17:03   -> KPIs berechnet: FLH_PV=1195.2h, FLH_Wind=2980.8h
2025-11-25T00:17:03 [149/293] RENNES | PV:COMPLETE | WND:COMPLETE
2025-11-25T00:17:03   -> KPIs berechnet: FLH_PV=1232.1h, FLH_Wind=3366.1h
2025-11-25T00:17:03 [150/293] TOURS_LA_RICHE_LA_GRANGE_DAVID | PV:COMPLETE | WND:COMPLETE
2025-11-25T00:17:03   -> KPIs berechnet: FLH_PV=1237.4h, FLH_Wind=2901.8h
2025-11-25T00:17:04 [151/293] NANTES_1-TOUGAS | PV:COMPLETE | WND:COMPLETE
2025-11-25T00:17:04   -> KPIs berechnet: FLH_PV=1281.7h, FLH_Wind=3319.4h
2025-11-25T00:17:04 [152/293] LMM_LE_MANS_-_LA_CHAUVINIÈRE | PV:COMPLETE | WND:COMPLETE
2025-11-25T00:17:04   -> KPIs berechnet: FLH_PV=1224.2h, FLH_Wind=3003.3h
2025-11-25T00:17:04 [153/293] TOULOUSE_GINESTOUS | PV:COMPLETE | WND:COMPLETE
2025-11-25T00:17:04   -> KPIs berechnet: FLH_PV=1357.2h, FLH_Wind=2238.6h
2025-11-25T00:17:05 [154/293] BEGLES_CLOS_DE_HILDE | PV:COMPLETE | WND:COMPLETE
2025-11-25T00:17:05   -> KPIs berechnet: FLH_PV=1325.2h, FLH_Wind=2481.9h
2025-11-25T00:17:05 [155/293] DIJON | PV:COMPLETE | WND:COMPLETE
2025-11-25T00:17:05   -> KPIs berechnet: FLH_PV=1270.6h, FLH_Wind=2528.4h
2025-11-25T00:17:05 [156/293] MAERA_EX_CEREIREDE | PV:COMPLETE | WND:COMPLETE
2025-11-25T00:17:05   -> KPIs berechnet: FLH_PV=1591.5h, FLH_Wind=3827.6h
2025-11-25T00:17:06 [157/293] GRENOBLE_AQUAPOLE | PV:COMPLETE | WND:COMPLETE
2025-11-25T00:17:06   -> KPIs berechnet: FLH_PV=1401.2h, FLH_Wind=1345.3h
2025-11-25T00:17:06 [158/293] LYON_-_PIERRE_BÉNITE | PV:COMPLETE | WND:COMPLETE
2025-11-25T00:17:06   -> KPIs berechnet: FLH_PV=1339.1h, FLH_Wind=2250.8h
2025-11-25T00:17:06 [159/293] LYON_-_SAINT_FONS | PV:COMPLETE | WND:COMPLETE
2025-11-25T00:17:06   -> KPIs berechnet: FLH_PV=1339.0h, FLH_Wind=2246.8h
2025-11-25T00:17:07 [160/293] FERNEY-VOLTAIRE_-_AIRE_2 | PV:COMPLETE | WND:COMPLETE
2025-11-25T00:17:07   -> KPIs berechnet: FLH_PV=1365.7h, FLH_Wind=1256.3h
2025-11-25T00:17:07 [161/293] Rijeka-Delta | PV:COMPLETE | WND:COMPLETE
2025-11-25T00:17:07   -> KPIs berechnet: FLH_PV=1458.8h, FLH_Wind=3045.0h
2025-11-25T00:17:07 [162/293] Zagreb | PV:COMPLETE | WND:COMPLETE
2025-11-25T00:17:07   -> KPIs berechnet: FLH_PV=1313.5h, FLH_Wind=2354.4h
2025-11-25T00:17:08 [163/293] Budapest_Csepel_Kp_szvtp_-_Szennyviztisztito_Telep | PV:COMPLETE | WND:COMPLETE
2025-11-25T00:17:08   -> KPIs berechnet: FLH_PV=1301.8h, FLH_Wind=3159.3h
2025-11-25T00:17:08 [164/293] Miskolc_-_Szennyviztisztito_Telep | PV:COMPLETE | WND:COMPLETE
2025-11-25T00:17:08   -> KPIs berechnet: FLH_PV=1282.9h, FLH_Wind=2702.9h
2025-11-25T00:17:08 [165/293] Pecs_-_Szennyviztisztito_Telep | PV:COMPLETE | WND:COMPLETE
2025-11-25T00:17:09   -> KPIs berechnet: FLH_PV=1334.2h, FLH_Wind=2922.8h
2025-11-25T00:17:09 [166/293] Budapest_Eszak_Pest_-_Szennyviztisztito_Telep | PV:COMPLETE | WND:COMPLETE
2025-11-25T00:17:09   -> KPIs berechnet: FLH_PV=1299.7h, FLH_Wind=3095.1h
2025-11-25T00:17:09 [167/293] Debrecen_-_Szennyviztisztito_Telep | PV:COMPLETE | WND:COMPLETE
2025-11-25T00:17:09   -> KPIs berechnet: FLH_PV=1274.1h, FLH_Wind=2871.2h
2025-11-25T00:17:09 [168/293] Gyor_-_Szennyviztisztito_Telep | PV:COMPLETE | WND:COMPLETE
2025-11-25T00:17:10   -> KPIs berechnet: FLH_PV=1294.2h, FLH_Wind=3510.6h
2025-11-25T00:17:10 [169/293] Cork_city | PV:COMPLETE | WND:COMPLETE
2025-11-25T00:17:10   -> KPIs berechnet: FLH_PV=1079.9h, FLH_Wind=4198.9h
2025-11-25T00:17:10 [170/293] Ringsend | PV:COMPLETE | WND:COMPLETE
2025-11-25T00:17:10   -> KPIs berechnet: FLH_PV=1122.5h, FLH_Wind=5074.7h
2025-11-25T00:17:10 [171/293] Cossato_Spolina | PV:COMPLETE | WND:COMPLETE
2025-11-25T00:17:11   -> KPIs berechnet: FLH_PV=1424.3h, FLH_Wind=652.9h
2025-11-25T00:17:11 [172/293] Castiglione | PV:COMPLETE | WND:COMPLETE
2025-11-25T00:17:11   -> KPIs berechnet: FLH_PV=1423.4h, FLH_Wind=775.0h
2025-11-25T00:17:11 [173/293] Dp01209001_Lonate_Pozzolo | PV:COMPLETE | WND:COMPLETE
2025-11-25T00:17:11   -> KPIs berechnet: FLH_PV=1364.1h, FLH_Wind=874.4h
2025-11-25T00:17:12 [174/293] Dp01514601_Milano_Nosedo | PV:COMPLETE | WND:COMPLETE
2025-11-25T00:17:12   -> KPIs berechnet: FLH_PV=1361.0h, FLH_Wind=1001.1h
2025-11-25T00:17:12 [175/293] Dp01514602_Milano_S_Rocco | PV:COMPLETE | WND:COMPLETE
2025-11-25T00:17:12   -> KPIs berechnet: FLH_PV=1363.3h, FLH_Wind=1009.9h
2025-11-25T00:17:12 [176/293] Dp01517001_Pero_Olona_Sud | PV:COMPLETE | WND:COMPLETE
2025-11-25T00:17:12   -> KPIs berechnet: FLH_PV=1357.2h, FLH_Wind=960.9h
2025-11-25T00:17:13 [177/293] Dp01517101_Peschiera_Borromeo | PV:COMPLETE | WND:COMPLETE
2025-11-25T00:17:13   -> KPIs berechnet: FLH_PV=1360.9h, FLH_Wind=1015.8h
2025-11-25T00:17:13 [178/293] Dp01518401_Robecco_Sul_Naviglio | PV:COMPLETE | WND:COMPLETE
2025-11-25T00:17:13   -> KPIs berechnet: FLH_PV=1365.3h, FLH_Wind=971.4h
2025-11-25T00:17:13 [179/293] Peschiera_Del_Garda_Paradiso | PV:COMPLETE | WND:COMPLETE
2025-11-25T00:17:13   -> KPIs berechnet: FLH_PV=1338.1h, FLH_Wind=1212.0h
2025-11-25T00:17:14 [180/293] Verona_Via_Avesani | PV:COMPLETE | WND:COMPLETE
2025-11-25T00:17:14   -> KPIs berechnet: FLH_PV=1330.8h, FLH_Wind=1180.3h
2025-11-25T00:17:14 [181/293] Arzignano_Via_Altura | PV:COMPLETE | WND:COMPLETE
2025-11-25T00:17:14   -> KPIs berechnet: FLH_PV=1325.4h, FLH_Wind=1143.9h
2025-11-25T00:17:14 [182/293] Montebello_Vicentino_Via_Fracanzana | PV:COMPLETE | WND:COMPLETE
2025-11-25T00:17:14   -> KPIs berechnet: FLH_PV=1323.9h, FLH_Wind=1199.5h
2025-11-25T00:17:15 [183/293] Venezia_Fusina_Via_Dei_Cantieri | PV:COMPLETE | WND:COMPLETE
2025-11-25T00:17:15   -> KPIs berechnet: FLH_PV=1325.7h, FLH_Wind=1583.6h
2025-11-25T00:17:15 [184/293] San_Giorgio_Di_Nogaro | PV:COMPLETE | WND:COMPLETE
2025-11-25T00:17:16   -> KPIs berechnet: FLH_PV=1323.2h, FLH_Wind=1503.0h
2025-11-25T00:17:16 [185/293] Bologna_Corticella | PV:COMPLETE | WND:COMPLETE
2025-11-25T00:17:17   -> KPIs berechnet: FLH_PV=1378.4h, FLH_Wind=2026.2h
2025-11-25T00:17:17 [186/293] Rimini_S_Giustina | PV:COMPLETE | WND:COMPLETE
2025-11-25T00:17:17   -> KPIs berechnet: FLH_PV=1386.7h, FLH_Wind=2312.3h
2025-11-25T00:17:18 [187/293] Idl_Baciacavallo | PV:COMPLETE | WND:COMPLETE
2025-11-25T00:17:18   -> KPIs berechnet: FLH_PV=1356.1h, FLH_Wind=2055.4h
2025-11-25T00:17:18 [188/293] Idl_San_Colombano | PV:COMPLETE | WND:COMPLETE
2025-11-25T00:17:18   -> KPIs berechnet: FLH_PV=1366.2h, FLH_Wind=2092.7h
2025-11-25T00:17:18 [189/293] Idi_Aquarno | PV:COMPLETE | WND:COMPLETE
2025-11-25T00:17:18   -> KPIs berechnet: FLH_PV=1388.7h, FLH_Wind=2150.6h
2025-11-25T00:17:19 [190/293] Idi_Cuoio_Depur | PV:COMPLETE | WND:COMPLETE
2025-11-25T00:17:19   -> KPIs berechnet: FLH_PV=1394.9h, FLH_Wind=2181.2h
2025-11-25T00:17:19 [191/293] Idi_Casa_Del_Lupo | PV:COMPLETE | WND:COMPLETE
2025-11-25T00:17:19   -> KPIs berechnet: FLH_PV=1380.8h, FLH_Wind=2032.9h
2025-11-25T00:17:19 [192/293] ROMA_EST | PV:COMPLETE | WND:COMPLETE
2025-11-25T00:17:19   -> KPIs berechnet: FLH_PV=1463.0h, FLH_Wind=1931.5h
2025-11-25T00:17:20 [193/293] ROMA_NORD | PV:COMPLETE | WND:COMPLETE
2025-11-25T00:17:20   -> KPIs berechnet: FLH_PV=1462.4h, FLH_Wind=2026.0h
2025-11-25T00:17:20 [194/293] ROMA_SUD | PV:COMPLETE | WND:COMPLETE
2025-11-25T00:17:20   -> KPIs berechnet: FLH_PV=1470.1h, FLH_Wind=2048.2h
2025-11-25T00:17:20 [195/293] Caivano_Depuratore_Di_Acerra | PV:COMPLETE | WND:COMPLETE
2025-11-25T00:17:20   -> KPIs berechnet: FLH_PV=1555.3h, FLH_Wind=1694.1h
2025-11-25T00:17:20 [196/293] Orta_Di_Atella_Ce_Impianto_Napoli_Nord | PV:COMPLETE | WND:COMPLETE
2025-11-25T00:17:21   -> KPIs berechnet: FLH_PV=1454.7h, FLH_Wind=1711.1h
2025-11-25T00:17:21 [197/293] Marigliano_Na_Depuratore_Di_Nola | PV:COMPLETE | WND:COMPLETE
2025-11-25T00:17:21   -> KPIs berechnet: FLH_PV=1555.0h, FLH_Wind=1773.7h
2025-11-25T00:17:21 [198/293] Marcianise_Ce_Depuratore_Di_Marcianise | PV:COMPLETE | WND:COMPLETE
2025-11-25T00:17:21   -> KPIs berechnet: FLH_PV=1455.3h, FLH_Wind=1717.4h
2025-11-25T00:17:21 [199/293] Salerno_Impianto_Salerno | PV:COMPLETE | WND:COMPLETE
2025-11-25T00:17:22   -> KPIs berechnet: FLH_PV=1567.1h, FLH_Wind=2286.1h
2025-11-25T00:17:22 [200/293] Bari_Est | PV:COMPLETE | WND:COMPLETE
2025-11-25T00:17:22   -> KPIs berechnet: FLH_PV=1490.6h, FLH_Wind=3093.6h
2025-11-25T00:17:22 [201/293] Impianto_Consortile_Di_Catania | PV:COMPLETE | WND:COMPLETE
2025-11-25T00:17:22   -> KPIs berechnet: FLH_PV=1659.2h, FLH_Wind=2457.3h
2025-11-25T00:17:22 [202/293] Impianto_C_Da_Magnisi_Casale_Vecchie_Saline_Depuratore_Ias_Priolo | PV:COMPLETE | WND:COMPLETE
2025-11-25T00:17:22   -> KPIs berechnet: FLH_PV=1671.0h, FLH_Wind=2796.5h
2025-11-25T00:17:23 [203/293] Casic_Loc_Sa_Marra | PV:COMPLETE | WND:COMPLETE
2025-11-25T00:17:23   -> KPIs berechnet: FLH_PV=1638.3h, FLH_Wind=3654.8h
2025-11-25T00:17:23 [204/293] Porto_Torres_Agglomerato_Industriale | PV:COMPLETE | WND:COMPLETE
2025-11-25T00:17:23   -> KPIs berechnet: FLH_PV=1626.7h, FLH_Wind=3327.6h
2025-11-25T00:17:23 [205/293] Bolzano | PV:COMPLETE | WND:COMPLETE
2025-11-25T00:17:23   -> KPIs berechnet: FLH_PV=1476.4h, FLH_Wind=580.2h
2025-11-25T00:17:23 [206/293] Vilniaus_nuoteku_valykla | PV:COMPLETE | WND:COMPLETE
2025-11-25T00:17:24   -> KPIs berechnet: FLH_PV=1038.2h, FLH_Wind=2391.9h
2025-11-25T00:17:24 [207/293] Kauno_nuoteku_valykla | PV:COMPLETE | WND:COMPLETE
2025-11-25T00:17:24   -> KPIs berechnet: FLH_PV=1033.4h, FLH_Wind=2331.0h
2025-11-25T00:17:24 [208/293] Klaipedos_nuoteku_valykla | PV:COMPLETE | WND:COMPLETE
2025-11-25T00:17:24   -> KPIs berechnet: FLH_PV=1085.5h, FLH_Wind=3494.5h
2025-11-25T00:17:24 [209/293] BAI_Daugavgrīva | PV:COMPLETE | WND:COMPLETE
2025-11-25T00:17:25   -> KPIs berechnet: FLH_PV=1030.2h, FLH_Wind=3169.1h
2025-11-25T00:17:25 [210/293] Ta_Barkat_Urban_Wastewater_Treatment_Plant | PV:COMPLETE | WND:COMPLETE
2025-11-25T00:17:25   -> KPIs berechnet: FLH_PV=1609.5h, FLH_Wind=3605.5h
2025-11-25T00:17:25 [211/293] UWWTP_AMSTERDAM-WEST | PV:COMPLETE | WND:COMPLETE
2025-11-25T00:17:25   -> KPIs berechnet: FLH_PV=1132.5h, FLH_Wind=3807.3h
2025-11-25T00:17:25 [212/293] UWWTP_HARNASCHPOLDER | PV:COMPLETE | WND:COMPLETE
2025-11-25T00:17:25   -> KPIs berechnet: FLH_PV=1227.9h, FLH_Wind=4725.3h
2025-11-25T00:17:26 [213/293] UWWTP_KRALINGSEVEER | PV:COMPLETE | WND:COMPLETE
2025-11-25T00:17:26   -> KPIs berechnet: FLH_PV=1140.5h, FLH_Wind=3393.7h
2025-11-25T00:17:26 [214/293] UWWTP_NIEUWVEER | PV:COMPLETE | WND:COMPLETE
2025-11-25T00:17:26   -> KPIs berechnet: FLH_PV=1136.5h, FLH_Wind=3115.6h
2025-11-25T00:17:26 [215/293] UWWTP_BATH | PV:COMPLETE | WND:COMPLETE
2025-11-25T00:17:26   -> KPIs berechnet: FLH_PV=1145.5h, FLH_Wind=3372.7h
2025-11-25T00:17:26 [216/293] UWWTP_EINDHOVEN | PV:COMPLETE | WND:COMPLETE
2025-11-25T00:17:27   -> KPIs berechnet: FLH_PV=1134.1h, FLH_Wind=2865.5h
2025-11-25T00:17:27 [217/293] UWWTP_AMSTERDAN-WESTPOORT | PV:COMPLETE | WND:COMPLETE
2025-11-25T00:17:27   -> KPIs berechnet: FLH_PV=1132.0h, FLH_Wind=3808.1h
2025-11-25T00:17:27 [218/293] UWWTP_TILBURG-NOORD | PV:COMPLETE | WND:COMPLETE
2025-11-25T00:17:27   -> KPIs berechnet: FLH_PV=1132.1h, FLH_Wind=2937.7h
2025-11-25T00:17:27 [219/293] Wrocławska_Oczyszczalnia_Ścieków | PV:COMPLETE | WND:COMPLETE
2025-11-25T00:17:27   -> KPIs berechnet: FLH_PV=1171.0h, FLH_Wind=2581.2h
2025-11-25T00:17:28 [220/293] Toruń_Centralna_Oczyszczalnia_Ścieków | PV:COMPLETE | WND:COMPLETE
2025-11-25T00:17:28   -> KPIs berechnet: FLH_PV=1101.0h, FLH_Wind=2642.7h
2025-11-25T00:17:28 [221/293] Lublin-Hajdów | PV:COMPLETE | WND:COMPLETE
2025-11-25T00:17:28   -> KPIs berechnet: FLH_PV=1153.4h, FLH_Wind=2468.5h
2025-11-25T00:17:28 [222/293] Goś_Łam | PV:COMPLETE | WND:COMPLETE
2025-11-25T00:17:28   -> KPIs berechnet: FLH_PV=1143.6h, FLH_Wind=2541.1h
2025-11-25T00:17:28 [223/293] Kutno | PV:COMPLETE | WND:COMPLETE
2025-11-25T00:17:29   -> KPIs berechnet: FLH_PV=1130.7h, FLH_Wind=2544.6h
2025-11-25T00:17:29 [224/293] Kraków-Płaszów | PV:COMPLETE | WND:COMPLETE
2025-11-25T00:17:29   -> KPIs berechnet: FLH_PV=1210.9h, FLH_Wind=2366.3h
2025-11-25T00:17:29 [225/293] Kraków-Kujawy | PV:COMPLETE | WND:COMPLETE
2025-11-25T00:17:29   -> KPIs berechnet: FLH_PV=1208.4h, FLH_Wind=2358.0h
2025-11-25T00:17:29 [226/293] Tarnów | PV:COMPLETE | WND:COMPLETE
2025-11-25T00:17:30   -> KPIs berechnet: FLH_PV=1200.7h, FLH_Wind=2307.5h
2025-11-25T00:17:30 [227/293] Zakład_Oczyszczalni_Ścieków_Czajka | PV:COMPLETE | WND:COMPLETE
2025-11-25T00:17:30   -> KPIs berechnet: FLH_PV=1124.5h, FLH_Wind=2493.3h
2025-11-25T00:17:30 [228/293] Zakład_Oczyszczalni_Ścieków_Południe | PV:COMPLETE | WND:COMPLETE
2025-11-25T00:17:30   -> KPIs berechnet: FLH_PV=1127.4h, FLH_Wind=2484.2h
2025-11-25T00:17:30 [229/293] Radom | PV:COMPLETE | WND:COMPLETE
2025-11-25T00:17:30   -> KPIs berechnet: FLH_PV=1161.3h, FLH_Wind=2475.4h
2025-11-25T00:17:31 [230/293] Rzeszów | PV:COMPLETE | WND:COMPLETE
2025-11-25T00:17:31   -> KPIs berechnet: FLH_PV=1190.2h, FLH_Wind=2460.2h
2025-11-25T00:17:31 [231/293] Oczyszczalnia_Ścieków_w_Białymstoku | PV:COMPLETE | WND:COMPLETE
2025-11-25T00:17:32   -> KPIs berechnet: FLH_PV=1091.9h, FLH_Wind=2311.5h
2025-11-25T00:17:32 [232/293] Gdańsk-Wschód | PV:COMPLETE | WND:COMPLETE
2025-11-25T00:17:32   -> KPIs berechnet: FLH_PV=1171.2h, FLH_Wind=4448.0h
2025-11-25T00:17:32 [233/293] Goś_Dębogórze | PV:COMPLETE | WND:COMPLETE
2025-11-25T00:17:32   -> KPIs berechnet: FLH_PV=1169.1h, FLH_Wind=4590.9h
2025-11-25T00:17:32 [234/293] International_Paper-Kwidzyn_Sp_z_o_o | PV:COMPLETE | WND:COMPLETE
2025-11-25T00:17:32   -> KPIs berechnet: FLH_PV=1083.2h, FLH_Wind=2796.5h
2025-11-25T00:17:33 [235/293] Radocha_Ii | PV:COMPLETE | WND:COMPLETE
2025-11-25T00:17:33   -> KPIs berechnet: FLH_PV=1190.6h, FLH_Wind=2399.7h
2025-11-25T00:17:33 [236/293] Centralna_Oczyszczalnia_Ścieków_w_Gliwicach | PV:COMPLETE | WND:COMPLETE
2025-11-25T00:17:33   -> KPIs berechnet: FLH_PV=1187.7h, FLH_Wind=2450.1h
2025-11-25T00:17:33 [237/293] Centralna_Oczyszczalnia_Ścieków_w_Koziegłowach | PV:COMPLETE | WND:COMPLETE
2025-11-25T00:17:33   -> KPIs berechnet: FLH_PV=1116.1h, FLH_Wind=2621.5h
2025-11-25T00:17:34 [238/293] Lewobrzeżna_Oczyszczalnia_Ścieków_w_Poznaniu | PV:COMPLETE | WND:COMPLETE
2025-11-25T00:17:34   -> KPIs berechnet: FLH_PV=1116.6h, FLH_Wind=2618.3h
2025-11-25T00:17:34 [239/293] Dopiewo | PV:COMPLETE | WND:COMPLETE
2025-11-25T00:17:34   -> KPIs berechnet: FLH_PV=1119.7h, FLH_Wind=2607.3h
2025-11-25T00:17:34 [240/293] Pomorzany | PV:COMPLETE | WND:COMPLETE
2025-11-25T00:17:34   -> KPIs berechnet: FLH_PV=1168.1h, FLH_Wind=2915.2h
2025-11-25T00:17:34 [241/293] Agra_I_e_II | PV:COMPLETE | WND:COMPLETE
2025-11-25T00:17:35   -> KPIs berechnet: FLH_PV=1454.9h, FLH_Wind=3405.7h
2025-11-25T00:17:35 [242/293] Rib_de_Moinhos | PV:COMPLETE | WND:COMPLETE
2025-11-25T00:17:35   -> KPIs berechnet: FLH_PV=1615.1h, FLH_Wind=4168.8h
2025-11-25T00:17:35 [243/293] Matosinhos | PV:COMPLETE | WND:COMPLETE
2025-11-25T00:17:35   -> KPIs berechnet: FLH_PV=1563.4h, FLH_Wind=3406.7h
2025-11-25T00:17:35 [244/293] Frielas | PV:COMPLETE | WND:COMPLETE
2025-11-25T00:17:35   -> KPIs berechnet: FLH_PV=1580.2h, FLH_Wind=4481.4h
2025-11-25T00:17:36 [245/293] Serzedelo_II | PV:COMPLETE | WND:COMPLETE
2025-11-25T00:17:36   -> KPIs berechnet: FLH_PV=1450.2h, FLH_Wind=3327.6h
2025-11-25T00:17:36 [246/293] ROWP_DANCU_IASI | PV:COMPLETE | WND:COMPLETE
2025-11-25T00:17:36   -> KPIs berechnet: FLH_PV=1313.0h, FLH_Wind=3528.0h
2025-11-25T00:17:36 [247/293] ROWP_RAJA_Constanta_Sud | PV:COMPLETE | WND:COMPLETE
2025-11-25T00:17:36   -> KPIs berechnet: FLH_PV=1498.2h, FLH_Wind=3918.6h
2025-11-25T00:17:37 [248/293] ROWP_GALATI | PV:COMPLETE | WND:COMPLETE
2025-11-25T00:17:37   -> KPIs berechnet: FLH_PV=1360.0h, FLH_Wind=3554.7h
2025-11-25T00:17:37 [249/293] ROWP_SC_APA_CANAL_2000_S_A_PITESTI | PV:COMPLETE | WND:COMPLETE
2025-11-25T00:17:37   -> KPIs berechnet: FLH_PV=1384.3h, FLH_Wind=2521.7h
2025-11-25T00:17:37 [250/293] ROWP_RA_Aquatim_Timisoara | PV:COMPLETE | WND:COMPLETE
2025-11-25T00:17:37   -> KPIs berechnet: FLH_PV=1309.2h, FLH_Wind=2955.7h
2025-11-25T00:17:37 [251/293] ROWP_SC_COMPANIA_APA_SA_Brasov | PV:COMPLETE | WND:COMPLETE
2025-11-25T00:17:38   -> KPIs berechnet: FLH_PV=1372.1h, FLH_Wind=2334.2h
2025-11-25T00:17:38 [252/293] ROWP_SC_APA_NOVA_SA_BUCURESTI | PV:COMPLETE | WND:COMPLETE
2025-11-25T00:17:38   -> KPIs berechnet: FLH_PV=1368.4h, FLH_Wind=2813.6h
2025-11-25T00:17:38 [253/293] ROWP_SC_APA_NOVA_SA_BUCURESTI | PV:COMPLETE | WND:COMPLETE
2025-11-25T00:17:38   -> KPIs berechnet: FLH_PV=1368.4h, FLH_Wind=2813.6h
2025-11-25T00:17:38 [254/293] Sjolunda_Avloppsreningsverk | PV:COMPLETE | WND:COMPLETE
2025-11-25T00:17:38   -> KPIs berechnet: FLH_PV=1080.0h, FLH_Wind=4502.9h
2025-11-25T00:17:39 [255/293] Gryaab_AB_Ryaverket | PV:COMPLETE | WND:COMPLETE
2025-11-25T00:17:39   -> KPIs berechnet: FLH_PV=1040.4h, FLH_Wind=3698.2h
2025-11-25T00:17:39 [256/293] UWWTP_LJUBLJANA_ZALOG | PV:COMPLETE | WND:COMPLETE
2025-11-25T00:17:39   -> KPIs berechnet: FLH_PV=1421.4h, FLH_Wind=2219.6h
2025-11-25T00:17:39 [257/293] COV_Vrakuna | PV:COMPLETE | WND:COMPLETE
2025-11-25T00:17:39   -> KPIs berechnet: FLH_PV=1277.8h, FLH_Wind=3805.0h
2025-11-25T00:17:40 [258/293] Belfast | PV:COMPLETE | WND:COMPLETE
2025-11-25T00:17:40   -> KPIs berechnet: FLH_PV=982.9h, FLH_Wind=4202.2h
2025-11-25T00:17:40 [259/293] Newtownards_Ballyrickard | PV:COMPLETE | WND:COMPLETE
2025-11-25T00:17:40   -> KPIs berechnet: FLH_PV=996.1h, FLH_Wind=4234.4h
2025-11-25T00:17:40 [260/293] EDINBURGH_SEAFIELD_WWTW | PV:COMPLETE | WND:COMPLETE
2025-11-25T00:17:40   -> KPIs berechnet: FLH_PV=987.6h, FLH_Wind=4722.5h
2025-11-25T00:17:40 [261/293] MEADOWHEAD_W_W_T_SERVICE | PV:COMPLETE | WND:COMPLETE
2025-11-25T00:17:41   -> KPIs berechnet: FLH_PV=1012.2h, FLH_Wind=4837.2h
2025-11-25T00:17:41 [262/293] NIGG_WWTW-_ABERDEEN_PFI | PV:COMPLETE | WND:COMPLETE
2025-11-25T00:17:41   -> KPIs berechnet: FLH_PV=1063.9h, FLH_Wind=5127.7h
2025-11-25T00:17:41 [263/293] NORTH_WARRINGTON_STW | PV:COMPLETE | WND:COMPLETE
2025-11-25T00:17:41   -> KPIs berechnet: FLH_PV=1050.8h, FLH_Wind=3594.2h
2025-11-25T00:17:41 [264/293] BLACKBURN_STW | PV:COMPLETE | WND:COMPLETE
2025-11-25T00:17:42   -> KPIs berechnet: FLH_PV=1035.2h, FLH_Wind=3710.2h
2025-11-25T00:17:42 [265/293] BURTON_ON_TRENT_STW | PV:COMPLETE | WND:COMPLETE
2025-11-25T00:17:42   -> KPIs berechnet: FLH_PV=1073.8h, FLH_Wind=3479.8h
2025-11-25T00:17:42 [266/293] LONDON_Becton_STW | PV:COMPLETE | WND:COMPLETE
2025-11-25T00:17:42   -> KPIs berechnet: FLH_PV=1155.4h, FLH_Wind=3717.4h
2025-11-25T00:17:42 [267/293] LONDON_Beddington_STW | PV:COMPLETE | WND:COMPLETE
2025-11-25T00:17:42   -> KPIs berechnet: FLH_PV=1157.5h, FLH_Wind=3727.7h
2025-11-25T00:17:43 [268/293] LONDON_Deepham_STW | PV:COMPLETE | WND:COMPLETE
2025-11-25T00:17:43   -> KPIs berechnet: FLH_PV=1146.6h, FLH_Wind=3692.0h
2025-11-25T00:17:43 [269/293] LONDON_Crossness_STW | PV:COMPLETE | WND:COMPLETE
2025-11-25T00:17:43   -> KPIs berechnet: FLH_PV=1156.9h, FLH_Wind=3724.8h
2025-11-25T00:17:43 [270/293] WIGAN_HOSCAR_STW | PV:COMPLETE | WND:COMPLETE
2025-11-25T00:17:43   -> KPIs berechnet: FLH_PV=1049.3h, FLH_Wind=3681.8h
2025-11-25T00:17:44 [271/293] BRISTOL_STW | PV:COMPLETE | WND:COMPLETE
2025-11-25T00:17:44   -> KPIs berechnet: FLH_PV=1133.3h, FLH_Wind=3594.5h
2025-11-25T00:17:44 [272/293] Manchester_and_Salford_Davyhulme_STW | PV:COMPLETE | WND:COMPLETE
2025-11-25T00:17:44   -> KPIs berechnet: FLH_PV=1040.8h, FLH_Wind=3625.9h
2025-11-25T00:17:44 [273/293] STOKE_ON_TRENT_STRONGFORD_STW | PV:COMPLETE | WND:COMPLETE
2025-11-25T00:17:44   -> KPIs berechnet: FLH_PV=1064.0h, FLH_Wind=3415.5h
2025-11-25T00:17:44 [274/293] BIRMINGHAM_BLACK_COUNTRY_NO_1_MINWORTH_STW | PV:COMPLETE | WND:COMPLETE
2025-11-25T00:17:45   -> KPIs berechnet: FLH_PV=1092.9h, FLH_Wind=3431.5h
2025-11-25T00:17:45 [275/293] BRADFORD_ESHOLT_STW | PV:COMPLETE | WND:COMPLETE
2025-11-25T00:17:45   -> KPIs berechnet: FLH_PV=1028.4h, FLH_Wind=3654.9h
2025-11-25T00:17:45 [276/293] DEWSBURY_AND_BATLEY_STW | PV:COMPLETE | WND:COMPLETE
2025-11-25T00:17:45   -> KPIs berechnet: FLH_PV=1045.4h, FLH_Wind=3617.9h
2025-11-25T00:17:45 [277/293] NEWCASTLE_Howdon_STW | PV:COMPLETE | WND:COMPLETE
2025-11-25T00:17:46   -> KPIs berechnet: FLH_PV=1115.9h, FLH_Wind=4973.1h
2025-11-25T00:17:46 [278/293] LEEDS_KNOSTROP_STW | PV:COMPLETE | WND:COMPLETE
2025-11-25T00:17:46   -> KPIs berechnet: FLH_PV=1053.3h, FLH_Wind=3674.0h
2025-11-25T00:17:47 [279/293] SHEFFIELD_BLACKBURN_MEADOWS_STW | PV:COMPLETE | WND:COMPLETE
2025-11-25T00:17:47   -> KPIs berechnet: FLH_PV=1070.1h, FLH_Wind=3605.4h
2025-11-25T00:17:47 [280/293] MIDDLESBOROUGH_STW | PV:COMPLETE | WND:COMPLETE
2025-11-25T00:17:47   -> KPIs berechnet: FLH_PV=1038.8h, FLH_Wind=4036.9h
2025-11-25T00:17:47 [281/293] LEICESTER_STW | PV:COMPLETE | WND:COMPLETE
2025-11-25T00:17:47   -> KPIs berechnet: FLH_PV=1085.8h, FLH_Wind=3496.6h
2025-11-25T00:17:48 [282/293] NOTTINGHAM_STW | PV:COMPLETE | WND:COMPLETE
2025-11-25T00:17:48   -> KPIs berechnet: FLH_PV=1078.6h, FLH_Wind=3533.1h
2025-11-25T00:17:48 [283/293] NORTHAMPTON_STW | PV:COMPLETE | WND:COMPLETE
2025-11-25T00:17:48   -> KPIs berechnet: FLH_PV=1107.5h, FLH_Wind=3519.5h
2025-11-25T00:17:48 [284/293] MILTON_KEYNES_STW | PV:COMPLETE | WND:COMPLETE
2025-11-25T00:17:48   -> KPIs berechnet: FLH_PV=1118.4h, FLH_Wind=3531.2h
2025-11-25T00:17:49 [285/293] HULL_STW | PV:COMPLETE | WND:COMPLETE
2025-11-25T00:17:49   -> KPIs berechnet: FLH_PV=1057.0h, FLH_Wind=4051.2h
2025-11-25T00:17:49 [286/293] Rye_Meads_STW | PV:COMPLETE | WND:COMPLETE
2025-11-25T00:17:49   -> KPIs berechnet: FLH_PV=1139.9h, FLH_Wind=3632.1h
2025-11-25T00:17:49 [287/293] TILBURY_STW_TILBURY_ESSEX | PV:COMPLETE | WND:COMPLETE
2025-11-25T00:17:49   -> KPIs berechnet: FLH_PV=1245.6h, FLH_Wind=4646.7h
2025-11-25T00:17:49 [288/293] NORWICH_STW | PV:COMPLETE | WND:COMPLETE
2025-11-25T00:17:50   -> KPIs berechnet: FLH_PV=1123.3h, FLH_Wind=4232.2h
2025-11-25T00:17:50 [289/293] Fleetwood_and_Blackpool_Fleetwood_Marsh_STW | PV:COMPLETE | WND:COMPLETE
2025-11-25T00:17:50   -> KPIs berechnet: FLH_PV=1121.5h, FLH_Wind=4754.4h
2025-11-25T00:17:50 [290/293] BOLTON_STW | PV:COMPLETE | WND:COMPLETE
2025-11-25T00:17:50   -> KPIs berechnet: FLH_PV=1037.2h, FLH_Wind=3645.3h
2025-11-25T00:17:50 [291/293] COVENTRY_STW | PV:COMPLETE | WND:COMPLETE
2025-11-25T00:17:51   -> KPIs berechnet: FLH_PV=1096.5h, FLH_Wind=3451.4h
2025-11-25T00:17:51 [292/293] LONDON_Riverside_STW | PV:COMPLETE | WND:COMPLETE
2025-11-25T00:17:51   -> KPIs berechnet: FLH_PV=1157.0h, FLH_Wind=3728.1h
2025-11-25T00:17:51 [293/293] LONDON_Long_Reach_STW | PV:COMPLETE | WND:COMPLETE
2025-11-25T00:17:51   -> KPIs berechnet: FLH_PV=1160.8h, FLH_Wind=3747.9h
2025-11-25T00:17:51 ======================================================
2025-11-25T00:17:51 Schreibe 293 KPI-Zeilen in Excel 'Energy' …
2025-11-25T00:17:52 KPI-Update in Excel geschrieben: C:\Users\aless\PycharmProjects\Masterthesis\Output\UWWTD_TP_Database.xlsx -> Sheet 'Energy'
2025-11-25T00:17:52 KPIs fertig. Du findest die Werte im Sheet 'Energy'.
2025-11-25T00:17:52 ======================================================
2025-11-25T01:17:29 ======================================================
2025-11-25T01:17:29 Start • Sites: 293 • Zeitraum: 2015-01-01 bis 2024-12-31 (Auto-Chunking <=1Y)
2025-11-25T01:17:29 Limiter: 1.0 req/s & 50 req/h (sichtbar)
2025-11-25T01:17:29 Excel: C:\Users\aless\PycharmProjects\Masterthesis\Output\UWWTD_TP_Database.xlsx | Sheets: 'General Data' -> 'Energy'
2025-11-25T01:17:29 Ausgabe: C:\Users\aless\PycharmProjects\Masterthesis\Output\RenewableEnergyProfiles (stabile Dateinamen, keine Doppel-Downloads)
2025-11-25T01:17:29 ======================================================
2025-11-25T01:17:30 [1/293] ARA_AWV_Schwechat | PV:COMPLETE | WND:COMPLETE
2025-11-25T01:17:30   -> KPIs berechnet: FLH_PV=1285.9h, FLH_Wind=3572.7h
2025-11-25T01:17:30 [2/293] Asten_-_Regionalkläranlage | PV:COMPLETE | WND:COMPLETE
2025-11-25T01:17:30   -> KPIs berechnet: FLH_PV=1357.1h, FLH_Wind=2557.8h
2025-11-25T01:17:30 [3/293] ARA_Siggerwiesen | PV:COMPLETE | WND:COMPLETE
2025-11-25T01:17:30   -> KPIs berechnet: FLH_PV=1258.5h, FLH_Wind=1919.0h
2025-11-25T01:17:31 [4/293] Graz-Gössendorf | PV:COMPLETE | WND:COMPLETE
2025-11-25T01:17:31   -> KPIs berechnet: FLH_PV=1348.5h, FLH_Wind=1958.1h
2025-11-25T01:17:31 [5/293] Gratkorn | PV:COMPLETE | WND:COMPLETE
2025-11-25T01:17:31   -> KPIs berechnet: FLH_PV=1335.9h, FLH_Wind=2112.2h
2025-11-25T01:17:31 [6/293] Innsbruck | PV:COMPLETE | WND:COMPLETE
2025-11-25T01:17:31   -> KPIs berechnet: FLH_PV=1383.4h, FLH_Wind=850.4h
2025-11-25T01:17:32 [7/293] Meiningen | PV:COMPLETE | WND:COMPLETE
2025-11-25T01:17:32   -> KPIs berechnet: FLH_PV=1340.8h, FLH_Wind=1093.0h
2025-11-25T01:17:32 [8/293] Hauptkläranlage_Wien | PV:COMPLETE | WND:COMPLETE
2025-11-25T01:17:32   -> KPIs berechnet: FLH_PV=1285.7h, FLH_Wind=3550.5h
2025-11-25T01:17:32 [9/293] Bruxelles-nord | PV:COMPLETE | WND:COMPLETE
2025-11-25T01:17:32   -> KPIs berechnet: FLH_PV=1145.9h, FLH_Wind=3084.9h
2025-11-25T01:17:33 [10/293] LIEGE_OUPEYE | PV:COMPLETE | WND:COMPLETE
2025-11-25T01:17:33   -> KPIs berechnet: FLH_PV=1152.8h, FLH_Wind=3016.0h
2025-11-25T01:17:33 [11/293] UWWTP_Burgas | PV:COMPLETE | WND:COMPLETE
2025-11-25T01:17:33   -> KPIs berechnet: FLH_PV=1425.6h, FLH_Wind=2815.7h
2025-11-25T01:17:33 [12/293] UWWTP_Varna | PV:COMPLETE | WND:COMPLETE
2025-11-25T01:17:33   -> KPIs berechnet: FLH_PV=1505.8h, FLH_Wind=3603.8h
2025-11-25T01:17:33 [13/293] UWWTP_Plovdiv | PV:COMPLETE | WND:COMPLETE
2025-11-25T01:17:34   -> KPIs berechnet: FLH_PV=1479.3h, FLH_Wind=1845.2h
2025-11-25T01:17:34 [14/293] UWWTP_Sofia | PV:COMPLETE | WND:COMPLETE
2025-11-25T01:17:34   -> KPIs berechnet: FLH_PV=1479.8h, FLH_Wind=1876.4h
2025-11-25T01:17:34 [15/293] UCOV_Praha | PV:COMPLETE | WND:COMPLETE
2025-11-25T01:17:34   -> KPIs berechnet: FLH_PV=1310.9h, FLH_Wind=2678.6h
2025-11-25T01:17:34 [16/293] COV_Plzen | PV:COMPLETE | WND:COMPLETE
2025-11-25T01:17:35   -> KPIs berechnet: FLH_PV=1229.0h, FLH_Wind=2470.0h
2025-11-25T01:17:35 [17/293] COV_Steti_-Papirny_Mondi | PV:COMPLETE | WND:COMPLETE
2025-11-25T01:17:35   -> KPIs berechnet: FLH_PV=1323.2h, FLH_Wind=2452.9h
2025-11-25T01:17:35 [18/293] COV_Brno_-_Modrice | PV:COMPLETE | WND:COMPLETE
2025-11-25T01:17:35   -> KPIs berechnet: FLH_PV=1257.0h, FLH_Wind=2992.5h
2025-11-25T01:17:35 [19/293] UCOV_Ostrava_-_Privoz | PV:COMPLETE | WND:COMPLETE
2025-11-25T01:17:36   -> KPIs berechnet: FLH_PV=1217.1h, FLH_Wind=2710.6h
2025-11-25T01:17:36 [20/293] Stahnsdorf | PV:COMPLETE | WND:COMPLETE
2025-11-25T01:17:36   -> KPIs berechnet: FLH_PV=1124.0h, FLH_Wind=2547.9h
2025-11-25T01:17:36 [21/293] Ruhleben | PV:COMPLETE | WND:COMPLETE
2025-11-25T01:17:36   -> KPIs berechnet: FLH_PV=1120.4h, FLH_Wind=2567.6h
2025-11-25T01:17:36 [22/293] Schönerlinde | PV:COMPLETE | WND:COMPLETE
2025-11-25T01:17:37   -> KPIs berechnet: FLH_PV=1113.1h, FLH_Wind=2581.0h
2025-11-25T01:17:37 [23/293] Waßmannsdorf | PV:COMPLETE | WND:COMPLETE
2025-11-25T01:17:37   -> KPIs berechnet: FLH_PV=1122.2h, FLH_Wind=2553.2h
2025-11-25T01:17:37 [24/293] Hauptklärwerk_Mühlhausen | PV:COMPLETE | WND:COMPLETE
2025-11-25T01:17:37   -> KPIs berechnet: FLH_PV=1242.4h, FLH_Wind=2075.0h
2025-11-25T01:17:37 [25/293] Göppingen | PV:COMPLETE | WND:COMPLETE
2025-11-25T01:17:37   -> KPIs berechnet: FLH_PV=1252.5h, FLH_Wind=2096.8h
2025-11-25T01:17:38 [26/293] SKA_Heilbronn | PV:COMPLETE | WND:COMPLETE
2025-11-25T01:17:38   -> KPIs berechnet: FLH_PV=1217.6h, FLH_Wind=2124.9h
2025-11-25T01:17:38 [27/293] SKA_Karlsruhe_Neureut | PV:COMPLETE | WND:COMPLETE
2025-11-25T01:17:38   -> KPIs berechnet: FLH_PV=1217.5h, FLH_Wind=2044.0h
2025-11-25T01:17:38 [28/293] SKA_AZV_Heidelberg | PV:COMPLETE | WND:COMPLETE
2025-11-25T01:17:38   -> KPIs berechnet: FLH_PV=1202.5h, FLH_Wind=2052.7h
2025-11-25T01:17:39 [29/293] Kläranlage_Mannheim | PV:COMPLETE | WND:COMPLETE
2025-11-25T01:17:39   -> KPIs berechnet: FLH_PV=1204.2h, FLH_Wind=2052.8h
2025-11-25T01:17:39 [30/293] SKA_AZV_BREISGAUER_BUCHT_-_KA_FORCHHEIM | PV:COMPLETE | WND:COMPLETE
2025-11-25T01:17:39   -> KPIs berechnet: FLH_PV=1268.0h, FLH_Wind=1793.0h
2025-11-25T01:17:39 [31/293] Würzburg | PV:COMPLETE | WND:COMPLETE
2025-11-25T01:17:39   -> KPIs berechnet: FLH_PV=1206.7h, FLH_Wind=2111.9h
2025-11-25T01:17:40 [32/293] Augsburg | PV:COMPLETE | WND:COMPLETE
2025-11-25T01:17:40   -> KPIs berechnet: FLH_PV=1267.4h, FLH_Wind=2031.6h
2025-11-25T01:17:40 [33/293] Zweckverband_Klärwerk_Steinhäule | PV:COMPLETE | WND:COMPLETE
2025-11-25T01:17:40   -> KPIs berechnet: FLH_PV=1263.1h, FLH_Wind=2054.4h
2025-11-25T01:17:40 [34/293] München_II_-_Gut_Marienhof | PV:COMPLETE | WND:COMPLETE
2025-11-25T01:17:40   -> KPIs berechnet: FLH_PV=1247.5h, FLH_Wind=1852.3h
2025-11-25T01:17:41 [35/293] AZV_Erdinger_Moos | PV:COMPLETE | WND:COMPLETE
2025-11-25T01:17:41   -> KPIs berechnet: FLH_PV=1245.2h, FLH_Wind=1879.4h
2025-11-25T01:17:41 [36/293] Erlangen | PV:COMPLETE | WND:COMPLETE
2025-11-25T01:17:41   -> KPIs berechnet: FLH_PV=1201.8h, FLH_Wind=2139.0h
2025-11-25T01:17:41 [37/293] Rosenheim | PV:COMPLETE | WND:COMPLETE
2025-11-25T01:17:41   -> KPIs berechnet: FLH_PV=1269.6h, FLH_Wind=1459.5h
2025-11-25T01:17:42 [38/293] Kläranlage_Seehausen | PV:COMPLETE | WND:COMPLETE
2025-11-25T01:17:42   -> KPIs berechnet: FLH_PV=1080.8h, FLH_Wind=2920.5h
2025-11-25T01:17:42 [39/293] Frankfurt_am_Main_Sindlingen | PV:COMPLETE | WND:COMPLETE
2025-11-25T01:17:42   -> KPIs berechnet: FLH_PV=1198.2h, FLH_Wind=2067.3h
2025-11-25T01:17:42 [40/293] Wiesbaden_Mitte | PV:COMPLETE | WND:COMPLETE
2025-11-25T01:17:43   -> KPIs berechnet: FLH_PV=1190.7h, FLH_Wind=2110.3h
2025-11-25T01:17:43 [41/293] Klärwerksverbund_Köhlbrandhöft_Dradenau | PV:COMPLETE | WND:COMPLETE
2025-11-25T01:17:43   -> KPIs berechnet: FLH_PV=1081.8h, FLH_Wind=2936.5h
2025-11-25T01:17:43 [42/293] 2530002102_KA_Herrenhausen | PV:COMPLETE | WND:COMPLETE
2025-11-25T01:17:43   -> KPIs berechnet: FLH_PV=1111.0h, FLH_Wind=2692.2h
2025-11-25T01:17:43 [43/293] 2530142095_KA_Gümmerwald | PV:COMPLETE | WND:COMPLETE
2025-11-25T01:17:44   -> KPIs berechnet: FLH_PV=1109.5h, FLH_Wind=2703.6h
2025-11-25T01:17:44 [44/293] 2550232001_KA_Holzminden | PV:COMPLETE | WND:COMPLETE
2025-11-25T01:17:44   -> KPIs berechnet: FLH_PV=1124.3h, FLH_Wind=2590.7h
2025-11-25T01:17:44 [45/293] 3520112001_KA_Cuxhaven | PV:COMPLETE | WND:COMPLETE
2025-11-25T01:17:44   -> KPIs berechnet: FLH_PV=1154.9h, FLH_Wind=4560.9h
2025-11-25T01:17:44 [46/293] Aachen-Soers | PV:COMPLETE | WND:COMPLETE
2025-11-25T01:17:45   -> KPIs berechnet: FLH_PV=1158.1h, FLH_Wind=2819.8h
2025-11-25T01:17:45 [47/293] Dortmund-Deusen | PV:COMPLETE | WND:COMPLETE
2025-11-25T01:17:45   -> KPIs berechnet: FLH_PV=1124.5h, FLH_Wind=2713.8h
2025-11-25T01:17:45 [48/293] Bottrop | PV:COMPLETE | WND:COMPLETE
2025-11-25T01:17:45   -> KPIs berechnet: FLH_PV=1124.7h, FLH_Wind=2685.2h
2025-11-25T01:17:45 [49/293] Köln_Stammheim | PV:COMPLETE | WND:COMPLETE
2025-11-25T01:17:46   -> KPIs berechnet: FLH_PV=1169.6h, FLH_Wind=2618.3h
2025-11-25T01:17:46 [50/293] Düsseldorf-Nord | PV:COMPLETE | WND:COMPLETE
2025-11-25T01:17:46   -> KPIs berechnet: FLH_PV=1145.5h, FLH_Wind=2664.6h
2025-11-25T01:17:46 [51/293] Krefeld | PV:COMPLETE | WND:COMPLETE
2025-11-25T01:17:46   -> KPIs berechnet: FLH_PV=1136.3h, FLH_Wind=2667.4h
2025-11-25T01:17:46 [52/293] Mönchengladbach_GWK_I | PV:COMPLETE | WND:COMPLETE
2025-11-25T01:17:47   -> KPIs berechnet: FLH_PV=1150.0h, FLH_Wind=2681.2h
2025-11-25T01:17:47 [53/293] Neuss-Ost | PV:COMPLETE | WND:COMPLETE
2025-11-25T01:17:47   -> KPIs berechnet: FLH_PV=1152.8h, FLH_Wind=2655.8h
2025-11-25T01:17:47 [54/293] Münster-Hauptkläranlage | PV:COMPLETE | WND:COMPLETE
2025-11-25T01:17:47   -> KPIs berechnet: FLH_PV=1115.0h, FLH_Wind=2724.3h
2025-11-25T01:17:47 [55/293] Abwasserverband_Obere_Lutter | PV:COMPLETE | WND:COMPLETE
2025-11-25T01:17:47   -> KPIs berechnet: FLH_PV=1115.5h, FLH_Wind=2672.7h
2025-11-25T01:17:48 [56/293] Düren | PV:COMPLETE | WND:COMPLETE
2025-11-25T01:17:48   -> KPIs berechnet: FLH_PV=1165.4h, FLH_Wind=2719.3h
2025-11-25T01:17:48 [57/293] Paderborn_Sande | PV:COMPLETE | WND:COMPLETE
2025-11-25T01:17:48   -> KPIs berechnet: FLH_PV=1129.1h, FLH_Wind=2650.2h
2025-11-25T01:17:48 [58/293] Düsseldorf-Süd | PV:COMPLETE | WND:COMPLETE
2025-11-25T01:17:48   -> KPIs berechnet: FLH_PV=1153.8h, FLH_Wind=2653.8h
2025-11-25T01:17:49 [59/293] Wuppertal-Buchenhofen | PV:COMPLETE | WND:COMPLETE
2025-11-25T01:17:49   -> KPIs berechnet: FLH_PV=1143.2h, FLH_Wind=2604.6h
2025-11-25T01:17:49 [60/293] Duisburg-Kaßlerfeld | PV:COMPLETE | WND:COMPLETE
2025-11-25T01:17:49   -> KPIs berechnet: FLH_PV=1130.6h, FLH_Wind=2666.4h
2025-11-25T01:17:49 [61/293] Emscherkläranlage | PV:COMPLETE | WND:COMPLETE
2025-11-25T01:17:49   -> KPIs berechnet: FLH_PV=1125.0h, FLH_Wind=2673.8h
2025-11-25T01:17:50 [62/293] Duisburg-Alte_Emscher | PV:COMPLETE | WND:COMPLETE
2025-11-25T01:17:50   -> KPIs berechnet: FLH_PV=1126.8h, FLH_Wind=2668.8h
2025-11-25T01:17:50 [63/293] Koblenz | PV:COMPLETE | WND:COMPLETE
2025-11-25T01:17:50   -> KPIs berechnet: FLH_PV=1181.7h, FLH_Wind=2283.7h
2025-11-25T01:17:50 [64/293] Mainz | PV:COMPLETE | WND:COMPLETE
2025-11-25T01:17:50   -> KPIs berechnet: FLH_PV=1191.5h, FLH_Wind=2109.4h
2025-11-25T01:17:51 [65/293] Trier_Hauptklärwerk | PV:COMPLETE | WND:COMPLETE
2025-11-25T01:17:51   -> KPIs berechnet: FLH_PV=1176.4h, FLH_Wind=2411.9h
2025-11-25T01:17:51 [66/293] Hetlingen | PV:COMPLETE | WND:COMPLETE
2025-11-25T01:17:51   -> KPIs berechnet: FLH_PV=1077.7h, FLH_Wind=3002.0h
2025-11-25T01:17:51 [67/293] Neumünster | PV:COMPLETE | WND:COMPLETE
2025-11-25T01:17:51   -> KPIs berechnet: FLH_PV=1074.7h, FLH_Wind=3289.7h
2025-11-25T01:17:52 [68/293] Bitterfeld-Wolfen | PV:COMPLETE | WND:COMPLETE
2025-11-25T01:17:52   -> KPIs berechnet: FLH_PV=1163.9h, FLH_Wind=2422.2h
2025-11-25T01:17:52 [69/293] Halle-Nord | PV:COMPLETE | WND:COMPLETE
2025-11-25T01:17:52   -> KPIs berechnet: FLH_PV=1179.3h, FLH_Wind=2380.8h
2025-11-25T01:17:52 [70/293] Schkopau | PV:COMPLETE | WND:COMPLETE
2025-11-25T01:17:53   -> KPIs berechnet: FLH_PV=1182.2h, FLH_Wind=2391.8h
2025-11-25T01:17:53 [71/293] MD-Gerwisch | PV:COMPLETE | WND:COMPLETE
2025-11-25T01:17:53   -> KPIs berechnet: FLH_PV=1148.5h, FLH_Wind=2519.5h
2025-11-25T01:17:53 [72/293] Lynetten | PV:COMPLETE | WND:COMPLETE
2025-11-25T01:17:53   -> KPIs berechnet: FLH_PV=1151.9h, FLH_Wind=4885.1h
2025-11-25T01:17:53 [73/293] Damhusåen | PV:COMPLETE | WND:COMPLETE
2025-11-25T01:17:54   -> KPIs berechnet: FLH_PV=1153.4h, FLH_Wind=4891.2h
2025-11-25T01:17:54 [74/293] SPILDEVANDSCENTER_AVEDØRE | PV:COMPLETE | WND:COMPLETE
2025-11-25T01:17:54   -> KPIs berechnet: FLH_PV=1153.7h, FLH_Wind=4899.1h
2025-11-25T01:17:54 [75/293] EJBY_MØLLE_RENSEANLÆG | PV:COMPLETE | WND:COMPLETE
2025-11-25T01:17:54   -> KPIs berechnet: FLH_PV=1061.6h, FLH_Wind=3930.2h
2025-11-25T01:17:54 [76/293] FREDERICIA_CENTRALRENS | PV:COMPLETE | WND:COMPLETE
2025-11-25T01:17:54   -> KPIs berechnet: FLH_PV=1047.1h, FLH_Wind=3769.8h
2025-11-25T01:17:55 [77/293] Kohtla-Järve_regionaalne_reoveepuhasti | PV:COMPLETE | WND:COMPLETE
2025-11-25T01:17:55   -> KPIs berechnet: FLH_PV=1057.3h, FLH_Wind=4249.6h
2025-11-25T01:17:55 [78/293] Tallinna_reoveepuhastusjaam | PV:COMPLETE | WND:COMPLETE
2025-11-25T01:17:55   -> KPIs berechnet: FLH_PV=1100.4h, FLH_Wind=4911.0h
2025-11-25T01:17:55 [79/293] THESSALONIKI | PV:COMPLETE | WND:COMPLETE
2025-11-25T01:17:55   -> KPIs berechnet: FLH_PV=1581.8h, FLH_Wind=1868.1h
2025-11-25T01:17:56 [80/293] PSYTTALIA | PV:COMPLETE | WND:COMPLETE
2025-11-25T01:17:56   -> KPIs berechnet: FLH_PV=1577.0h, FLH_Wind=3393.4h
2025-11-25T01:17:56 [81/293] METAMORPHOSI | PV:COMPLETE | WND:COMPLETE
2025-11-25T01:17:56   -> KPIs berechnet: FLH_PV=1569.5h, FLH_Wind=3621.9h
2025-11-25T01:17:56 [82/293] MONTE_ORGEGIA | PV:COMPLETE | WND:COMPLETE
2025-11-25T01:17:56   -> KPIs berechnet: FLH_PV=1616.0h, FLH_Wind=2705.3h
2025-11-25T01:17:57 [83/293] RINCON_DE_LEON | PV:COMPLETE | WND:COMPLETE
2025-11-25T01:17:57   -> KPIs berechnet: FLH_PV=1616.8h, FLH_Wind=2707.1h
2025-11-25T01:17:57 [84/293] ELX_-_ALGOROS | PV:COMPLETE | WND:COMPLETE
2025-11-25T01:17:57   -> KPIs berechnet: FLH_PV=1731.2h, FLH_Wind=2873.8h
2025-11-25T01:17:57 [85/293] EL_BOBAR | PV:COMPLETE | WND:COMPLETE
2025-11-25T01:17:57   -> KPIs berechnet: FLH_PV=1667.5h, FLH_Wind=2671.5h
2025-11-25T01:17:58 [86/293] QUART_-_BENAGER | PV:COMPLETE | WND:COMPLETE
2025-11-25T01:17:58   -> KPIs berechnet: FLH_PV=1584.8h, FLH_Wind=2499.5h
2025-11-25T01:17:58 [87/293] PINEDO_1 | PV:COMPLETE | WND:COMPLETE
2025-11-25T01:17:58   -> KPIs berechnet: FLH_PV=1585.1h, FLH_Wind=2465.5h
2025-11-25T01:17:58 [88/293] GUADALETE | PV:COMPLETE | WND:COMPLETE
2025-11-25T01:17:58   -> KPIs berechnet: FLH_PV=1633.9h, FLH_Wind=3365.2h
2025-11-25T01:17:59 [89/293] LA_GOLONDRINA | PV:COMPLETE | WND:COMPLETE
2025-11-25T01:17:59   -> KPIs berechnet: FLH_PV=1607.5h, FLH_Wind=2427.6h
2025-11-25T01:17:59 [90/293] GRANADA_SUR | PV:COMPLETE | WND:COMPLETE
2025-11-25T01:17:59   -> KPIs berechnet: FLH_PV=1672.7h, FLH_Wind=1865.6h
2025-11-25T01:17:59 [91/293] HUELVA | PV:COMPLETE | WND:COMPLETE
2025-11-25T01:17:59   -> KPIs berechnet: FLH_PV=1745.0h, FLH_Wind=3486.1h
2025-11-25T01:18:00 [92/293] BENS_A_CORUÑA | PV:COMPLETE | WND:COMPLETE
2025-11-25T01:18:00   -> KPIs berechnet: FLH_PV=1452.9h, FLH_Wind=4538.2h
2025-11-25T01:18:00 [93/293] FUENGIROLA | PV:COMPLETE | WND:COMPLETE
2025-11-25T01:18:00   -> KPIs berechnet: FLH_PV=1769.6h, FLH_Wind=3071.3h
2025-11-25T01:18:00 [94/293] GUADALHORCE | PV:COMPLETE | WND:COMPLETE
2025-11-25T01:18:00   -> KPIs berechnet: FLH_PV=1766.5h, FLH_Wind=2800.7h
2025-11-25T01:18:01 [95/293] SUR | PV:COMPLETE | WND:COMPLETE
2025-11-25T01:18:01   -> KPIs berechnet: FLH_PV=1593.1h, FLH_Wind=2930.7h
2025-11-25T01:18:01 [96/293] LA_CHINA | PV:COMPLETE | WND:COMPLETE
2025-11-25T01:18:01   -> KPIs berechnet: FLH_PV=1593.1h, FLH_Wind=2930.7h
2025-11-25T01:18:01 [97/293] BUTARQUE | PV:COMPLETE | WND:COMPLETE
2025-11-25T01:18:01   -> KPIs berechnet: FLH_PV=1592.8h, FLH_Wind=2911.7h
2025-11-25T01:18:01 [98/293] VIVEROS_DE_LA_VILLA | PV:COMPLETE | WND:COMPLETE
2025-11-25T01:18:02   -> KPIs berechnet: FLH_PV=1591.1h, FLH_Wind=2861.9h
2025-11-25T01:18:02 [99/293] REJAS | PV:COMPLETE | WND:COMPLETE
2025-11-25T01:18:02   -> KPIs berechnet: FLH_PV=1590.0h, FLH_Wind=2897.4h
2025-11-25T01:18:02 [100/293] LA_GAVIA | PV:COMPLETE | WND:COMPLETE
2025-11-25T01:18:02   -> KPIs berechnet: FLH_PV=1592.5h, FLH_Wind=2906.7h
2025-11-25T01:18:02 [101/293] ARROYO_CULEBRO_CUENCA_MEDIA_ALTA | PV:COMPLETE | WND:COMPLETE
2025-11-25T01:18:03   -> KPIs berechnet: FLH_PV=1594.6h, FLH_Wind=2923.5h
2025-11-25T01:18:03 [102/293] ARROYO_CULEBRO_CUENCA_BAJA | PV:COMPLETE | WND:COMPLETE
2025-11-25T01:18:03   -> KPIs berechnet: FLH_PV=1593.3h, FLH_Wind=2938.6h
2025-11-25T01:18:03 [103/293] ARROYO_DEL_SOTO | PV:COMPLETE | WND:COMPLETE
2025-11-25T01:18:03   -> KPIs berechnet: FLH_PV=1592.7h, FLH_Wind=2841.8h
2025-11-25T01:18:03 [104/293] ARROYO_DE_LA_VEGA | PV:COMPLETE | WND:COMPLETE
2025-11-25T01:18:04   -> KPIs berechnet: FLH_PV=1588.6h, FLH_Wind=2870.8h
2025-11-25T01:18:04 [105/293] TORREJÓN_DE_ARDOZ | PV:COMPLETE | WND:COMPLETE
2025-11-25T01:18:04   -> KPIs berechnet: FLH_PV=1590.1h, FLH_Wind=2916.5h
2025-11-25T01:18:04 [106/293] PALOMARES | PV:COMPLETE | WND:COMPLETE
2025-11-25T01:18:04   -> KPIs berechnet: FLH_PV=1610.4h, FLH_Wind=2834.0h
2025-11-25T01:18:04 [107/293] COPERO | PV:COMPLETE | WND:COMPLETE
2025-11-25T01:18:04   -> KPIs berechnet: FLH_PV=1610.3h, FLH_Wind=2809.1h
2025-11-25T01:18:05 [108/293] LA_RANILLA | PV:COMPLETE | WND:COMPLETE
2025-11-25T01:18:05   -> KPIs berechnet: FLH_PV=1609.2h, FLH_Wind=2766.3h
2025-11-25T01:18:05 [109/293] SAN_JERONIMO | PV:COMPLETE | WND:COMPLETE
2025-11-25T01:18:05   -> KPIs berechnet: FLH_PV=1608.0h, FLH_Wind=2796.0h
2025-11-25T01:18:05 [110/293] CARTAGENA_CABEZO_BEAZA | PV:COMPLETE | WND:COMPLETE
2025-11-25T01:18:05   -> KPIs berechnet: FLH_PV=1732.7h, FLH_Wind=2946.1h
2025-11-25T01:18:06 [111/293] MAR_MENOR_SUR | PV:COMPLETE | WND:COMPLETE
2025-11-25T01:18:06   -> KPIs berechnet: FLH_PV=1734.6h, FLH_Wind=3038.3h
2025-11-25T01:18:06 [112/293] ARAZURI | PV:COMPLETE | WND:COMPLETE
2025-11-25T01:18:06   -> KPIs berechnet: FLH_PV=1420.1h, FLH_Wind=2987.9h
2025-11-25T01:18:06 [113/293] Crispijana | PV:COMPLETE | WND:COMPLETE
2025-11-25T01:18:06   -> KPIs berechnet: FLH_PV=1403.0h, FLH_Wind=2970.7h
2025-11-25T01:18:06 [114/293] Loiola | PV:COMPLETE | WND:COMPLETE
2025-11-25T01:18:07   -> KPIs berechnet: FLH_PV=1457.2h, FLH_Wind=3100.2h
2025-11-25T01:18:07 [115/293] LOGROÑO | PV:COMPLETE | WND:COMPLETE
2025-11-25T01:18:07   -> KPIs berechnet: FLH_PV=1501.5h, FLH_Wind=2900.6h
2025-11-25T01:18:07 [116/293] ZARAGOZA_LA_CARTUJA | PV:COMPLETE | WND:COMPLETE
2025-11-25T01:18:07   -> KPIs berechnet: FLH_PV=1562.3h, FLH_Wind=3702.3h
2025-11-25T01:18:07 [117/293] GIJON_OESTE | PV:COMPLETE | WND:COMPLETE
2025-11-25T01:18:08   -> KPIs berechnet: FLH_PV=1399.9h, FLH_Wind=3222.6h
2025-11-25T01:18:08 [118/293] VILLAPEREZ | PV:COMPLETE | WND:COMPLETE
2025-11-25T01:18:08   -> KPIs berechnet: FLH_PV=1406.1h, FLH_Wind=3041.4h
2025-11-25T01:18:08 [119/293] PALMA_II | PV:COMPLETE | WND:COMPLETE
2025-11-25T01:18:08   -> KPIs berechnet: FLH_PV=1676.1h, FLH_Wind=2943.5h
2025-11-25T01:18:08 [120/293] BARRANCO_SECO_II | PV:COMPLETE | WND:COMPLETE
2025-11-25T01:18:08   -> KPIs berechnet: FLH_PV=1866.8h, FLH_Wind=4804.8h
2025-11-25T01:18:09 [121/293] EDAR_de_Buenos_Aires | PV:COMPLETE | WND:COMPLETE
2025-11-25T01:18:09   -> KPIs berechnet: FLH_PV=1843.7h, FLH_Wind=3604.0h
2025-11-25T01:18:09 [122/293] SAN_PANTALEON | PV:COMPLETE | WND:COMPLETE
2025-11-25T01:18:09   -> KPIs berechnet: FLH_PV=1464.1h, FLH_Wind=3283.5h
2025-11-25T01:18:09 [123/293] SAN_ROMÁN | PV:COMPLETE | WND:COMPLETE
2025-11-25T01:18:09   -> KPIs berechnet: FLH_PV=1465.3h, FLH_Wind=3200.1h
2025-11-25T01:18:10 [124/293] VUELTA_OSTRERA | PV:COMPLETE | WND:COMPLETE
2025-11-25T01:18:10   -> KPIs berechnet: FLH_PV=1481.7h, FLH_Wind=3161.4h
2025-11-25T01:18:10 [125/293] BURGOS | PV:COMPLETE | WND:COMPLETE
2025-11-25T01:18:10   -> KPIs berechnet: FLH_PV=1494.3h, FLH_Wind=3676.6h
2025-11-25T01:18:10 [126/293] LEON | PV:COMPLETE | WND:COMPLETE
2025-11-25T01:18:10   -> KPIs berechnet: FLH_PV=1510.8h, FLH_Wind=2932.5h
2025-11-25T01:18:10 [127/293] SALAMANCA | PV:COMPLETE | WND:COMPLETE
2025-11-25T01:18:11   -> KPIs berechnet: FLH_PV=1566.5h, FLH_Wind=3414.3h
2025-11-25T01:18:11 [128/293] VALLADOLID | PV:COMPLETE | WND:COMPLETE
2025-11-25T01:18:11   -> KPIs berechnet: FLH_PV=1535.3h, FLH_Wind=3328.6h
2025-11-25T01:18:11 [129/293] ALCAZAR_DE_SAN_JUAN-CAMPO_DE_CRIPTANA | PV:COMPLETE | WND:COMPLETE
2025-11-25T01:18:11   -> KPIs berechnet: FLH_PV=1622.0h, FLH_Wind=3236.7h
2025-11-25T01:18:11 [130/293] LLAGOSTA_LA | PV:COMPLETE | WND:COMPLETE
2025-11-25T01:18:12   -> KPIs berechnet: FLH_PV=1505.3h, FLH_Wind=2004.7h
2025-11-25T01:18:12 [131/293] MONTCADA | PV:COMPLETE | WND:COMPLETE
2025-11-25T01:18:12   -> KPIs berechnet: FLH_PV=1507.4h, FLH_Wind=2018.2h
2025-11-25T01:18:12 [132/293] PRAT_DE_LLOBREGAT_EL | PV:COMPLETE | WND:COMPLETE
2025-11-25T01:18:13   -> KPIs berechnet: FLH_PV=1521.1h, FLH_Wind=2112.9h
2025-11-25T01:18:13 [133/293] SANT_FELIU_DE_LLOBREGAT | PV:COMPLETE | WND:COMPLETE
2025-11-25T01:18:13   -> KPIs berechnet: FLH_PV=1518.8h, FLH_Wind=2078.2h
2025-11-25T01:18:13 [134/293] TP_36_of_Helsingin_kt | PV:COMPLETE | WND:COMPLETE
2025-11-25T01:18:13   -> KPIs berechnet: FLH_PV=1071.6h, FLH_Wind=4071.0h
2025-11-25T01:18:13 [135/293] TP_101_of_Helsingin_kt | PV:COMPLETE | WND:COMPLETE
2025-11-25T01:18:13   -> KPIs berechnet: FLH_PV=1061.3h, FLH_Wind=4012.0h
2025-11-25T01:18:14 [136/293] MAXEVILLE | PV:COMPLETE | WND:COMPLETE
2025-11-25T01:18:14   -> KPIs berechnet: FLH_PV=1210.4h, FLH_Wind=2607.7h
2025-11-25T01:18:14 [137/293] METZ | PV:COMPLETE | WND:COMPLETE
2025-11-25T01:18:14   -> KPIs berechnet: FLH_PV=1189.9h, FLH_Wind=2664.3h
2025-11-25T01:18:14 [138/293] STRASBOURG_-_LA_WANTZENAU | PV:COMPLETE | WND:COMPLETE
2025-11-25T01:18:14   -> KPIs berechnet: FLH_PV=1241.9h, FLH_Wind=1926.0h
2025-11-25T01:18:15 [139/293] SAUSHEIM | PV:COMPLETE | WND:COMPLETE
2025-11-25T01:18:15   -> KPIs berechnet: FLH_PV=1286.5h, FLH_Wind=1841.7h
2025-11-25T01:18:15 [140/293] REIMS | PV:COMPLETE | WND:COMPLETE
2025-11-25T01:18:15   -> KPIs berechnet: FLH_PV=1180.0h, FLH_Wind=2783.7h
2025-11-25T01:18:15 [141/293] LE_HAVRE | PV:COMPLETE | WND:COMPLETE
2025-11-25T01:18:15   -> KPIs berechnet: FLH_PV=1294.1h, FLH_Wind=4604.4h
2025-11-25T01:18:16 [142/293] ROUEN | PV:COMPLETE | WND:COMPLETE
2025-11-25T01:18:16   -> KPIs berechnet: FLH_PV=1195.3h, FLH_Wind=3385.7h
2025-11-25T01:18:16 [143/293] PARIS_SEINE_AVAL | PV:COMPLETE | WND:COMPLETE
2025-11-25T01:18:16   -> KPIs berechnet: FLH_PV=1196.5h, FLH_Wind=2966.6h
2025-11-25T01:18:16 [144/293] CARRE_DE_REUNION | PV:COMPLETE | WND:COMPLETE
2025-11-25T01:18:16   -> KPIs berechnet: FLH_PV=1200.5h, FLH_Wind=2960.9h
2025-11-25T01:18:16 [145/293] PARIS_SEINE_GRÉSILLONS | PV:COMPLETE | WND:COMPLETE
2025-11-25T01:18:17   -> KPIs berechnet: FLH_PV=1196.2h, FLH_Wind=2981.2h
2025-11-25T01:18:17 [146/293] PARIS_SEINE-CENTRE | PV:COMPLETE | WND:COMPLETE
2025-11-25T01:18:17   -> KPIs berechnet: FLH_PV=1198.3h, FLH_Wind=2952.5h
2025-11-25T01:18:17 [147/293] PARIS_MARNE_AVAL | PV:COMPLETE | WND:COMPLETE
2025-11-25T01:18:17   -> KPIs berechnet: FLH_PV=1202.8h, FLH_Wind=2895.5h
2025-11-25T01:18:17 [148/293] NEUVILLE_SUR_OISE | PV:COMPLETE | WND:COMPLETE
2025-11-25T01:18:18   -> KPIs berechnet: FLH_PV=1195.2h, FLH_Wind=2980.8h
2025-11-25T01:18:18 [149/293] RENNES | PV:COMPLETE | WND:COMPLETE
2025-11-25T01:18:18   -> KPIs berechnet: FLH_PV=1232.1h, FLH_Wind=3366.1h
2025-11-25T01:18:18 [150/293] TOURS_LA_RICHE_LA_GRANGE_DAVID | PV:COMPLETE | WND:COMPLETE
2025-11-25T01:18:18   -> KPIs berechnet: FLH_PV=1237.4h, FLH_Wind=2901.8h
2025-11-25T01:18:18 [151/293] NANTES_1-TOUGAS | PV:COMPLETE | WND:COMPLETE
2025-11-25T01:18:19   -> KPIs berechnet: FLH_PV=1281.7h, FLH_Wind=3319.4h
2025-11-25T01:18:19 [152/293] LMM_LE_MANS_-_LA_CHAUVINIÈRE | PV:COMPLETE | WND:COMPLETE
2025-11-25T01:18:19   -> KPIs berechnet: FLH_PV=1224.2h, FLH_Wind=3003.3h
2025-11-25T01:18:19 [153/293] TOULOUSE_GINESTOUS | PV:COMPLETE | WND:COMPLETE
2025-11-25T01:18:19   -> KPIs berechnet: FLH_PV=1357.2h, FLH_Wind=2238.6h
2025-11-25T01:18:19 [154/293] BEGLES_CLOS_DE_HILDE | PV:COMPLETE | WND:COMPLETE
2025-11-25T01:18:19   -> KPIs berechnet: FLH_PV=1325.2h, FLH_Wind=2481.9h
2025-11-25T01:18:20 [155/293] DIJON | PV:COMPLETE | WND:COMPLETE
2025-11-25T01:18:20   -> KPIs berechnet: FLH_PV=1270.6h, FLH_Wind=2528.4h
2025-11-25T01:18:20 [156/293] MAERA_EX_CEREIREDE | PV:COMPLETE | WND:COMPLETE
2025-11-25T01:18:20   -> KPIs berechnet: FLH_PV=1591.5h, FLH_Wind=3827.6h
2025-11-25T01:18:20 [157/293] GRENOBLE_AQUAPOLE | PV:COMPLETE | WND:COMPLETE
2025-11-25T01:18:20   -> KPIs berechnet: FLH_PV=1401.2h, FLH_Wind=1345.3h
2025-11-25T01:18:21 [158/293] LYON_-_PIERRE_BÉNITE | PV:COMPLETE | WND:COMPLETE
2025-11-25T01:18:21   -> KPIs berechnet: FLH_PV=1339.1h, FLH_Wind=2250.8h
2025-11-25T01:18:21 [159/293] LYON_-_SAINT_FONS | PV:COMPLETE | WND:COMPLETE
2025-11-25T01:18:21   -> KPIs berechnet: FLH_PV=1339.0h, FLH_Wind=2246.8h
2025-11-25T01:18:21 [160/293] FERNEY-VOLTAIRE_-_AIRE_2 | PV:COMPLETE | WND:COMPLETE
2025-11-25T01:18:21   -> KPIs berechnet: FLH_PV=1365.7h, FLH_Wind=1256.3h
2025-11-25T01:18:22 [161/293] Rijeka-Delta | PV:COMPLETE | WND:COMPLETE
2025-11-25T01:18:22   -> KPIs berechnet: FLH_PV=1458.8h, FLH_Wind=3045.0h
2025-11-25T01:18:22 [162/293] Zagreb | PV:COMPLETE | WND:COMPLETE
2025-11-25T01:18:22   -> KPIs berechnet: FLH_PV=1313.5h, FLH_Wind=2354.4h
2025-11-25T01:18:22 [163/293] Budapest_Csepel_Kp_szvtp_-_Szennyviztisztito_Telep | PV:COMPLETE | WND:COMPLETE
2025-11-25T01:18:22   -> KPIs berechnet: FLH_PV=1301.8h, FLH_Wind=3159.3h
2025-11-25T01:18:22 [164/293] Miskolc_-_Szennyviztisztito_Telep | PV:COMPLETE | WND:COMPLETE
2025-11-25T01:18:23   -> KPIs berechnet: FLH_PV=1282.9h, FLH_Wind=2702.9h
2025-11-25T01:18:23 [165/293] Pecs_-_Szennyviztisztito_Telep | PV:COMPLETE | WND:COMPLETE
2025-11-25T01:18:23   -> KPIs berechnet: FLH_PV=1334.2h, FLH_Wind=2922.8h
2025-11-25T01:18:23 [166/293] Budapest_Eszak_Pest_-_Szennyviztisztito_Telep | PV:COMPLETE | WND:COMPLETE
2025-11-25T01:18:23   -> KPIs berechnet: FLH_PV=1299.7h, FLH_Wind=3095.1h
2025-11-25T01:18:23 [167/293] Debrecen_-_Szennyviztisztito_Telep | PV:COMPLETE | WND:COMPLETE
2025-11-25T01:18:24   -> KPIs berechnet: FLH_PV=1274.1h, FLH_Wind=2871.2h
2025-11-25T01:18:24 [168/293] Gyor_-_Szennyviztisztito_Telep | PV:COMPLETE | WND:COMPLETE
2025-11-25T01:18:24   -> KPIs berechnet: FLH_PV=1294.2h, FLH_Wind=3510.6h
2025-11-25T01:18:24 [169/293] Cork_city | PV:COMPLETE | WND:COMPLETE
2025-11-25T01:18:24   -> KPIs berechnet: FLH_PV=1079.9h, FLH_Wind=4198.9h
2025-11-25T01:18:24 [170/293] Ringsend | PV:COMPLETE | WND:COMPLETE
2025-11-25T01:18:25   -> KPIs berechnet: FLH_PV=1122.5h, FLH_Wind=5074.7h
2025-11-25T01:18:25 [171/293] Cossato_Spolina | PV:COMPLETE | WND:COMPLETE
2025-11-25T01:18:25   -> KPIs berechnet: FLH_PV=1424.3h, FLH_Wind=652.9h
2025-11-25T01:18:25 [172/293] Castiglione | PV:COMPLETE | WND:COMPLETE
2025-11-25T01:18:25   -> KPIs berechnet: FLH_PV=1423.4h, FLH_Wind=775.0h
2025-11-25T01:18:25 [173/293] Dp01209001_Lonate_Pozzolo | PV:COMPLETE | WND:COMPLETE
2025-11-25T01:18:25   -> KPIs berechnet: FLH_PV=1364.1h, FLH_Wind=874.4h
2025-11-25T01:18:26 [174/293] Dp01514601_Milano_Nosedo | PV:COMPLETE | WND:COMPLETE
2025-11-25T01:18:26   -> KPIs berechnet: FLH_PV=1361.0h, FLH_Wind=1001.1h
2025-11-25T01:18:26 [175/293] Dp01514602_Milano_S_Rocco | PV:COMPLETE | WND:COMPLETE
2025-11-25T01:18:26   -> KPIs berechnet: FLH_PV=1363.3h, FLH_Wind=1009.9h
2025-11-25T01:18:26 [176/293] Dp01517001_Pero_Olona_Sud | PV:COMPLETE | WND:COMPLETE
2025-11-25T01:18:26   -> KPIs berechnet: FLH_PV=1357.2h, FLH_Wind=960.9h
2025-11-25T01:18:27 [177/293] Dp01517101_Peschiera_Borromeo | PV:COMPLETE | WND:COMPLETE
2025-11-25T01:18:27   -> KPIs berechnet: FLH_PV=1360.9h, FLH_Wind=1015.8h
2025-11-25T01:18:27 [178/293] Dp01518401_Robecco_Sul_Naviglio | PV:COMPLETE | WND:COMPLETE
2025-11-25T01:18:27   -> KPIs berechnet: FLH_PV=1365.3h, FLH_Wind=971.4h
2025-11-25T01:18:27 [179/293] Peschiera_Del_Garda_Paradiso | PV:COMPLETE | WND:COMPLETE
2025-11-25T01:18:28   -> KPIs berechnet: FLH_PV=1338.1h, FLH_Wind=1212.0h
2025-11-25T01:18:28 [180/293] Verona_Via_Avesani | PV:COMPLETE | WND:COMPLETE
2025-11-25T01:18:28   -> KPIs berechnet: FLH_PV=1330.8h, FLH_Wind=1180.3h
2025-11-25T01:18:28 [181/293] Arzignano_Via_Altura | PV:COMPLETE | WND:COMPLETE
2025-11-25T01:18:28   -> KPIs berechnet: FLH_PV=1325.4h, FLH_Wind=1143.9h
2025-11-25T01:18:28 [182/293] Montebello_Vicentino_Via_Fracanzana | PV:COMPLETE | WND:COMPLETE
2025-11-25T01:18:29   -> KPIs berechnet: FLH_PV=1323.9h, FLH_Wind=1199.5h
2025-11-25T01:18:29 [183/293] Venezia_Fusina_Via_Dei_Cantieri | PV:COMPLETE | WND:COMPLETE
2025-11-25T01:18:29   -> KPIs berechnet: FLH_PV=1325.7h, FLH_Wind=1583.6h
2025-11-25T01:18:29 [184/293] San_Giorgio_Di_Nogaro | PV:COMPLETE | WND:COMPLETE
2025-11-25T01:18:29   -> KPIs berechnet: FLH_PV=1323.2h, FLH_Wind=1503.0h
2025-11-25T01:18:29 [185/293] Bologna_Corticella | PV:COMPLETE | WND:COMPLETE
2025-11-25T01:18:30   -> KPIs berechnet: FLH_PV=1378.4h, FLH_Wind=2026.2h
2025-11-25T01:18:30 [186/293] Rimini_S_Giustina | PV:COMPLETE | WND:COMPLETE
2025-11-25T01:18:30   -> KPIs berechnet: FLH_PV=1386.7h, FLH_Wind=2312.3h
2025-11-25T01:18:30 [187/293] Idl_Baciacavallo | PV:COMPLETE | WND:COMPLETE
2025-11-25T01:18:30   -> KPIs berechnet: FLH_PV=1356.1h, FLH_Wind=2055.4h
2025-11-25T01:18:30 [188/293] Idl_San_Colombano | PV:COMPLETE | WND:COMPLETE
2025-11-25T01:18:31   -> KPIs berechnet: FLH_PV=1366.2h, FLH_Wind=2092.7h
2025-11-25T01:18:31 [189/293] Idi_Aquarno | PV:COMPLETE | WND:COMPLETE
2025-11-25T01:18:31   -> KPIs berechnet: FLH_PV=1388.7h, FLH_Wind=2150.6h
2025-11-25T01:18:31 [190/293] Idi_Cuoio_Depur | PV:COMPLETE | WND:COMPLETE
2025-11-25T01:18:31   -> KPIs berechnet: FLH_PV=1394.9h, FLH_Wind=2181.2h
2025-11-25T01:18:31 [191/293] Idi_Casa_Del_Lupo | PV:COMPLETE | WND:COMPLETE
2025-11-25T01:18:32   -> KPIs berechnet: FLH_PV=1380.8h, FLH_Wind=2032.9h
2025-11-25T01:18:32 [192/293] ROMA_EST | PV:COMPLETE | WND:COMPLETE
2025-11-25T01:18:32   -> KPIs berechnet: FLH_PV=1463.0h, FLH_Wind=1931.5h
2025-11-25T01:18:32 [193/293] ROMA_NORD | PV:COMPLETE | WND:COMPLETE
2025-11-25T01:18:32   -> KPIs berechnet: FLH_PV=1462.4h, FLH_Wind=2026.0h
2025-11-25T01:18:32 [194/293] ROMA_SUD | PV:COMPLETE | WND:COMPLETE
2025-11-25T01:18:32   -> KPIs berechnet: FLH_PV=1470.1h, FLH_Wind=2048.2h
2025-11-25T01:18:33 [195/293] Caivano_Depuratore_Di_Acerra | PV:COMPLETE | WND:COMPLETE
2025-11-25T01:18:33   -> KPIs berechnet: FLH_PV=1555.3h, FLH_Wind=1694.1h
2025-11-25T01:18:33 [196/293] Orta_Di_Atella_Ce_Impianto_Napoli_Nord | PV:COMPLETE | WND:COMPLETE
2025-11-25T01:18:33   -> KPIs berechnet: FLH_PV=1454.7h, FLH_Wind=1711.1h
2025-11-25T01:18:33 [197/293] Marigliano_Na_Depuratore_Di_Nola | PV:COMPLETE | WND:COMPLETE
2025-11-25T01:18:33   -> KPIs berechnet: FLH_PV=1555.0h, FLH_Wind=1773.7h
2025-11-25T01:18:34 [198/293] Marcianise_Ce_Depuratore_Di_Marcianise | PV:COMPLETE | WND:COMPLETE
2025-11-25T01:18:34   -> KPIs berechnet: FLH_PV=1455.3h, FLH_Wind=1717.4h
2025-11-25T01:18:34 [199/293] Salerno_Impianto_Salerno | PV:COMPLETE | WND:COMPLETE
2025-11-25T01:18:34   -> KPIs berechnet: FLH_PV=1567.1h, FLH_Wind=2286.1h
2025-11-25T01:18:34 [200/293] Bari_Est | PV:COMPLETE | WND:COMPLETE
2025-11-25T01:18:34   -> KPIs berechnet: FLH_PV=1490.6h, FLH_Wind=3093.6h
2025-11-25T01:18:35 [201/293] Impianto_Consortile_Di_Catania | PV:COMPLETE | WND:COMPLETE
2025-11-25T01:18:35   -> KPIs berechnet: FLH_PV=1659.2h, FLH_Wind=2457.3h
2025-11-25T01:18:35 [202/293] Impianto_C_Da_Magnisi_Casale_Vecchie_Saline_Depuratore_Ias_Priolo | PV:COMPLETE | WND:COMPLETE
2025-11-25T01:18:35   -> KPIs berechnet: FLH_PV=1671.0h, FLH_Wind=2796.5h
2025-11-25T01:18:35 [203/293] Casic_Loc_Sa_Marra | PV:COMPLETE | WND:COMPLETE
2025-11-25T01:18:35   -> KPIs berechnet: FLH_PV=1638.3h, FLH_Wind=3654.8h
2025-11-25T01:18:35 [204/293] Porto_Torres_Agglomerato_Industriale | PV:COMPLETE | WND:COMPLETE
2025-11-25T01:18:36   -> KPIs berechnet: FLH_PV=1626.7h, FLH_Wind=3327.6h
2025-11-25T01:18:36 [205/293] Bolzano | PV:COMPLETE | WND:COMPLETE
2025-11-25T01:18:36   -> KPIs berechnet: FLH_PV=1476.4h, FLH_Wind=580.2h
2025-11-25T01:18:36 [206/293] Vilniaus_nuoteku_valykla | PV:COMPLETE | WND:COMPLETE
2025-11-25T01:18:36   -> KPIs berechnet: FLH_PV=1038.2h, FLH_Wind=2391.9h
2025-11-25T01:18:36 [207/293] Kauno_nuoteku_valykla | PV:COMPLETE | WND:COMPLETE
2025-11-25T01:18:37   -> KPIs berechnet: FLH_PV=1033.4h, FLH_Wind=2331.0h
2025-11-25T01:18:37 [208/293] Klaipedos_nuoteku_valykla | PV:COMPLETE | WND:COMPLETE
2025-11-25T01:18:37   -> KPIs berechnet: FLH_PV=1085.5h, FLH_Wind=3494.5h
2025-11-25T01:18:37 [209/293] BAI_Daugavgrīva | PV:COMPLETE | WND:COMPLETE
2025-11-25T01:18:37   -> KPIs berechnet: FLH_PV=1030.2h, FLH_Wind=3169.1h
2025-11-25T01:18:37 [210/293] Ta_Barkat_Urban_Wastewater_Treatment_Plant | PV:COMPLETE | WND:COMPLETE
2025-11-25T01:18:38   -> KPIs berechnet: FLH_PV=1609.5h, FLH_Wind=3605.5h
2025-11-25T01:18:38 [211/293] UWWTP_AMSTERDAM-WEST | PV:COMPLETE | WND:COMPLETE
2025-11-25T01:18:38   -> KPIs berechnet: FLH_PV=1132.5h, FLH_Wind=3807.3h
2025-11-25T01:18:38 [212/293] UWWTP_HARNASCHPOLDER | PV:COMPLETE | WND:COMPLETE
2025-11-25T01:18:38   -> KPIs berechnet: FLH_PV=1227.9h, FLH_Wind=4725.3h
2025-11-25T01:18:38 [213/293] UWWTP_KRALINGSEVEER | PV:COMPLETE | WND:COMPLETE
2025-11-25T01:18:38   -> KPIs berechnet: FLH_PV=1140.5h, FLH_Wind=3393.7h
2025-11-25T01:18:39 [214/293] UWWTP_NIEUWVEER | PV:COMPLETE | WND:COMPLETE
2025-11-25T01:18:39   -> KPIs berechnet: FLH_PV=1136.5h, FLH_Wind=3115.6h
2025-11-25T01:18:39 [215/293] UWWTP_BATH | PV:COMPLETE | WND:COMPLETE
2025-11-25T01:18:39   -> KPIs berechnet: FLH_PV=1145.5h, FLH_Wind=3372.7h
2025-11-25T01:18:39 [216/293] UWWTP_EINDHOVEN | PV:COMPLETE | WND:COMPLETE
2025-11-25T01:18:39   -> KPIs berechnet: FLH_PV=1134.1h, FLH_Wind=2865.5h
2025-11-25T01:18:40 [217/293] UWWTP_AMSTERDAN-WESTPOORT | PV:COMPLETE | WND:COMPLETE
2025-11-25T01:18:40   -> KPIs berechnet: FLH_PV=1132.0h, FLH_Wind=3808.1h
2025-11-25T01:18:40 [218/293] UWWTP_TILBURG-NOORD | PV:COMPLETE | WND:COMPLETE
2025-11-25T01:18:40   -> KPIs berechnet: FLH_PV=1132.1h, FLH_Wind=2937.7h
2025-11-25T01:18:40 [219/293] Wrocławska_Oczyszczalnia_Ścieków | PV:COMPLETE | WND:COMPLETE
2025-11-25T01:18:40   -> KPIs berechnet: FLH_PV=1171.0h, FLH_Wind=2581.2h
2025-11-25T01:18:41 [220/293] Toruń_Centralna_Oczyszczalnia_Ścieków | PV:COMPLETE | WND:COMPLETE
2025-11-25T01:18:41   -> KPIs berechnet: FLH_PV=1101.0h, FLH_Wind=2642.7h
2025-11-25T01:18:41 [221/293] Lublin-Hajdów | PV:COMPLETE | WND:COMPLETE
2025-11-25T01:18:41   -> KPIs berechnet: FLH_PV=1153.4h, FLH_Wind=2468.5h
2025-11-25T01:18:41 [222/293] Goś_Łam | PV:COMPLETE | WND:COMPLETE
2025-11-25T01:18:41   -> KPIs berechnet: FLH_PV=1143.6h, FLH_Wind=2541.1h
2025-11-25T01:18:41 [223/293] Kutno | PV:COMPLETE | WND:COMPLETE
2025-11-25T01:18:42   -> KPIs berechnet: FLH_PV=1130.7h, FLH_Wind=2544.6h
2025-11-25T01:18:42 [224/293] Kraków-Płaszów | PV:COMPLETE | WND:COMPLETE
2025-11-25T01:18:42   -> KPIs berechnet: FLH_PV=1210.9h, FLH_Wind=2366.3h
2025-11-25T01:18:42 [225/293] Kraków-Kujawy | PV:COMPLETE | WND:COMPLETE
2025-11-25T01:18:42   -> KPIs berechnet: FLH_PV=1208.4h, FLH_Wind=2358.0h
2025-11-25T01:18:43 [226/293] Tarnów | PV:COMPLETE | WND:COMPLETE
2025-11-25T01:18:43   -> KPIs berechnet: FLH_PV=1200.7h, FLH_Wind=2307.5h
2025-11-25T01:18:43 [227/293] Zakład_Oczyszczalni_Ścieków_Czajka | PV:COMPLETE | WND:COMPLETE
2025-11-25T01:18:43   -> KPIs berechnet: FLH_PV=1124.5h, FLH_Wind=2493.3h
2025-11-25T01:18:43 [228/293] Zakład_Oczyszczalni_Ścieków_Południe | PV:COMPLETE | WND:COMPLETE
2025-11-25T01:18:43   -> KPIs berechnet: FLH_PV=1127.4h, FLH_Wind=2484.2h
2025-11-25T01:18:44 [229/293] Radom | PV:COMPLETE | WND:COMPLETE
2025-11-25T01:18:44   -> KPIs berechnet: FLH_PV=1161.3h, FLH_Wind=2475.4h
2025-11-25T01:18:44 [230/293] Rzeszów | PV:COMPLETE | WND:COMPLETE
2025-11-25T01:18:44   -> KPIs berechnet: FLH_PV=1190.2h, FLH_Wind=2460.2h
2025-11-25T01:18:44 [231/293] Oczyszczalnia_Ścieków_w_Białymstoku | PV:COMPLETE | WND:COMPLETE
2025-11-25T01:18:44   -> KPIs berechnet: FLH_PV=1091.9h, FLH_Wind=2311.5h
2025-11-25T01:18:45 [232/293] Gdańsk-Wschód | PV:COMPLETE | WND:COMPLETE
2025-11-25T01:18:45   -> KPIs berechnet: FLH_PV=1171.2h, FLH_Wind=4448.0h
2025-11-25T01:18:45 [233/293] Goś_Dębogórze | PV:COMPLETE | WND:COMPLETE
2025-11-25T01:18:45   -> KPIs berechnet: FLH_PV=1169.1h, FLH_Wind=4590.9h
2025-11-25T01:18:45 [234/293] International_Paper-Kwidzyn_Sp_z_o_o | PV:COMPLETE | WND:COMPLETE
2025-11-25T01:18:45   -> KPIs berechnet: FLH_PV=1083.2h, FLH_Wind=2796.5h
2025-11-25T01:18:45 [235/293] Radocha_Ii | PV:COMPLETE | WND:COMPLETE
2025-11-25T01:18:46   -> KPIs berechnet: FLH_PV=1190.6h, FLH_Wind=2399.7h
2025-11-25T01:18:46 [236/293] Centralna_Oczyszczalnia_Ścieków_w_Gliwicach | PV:COMPLETE | WND:COMPLETE
2025-11-25T01:18:46   -> KPIs berechnet: FLH_PV=1187.7h, FLH_Wind=2450.1h
2025-11-25T01:18:46 [237/293] Centralna_Oczyszczalnia_Ścieków_w_Koziegłowach | PV:COMPLETE | WND:COMPLETE
2025-11-25T01:18:46   -> KPIs berechnet: FLH_PV=1116.1h, FLH_Wind=2621.5h
2025-11-25T01:18:46 [238/293] Lewobrzeżna_Oczyszczalnia_Ścieków_w_Poznaniu | PV:COMPLETE | WND:COMPLETE
2025-11-25T01:18:47   -> KPIs berechnet: FLH_PV=1116.6h, FLH_Wind=2618.3h
2025-11-25T01:18:47 [239/293] Dopiewo | PV:COMPLETE | WND:COMPLETE
2025-11-25T01:18:47   -> KPIs berechnet: FLH_PV=1119.7h, FLH_Wind=2607.3h
2025-11-25T01:18:47 [240/293] Pomorzany | PV:COMPLETE | WND:COMPLETE
2025-11-25T01:18:47   -> KPIs berechnet: FLH_PV=1168.1h, FLH_Wind=2915.2h
2025-11-25T01:18:47 [241/293] Agra_I_e_II | PV:COMPLETE | WND:COMPLETE
2025-11-25T01:18:48   -> KPIs berechnet: FLH_PV=1454.9h, FLH_Wind=3405.7h
2025-11-25T01:18:48 [242/293] Rib_de_Moinhos | PV:COMPLETE | WND:COMPLETE
2025-11-25T01:18:48   -> KPIs berechnet: FLH_PV=1615.1h, FLH_Wind=4168.8h
2025-11-25T01:18:48 [243/293] Matosinhos | PV:COMPLETE | WND:COMPLETE
2025-11-25T01:18:48   -> KPIs berechnet: FLH_PV=1563.4h, FLH_Wind=3406.7h
2025-11-25T01:18:48 [244/293] Frielas | PV:COMPLETE | WND:COMPLETE
2025-11-25T01:18:49   -> KPIs berechnet: FLH_PV=1580.2h, FLH_Wind=4481.4h
2025-11-25T01:18:49 [245/293] Serzedelo_II | PV:COMPLETE | WND:COMPLETE
2025-11-25T01:18:49   -> KPIs berechnet: FLH_PV=1450.2h, FLH_Wind=3327.6h
2025-11-25T01:18:49 [246/293] ROWP_DANCU_IASI | PV:COMPLETE | WND:COMPLETE
2025-11-25T01:18:49   -> KPIs berechnet: FLH_PV=1313.0h, FLH_Wind=3528.0h
2025-11-25T01:18:49 [247/293] ROWP_RAJA_Constanta_Sud | PV:COMPLETE | WND:COMPLETE
2025-11-25T01:18:49   -> KPIs berechnet: FLH_PV=1498.2h, FLH_Wind=3918.6h
2025-11-25T01:18:50 [248/293] ROWP_GALATI | PV:COMPLETE | WND:COMPLETE
2025-11-25T01:18:50   -> KPIs berechnet: FLH_PV=1360.0h, FLH_Wind=3554.7h
2025-11-25T01:18:50 [249/293] ROWP_SC_APA_CANAL_2000_S_A_PITESTI | PV:COMPLETE | WND:COMPLETE
2025-11-25T01:18:50   -> KPIs berechnet: FLH_PV=1384.3h, FLH_Wind=2521.7h
2025-11-25T01:18:50 [250/293] ROWP_RA_Aquatim_Timisoara | PV:COMPLETE | WND:COMPLETE
2025-11-25T01:18:50   -> KPIs berechnet: FLH_PV=1309.2h, FLH_Wind=2955.7h
2025-11-25T01:18:51 [251/293] ROWP_SC_COMPANIA_APA_SA_Brasov | PV:COMPLETE | WND:COMPLETE
2025-11-25T01:18:51   -> KPIs berechnet: FLH_PV=1372.1h, FLH_Wind=2334.2h
2025-11-25T01:18:51 [252/293] ROWP_SC_APA_NOVA_SA_BUCURESTI | PV:COMPLETE | WND:COMPLETE
2025-11-25T01:18:51   -> KPIs berechnet: FLH_PV=1368.4h, FLH_Wind=2813.6h
2025-11-25T01:18:51 [253/293] ROWP_SC_APA_NOVA_SA_BUCURESTI | PV:COMPLETE | WND:COMPLETE
2025-11-25T01:18:51   -> KPIs berechnet: FLH_PV=1368.4h, FLH_Wind=2813.6h
2025-11-25T01:18:52 [254/293] Sjolunda_Avloppsreningsverk | PV:COMPLETE | WND:COMPLETE
2025-11-25T01:18:52   -> KPIs berechnet: FLH_PV=1080.0h, FLH_Wind=4502.9h
2025-11-25T01:18:52 [255/293] Gryaab_AB_Ryaverket | PV:COMPLETE | WND:COMPLETE
2025-11-25T01:18:52   -> KPIs berechnet: FLH_PV=1040.4h, FLH_Wind=3698.2h
2025-11-25T01:18:52 [256/293] UWWTP_LJUBLJANA_ZALOG | PV:COMPLETE | WND:COMPLETE
2025-11-25T01:18:52   -> KPIs berechnet: FLH_PV=1421.4h, FLH_Wind=2219.6h
2025-11-25T01:18:53 [257/293] COV_Vrakuna | PV:COMPLETE | WND:COMPLETE
2025-11-25T01:18:53   -> KPIs berechnet: FLH_PV=1277.8h, FLH_Wind=3805.0h
2025-11-25T01:18:53 [258/293] Belfast | PV:COMPLETE | WND:COMPLETE
2025-11-25T01:18:53   -> KPIs berechnet: FLH_PV=982.9h, FLH_Wind=4202.2h
2025-11-25T01:18:53 [259/293] Newtownards_Ballyrickard | PV:COMPLETE | WND:COMPLETE
2025-11-25T01:18:53   -> KPIs berechnet: FLH_PV=996.1h, FLH_Wind=4234.4h
2025-11-25T01:18:53 [260/293] EDINBURGH_SEAFIELD_WWTW | PV:COMPLETE | WND:COMPLETE
2025-11-25T01:18:54   -> KPIs berechnet: FLH_PV=987.6h, FLH_Wind=4722.5h
2025-11-25T01:18:54 [261/293] MEADOWHEAD_W_W_T_SERVICE | PV:COMPLETE | WND:COMPLETE
2025-11-25T01:18:54   -> KPIs berechnet: FLH_PV=1012.2h, FLH_Wind=4837.2h
2025-11-25T01:18:54 [262/293] NIGG_WWTW-_ABERDEEN_PFI | PV:COMPLETE | WND:COMPLETE
2025-11-25T01:18:54   -> KPIs berechnet: FLH_PV=1063.9h, FLH_Wind=5127.7h
2025-11-25T01:18:54 [263/293] NORTH_WARRINGTON_STW | PV:COMPLETE | WND:COMPLETE
2025-11-25T01:18:55   -> KPIs berechnet: FLH_PV=1050.8h, FLH_Wind=3594.2h
2025-11-25T01:18:55 [264/293] BLACKBURN_STW | PV:COMPLETE | WND:COMPLETE
2025-11-25T01:18:55   -> KPIs berechnet: FLH_PV=1035.2h, FLH_Wind=3710.2h
2025-11-25T01:18:55 [265/293] BURTON_ON_TRENT_STW | PV:COMPLETE | WND:COMPLETE
2025-11-25T01:18:55   -> KPIs berechnet: FLH_PV=1073.8h, FLH_Wind=3479.8h
2025-11-25T01:18:55 [266/293] LONDON_Becton_STW | PV:COMPLETE | WND:COMPLETE
2025-11-25T01:18:56   -> KPIs berechnet: FLH_PV=1155.4h, FLH_Wind=3717.4h
2025-11-25T01:18:56 [267/293] LONDON_Beddington_STW | PV:COMPLETE | WND:COMPLETE
2025-11-25T01:18:56   -> KPIs berechnet: FLH_PV=1157.5h, FLH_Wind=3727.7h
2025-11-25T01:18:56 [268/293] LONDON_Deepham_STW | PV:COMPLETE | WND:COMPLETE
2025-11-25T01:18:56   -> KPIs berechnet: FLH_PV=1146.6h, FLH_Wind=3692.0h
2025-11-25T01:18:56 [269/293] LONDON_Crossness_STW | PV:COMPLETE | WND:COMPLETE
2025-11-25T01:18:57   -> KPIs berechnet: FLH_PV=1156.9h, FLH_Wind=3724.8h
2025-11-25T01:18:57 [270/293] WIGAN_HOSCAR_STW | PV:COMPLETE | WND:COMPLETE
2025-11-25T01:18:57   -> KPIs berechnet: FLH_PV=1049.3h, FLH_Wind=3681.8h
2025-11-25T01:18:57 [271/293] BRISTOL_STW | PV:COMPLETE | WND:COMPLETE
2025-11-25T01:18:57   -> KPIs berechnet: FLH_PV=1133.3h, FLH_Wind=3594.5h
2025-11-25T01:18:58 [272/293] Manchester_and_Salford_Davyhulme_STW | PV:COMPLETE | WND:COMPLETE
2025-11-25T01:18:58   -> KPIs berechnet: FLH_PV=1040.8h, FLH_Wind=3625.9h
2025-11-25T01:18:58 [273/293] STOKE_ON_TRENT_STRONGFORD_STW | PV:COMPLETE | WND:COMPLETE
2025-11-25T01:18:58   -> KPIs berechnet: FLH_PV=1064.0h, FLH_Wind=3415.5h
2025-11-25T01:18:58 [274/293] BIRMINGHAM_BLACK_COUNTRY_NO_1_MINWORTH_STW | PV:COMPLETE | WND:COMPLETE
2025-11-25T01:18:58   -> KPIs berechnet: FLH_PV=1092.9h, FLH_Wind=3431.5h
2025-11-25T01:18:59 [275/293] BRADFORD_ESHOLT_STW | PV:COMPLETE | WND:COMPLETE
2025-11-25T01:18:59   -> KPIs berechnet: FLH_PV=1028.4h, FLH_Wind=3654.9h
2025-11-25T01:18:59 [276/293] DEWSBURY_AND_BATLEY_STW | PV:COMPLETE | WND:COMPLETE
2025-11-25T01:18:59   -> KPIs berechnet: FLH_PV=1045.4h, FLH_Wind=3617.9h
2025-11-25T01:18:59 [277/293] NEWCASTLE_Howdon_STW | PV:COMPLETE | WND:COMPLETE
2025-11-25T01:18:59   -> KPIs berechnet: FLH_PV=1115.9h, FLH_Wind=4973.1h
2025-11-25T01:19:00 [278/293] LEEDS_KNOSTROP_STW | PV:COMPLETE | WND:COMPLETE
2025-11-25T01:19:00   -> KPIs berechnet: FLH_PV=1053.3h, FLH_Wind=3674.0h
2025-11-25T01:19:00 [279/293] SHEFFIELD_BLACKBURN_MEADOWS_STW | PV:COMPLETE | WND:COMPLETE
2025-11-25T01:19:00   -> KPIs berechnet: FLH_PV=1070.1h, FLH_Wind=3605.4h
2025-11-25T01:19:00 [280/293] MIDDLESBOROUGH_STW | PV:COMPLETE | WND:COMPLETE
2025-11-25T01:19:00   -> KPIs berechnet: FLH_PV=1038.8h, FLH_Wind=4036.9h
2025-11-25T01:19:01 [281/293] LEICESTER_STW | PV:COMPLETE | WND:COMPLETE
2025-11-25T01:19:01   -> KPIs berechnet: FLH_PV=1085.8h, FLH_Wind=3496.6h
2025-11-25T01:19:01 [282/293] NOTTINGHAM_STW | PV:COMPLETE | WND:COMPLETE
2025-11-25T01:19:01   -> KPIs berechnet: FLH_PV=1078.6h, FLH_Wind=3533.1h
2025-11-25T01:19:01 [283/293] NORTHAMPTON_STW | PV:COMPLETE | WND:COMPLETE
2025-11-25T01:19:01   -> KPIs berechnet: FLH_PV=1107.5h, FLH_Wind=3519.5h
2025-11-25T01:19:02 [284/293] MILTON_KEYNES_STW | PV:COMPLETE | WND:COMPLETE
2025-11-25T01:19:02   -> KPIs berechnet: FLH_PV=1118.4h, FLH_Wind=3531.2h
2025-11-25T01:19:02 [285/293] HULL_STW | PV:COMPLETE | WND:COMPLETE
2025-11-25T01:19:02   -> KPIs berechnet: FLH_PV=1057.0h, FLH_Wind=4051.2h
2025-11-25T01:19:02 [286/293] Rye_Meads_STW | PV:COMPLETE | WND:COMPLETE
2025-11-25T01:19:02   -> KPIs berechnet: FLH_PV=1139.9h, FLH_Wind=3632.1h
2025-11-25T01:19:03 [287/293] TILBURY_STW_TILBURY_ESSEX | PV:COMPLETE | WND:COMPLETE
2025-11-25T01:19:03   -> KPIs berechnet: FLH_PV=1245.6h, FLH_Wind=4646.7h
2025-11-25T01:19:03 [288/293] NORWICH_STW | PV:COMPLETE | WND:COMPLETE
2025-11-25T01:19:03   -> KPIs berechnet: FLH_PV=1123.3h, FLH_Wind=4232.2h
2025-11-25T01:19:03 [289/293] Fleetwood_and_Blackpool_Fleetwood_Marsh_STW | PV:COMPLETE | WND:COMPLETE
2025-11-25T01:19:03   -> KPIs berechnet: FLH_PV=1121.5h, FLH_Wind=4754.4h
2025-11-25T01:19:04 [290/293] BOLTON_STW | PV:COMPLETE | WND:COMPLETE
2025-11-25T01:19:04   -> KPIs berechnet: FLH_PV=1037.2h, FLH_Wind=3645.3h
2025-11-25T01:19:04 [291/293] COVENTRY_STW | PV:COMPLETE | WND:COMPLETE
2025-11-25T01:19:04   -> KPIs berechnet: FLH_PV=1096.5h, FLH_Wind=3451.4h
2025-11-25T01:19:04 [292/293] LONDON_Riverside_STW | PV:COMPLETE | WND:COMPLETE
2025-11-25T01:19:04   -> KPIs berechnet: FLH_PV=1157.0h, FLH_Wind=3728.1h
2025-11-25T01:19:05 [293/293] LONDON_Long_Reach_STW | PV:COMPLETE | WND:COMPLETE
2025-11-25T01:19:05   -> KPIs berechnet: FLH_PV=1160.8h, FLH_Wind=3747.9h
2025-11-25T01:19:05 ======================================================
2025-11-25T01:19:05 Schreibe 293 KPI-Zeilen in Excel 'Energy' …
2025-11-25T01:19:05 KPI-Update in Excel geschrieben: C:\Users\aless\PycharmProjects\Masterthesis\Output\UWWTD_TP_Database.xlsx -> Sheet 'Energy'
2025-11-25T01:19:05 KPIs fertig. Du findest die Werte im Sheet 'Energy'.
2025-11-25T01:19:05 ======================================================
