2025-12-15T23:42:38 ======================================================
2025-12-15T23:42:38 Start • Sites: 192 • Zeitraum: 2015-01-01 bis 2024-12-31 (Auto-Chunking <=1Y)
2025-12-15T23:42:38 Limiter: 1.0 req/s & 50 req/h (sichtbar)
2025-12-15T23:42:38 Excel: C:\Users\aless\PycharmProjects\Masterthesis\Output\UWWTD_TP_Database.xlsx | Sheets: 'General Data' -> 'Grid Energy Connection'
2025-12-15T23:42:38 Ausgabe: C:\Users\aless\PycharmProjects\Masterthesis\Output\RenewableEnergyProfiles (stabile Dateinamen, keine Doppel-Downloads)
2025-12-15T23:42:38 ======================================================
2025-12-15T23:42:38 [1/192] ARA_AWV_Schwechat | PV:COMPLETE | WND:COMPLETE
2025-12-15T23:42:38   -> KPIs berechnet: FLH_PV=1285.9h, FLH_Wind=3572.7h
2025-12-15T23:42:38 [2/192] Asten_-_Regionalkläranlage | PV:COMPLETE | WND:COMPLETE
2025-12-15T23:42:39   -> KPIs berechnet: FLH_PV=1357.1h, FLH_Wind=2557.8h
2025-12-15T23:42:39 [3/192] ARA_Siggerwiesen | PV:COMPLETE | WND:COMPLETE
2025-12-15T23:42:39   -> KPIs berechnet: FLH_PV=1258.5h, FLH_Wind=1919.0h
2025-12-15T23:42:39 [4/192] Graz-Gössendorf | PV:COMPLETE | WND:COMPLETE
2025-12-15T23:42:39   -> KPIs berechnet: FLH_PV=1348.5h, FLH_Wind=1958.1h
2025-12-15T23:42:39 [5/192] Gratkorn | PV:COMPLETE | WND:COMPLETE
2025-12-15T23:42:39   -> KPIs berechnet: FLH_PV=1335.9h, FLH_Wind=2112.2h
2025-12-15T23:42:39 [6/192] Hauptkläranlage_Wien | PV:COMPLETE | WND:COMPLETE
2025-12-15T23:42:40   -> KPIs berechnet: FLH_PV=1285.7h, FLH_Wind=3550.5h
2025-12-15T23:42:40 [7/192] LIEGE_OUPEYE | PV:COMPLETE | WND:COMPLETE
2025-12-15T23:42:40   -> KPIs berechnet: FLH_PV=1152.8h, FLH_Wind=3016.0h
2025-12-15T23:42:40 [8/192] UWWTP_Plovdiv | PV:COMPLETE | WND:COMPLETE
2025-12-15T23:42:40   -> KPIs berechnet: FLH_PV=1479.3h, FLH_Wind=1845.2h
2025-12-15T23:42:40 [9/192] UWWTP_Sofia | PV:COMPLETE | WND:COMPLETE
2025-12-15T23:42:40   -> KPIs berechnet: FLH_PV=1479.8h, FLH_Wind=1876.4h
2025-12-15T23:42:41 [10/192] COV_Steti_-Papirny_Mondi | PV:COMPLETE | WND:COMPLETE
2025-12-15T23:42:41   -> KPIs berechnet: FLH_PV=1323.2h, FLH_Wind=2452.9h
2025-12-15T23:42:41 [11/192] COV_Brno_-_Modrice | PV:COMPLETE | WND:COMPLETE
2025-12-15T23:42:41   -> KPIs berechnet: FLH_PV=1257.0h, FLH_Wind=2992.5h
2025-12-15T23:42:41 [12/192] UCOV_Ostrava_-_Privoz | PV:COMPLETE | WND:COMPLETE
2025-12-15T23:42:41   -> KPIs berechnet: FLH_PV=1217.1h, FLH_Wind=2710.6h
2025-12-15T23:42:41 [13/192] Stahnsdorf | PV:COMPLETE | WND:COMPLETE
2025-12-15T23:42:42   -> KPIs berechnet: FLH_PV=1124.0h, FLH_Wind=2547.9h
2025-12-15T23:42:42 [14/192] Ruhleben | PV:COMPLETE | WND:COMPLETE
2025-12-15T23:42:42   -> KPIs berechnet: FLH_PV=1120.4h, FLH_Wind=2567.6h
2025-12-15T23:42:42 [15/192] Schönerlinde | PV:COMPLETE | WND:COMPLETE
2025-12-15T23:42:42   -> KPIs berechnet: FLH_PV=1113.1h, FLH_Wind=2581.0h
2025-12-15T23:42:42 [16/192] Waßmannsdorf | PV:COMPLETE | WND:COMPLETE
2025-12-15T23:42:42   -> KPIs berechnet: FLH_PV=1122.2h, FLH_Wind=2553.2h
2025-12-15T23:42:42 [17/192] Hauptklärwerk_Mühlhausen | PV:COMPLETE | WND:COMPLETE
2025-12-15T23:42:43   -> KPIs berechnet: FLH_PV=1242.4h, FLH_Wind=2075.0h
2025-12-15T23:42:43 [18/192] Göppingen | PV:COMPLETE | WND:COMPLETE
2025-12-15T23:42:43   -> KPIs berechnet: FLH_PV=1252.5h, FLH_Wind=2096.8h
2025-12-15T23:42:43 [19/192] SKA_Heilbronn | PV:COMPLETE | WND:COMPLETE
2025-12-15T23:42:43   -> KPIs berechnet: FLH_PV=1217.6h, FLH_Wind=2124.9h
2025-12-15T23:42:43 [20/192] SKA_Karlsruhe_Neureut | PV:COMPLETE | WND:COMPLETE
2025-12-15T23:42:43   -> KPIs berechnet: FLH_PV=1217.5h, FLH_Wind=2044.0h
2025-12-15T23:42:44 [21/192] SKA_AZV_Heidelberg | PV:COMPLETE | WND:COMPLETE
2025-12-15T23:42:44   -> KPIs berechnet: FLH_PV=1202.5h, FLH_Wind=2052.7h
2025-12-15T23:42:44 [22/192] Kläranlage_Mannheim | PV:COMPLETE | WND:COMPLETE
2025-12-15T23:42:44   -> KPIs berechnet: FLH_PV=1204.2h, FLH_Wind=2052.8h
2025-12-15T23:42:45 [23/192] SKA_AZV_BREISGAUER_BUCHT_-_KA_FORCHHEIM | PV:COMPLETE | WND:COMPLETE
2025-12-15T23:42:45   -> KPIs berechnet: FLH_PV=1268.0h, FLH_Wind=1793.0h
2025-12-15T23:42:45 [24/192] Würzburg | PV:COMPLETE | WND:COMPLETE
2025-12-15T23:42:45   -> KPIs berechnet: FLH_PV=1206.7h, FLH_Wind=2111.9h
2025-12-15T23:42:45 [25/192] Augsburg | PV:COMPLETE | WND:COMPLETE
2025-12-15T23:42:45   -> KPIs berechnet: FLH_PV=1267.4h, FLH_Wind=2031.6h
2025-12-15T23:42:45 [26/192] Zweckverband_Klärwerk_Steinhäule | PV:COMPLETE | WND:COMPLETE
2025-12-15T23:42:46   -> KPIs berechnet: FLH_PV=1263.1h, FLH_Wind=2054.4h
2025-12-15T23:42:46 [27/192] München_II_-_Gut_Marienhof | PV:COMPLETE | WND:COMPLETE
2025-12-15T23:42:46   -> KPIs berechnet: FLH_PV=1247.5h, FLH_Wind=1852.3h
2025-12-15T23:42:46 [28/192] Erlangen | PV:COMPLETE | WND:COMPLETE
2025-12-15T23:42:46   -> KPIs berechnet: FLH_PV=1201.8h, FLH_Wind=2139.0h
2025-12-15T23:42:46 [29/192] Kläranlage_Seehausen | PV:COMPLETE | WND:COMPLETE
2025-12-15T23:42:46   -> KPIs berechnet: FLH_PV=1080.8h, FLH_Wind=2920.5h
2025-12-15T23:42:47 [30/192] Frankfurt_am_Main_Sindlingen | PV:COMPLETE | WND:COMPLETE
2025-12-15T23:42:47   -> KPIs berechnet: FLH_PV=1198.2h, FLH_Wind=2067.3h
2025-12-15T23:42:47 [31/192] Wiesbaden_Mitte | PV:COMPLETE | WND:COMPLETE
2025-12-15T23:42:47   -> KPIs berechnet: FLH_PV=1190.7h, FLH_Wind=2110.3h
2025-12-15T23:42:47 [32/192] Klärwerksverbund_Köhlbrandhöft_Dradenau | PV:COMPLETE | WND:COMPLETE
2025-12-15T23:42:47   -> KPIs berechnet: FLH_PV=1081.8h, FLH_Wind=2936.5h
2025-12-15T23:42:47 [33/192] Rostock_-_Bramow | PV:COMPLETE | WND:COMPLETE
2025-12-15T23:42:48   -> KPIs berechnet: FLH_PV=1101.2h, FLH_Wind=3490.0h
2025-12-15T23:42:48 [34/192] 2530002102_KA_Herrenhausen | PV:COMPLETE | WND:COMPLETE
2025-12-15T23:42:48   -> KPIs berechnet: FLH_PV=1111.0h, FLH_Wind=2692.2h
2025-12-15T23:42:48 [35/192] 2530142095_KA_Gümmerwald | PV:COMPLETE | WND:COMPLETE
2025-12-15T23:42:48   -> KPIs berechnet: FLH_PV=1109.5h, FLH_Wind=2703.6h
2025-12-15T23:42:48 [36/192] Aachen-Soers | PV:COMPLETE | WND:COMPLETE
2025-12-15T23:42:48   -> KPIs berechnet: FLH_PV=1158.1h, FLH_Wind=2819.8h
2025-12-15T23:42:49 [37/192] Dortmund-Deusen | PV:COMPLETE | WND:COMPLETE
2025-12-15T23:42:49   -> KPIs berechnet: FLH_PV=1124.5h, FLH_Wind=2713.8h
2025-12-15T23:42:49 [38/192] Bottrop | PV:COMPLETE | WND:COMPLETE
2025-12-15T23:42:49   -> KPIs berechnet: FLH_PV=1124.7h, FLH_Wind=2685.2h
2025-12-15T23:42:49 [39/192] Köln_Stammheim | PV:COMPLETE | WND:COMPLETE
2025-12-15T23:42:49   -> KPIs berechnet: FLH_PV=1169.6h, FLH_Wind=2618.3h
2025-12-15T23:42:49 [40/192] Düsseldorf-Nord | PV:COMPLETE | WND:COMPLETE
2025-12-15T23:42:50   -> KPIs berechnet: FLH_PV=1145.5h, FLH_Wind=2664.6h
2025-12-15T23:42:50 [41/192] Krefeld | PV:COMPLETE | WND:COMPLETE
2025-12-15T23:42:50   -> KPIs berechnet: FLH_PV=1136.3h, FLH_Wind=2667.4h
2025-12-15T23:42:50 [42/192] Mönchengladbach_GWK_I | PV:COMPLETE | WND:COMPLETE
2025-12-15T23:42:50   -> KPIs berechnet: FLH_PV=1150.0h, FLH_Wind=2681.2h
2025-12-15T23:42:50 [43/192] Neuss-Ost | PV:COMPLETE | WND:COMPLETE
2025-12-15T23:42:50   -> KPIs berechnet: FLH_PV=1152.8h, FLH_Wind=2655.8h
2025-12-15T23:42:51 [44/192] Münster-Hauptkläranlage | PV:COMPLETE | WND:COMPLETE
2025-12-15T23:42:51   -> KPIs berechnet: FLH_PV=1115.0h, FLH_Wind=2724.3h
2025-12-15T23:42:51 [45/192] Abwasserverband_Obere_Lutter | PV:COMPLETE | WND:COMPLETE
2025-12-15T23:42:51   -> KPIs berechnet: FLH_PV=1115.5h, FLH_Wind=2672.7h
2025-12-15T23:42:51 [46/192] Düren | PV:COMPLETE | WND:COMPLETE
2025-12-15T23:42:51   -> KPIs berechnet: FLH_PV=1165.4h, FLH_Wind=2719.3h
2025-12-15T23:42:52 [47/192] Düsseldorf-Süd | PV:COMPLETE | WND:COMPLETE
2025-12-15T23:42:52   -> KPIs berechnet: FLH_PV=1153.8h, FLH_Wind=2653.8h
2025-12-15T23:42:52 [48/192] Wuppertal-Buchenhofen | PV:COMPLETE | WND:COMPLETE
2025-12-15T23:42:52   -> KPIs berechnet: FLH_PV=1143.2h, FLH_Wind=2604.6h
2025-12-15T23:42:52 [49/192] Duisburg-Kaßlerfeld | PV:COMPLETE | WND:COMPLETE
2025-12-15T23:42:52   -> KPIs berechnet: FLH_PV=1130.6h, FLH_Wind=2666.4h
2025-12-15T23:42:52 [50/192] Emscherkläranlage | PV:COMPLETE | WND:COMPLETE
2025-12-15T23:42:53   -> KPIs berechnet: FLH_PV=1125.0h, FLH_Wind=2673.8h
2025-12-15T23:42:53 [51/192] Duisburg-Alte_Emscher | PV:COMPLETE | WND:COMPLETE
2025-12-15T23:42:53   -> KPIs berechnet: FLH_PV=1126.8h, FLH_Wind=2668.8h
2025-12-15T23:42:53 [52/192] Mainz | PV:COMPLETE | WND:COMPLETE
2025-12-15T23:42:53   -> KPIs berechnet: FLH_PV=1191.5h, FLH_Wind=2109.4h
2025-12-15T23:42:53 [53/192] Hetlingen | PV:COMPLETE | WND:COMPLETE
2025-12-15T23:42:53   -> KPIs berechnet: FLH_PV=1077.7h, FLH_Wind=3002.0h
2025-12-15T23:42:54 [54/192] Bitterfeld-Wolfen | PV:COMPLETE | WND:COMPLETE
2025-12-15T23:42:54   -> KPIs berechnet: FLH_PV=1163.9h, FLH_Wind=2422.2h
2025-12-15T23:42:54 [55/192] Halle-Nord | PV:COMPLETE | WND:COMPLETE
2025-12-15T23:42:54   -> KPIs berechnet: FLH_PV=1179.3h, FLH_Wind=2380.8h
2025-12-15T23:42:54 [56/192] Schkopau | PV:COMPLETE | WND:COMPLETE
2025-12-15T23:42:54   -> KPIs berechnet: FLH_PV=1182.2h, FLH_Wind=2391.8h
2025-12-15T23:42:54 [57/192] MD-Gerwisch | PV:COMPLETE | WND:COMPLETE
2025-12-15T23:42:55   -> KPIs berechnet: FLH_PV=1148.5h, FLH_Wind=2519.5h
2025-12-15T23:42:55 [58/192] FREDERICIA_CENTRALRENS | PV:COMPLETE | WND:COMPLETE
2025-12-15T23:42:55   -> KPIs berechnet: FLH_PV=1047.1h, FLH_Wind=3769.8h
2025-12-15T23:42:55 [59/192] THESSALONIKI | PV:COMPLETE | WND:COMPLETE
2025-12-15T23:42:55   -> KPIs berechnet: FLH_PV=1581.8h, FLH_Wind=1868.1h
2025-12-15T23:42:55 [60/192] PSYTTALIA | PV:COMPLETE | WND:COMPLETE
2025-12-15T23:42:55   -> KPIs berechnet: FLH_PV=1577.0h, FLH_Wind=3393.4h
2025-12-15T23:42:56 [61/192] METAMORPHOSI | PV:COMPLETE | WND:COMPLETE
2025-12-15T23:42:56   -> KPIs berechnet: FLH_PV=1569.5h, FLH_Wind=3621.9h
2025-12-15T23:42:56 [62/192] MONTE_ORGEGIA | PV:COMPLETE | WND:COMPLETE
2025-12-15T23:42:56   -> KPIs berechnet: FLH_PV=1616.0h, FLH_Wind=2705.3h
2025-12-15T23:42:56 [63/192] RINCON_DE_LEON | PV:COMPLETE | WND:COMPLETE
2025-12-15T23:42:56   -> KPIs berechnet: FLH_PV=1616.8h, FLH_Wind=2707.1h
2025-12-15T23:42:56 [64/192] ELX_-_ALGOROS | PV:COMPLETE | WND:COMPLETE
2025-12-15T23:42:57   -> KPIs berechnet: FLH_PV=1731.2h, FLH_Wind=2873.8h
2025-12-15T23:42:57 [65/192] QUART_-_BENAGER | PV:COMPLETE | WND:COMPLETE
2025-12-15T23:42:57   -> KPIs berechnet: FLH_PV=1584.8h, FLH_Wind=2499.5h
2025-12-15T23:42:57 [66/192] PINEDO_1 | PV:COMPLETE | WND:COMPLETE
2025-12-15T23:42:57   -> KPIs berechnet: FLH_PV=1585.1h, FLH_Wind=2465.5h
2025-12-15T23:42:57 [67/192] GUADALETE | PV:COMPLETE | WND:COMPLETE
2025-12-15T23:42:57   -> KPIs berechnet: FLH_PV=1633.9h, FLH_Wind=3365.2h
2025-12-15T23:42:58 [68/192] LA_GOLONDRINA | PV:COMPLETE | WND:COMPLETE
2025-12-15T23:42:58   -> KPIs berechnet: FLH_PV=1607.5h, FLH_Wind=2427.6h
2025-12-15T23:42:58 [69/192] HUELVA | PV:COMPLETE | WND:COMPLETE
2025-12-15T23:42:58   -> KPIs berechnet: FLH_PV=1745.0h, FLH_Wind=3486.1h
2025-12-15T23:42:58 [70/192] SUR | PV:COMPLETE | WND:COMPLETE
2025-12-15T23:42:58   -> KPIs berechnet: FLH_PV=1593.1h, FLH_Wind=2930.7h
2025-12-15T23:42:58 [71/192] LA_CHINA | PV:COMPLETE | WND:COMPLETE
2025-12-15T23:42:59   -> KPIs berechnet: FLH_PV=1593.1h, FLH_Wind=2930.7h
2025-12-15T23:42:59 [72/192] BUTARQUE | PV:COMPLETE | WND:COMPLETE
2025-12-15T23:42:59   -> KPIs berechnet: FLH_PV=1592.8h, FLH_Wind=2911.7h
2025-12-15T23:42:59 [73/192] ARROYO_CULEBRO_CUENCA_BAJA | PV:COMPLETE | WND:COMPLETE
2025-12-15T23:43:00   -> KPIs berechnet: FLH_PV=1593.3h, FLH_Wind=2938.6h
2025-12-15T23:43:00 [74/192] PALOMARES | PV:COMPLETE | WND:COMPLETE
2025-12-15T23:43:00   -> KPIs berechnet: FLH_PV=1610.4h, FLH_Wind=2834.0h
2025-12-15T23:43:00 [75/192] COPERO | PV:COMPLETE | WND:COMPLETE
2025-12-15T23:43:00   -> KPIs berechnet: FLH_PV=1610.3h, FLH_Wind=2809.1h
2025-12-15T23:43:00 [76/192] LA_RANILLA | PV:COMPLETE | WND:COMPLETE
2025-12-15T23:43:00   -> KPIs berechnet: FLH_PV=1609.2h, FLH_Wind=2766.3h
2025-12-15T23:43:01 [77/192] CARTAGENA_CABEZO_BEAZA | PV:COMPLETE | WND:COMPLETE
2025-12-15T23:43:01   -> KPIs berechnet: FLH_PV=1732.7h, FLH_Wind=2946.1h
2025-12-15T23:43:01 [78/192] MAR_MENOR_SUR | PV:COMPLETE | WND:COMPLETE
2025-12-15T23:43:01   -> KPIs berechnet: FLH_PV=1734.6h, FLH_Wind=3038.3h
2025-12-15T23:43:01 [79/192] Crispijana | PV:COMPLETE | WND:COMPLETE
2025-12-15T23:43:01   -> KPIs berechnet: FLH_PV=1403.0h, FLH_Wind=2970.7h
2025-12-15T23:43:01 [80/192] Loiola | PV:COMPLETE | WND:COMPLETE
2025-12-15T23:43:02   -> KPIs berechnet: FLH_PV=1457.2h, FLH_Wind=3100.2h
2025-12-15T23:43:02 [81/192] LOGROÑO | PV:COMPLETE | WND:COMPLETE
2025-12-15T23:43:02   -> KPIs berechnet: FLH_PV=1501.5h, FLH_Wind=2900.6h
2025-12-15T23:43:02 [82/192] ZARAGOZA_LA_CARTUJA | PV:COMPLETE | WND:COMPLETE
2025-12-15T23:43:02   -> KPIs berechnet: FLH_PV=1562.3h, FLH_Wind=3702.3h
2025-12-15T23:43:02 [83/192] GIJON_OESTE | PV:COMPLETE | WND:COMPLETE
2025-12-15T23:43:02   -> KPIs berechnet: FLH_PV=1399.9h, FLH_Wind=3222.6h
2025-12-15T23:43:03 [84/192] VILLAPEREZ | PV:COMPLETE | WND:COMPLETE
2025-12-15T23:43:03   -> KPIs berechnet: FLH_PV=1406.1h, FLH_Wind=3041.4h
2025-12-15T23:43:03 [85/192] SAN_PANTALEON | PV:COMPLETE | WND:COMPLETE
2025-12-15T23:43:03   -> KPIs berechnet: FLH_PV=1464.1h, FLH_Wind=3283.5h
2025-12-15T23:43:03 [86/192] SAN_ROMÁN | PV:COMPLETE | WND:COMPLETE
2025-12-15T23:43:03   -> KPIs berechnet: FLH_PV=1465.3h, FLH_Wind=3200.1h
2025-12-15T23:43:03 [87/192] VUELTA_OSTRERA | PV:COMPLETE | WND:COMPLETE
2025-12-15T23:43:04   -> KPIs berechnet: FLH_PV=1481.7h, FLH_Wind=3161.4h
2025-12-15T23:43:04 [88/192] LEON | PV:COMPLETE | WND:COMPLETE
2025-12-15T23:43:04   -> KPIs berechnet: FLH_PV=1510.8h, FLH_Wind=2932.5h
2025-12-15T23:43:04 [89/192] SALAMANCA | PV:COMPLETE | WND:COMPLETE
2025-12-15T23:43:04   -> KPIs berechnet: FLH_PV=1566.5h, FLH_Wind=3414.3h
2025-12-15T23:43:04 [90/192] ALCAZAR_DE_SAN_JUAN-CAMPO_DE_CRIPTANA | PV:COMPLETE | WND:COMPLETE
2025-12-15T23:43:04   -> KPIs berechnet: FLH_PV=1622.0h, FLH_Wind=3236.7h
2025-12-15T23:43:05 [91/192] PRAT_DE_LLOBREGAT_EL | PV:COMPLETE | WND:COMPLETE
2025-12-15T23:43:05   -> KPIs berechnet: FLH_PV=1521.1h, FLH_Wind=2112.9h
2025-12-15T23:43:05 [92/192] SANT_FELIU_DE_LLOBREGAT | PV:COMPLETE | WND:COMPLETE
2025-12-15T23:43:05   -> KPIs berechnet: FLH_PV=1518.8h, FLH_Wind=2078.2h
2025-12-15T23:43:05 [93/192] TERRASSA | PV:COMPLETE | WND:COMPLETE
2025-12-15T23:43:05   -> KPIs berechnet: FLH_PV=1511.0h, FLH_Wind=2009.7h
2025-12-15T23:43:05 [94/192] TP_36_of_Helsingin_kt | PV:COMPLETE | WND:COMPLETE
2025-12-15T23:43:06   -> KPIs berechnet: FLH_PV=1071.6h, FLH_Wind=4071.0h
2025-12-15T23:43:06 [95/192] TP_101_of_Helsingin_kt | PV:COMPLETE | WND:COMPLETE
2025-12-15T23:43:06   -> KPIs berechnet: FLH_PV=1061.3h, FLH_Wind=4012.0h
2025-12-15T23:43:06 [96/192] MAXEVILLE | PV:COMPLETE | WND:COMPLETE
2025-12-15T23:43:06   -> KPIs berechnet: FLH_PV=1210.4h, FLH_Wind=2607.7h
2025-12-15T23:43:06 [97/192] METZ | PV:COMPLETE | WND:COMPLETE
2025-12-15T23:43:07   -> KPIs berechnet: FLH_PV=1189.9h, FLH_Wind=2664.3h
2025-12-15T23:43:07 [98/192] STRASBOURG_-_LA_WANTZENAU | PV:COMPLETE | WND:COMPLETE
2025-12-15T23:43:07   -> KPIs berechnet: FLH_PV=1241.9h, FLH_Wind=1926.0h
2025-12-15T23:43:07 [99/192] SAUSHEIM | PV:COMPLETE | WND:COMPLETE
2025-12-15T23:43:07   -> KPIs berechnet: FLH_PV=1286.5h, FLH_Wind=1841.7h
2025-12-15T23:43:07 [100/192] LE_HAVRE | PV:COMPLETE | WND:COMPLETE
2025-12-15T23:43:07   -> KPIs berechnet: FLH_PV=1294.1h, FLH_Wind=4604.4h
2025-12-15T23:43:08 [101/192] ROUEN | PV:COMPLETE | WND:COMPLETE
2025-12-15T23:43:08   -> KPIs berechnet: FLH_PV=1195.3h, FLH_Wind=3385.7h
2025-12-15T23:43:08 [102/192] PARIS_SEINE_AVAL | PV:COMPLETE | WND:COMPLETE
2025-12-15T23:43:08   -> KPIs berechnet: FLH_PV=1196.5h, FLH_Wind=2966.6h
2025-12-15T23:43:08 [103/192] PARIS_SEINE_GRÉSILLONS | PV:COMPLETE | WND:COMPLETE
2025-12-15T23:43:08   -> KPIs berechnet: FLH_PV=1196.2h, FLH_Wind=2981.2h
2025-12-15T23:43:08 [104/192] NANTES_1-TOUGAS | PV:COMPLETE | WND:COMPLETE
2025-12-15T23:43:09   -> KPIs berechnet: FLH_PV=1281.7h, FLH_Wind=3319.4h
2025-12-15T23:43:09 [105/192] LMM_LE_MANS_-_LA_CHAUVINIÈRE | PV:COMPLETE | WND:COMPLETE
2025-12-15T23:43:09   -> KPIs berechnet: FLH_PV=1224.2h, FLH_Wind=3003.3h
2025-12-15T23:43:09 [106/192] TOULOUSE_GINESTOUS | PV:COMPLETE | WND:COMPLETE
2025-12-15T23:43:09   -> KPIs berechnet: FLH_PV=1357.2h, FLH_Wind=2238.6h
2025-12-15T23:43:09 [107/192] BEGLES_CLOS_DE_HILDE | PV:COMPLETE | WND:COMPLETE
2025-12-15T23:43:09   -> KPIs berechnet: FLH_PV=1325.2h, FLH_Wind=2481.9h
2025-12-15T23:43:10 [108/192] DIJON | PV:COMPLETE | WND:COMPLETE
2025-12-15T23:43:10   -> KPIs berechnet: FLH_PV=1270.6h, FLH_Wind=2528.4h
2025-12-15T23:43:10 [109/192] MAERA_EX_CEREIREDE | PV:COMPLETE | WND:COMPLETE
2025-12-15T23:43:10   -> KPIs berechnet: FLH_PV=1591.5h, FLH_Wind=3827.6h
2025-12-15T23:43:10 [110/192] LYON_-_PIERRE_BÉNITE | PV:COMPLETE | WND:COMPLETE
2025-12-15T23:43:10   -> KPIs berechnet: FLH_PV=1339.1h, FLH_Wind=2250.8h
2025-12-15T23:43:10 [111/192] LYON_-_SAINT_FONS | PV:COMPLETE | WND:COMPLETE
2025-12-15T23:43:11   -> KPIs berechnet: FLH_PV=1339.0h, FLH_Wind=2246.8h
2025-12-15T23:43:11 [112/192] FERNEY-VOLTAIRE_-_AIRE_2 | PV:COMPLETE | WND:COMPLETE
2025-12-15T23:43:11   -> KPIs berechnet: FLH_PV=1365.7h, FLH_Wind=1256.3h
2025-12-15T23:43:11 [113/192] Rijeka-Delta | PV:COMPLETE | WND:COMPLETE
2025-12-15T23:43:11   -> KPIs berechnet: FLH_PV=1458.8h, FLH_Wind=3045.0h
2025-12-15T23:43:11 [114/192] Zagreb | PV:COMPLETE | WND:COMPLETE
2025-12-15T23:43:11   -> KPIs berechnet: FLH_PV=1313.5h, FLH_Wind=2354.4h
2025-12-15T23:43:12 [115/192] Budapest_Eszak_Pest_-_Szennyviztisztito_Telep | PV:COMPLETE | WND:COMPLETE
2025-12-15T23:43:12   -> KPIs berechnet: FLH_PV=1299.7h, FLH_Wind=3095.1h
2025-12-15T23:43:12 [116/192] Debrecen_-_Szennyviztisztito_Telep | PV:COMPLETE | WND:COMPLETE
2025-12-15T23:43:12   -> KPIs berechnet: FLH_PV=1274.1h, FLH_Wind=2871.2h
2025-12-15T23:43:12 [117/192] Cork_city | PV:COMPLETE | WND:COMPLETE
2025-12-15T23:43:12   -> KPIs berechnet: FLH_PV=1079.9h, FLH_Wind=4198.9h
2025-12-15T23:43:12 [118/192] Ringsend | PV:COMPLETE | WND:COMPLETE
2025-12-15T23:43:13   -> KPIs berechnet: FLH_PV=1122.5h, FLH_Wind=5074.7h
2025-12-15T23:43:13 [119/192] Castiglione | PV:COMPLETE | WND:COMPLETE
2025-12-15T23:43:13   -> KPIs berechnet: FLH_PV=1423.4h, FLH_Wind=775.0h
2025-12-15T23:43:13 [120/192] Dp01209001_Lonate_Pozzolo | PV:COMPLETE | WND:COMPLETE
2025-12-15T23:43:13   -> KPIs berechnet: FLH_PV=1364.1h, FLH_Wind=874.4h
2025-12-15T23:43:13 [121/192] Dp01514601_Milano_Nosedo | PV:COMPLETE | WND:COMPLETE
2025-12-15T23:43:13   -> KPIs berechnet: FLH_PV=1361.0h, FLH_Wind=1001.1h
2025-12-15T23:43:14 [122/192] Dp01514602_Milano_S_Rocco | PV:COMPLETE | WND:COMPLETE
2025-12-15T23:43:14   -> KPIs berechnet: FLH_PV=1363.3h, FLH_Wind=1009.9h
2025-12-15T23:43:14 [123/192] Arzignano_Via_Altura | PV:COMPLETE | WND:COMPLETE
2025-12-15T23:43:14   -> KPIs berechnet: FLH_PV=1325.4h, FLH_Wind=1143.9h
2025-12-15T23:43:15 [124/192] Venezia_Fusina_Via_Dei_Cantieri | PV:COMPLETE | WND:COMPLETE
2025-12-15T23:43:15   -> KPIs berechnet: FLH_PV=1325.7h, FLH_Wind=1583.6h
2025-12-15T23:43:15 [125/192] San_Giorgio_Di_Nogaro | PV:COMPLETE | WND:COMPLETE
2025-12-15T23:43:15   -> KPIs berechnet: FLH_PV=1323.2h, FLH_Wind=1503.0h
2025-12-15T23:43:15 [126/192] Bologna_Corticella | PV:COMPLETE | WND:COMPLETE
2025-12-15T23:43:15   -> KPIs berechnet: FLH_PV=1378.4h, FLH_Wind=2026.2h
2025-12-15T23:43:15 [127/192] Idl_San_Colombano | PV:COMPLETE | WND:COMPLETE
2025-12-15T23:43:16   -> KPIs berechnet: FLH_PV=1366.2h, FLH_Wind=2092.7h
2025-12-15T23:43:16 [128/192] Idi_Aquarno | PV:COMPLETE | WND:COMPLETE
2025-12-15T23:43:16   -> KPIs berechnet: FLH_PV=1388.7h, FLH_Wind=2150.6h
2025-12-15T23:43:16 [129/192] Idi_Cuoio_Depur | PV:COMPLETE | WND:COMPLETE
2025-12-15T23:43:16   -> KPIs berechnet: FLH_PV=1394.9h, FLH_Wind=2181.2h
2025-12-15T23:43:16 [130/192] ROMA_EST | PV:COMPLETE | WND:COMPLETE
2025-12-15T23:43:16   -> KPIs berechnet: FLH_PV=1463.0h, FLH_Wind=1931.5h
2025-12-15T23:43:17 [131/192] ROMA_NORD | PV:COMPLETE | WND:COMPLETE
2025-12-15T23:43:17   -> KPIs berechnet: FLH_PV=1462.4h, FLH_Wind=2026.0h
2025-12-15T23:43:17 [132/192] Caivano_Depuratore_Di_Acerra | PV:COMPLETE | WND:COMPLETE
2025-12-15T23:43:17   -> KPIs berechnet: FLH_PV=1555.3h, FLH_Wind=1694.1h
2025-12-15T23:43:17 [133/192] Orta_Di_Atella_Ce_Impianto_Napoli_Nord | PV:COMPLETE | WND:COMPLETE
2025-12-15T23:43:17   -> KPIs berechnet: FLH_PV=1454.7h, FLH_Wind=1711.1h
2025-12-15T23:43:17 [134/192] Marigliano_Na_Depuratore_Di_Nola | PV:COMPLETE | WND:COMPLETE
2025-12-15T23:43:18   -> KPIs berechnet: FLH_PV=1555.0h, FLH_Wind=1773.7h
2025-12-15T23:43:18 [135/192] Marcianise_Ce_Depuratore_Di_Marcianise | PV:COMPLETE | WND:COMPLETE
2025-12-15T23:43:18   -> KPIs berechnet: FLH_PV=1455.3h, FLH_Wind=1717.4h
2025-12-15T23:43:18 [136/192] Pozzuoli_Na_Impianto_Napoli_Ovest_Cuma | PV:COMPLETE | WND:COMPLETE
2025-12-15T23:43:18   -> KPIs berechnet: FLH_PV=1468.7h, FLH_Wind=1848.9h
2025-12-15T23:43:18 [137/192] Salerno_Impianto_Salerno | PV:COMPLETE | WND:COMPLETE
2025-12-15T23:43:18   -> KPIs berechnet: FLH_PV=1567.1h, FLH_Wind=2286.1h
2025-12-15T23:43:19 [138/192] Impianto_Consortile_Di_Catania | PV:COMPLETE | WND:COMPLETE
2025-12-15T23:43:19   -> KPIs berechnet: FLH_PV=1659.2h, FLH_Wind=2457.3h
2025-12-15T23:43:19 [139/192] Impianto_C_Da_Magnisi_Casale_Vecchie_Saline_Depuratore_Ias_Priolo | PV:COMPLETE | WND:COMPLETE
2025-12-15T23:43:19   -> KPIs berechnet: FLH_PV=1671.0h, FLH_Wind=2796.5h
2025-12-15T23:43:19 [140/192] BAI_Daugavgrīva | PV:COMPLETE | WND:COMPLETE
2025-12-15T23:43:19   -> KPIs berechnet: FLH_PV=1030.2h, FLH_Wind=3169.1h
2025-12-15T23:43:19 [141/192] UWWTP_AMSTERDAM-WEST | PV:COMPLETE | WND:COMPLETE
2025-12-15T23:43:20   -> KPIs berechnet: FLH_PV=1132.5h, FLH_Wind=3807.3h
2025-12-15T23:43:20 [142/192] UWWTP_HARNASCHPOLDER | PV:COMPLETE | WND:COMPLETE
2025-12-15T23:43:20   -> KPIs berechnet: FLH_PV=1227.9h, FLH_Wind=4725.3h
2025-12-15T23:43:20 [143/192] UWWTP_KRALINGSEVEER | PV:COMPLETE | WND:COMPLETE
2025-12-15T23:43:20   -> KPIs berechnet: FLH_PV=1140.5h, FLH_Wind=3393.7h
2025-12-15T23:43:20 [144/192] UWWTP_NIEUWVEER | PV:COMPLETE | WND:COMPLETE
2025-12-15T23:43:20   -> KPIs berechnet: FLH_PV=1136.5h, FLH_Wind=3115.6h
2025-12-15T23:43:21 [145/192] UWWTP_BATH | PV:COMPLETE | WND:COMPLETE
2025-12-15T23:43:21   -> KPIs berechnet: FLH_PV=1145.5h, FLH_Wind=3372.7h
2025-12-15T23:43:21 [146/192] UWWTP_AMSTERDAN-WESTPOORT | PV:COMPLETE | WND:COMPLETE
2025-12-15T23:43:21   -> KPIs berechnet: FLH_PV=1132.0h, FLH_Wind=3808.1h
2025-12-15T23:43:21 [147/192] UWWTP_TILBURG-NOORD | PV:COMPLETE | WND:COMPLETE
2025-12-15T23:43:21   -> KPIs berechnet: FLH_PV=1132.1h, FLH_Wind=2937.7h
2025-12-15T23:43:21 [148/192] Wrocławska_Oczyszczalnia_Ścieków | PV:COMPLETE | WND:COMPLETE
2025-12-15T23:43:22   -> KPIs berechnet: FLH_PV=1171.0h, FLH_Wind=2581.2h
2025-12-15T23:43:22 [149/192] Toruń_Centralna_Oczyszczalnia_Ścieków | PV:COMPLETE | WND:COMPLETE
2025-12-15T23:43:22   -> KPIs berechnet: FLH_PV=1101.0h, FLH_Wind=2642.7h
2025-12-15T23:43:22 [150/192] Lublin-Hajdów | PV:COMPLETE | WND:COMPLETE
2025-12-15T23:43:22   -> KPIs berechnet: FLH_PV=1153.4h, FLH_Wind=2468.5h
2025-12-15T23:43:22 [151/192] Goś_Łam | PV:COMPLETE | WND:COMPLETE
2025-12-15T23:43:22   -> KPIs berechnet: FLH_PV=1143.6h, FLH_Wind=2541.1h
2025-12-15T23:43:23 [152/192] Kutno | PV:COMPLETE | WND:COMPLETE
2025-12-15T23:43:23   -> KPIs berechnet: FLH_PV=1130.7h, FLH_Wind=2544.6h
2025-12-15T23:43:23 [153/192] Kraków-Płaszów | PV:COMPLETE | WND:COMPLETE
2025-12-15T23:43:23   -> KPIs berechnet: FLH_PV=1210.9h, FLH_Wind=2366.3h
2025-12-15T23:43:23 [154/192] Kraków-Kujawy | PV:COMPLETE | WND:COMPLETE
2025-12-15T23:43:23   -> KPIs berechnet: FLH_PV=1208.4h, FLH_Wind=2358.0h
2025-12-15T23:43:24 [155/192] Tarnów | PV:COMPLETE | WND:COMPLETE
2025-12-15T23:43:24   -> KPIs berechnet: FLH_PV=1200.7h, FLH_Wind=2307.5h
2025-12-15T23:43:24 [156/192] Zakład_Oczyszczalni_Ścieków_Czajka | PV:COMPLETE | WND:COMPLETE
2025-12-15T23:43:24   -> KPIs berechnet: FLH_PV=1124.5h, FLH_Wind=2493.3h
2025-12-15T23:43:24 [157/192] Gdańsk-Wschód | PV:COMPLETE | WND:COMPLETE
2025-12-15T23:43:24   -> KPIs berechnet: FLH_PV=1171.2h, FLH_Wind=4448.0h
2025-12-15T23:43:24 [158/192] Goś_Dębogórze | PV:COMPLETE | WND:COMPLETE
2025-12-15T23:43:25   -> KPIs berechnet: FLH_PV=1169.1h, FLH_Wind=4590.9h
2025-12-15T23:43:25 [159/192] International_Paper-Kwidzyn_Sp_z_o_o | PV:COMPLETE | WND:COMPLETE
2025-12-15T23:43:25   -> KPIs berechnet: FLH_PV=1083.2h, FLH_Wind=2796.5h
2025-12-15T23:43:25 [160/192] Centralna_Oczyszczalnia_Ścieków_w_Gliwicach | PV:COMPLETE | WND:COMPLETE
2025-12-15T23:43:25   -> KPIs berechnet: FLH_PV=1187.7h, FLH_Wind=2450.1h
2025-12-15T23:43:25 [161/192] Centralna_Oczyszczalnia_Ścieków_w_Koziegłowach | PV:COMPLETE | WND:COMPLETE
2025-12-15T23:43:25   -> KPIs berechnet: FLH_PV=1116.1h, FLH_Wind=2621.5h
2025-12-15T23:43:26 [162/192] Dopiewo | PV:COMPLETE | WND:COMPLETE
2025-12-15T23:43:26   -> KPIs berechnet: FLH_PV=1119.7h, FLH_Wind=2607.3h
2025-12-15T23:43:26 [163/192] Pomorzany | PV:COMPLETE | WND:COMPLETE
2025-12-15T23:43:26   -> KPIs berechnet: FLH_PV=1168.1h, FLH_Wind=2915.2h
2025-12-15T23:43:26 [164/192] Agra_I_e_II | PV:COMPLETE | WND:COMPLETE
2025-12-15T23:43:26   -> KPIs berechnet: FLH_PV=1454.9h, FLH_Wind=3405.7h
2025-12-15T23:43:26 [165/192] Rib_de_Moinhos | PV:COMPLETE | WND:COMPLETE
2025-12-15T23:43:27   -> KPIs berechnet: FLH_PV=1615.1h, FLH_Wind=4168.8h
2025-12-15T23:43:27 [166/192] Matosinhos | PV:COMPLETE | WND:COMPLETE
2025-12-15T23:43:27   -> KPIs berechnet: FLH_PV=1563.4h, FLH_Wind=3406.7h
2025-12-15T23:43:27 [167/192] ROWP_DANCU_IASI | PV:COMPLETE | WND:COMPLETE
2025-12-15T23:43:27   -> KPIs berechnet: FLH_PV=1313.0h, FLH_Wind=3528.0h
2025-12-15T23:43:27 [168/192] ROWP_GALATI | PV:COMPLETE | WND:COMPLETE
2025-12-15T23:43:27   -> KPIs berechnet: FLH_PV=1360.0h, FLH_Wind=3554.7h
2025-12-15T23:43:28 [169/192] ROWP_SC_APA_CANAL_2000_S_A_PITESTI | PV:COMPLETE | WND:COMPLETE
2025-12-15T23:43:28   -> KPIs berechnet: FLH_PV=1384.3h, FLH_Wind=2521.7h
2025-12-15T23:43:28 [170/192] ROWP_RA_Aquatim_Timisoara | PV:COMPLETE | WND:COMPLETE
2025-12-15T23:43:28   -> KPIs berechnet: FLH_PV=1309.2h, FLH_Wind=2955.7h
2025-12-15T23:43:28 [171/192] ROWP_SC_COMPANIA_APA_SA_Brasov | PV:COMPLETE | WND:COMPLETE
2025-12-15T23:43:28   -> KPIs berechnet: FLH_PV=1372.1h, FLH_Wind=2334.2h
2025-12-15T23:43:28 [172/192] ROWP_SC_APA_NOVA_SA_BUCURESTI | PV:COMPLETE | WND:COMPLETE
2025-12-15T23:43:29   -> KPIs berechnet: FLH_PV=1368.4h, FLH_Wind=2813.6h
2025-12-15T23:43:29 [173/192] UWWTP_LJUBLJANA_ZALOG | PV:COMPLETE | WND:COMPLETE
2025-12-15T23:43:29   -> KPIs berechnet: FLH_PV=1421.4h, FLH_Wind=2219.6h
2025-12-15T23:43:29 [174/192] NORTH_WARRINGTON_STW | PV:COMPLETE | WND:COMPLETE
2025-12-15T23:43:29   -> KPIs berechnet: FLH_PV=1050.8h, FLH_Wind=3594.2h
2025-12-15T23:43:30 [175/192] BLACKBURN_STW | PV:COMPLETE | WND:COMPLETE
2025-12-15T23:43:30   -> KPIs berechnet: FLH_PV=1035.2h, FLH_Wind=3710.2h
2025-12-15T23:43:30 [176/192] LONDON_Becton_STW | PV:COMPLETE | WND:COMPLETE
2025-12-15T23:43:30   -> KPIs berechnet: FLH_PV=1155.4h, FLH_Wind=3717.4h
2025-12-15T23:43:30 [177/192] LONDON_Deepham_STW | PV:COMPLETE | WND:COMPLETE
2025-12-15T23:43:30   -> KPIs berechnet: FLH_PV=1146.6h, FLH_Wind=3692.0h
2025-12-15T23:43:30 [178/192] LONDON_Crossness_STW | PV:COMPLETE | WND:COMPLETE
2025-12-15T23:43:31   -> KPIs berechnet: FLH_PV=1156.9h, FLH_Wind=3724.8h
2025-12-15T23:43:31 [179/192] WIGAN_HOSCAR_STW | PV:COMPLETE | WND:COMPLETE
2025-12-15T23:43:31   -> KPIs berechnet: FLH_PV=1049.3h, FLH_Wind=3681.8h
2025-12-15T23:43:31 [180/192] Manchester_and_Salford_Davyhulme_STW | PV:COMPLETE | WND:COMPLETE
2025-12-15T23:43:31   -> KPIs berechnet: FLH_PV=1040.8h, FLH_Wind=3625.9h
2025-12-15T23:43:31 [181/192] BIRMINGHAM_BLACK_COUNTRY_NO_1_MINWORTH_STW | PV:COMPLETE | WND:COMPLETE
2025-12-15T23:43:31   -> KPIs berechnet: FLH_PV=1092.9h, FLH_Wind=3431.5h
2025-12-15T23:43:32 [182/192] BRADFORD_ESHOLT_STW | PV:COMPLETE | WND:COMPLETE
2025-12-15T23:43:32   -> KPIs berechnet: FLH_PV=1028.4h, FLH_Wind=3654.9h
2025-12-15T23:43:32 [183/192] LEEDS_KNOSTROP_STW | PV:COMPLETE | WND:COMPLETE
2025-12-15T23:43:32   -> KPIs berechnet: FLH_PV=1053.3h, FLH_Wind=3674.0h
2025-12-15T23:43:32 [184/192] MIDDLESBOROUGH_STW | PV:COMPLETE | WND:COMPLETE
2025-12-15T23:43:32   -> KPIs berechnet: FLH_PV=1038.8h, FLH_Wind=4036.9h
2025-12-15T23:43:32 [185/192] NORTHAMPTON_STW | PV:COMPLETE | WND:COMPLETE
2025-12-15T23:43:33   -> KPIs berechnet: FLH_PV=1107.5h, FLH_Wind=3519.5h
2025-12-15T23:43:33 [186/192] MILTON_KEYNES_STW | PV:COMPLETE | WND:COMPLETE
2025-12-15T23:43:33   -> KPIs berechnet: FLH_PV=1118.4h, FLH_Wind=3531.2h
2025-12-15T23:43:33 [187/192] HULL_STW | PV:COMPLETE | WND:COMPLETE
2025-12-15T23:43:33   -> KPIs berechnet: FLH_PV=1057.0h, FLH_Wind=4051.2h
2025-12-15T23:43:33 [188/192] Rye_Meads_STW | PV:COMPLETE | WND:COMPLETE
2025-12-15T23:43:33   -> KPIs berechnet: FLH_PV=1139.9h, FLH_Wind=3632.1h
2025-12-15T23:43:34 [189/192] TILBURY_STW_TILBURY_ESSEX | PV:COMPLETE | WND:COMPLETE
2025-12-15T23:43:34   -> KPIs berechnet: FLH_PV=1245.6h, FLH_Wind=4646.7h
2025-12-15T23:43:34 [190/192] COVENTRY_STW | PV:COMPLETE | WND:COMPLETE
2025-12-15T23:43:34   -> KPIs berechnet: FLH_PV=1096.5h, FLH_Wind=3451.4h
2025-12-15T23:43:34 [191/192] LONDON_Riverside_STW | PV:COMPLETE | WND:COMPLETE
2025-12-15T23:43:34   -> KPIs berechnet: FLH_PV=1157.0h, FLH_Wind=3728.1h
2025-12-15T23:43:34 [192/192] LONDON_Long_Reach_STW | PV:COMPLETE | WND:COMPLETE
2025-12-15T23:43:35   -> KPIs berechnet: FLH_PV=1160.8h, FLH_Wind=3747.9h
2025-12-15T23:43:35 ======================================================
2025-12-15T23:43:35 Schreibe 192 KPI-Zeilen in Excel 'H2 Renewables' …
2025-12-15T23:43:35 H2 Renewables Base geschrieben: C:\Users\aless\PycharmProjects\Masterthesis\Output\UWWTD_TP_Database.xlsx -> Sheet 'H2 Renewables'
2025-12-15T23:43:35 ✓ Renewable energy KPIs calculated for 192 plants → Sheet 'H2 Renewables'
