2025-11-14T19:03:03 ======================================================
2025-11-14T19:03:03 Start • Sites: 299 • Zeitraum: 2015-01-01→2024-12-31 (Auto-Chunking ≤1Y)
2025-11-14T19:03:03 Limiter: 1.0 req/s & 50 req/h (sichtbar)
2025-11-14T19:03:03 Excel: C:\Users\aless\PycharmProjects\Masterthesis\Output\UWWTD_TP_Database.xlsx | Sheets: 'General Data' -> 'Energy'
2025-11-14T19:03:03 Ausgabe: C:\Users\aless\PycharmProjects\Masterthesis\Output\RenewableEnergyProfiles (stabile Dateinamen, keine Doppel-Downloads)
2025-11-14T19:03:03 ======================================================
2025-11-14T19:03:03 [1/299] ARA_AWV_Schwechat | PV:COMPLETE -> PV_ARA_AWV_Schwechat_20150101-20241231_merra2_d96d7cca0e.csv | WND:COMPLETE -> Wind_ARA_AWV_Schwechat_20150101-20241231_merra2_a6d7f2589a.csv
2025-11-14T19:03:03 [2/299] Asten_-_Regionalkläranlage | PV:COMPLETE -> PV_Asten_-_Regionalkläranlage_20150101-20241231_merra2_a44fae4635.csv | WND:COMPLETE -> Wind_Asten_-_Regionalkläranlage_20150101-20241231_merra2_a6d7f2589a.csv
2025-11-14T19:03:03 [3/299] ARA_Siggerwiesen | PV:COMPLETE -> PV_ARA_Siggerwiesen_20150101-20241231_merra2_365d0c7928.csv | WND:COMPLETE -> Wind_ARA_Siggerwiesen_20150101-20241231_merra2_a6d7f2589a.csv
2025-11-14T19:03:04 [4/299] Graz-Gössendorf | PV:COMPLETE -> PV_Graz-Gössendorf_20150101-20241231_merra2_6639b0113f.csv | WND:COMPLETE -> Wind_Graz-Gössendorf_20150101-20241231_merra2_a6d7f2589a.csv
2025-11-14T19:03:04 [5/299] Gratkorn | PV:COMPLETE -> PV_Gratkorn_20150101-20241231_merra2_b30f8f1e31.csv | WND:COMPLETE -> Wind_Gratkorn_20150101-20241231_merra2_a6d7f2589a.csv
2025-11-14T19:03:04 [6/299] Innsbruck | PV:COMPLETE -> PV_Innsbruck_20150101-20241231_merra2_7db14877e1.csv | WND:COMPLETE -> Wind_Innsbruck_20150101-20241231_merra2_a6d7f2589a.csv
2025-11-14T19:03:05 [7/299] Meiningen | PV:COMPLETE -> PV_Meiningen_20150101-20241231_merra2_7db14877e1.csv | WND:COMPLETE -> Wind_Meiningen_20150101-20241231_merra2_a6d7f2589a.csv
2025-11-14T19:03:05 [8/299] Hauptkläranlage_Wien | PV:COMPLETE -> PV_Hauptkläranlage_Wien_20150101-20241231_merra2_a44fae4635.csv | WND:COMPLETE -> Wind_Hauptkläranlage_Wien_20150101-20241231_merra2_a6d7f2589a.csv
2025-11-14T19:03:05 [9/299] Bruxelles-nord | PV:COMPLETE -> PV_Bruxelles-nord_20150101-20241231_merra2_aa131a78fd.csv | WND:COMPLETE -> Wind_Bruxelles-nord_20150101-20241231_merra2_a6d7f2589a.csv
2025-11-14T19:03:05 [10/299] LIEGE_OUPEYE | PV:COMPLETE -> PV_LIEGE_OUPEYE_20150101-20241231_merra2_5f797a9ee1.csv | WND:COMPLETE -> Wind_LIEGE_OUPEYE_20150101-20241231_merra2_a6d7f2589a.csv
2025-11-14T19:03:06 [11/299] UWWTP_Burgas | PV:COMPLETE -> PV_UWWTP_Burgas_20150101-20241231_merra2_afebd23a41.csv | WND:COMPLETE -> Wind_UWWTP_Burgas_20150101-20241231_merra2_a6d7f2589a.csv
2025-11-14T19:03:06 [12/299] UWWTP_Varna | PV:COMPLETE -> PV_UWWTP_Varna_20150101-20241231_merra2_7ea3568ef5.csv | WND:COMPLETE -> Wind_UWWTP_Varna_20150101-20241231_merra2_a6d7f2589a.csv
2025-11-14T19:03:06 [13/299] UWWTP_Plovdiv | PV:COMPLETE -> PV_UWWTP_Plovdiv_20150101-20241231_merra2_ceccdc6c04.csv | WND:COMPLETE -> Wind_UWWTP_Plovdiv_20150101-20241231_merra2_a6d7f2589a.csv
2025-11-14T19:03:07 [14/299] UWWTP_Sofia | PV:COMPLETE -> PV_UWWTP_Sofia_20150101-20241231_merra2_4f434c11f1.csv | WND:COMPLETE -> Wind_UWWTP_Sofia_20150101-20241231_merra2_a6d7f2589a.csv
2025-11-14T19:03:07 [15/299] UCOV_Praha | PV:COMPLETE -> PV_UCOV_Praha_20150101-20241231_merra2_dff9f75620.csv | WND:COMPLETE -> Wind_UCOV_Praha_20150101-20241231_merra2_a6d7f2589a.csv
2025-11-14T19:03:07 [16/299] COV_Plzen | PV:COMPLETE -> PV_COV_Plzen_20150101-20241231_merra2_45a48e10c0.csv | WND:COMPLETE -> Wind_COV_Plzen_20150101-20241231_merra2_a6d7f2589a.csv
2025-11-14T19:03:07 [17/299] COV_Steti_-Papirny_Mondi | PV:COMPLETE -> PV_COV_Steti_-Papirny_Mondi_20150101-20241231_merra2_70c8be051e.csv | WND:COMPLETE -> Wind_COV_Steti_-Papirny_Mondi_20150101-20241231_merra2_a6d7f2589a.csv
2025-11-14T19:03:07 [18/299] COV_Brno_-_Modrice | PV:COMPLETE -> PV_COV_Brno_-_Modrice_20150101-20241231_merra2_518e9398da.csv | WND:COMPLETE -> Wind_COV_Brno_-_Modrice_20150101-20241231_merra2_a6d7f2589a.csv
2025-11-14T19:03:08 [19/299] UCOV_Ostrava_-_Privoz | PV:COMPLETE -> PV_UCOV_Ostrava_-_Privoz_20150101-20241231_merra2_91eb67cd10.csv | WND:COMPLETE -> Wind_UCOV_Ostrava_-_Privoz_20150101-20241231_merra2_a6d7f2589a.csv
2025-11-14T19:03:08 [20/299] Stahnsdorf | PV:COMPLETE -> PV_Stahnsdorf_20150101-20241231_merra2_aaef4f714e.csv | WND:COMPLETE -> Wind_Stahnsdorf_20150101-20241231_merra2_a6d7f2589a.csv
2025-11-14T19:03:08 [21/299] Ruhleben | PV:COMPLETE -> PV_Ruhleben_20150101-20241231_merra2_a8652e5125.csv | WND:COMPLETE -> Wind_Ruhleben_20150101-20241231_merra2_a6d7f2589a.csv
2025-11-14T19:03:08 [22/299] Schönerlinde | PV:COMPLETE -> PV_Schönerlinde_20150101-20241231_merra2_05f5cdfd03.csv | WND:COMPLETE -> Wind_Schönerlinde_20150101-20241231_merra2_a6d7f2589a.csv
2025-11-14T19:03:09 [23/299] Waßmannsdorf | PV:COMPLETE -> PV_Waßmannsdorf_20150101-20241231_merra2_aaef4f714e.csv | WND:COMPLETE -> Wind_Waßmannsdorf_20150101-20241231_merra2_a6d7f2589a.csv
2025-11-14T19:03:09 [24/299] Hauptklärwerk_Mühlhausen | PV:COMPLETE -> PV_Hauptklärwerk_Mühlhausen_20150101-20241231_merra2_c6311ba2b1.csv | WND:COMPLETE -> Wind_Hauptklärwerk_Mühlhausen_20150101-20241231_merra2_a6d7f2589a.csv
2025-11-14T19:03:09 [25/299] Göppingen | PV:COMPLETE -> PV_Göppingen_20150101-20241231_merra2_d7147aef93.csv | WND:COMPLETE -> Wind_Göppingen_20150101-20241231_merra2_a6d7f2589a.csv
2025-11-14T19:03:09 [26/299] SKA_Heilbronn | PV:COMPLETE -> PV_SKA_Heilbronn_20150101-20241231_merra2_fe09ef0dd2.csv | WND:COMPLETE -> Wind_SKA_Heilbronn_20150101-20241231_merra2_a6d7f2589a.csv
2025-11-14T19:03:10 [27/299] SKA_Karlsruhe_Neureut | PV:COMPLETE -> PV_SKA_Karlsruhe_Neureut_20150101-20241231_merra2_c2d7a3cf3a.csv | WND:COMPLETE -> Wind_SKA_Karlsruhe_Neureut_20150101-20241231_merra2_a6d7f2589a.csv
2025-11-14T19:03:10 [28/299] SKA_AZV_Heidelberg | PV:COMPLETE -> PV_SKA_AZV_Heidelberg_20150101-20241231_merra2_cd3819f6b5.csv | WND:COMPLETE -> Wind_SKA_AZV_Heidelberg_20150101-20241231_merra2_a6d7f2589a.csv
2025-11-14T19:03:10 [29/299] Kläranlage_Mannheim | PV:COMPLETE -> PV_Kläranlage_Mannheim_20150101-20241231_merra2_09bc10e962.csv | WND:COMPLETE -> Wind_Kläranlage_Mannheim_20150101-20241231_merra2_a6d7f2589a.csv
2025-11-14T19:03:11 [30/299] SKA_AZV_BREISGAUER_BUCHT_-_KA_FORCHHEIM | PV:COMPLETE -> PV_SKA_AZV_BREISGAUER_BUCHT_-_KA_FORCHHEIM_20150101-20241231_merra2_a44fae4635.csv | WND:COMPLETE -> Wind_SKA_AZV_BREISGAUER_BUCHT_-_KA_FORCHHEIM_20150101-20241231_merra2_a6d7f2589a.csv
2025-11-14T19:03:11 [31/299] Würzburg | PV:COMPLETE -> PV_Würzburg_20150101-20241231_merra2_45a48e10c0.csv | WND:COMPLETE -> Wind_Würzburg_20150101-20241231_merra2_a6d7f2589a.csv
2025-11-14T19:03:11 [32/299] Augsburg | PV:COMPLETE -> PV_Augsburg_20150101-20241231_merra2_116c94f817.csv | WND:COMPLETE -> Wind_Augsburg_20150101-20241231_merra2_a6d7f2589a.csv
2025-11-14T19:03:11 [33/299] Zweckverband_Klärwerk_Steinhäule | PV:COMPLETE -> PV_Zweckverband_Klärwerk_Steinhäule_20150101-20241231_merra2_116c94f817.csv | WND:COMPLETE -> Wind_Zweckverband_Klärwerk_Steinhäule_20150101-20241231_merra2_a6d7f2589a.csv
2025-11-14T19:03:11 [34/299] München_II_-_Gut_Marienhof | PV:COMPLETE -> PV_München_II_-_Gut_Marienhof_20150101-20241231_merra2_24c702f0f6.csv | WND:COMPLETE -> Wind_München_II_-_Gut_Marienhof_20150101-20241231_merra2_a6d7f2589a.csv
2025-11-14T19:03:12 [35/299] AZV_Erdinger_Moos | PV:COMPLETE -> PV_AZV_Erdinger_Moos_20150101-20241231_merra2_116c94f817.csv | WND:COMPLETE -> Wind_AZV_Erdinger_Moos_20150101-20241231_merra2_a6d7f2589a.csv
2025-11-14T19:03:12 [36/299] Erlangen | PV:COMPLETE -> PV_Erlangen_20150101-20241231_merra2_09bc10e962.csv | WND:COMPLETE -> Wind_Erlangen_20150101-20241231_merra2_a6d7f2589a.csv
2025-11-14T19:03:12 [37/299] Rosenheim | PV:COMPLETE -> PV_Rosenheim_20150101-20241231_merra2_365d0c7928.csv | WND:COMPLETE -> Wind_Rosenheim_20150101-20241231_merra2_a6d7f2589a.csv
2025-11-14T19:03:12 [38/299] Kläranlage_Seehausen | PV:COMPLETE -> PV_Kläranlage_Seehausen_20150101-20241231_merra2_e8d919f64a.csv | WND:COMPLETE -> Wind_Kläranlage_Seehausen_20150101-20241231_merra2_a6d7f2589a.csv
2025-11-14T19:03:12 [39/299] Frankfurt_am_Main_Sindlingen | PV:COMPLETE -> PV_Frankfurt_am_Main_Sindlingen_20150101-20241231_merra2_dff9f75620.csv | WND:COMPLETE -> Wind_Frankfurt_am_Main_Sindlingen_20150101-20241231_merra2_a6d7f2589a.csv
2025-11-14T19:03:13 [40/299] Wiesbaden_Mitte | PV:COMPLETE -> PV_Wiesbaden_Mitte_20150101-20241231_merra2_dff9f75620.csv | WND:COMPLETE -> Wind_Wiesbaden_Mitte_20150101-20241231_merra2_a6d7f2589a.csv
2025-11-14T19:03:13 [41/299] Klärwerksverbund_Köhlbrandhöft_Dradenau | PV:COMPLETE -> PV_Klärwerksverbund_Köhlbrandhöft_Dradenau_20150101-20241231_merra2_1005c77946.csv | WND:COMPLETE -> Wind_Klärwerksverbund_Köhlbrandhöft_Dradenau_20150101-20241231_merra2_a6d7f2589a.csv
2025-11-14T19:03:13 [42/299] 2530002102_KA_Herrenhausen | PV:COMPLETE -> PV_2530002102_KA_Herrenhausen_20150101-20241231_merra2_aaef4f714e.csv | WND:COMPLETE -> Wind_2530002102_KA_Herrenhausen_20150101-20241231_merra2_a6d7f2589a.csv
2025-11-14T19:03:13 [43/299] 2530142095_KA_Gümmerwald | PV:COMPLETE -> PV_2530142095_KA_Gümmerwald_20150101-20241231_merra2_aaef4f714e.csv | WND:COMPLETE -> Wind_2530142095_KA_Gümmerwald_20150101-20241231_merra2_a6d7f2589a.csv
2025-11-14T19:03:13 [44/299] 2550232001_KA_Holzminden | PV:COMPLETE -> PV_2550232001_KA_Holzminden_20150101-20241231_merra2_466aadda05.csv | WND:COMPLETE -> Wind_2550232001_KA_Holzminden_20150101-20241231_merra2_a6d7f2589a.csv
2025-11-14T19:03:14 [45/299] 3520112001_KA_Cuxhaven | PV:COMPLETE -> PV_3520112001_KA_Cuxhaven_20150101-20241231_merra2_f2393b5c8e.csv | WND:COMPLETE -> Wind_3520112001_KA_Cuxhaven_20150101-20241231_merra2_a6d7f2589a.csv
2025-11-14T19:03:14 [46/299] Aachen-Soers | PV:COMPLETE -> PV_Aachen-Soers_20150101-20241231_merra2_e8b4962e34.csv | WND:COMPLETE -> Wind_Aachen-Soers_20150101-20241231_merra2_a6d7f2589a.csv
2025-11-14T19:03:14 [47/299] Dortmund-Deusen | PV:COMPLETE -> PV_Dortmund-Deusen_20150101-20241231_merra2_22f8980d0b.csv | WND:COMPLETE -> Wind_Dortmund-Deusen_20150101-20241231_merra2_a6d7f2589a.csv
2025-11-14T19:03:14 [48/299] Bottrop | PV:COMPLETE -> PV_Bottrop_20150101-20241231_merra2_22f8980d0b.csv | WND:COMPLETE -> Wind_Bottrop_20150101-20241231_merra2_a6d7f2589a.csv
2025-11-14T19:03:14 [49/299] Köln_Stammheim | PV:COMPLETE -> PV_Köln_Stammheim_20150101-20241231_merra2_567b6ddef7.csv | WND:COMPLETE -> Wind_Köln_Stammheim_20150101-20241231_merra2_a6d7f2589a.csv
2025-11-14T19:03:14 [50/299] Düsseldorf-Nord | PV:COMPLETE -> PV_Düsseldorf-Nord_20150101-20241231_merra2_43b14af904.csv | WND:COMPLETE -> Wind_Düsseldorf-Nord_20150101-20241231_merra2_a6d7f2589a.csv
2025-11-14T19:03:15 [51/299] Krefeld | PV:COMPLETE -> PV_Krefeld_20150101-20241231_merra2_68f935552f.csv | WND:COMPLETE -> Wind_Krefeld_20150101-20241231_merra2_a6d7f2589a.csv
2025-11-14T19:03:15 [52/299] Mönchengladbach_GWK_I | PV:COMPLETE -> PV_Mönchengladbach_GWK_I_20150101-20241231_merra2_664b044967.csv | WND:COMPLETE -> Wind_Mönchengladbach_GWK_I_20150101-20241231_merra2_a6d7f2589a.csv
2025-11-14T19:03:15 [53/299] Neuss-Ost | PV:COMPLETE -> PV_Neuss-Ost_20150101-20241231_merra2_664b044967.csv | WND:COMPLETE -> Wind_Neuss-Ost_20150101-20241231_merra2_a6d7f2589a.csv
2025-11-14T19:03:15 [54/299] Münster-Hauptkläranlage | PV:COMPLETE -> PV_Münster-Hauptkläranlage_20150101-20241231_merra2_60b618a189.csv | WND:COMPLETE -> Wind_Münster-Hauptkläranlage_20150101-20241231_merra2_a6d7f2589a.csv
2025-11-14T19:03:16 [55/299] Abwasserverband_Obere_Lutter | PV:COMPLETE -> PV_Abwasserverband_Obere_Lutter_20150101-20241231_merra2_3644c1cbba.csv | WND:COMPLETE -> Wind_Abwasserverband_Obere_Lutter_20150101-20241231_merra2_a6d7f2589a.csv
2025-11-14T19:03:16 [56/299] Düren | PV:COMPLETE -> PV_Düren_20150101-20241231_merra2_e8b4962e34.csv | WND:COMPLETE -> Wind_Düren_20150101-20241231_merra2_a6d7f2589a.csv
2025-11-14T19:03:16 [57/299] Paderborn_Sande | PV:COMPLETE -> PV_Paderborn_Sande_20150101-20241231_merra2_0fc64b1b27.csv | WND:COMPLETE -> Wind_Paderborn_Sande_20150101-20241231_merra2_a6d7f2589a.csv
2025-11-14T19:03:16 [58/299] Düsseldorf-Süd | PV:COMPLETE -> PV_Düsseldorf-Süd_20150101-20241231_merra2_664b044967.csv | WND:COMPLETE -> Wind_Düsseldorf-Süd_20150101-20241231_merra2_a6d7f2589a.csv
2025-11-14T19:03:16 [59/299] Wuppertal-Buchenhofen | PV:COMPLETE -> PV_Wuppertal-Buchenhofen_20150101-20241231_merra2_664b044967.csv | WND:COMPLETE -> Wind_Wuppertal-Buchenhofen_20150101-20241231_merra2_a6d7f2589a.csv
2025-11-14T19:03:16 [60/299] Duisburg-Kaßlerfeld | PV:COMPLETE -> PV_Duisburg-Kaßlerfeld_20150101-20241231_merra2_68f935552f.csv | WND:COMPLETE -> Wind_Duisburg-Kaßlerfeld_20150101-20241231_merra2_a6d7f2589a.csv
2025-11-14T19:03:17 [61/299] Emscherkläranlage | PV:COMPLETE -> PV_Emscherkläranlage_20150101-20241231_merra2_22f8980d0b.csv | WND:COMPLETE -> Wind_Emscherkläranlage_20150101-20241231_merra2_a6d7f2589a.csv
2025-11-14T19:03:17 [62/299] Duisburg-Alte_Emscher | PV:COMPLETE -> PV_Duisburg-Alte_Emscher_20150101-20241231_merra2_22f8980d0b.csv | WND:COMPLETE -> Wind_Duisburg-Alte_Emscher_20150101-20241231_merra2_a6d7f2589a.csv
2025-11-14T19:03:17 [63/299] Koblenz | PV:COMPLETE -> PV_Koblenz_20150101-20241231_merra2_92f73bd59e.csv | WND:COMPLETE -> Wind_Koblenz_20150101-20241231_merra2_a6d7f2589a.csv
2025-11-14T19:03:17 [64/299] Mainz | PV:COMPLETE -> PV_Mainz_20150101-20241231_merra2_4c80d0bb5f.csv | WND:COMPLETE -> Wind_Mainz_20150101-20241231_merra2_a6d7f2589a.csv
2025-11-14T19:03:17 [65/299] Trier_Hauptklärwerk | PV:COMPLETE -> PV_Trier_Hauptklärwerk_20150101-20241231_merra2_45a48e10c0.csv | WND:COMPLETE -> Wind_Trier_Hauptklärwerk_20150101-20241231_merra2_a6d7f2589a.csv
2025-11-14T19:03:17 [66/299] Hetlingen | PV:COMPLETE -> PV_Hetlingen_20150101-20241231_merra2_90cf341c59.csv | WND:COMPLETE -> Wind_Hetlingen_20150101-20241231_merra2_a6d7f2589a.csv
2025-11-14T19:03:18 [67/299] Neumünster | PV:COMPLETE -> PV_Neumünster_20150101-20241231_merra2_3e394c49d7.csv | WND:COMPLETE -> Wind_Neumünster_20150101-20241231_merra2_a6d7f2589a.csv
2025-11-14T19:03:18 [68/299] Bitterfeld-Wolfen | PV:COMPLETE -> PV_Bitterfeld-Wolfen_20150101-20241231_merra2_0fc64b1b27.csv | WND:COMPLETE -> Wind_Bitterfeld-Wolfen_20150101-20241231_merra2_a6d7f2589a.csv
2025-11-14T19:03:18 [69/299] Halle-Nord | PV:COMPLETE -> PV_Halle-Nord_20150101-20241231_merra2_22f8980d0b.csv | WND:COMPLETE -> Wind_Halle-Nord_20150101-20241231_merra2_a6d7f2589a.csv
2025-11-14T19:03:18 [70/299] Schkopau | PV:COMPLETE -> PV_Schkopau_20150101-20241231_merra2_68f935552f.csv | WND:COMPLETE -> Wind_Schkopau_20150101-20241231_merra2_a6d7f2589a.csv
2025-11-14T19:03:19 [71/299] MD-Gerwisch | PV:COMPLETE -> PV_MD-Gerwisch_20150101-20241231_merra2_5d989c5281.csv | WND:COMPLETE -> Wind_MD-Gerwisch_20150101-20241231_merra2_a6d7f2589a.csv
2025-11-14T19:03:19 [72/299] Lynetten | PV:COMPLETE -> PV_Lynetten_20150101-20241231_merra2_66fe5cfdc5.csv | WND:COMPLETE -> Wind_Lynetten_20150101-20241231_merra2_a6d7f2589a.csv
2025-11-14T19:03:19 [73/299] Damhusåen | PV:COMPLETE -> PV_Damhusåen_20150101-20241231_merra2_66fe5cfdc5.csv | WND:COMPLETE -> Wind_Damhusåen_20150101-20241231_merra2_a6d7f2589a.csv
2025-11-14T19:03:19 [74/299] SPILDEVANDSCENTER_AVEDØRE | PV:COMPLETE -> PV_SPILDEVANDSCENTER_AVEDØRE_20150101-20241231_merra2_66fe5cfdc5.csv | WND:COMPLETE -> Wind_SPILDEVANDSCENTER_AVEDØRE_20150101-20241231_merra2_a6d7f2589a.csv
2025-11-14T19:03:19 [75/299] EJBY_MØLLE_RENSEANLÆG | PV:COMPLETE -> PV_EJBY_MØLLE_RENSEANLÆG_20150101-20241231_merra2_66fe5cfdc5.csv | WND:COMPLETE -> Wind_EJBY_MØLLE_RENSEANLÆG_20150101-20241231_merra2_a6d7f2589a.csv
2025-11-14T19:03:19 [76/299] FREDERICIA_CENTRALRENS | PV:COMPLETE -> PV_FREDERICIA_CENTRALRENS_20150101-20241231_merra2_66fe5cfdc5.csv | WND:COMPLETE -> Wind_FREDERICIA_CENTRALRENS_20150101-20241231_merra2_a6d7f2589a.csv
2025-11-14T19:03:20 [77/299] Kohtla-Järve_regionaalne_reoveepuhasti | PV:COMPLETE -> PV_Kohtla-Järve_regionaalne_reoveepuhasti_20150101-20241231_merra2_66fe5cfdc5.csv | WND:COMPLETE -> Wind_Kohtla-Järve_regionaalne_reoveepuhasti_20150101-20241231_merra2_a6d7f2589a.csv
2025-11-14T19:03:20 [78/299] Tallinna_reoveepuhastusjaam | PV:COMPLETE -> PV_Tallinna_reoveepuhastusjaam_20150101-20241231_merra2_66fe5cfdc5.csv | WND:COMPLETE -> Wind_Tallinna_reoveepuhastusjaam_20150101-20241231_merra2_a6d7f2589a.csv
2025-11-14T19:03:20 [79/299] THESSALONIKI | PV:COMPLETE -> PV_THESSALONIKI_20150101-20241231_merra2_b45483d2b5.csv | WND:COMPLETE -> Wind_THESSALONIKI_20150101-20241231_merra2_a6d7f2589a.csv
2025-11-14T19:03:20 [80/299] PSYTTALIA | PV:COMPLETE -> PV_PSYTTALIA_20150101-20241231_merra2_4704d624de.csv | WND:COMPLETE -> Wind_PSYTTALIA_20150101-20241231_merra2_a6d7f2589a.csv
2025-11-14T19:03:21 [81/299] METAMORPHOSI | PV:COMPLETE -> PV_METAMORPHOSI_20150101-20241231_merra2_ace8fefad0.csv | WND:COMPLETE -> Wind_METAMORPHOSI_20150101-20241231_merra2_a6d7f2589a.csv
2025-11-14T19:03:22 [82/299] MONTE_ORGEGIA | PV:COMPLETE -> PV_MONTE_ORGEGIA_20150101-20241231_merra2_d84a23d990.csv | WND:COMPLETE -> Wind_MONTE_ORGEGIA_20150101-20241231_merra2_a6d7f2589a.csv
2025-11-14T19:03:22 [83/299] RINCON_DE_LEON | PV:COMPLETE -> PV_RINCON_DE_LEON_20150101-20241231_merra2_e524009726.csv | WND:COMPLETE -> Wind_RINCON_DE_LEON_20150101-20241231_merra2_a6d7f2589a.csv
2025-11-14T19:03:22 [84/299] ELX_-_ALGOROS | PV:COMPLETE -> PV_ELX_-_ALGOROS_20150101-20241231_merra2_14dc923e90.csv | WND:COMPLETE -> Wind_ELX_-_ALGOROS_20150101-20241231_merra2_a6d7f2589a.csv
2025-11-14T19:03:22 [85/299] EL_BOBAR | PV:COMPLETE -> PV_EL_BOBAR_20150101-20241231_merra2_6f2c0c9d85.csv | WND:COMPLETE -> Wind_EL_BOBAR_20150101-20241231_merra2_a6d7f2589a.csv
2025-11-14T19:03:23 [86/299] QUART_-_BENAGER | PV:COMPLETE -> PV_QUART_-_BENAGER_20150101-20241231_merra2_1638ed9587.csv | WND:COMPLETE -> Wind_QUART_-_BENAGER_20150101-20241231_merra2_a6d7f2589a.csv
2025-11-14T19:03:23 [87/299] PINEDO_1 | PV:COMPLETE -> PV_PINEDO_1_20150101-20241231_merra2_75de5946c6.csv | WND:COMPLETE -> Wind_PINEDO_1_20150101-20241231_merra2_a6d7f2589a.csv
2025-11-14T19:03:23 [88/299] PINEDO_2 | PV:COMPLETE -> PV_PINEDO_2_20150101-20241231_merra2_75de5946c6.csv | WND:COMPLETE -> Wind_PINEDO_2_20150101-20241231_merra2_a6d7f2589a.csv
2025-11-14T19:03:23 [89/299] GUADALETE | PV:COMPLETE -> PV_GUADALETE_20150101-20241231_merra2_8f4abb1405.csv | WND:COMPLETE -> Wind_GUADALETE_20150101-20241231_merra2_a6d7f2589a.csv
2025-11-14T19:03:23 [90/299] LA_GOLONDRINA | PV:COMPLETE -> PV_LA_GOLONDRINA_20150101-20241231_merra2_7c200b6f8d.csv | WND:COMPLETE -> Wind_LA_GOLONDRINA_20150101-20241231_merra2_a6d7f2589a.csv
2025-11-14T19:03:23 [91/299] GRANADA_SUR | PV:COMPLETE -> PV_GRANADA_SUR_20150101-20241231_merra2_e3f4f3c7e0.csv | WND:COMPLETE -> Wind_GRANADA_SUR_20150101-20241231_merra2_a6d7f2589a.csv
2025-11-14T19:03:24 [92/299] HUELVA | PV:COMPLETE -> PV_HUELVA_20150101-20241231_merra2_e3f4f3c7e0.csv | WND:COMPLETE -> Wind_HUELVA_20150101-20241231_merra2_a6d7f2589a.csv
2025-11-14T19:03:24 [93/299] BENS_A_CORUÑA | PV:COMPLETE -> PV_BENS_A_CORUÑA_20150101-20241231_merra2_164424b95e.csv | WND:COMPLETE -> Wind_BENS_A_CORUÑA_20150101-20241231_merra2_a6d7f2589a.csv
2025-11-14T19:03:24 [94/299] FUENGIROLA | PV:COMPLETE -> PV_FUENGIROLA_20150101-20241231_merra2_1a652f8e58.csv | WND:COMPLETE -> Wind_FUENGIROLA_20150101-20241231_merra2_a6d7f2589a.csv
2025-11-14T19:03:24 [95/299] GUADALHORCE | PV:COMPLETE -> PV_GUADALHORCE_20150101-20241231_merra2_b99774a27d.csv | WND:COMPLETE -> Wind_GUADALHORCE_20150101-20241231_merra2_a6d7f2589a.csv
2025-11-14T19:03:24 [96/299] SUR | PV:COMPLETE -> PV_SUR_20150101-20241231_merra2_d7cf0631f1.csv | WND:COMPLETE -> Wind_SUR_20150101-20241231_merra2_a6d7f2589a.csv
2025-11-14T19:03:25 [97/299] LA_CHINA | PV:COMPLETE -> PV_LA_CHINA_20150101-20241231_merra2_d7cf0631f1.csv | WND:COMPLETE -> Wind_LA_CHINA_20150101-20241231_merra2_a6d7f2589a.csv
2025-11-14T19:03:25 [98/299] BUTARQUE | PV:COMPLETE -> PV_BUTARQUE_20150101-20241231_merra2_d7cf0631f1.csv | WND:COMPLETE -> Wind_BUTARQUE_20150101-20241231_merra2_a6d7f2589a.csv
2025-11-14T19:03:25 [99/299] VIVEROS_DE_LA_VILLA | PV:COMPLETE -> PV_VIVEROS_DE_LA_VILLA_20150101-20241231_merra2_8c2730ad5a.csv | WND:COMPLETE -> Wind_VIVEROS_DE_LA_VILLA_20150101-20241231_merra2_a6d7f2589a.csv
2025-11-14T19:03:25 [100/299] REJAS | PV:COMPLETE -> PV_REJAS_20150101-20241231_merra2_8c2730ad5a.csv | WND:COMPLETE -> Wind_REJAS_20150101-20241231_merra2_a6d7f2589a.csv
2025-11-14T19:03:25 [101/299] LA_GAVIA | PV:COMPLETE -> PV_LA_GAVIA_20150101-20241231_merra2_8cc87e4acd.csv | WND:COMPLETE -> Wind_LA_GAVIA_20150101-20241231_merra2_a6d7f2589a.csv
2025-11-14T19:03:25 [102/299] ARROYO_CULEBRO_CUENCA_MEDIA_ALTA | PV:COMPLETE -> PV_ARROYO_CULEBRO_CUENCA_MEDIA_ALTA_20150101-20241231_merra2_d7cf0631f1.csv | WND:COMPLETE -> Wind_ARROYO_CULEBRO_CUENCA_MEDIA_ALTA_20150101-20241231_merra2_a6d7f2589a.csv
2025-11-14T19:03:26 [103/299] ARROYO_CULEBRO_CUENCA_BAJA | PV:COMPLETE -> PV_ARROYO_CULEBRO_CUENCA_BAJA_20150101-20241231_merra2_d7cf0631f1.csv | WND:COMPLETE -> Wind_ARROYO_CULEBRO_CUENCA_BAJA_20150101-20241231_merra2_a6d7f2589a.csv
2025-11-14T19:03:26 [104/299] ARROYO_DEL_SOTO | PV:COMPLETE -> PV_ARROYO_DEL_SOTO_20150101-20241231_merra2_d7cf0631f1.csv | WND:COMPLETE -> Wind_ARROYO_DEL_SOTO_20150101-20241231_merra2_a6d7f2589a.csv
2025-11-14T19:03:26 [105/299] ARROYO_DE_LA_VEGA | PV:COMPLETE -> PV_ARROYO_DE_LA_VEGA_20150101-20241231_merra2_8c2730ad5a.csv | WND:COMPLETE -> Wind_ARROYO_DE_LA_VEGA_20150101-20241231_merra2_a6d7f2589a.csv
2025-11-14T19:03:26 [106/299] TORREJÓN_DE_ARDOZ | PV:COMPLETE -> PV_TORREJÓN_DE_ARDOZ_20150101-20241231_merra2_8cc87e4acd.csv | WND:COMPLETE -> Wind_TORREJÓN_DE_ARDOZ_20150101-20241231_merra2_a6d7f2589a.csv
2025-11-14T19:03:26 [107/299] PALOMARES | PV:COMPLETE -> PV_PALOMARES_20150101-20241231_merra2_a5b06fb063.csv | WND:COMPLETE -> Wind_PALOMARES_20150101-20241231_merra2_a6d7f2589a.csv
2025-11-14T19:03:26 [108/299] COPERO | PV:COMPLETE -> PV_COPERO_20150101-20241231_merra2_a5b06fb063.csv | WND:COMPLETE -> Wind_COPERO_20150101-20241231_merra2_a6d7f2589a.csv
2025-11-14T19:03:27 [109/299] LA_RANILLA | PV:COMPLETE -> PV_LA_RANILLA_20150101-20241231_merra2_b1a083edd6.csv | WND:COMPLETE -> Wind_LA_RANILLA_20150101-20241231_merra2_a6d7f2589a.csv
2025-11-14T19:03:27 [110/299] SAN_JERONIMO | PV:COMPLETE -> PV_SAN_JERONIMO_20150101-20241231_merra2_b1a083edd6.csv | WND:COMPLETE -> Wind_SAN_JERONIMO_20150101-20241231_merra2_a6d7f2589a.csv
2025-11-14T19:03:27 [111/299] CARTAGENA_CABEZO_BEAZA | PV:COMPLETE -> PV_CARTAGENA_CABEZO_BEAZA_20150101-20241231_merra2_67d63df8fd.csv | WND:COMPLETE -> Wind_CARTAGENA_CABEZO_BEAZA_20150101-20241231_merra2_a6d7f2589a.csv
2025-11-14T19:03:27 [112/299] MAR_MENOR_SUR | PV:COMPLETE -> PV_MAR_MENOR_SUR_20150101-20241231_merra2_67d63df8fd.csv | WND:COMPLETE -> Wind_MAR_MENOR_SUR_20150101-20241231_merra2_a6d7f2589a.csv
2025-11-14T19:03:27 [113/299] ARAZURI | PV:COMPLETE -> PV_ARAZURI_20150101-20241231_merra2_4f434c11f1.csv | WND:COMPLETE -> Wind_ARAZURI_20150101-20241231_merra2_a6d7f2589a.csv
2025-11-14T19:03:27 [114/299] Crispijana | PV:COMPLETE -> PV_Crispijana_20150101-20241231_merra2_22bbff71ab.csv | WND:COMPLETE -> Wind_Crispijana_20150101-20241231_merra2_a6d7f2589a.csv
2025-11-14T19:03:28 [115/299] Loiola | PV:COMPLETE -> PV_Loiola_20150101-20241231_merra2_262f03df89.csv | WND:COMPLETE -> Wind_Loiola_20150101-20241231_merra2_a6d7f2589a.csv
2025-11-14T19:03:28 [116/299] Galindo | PV:COMPLETE -> PV_Galindo_20150101-20241231_merra2_262f03df89.csv | WND:COMPLETE -> Wind_Galindo_20150101-20241231_merra2_a6d7f2589a.csv
2025-11-14T19:03:28 [117/299] LOGROÑO | PV:COMPLETE -> PV_LOGROÑO_20150101-20241231_merra2_afebd23a41.csv | WND:COMPLETE -> Wind_LOGROÑO_20150101-20241231_merra2_a6d7f2589a.csv
2025-11-14T19:03:28 [118/299] ZARAGOZA_LA_CARTUJA | PV:COMPLETE -> PV_ZARAGOZA_LA_CARTUJA_20150101-20241231_merra2_fb4b213c8b.csv | WND:COMPLETE -> Wind_ZARAGOZA_LA_CARTUJA_20150101-20241231_merra2_a6d7f2589a.csv
2025-11-14T19:03:28 [119/299] GIJON_OESTE | PV:COMPLETE -> PV_GIJON_OESTE_20150101-20241231_merra2_29a7b1e5d0.csv | WND:COMPLETE -> Wind_GIJON_OESTE_20150101-20241231_merra2_a6d7f2589a.csv
2025-11-14T19:03:28 [120/299] VILLAPEREZ PV fehlt/inkomplett -> lade … (PV_VILLAPEREZ_20150101-20241231_merra2_164424b95e.csv)
2025-11-14T19:03:28   -> Chunk 4/10: 2018-01-01..2018-12-31
2025-11-14T19:03:31   -> Chunk 5/10: 2019-01-01..2019-12-31
2025-11-14T19:03:33   -> Chunk 6/10: 2020-01-01..2020-12-31
2025-11-14T19:03:35   -> Chunk 7/10: 2021-01-01..2021-12-31
2025-11-14T19:03:38   -> Chunk 8/10: 2022-01-01..2022-12-31
2025-11-14T19:03:40   -> Chunk 9/10: 2023-01-01..2023-12-31
2025-11-14T19:03:42   -> Chunk 10/10: 2024-01-01..2024-12-31
2025-11-14T19:03:45 [120/299] VILLAPEREZ Wind fehlt/inkomplett -> lade … (Wind_VILLAPEREZ_20150101-20241231_merra2_a6d7f2589a.csv)
2025-11-14T19:03:45   -> Chunk 1/10: 2015-01-01..2015-12-31
2025-11-14T19:03:47   -> Chunk 2/10: 2016-01-01..2016-12-31
2025-11-14T19:03:49   -> Chunk 3/10: 2017-01-01..2017-12-31
2025-11-14T19:03:50   -> Chunk 4/10: 2018-01-01..2018-12-31
2025-11-14T19:03:52   -> Chunk 5/10: 2019-01-01..2019-12-31
2025-11-14T19:03:53   -> Chunk 6/10: 2020-01-01..2020-12-31
2025-11-14T19:03:55   -> Chunk 7/10: 2021-01-01..2021-12-31
2025-11-14T19:03:56   -> Chunk 8/10: 2022-01-01..2022-12-31
2025-11-14T19:03:58   -> Chunk 9/10: 2023-01-01..2023-12-31
2025-11-14T19:03:59   -> Chunk 10/10: 2024-01-01..2024-12-31
2025-11-14T19:04:01 [120/299] VILLAPEREZ | PV:COMPLETE -> PV_VILLAPEREZ_20150101-20241231_merra2_164424b95e.csv | WND:COMPLETE -> Wind_VILLAPEREZ_20150101-20241231_merra2_a6d7f2589a.csv
2025-11-14T19:04:01 [121/299] PALMA_II PV fehlt/inkomplett -> lade … (PV_PALMA_II_20150101-20241231_merra2_06947320cb.csv)
2025-11-14T19:04:01   -> Chunk 1/10: 2015-01-01..2015-12-31
2025-11-14T19:04:03   -> Chunk 2/10: 2016-01-01..2016-12-31
2025-11-14T19:04:05   -> Chunk 3/10: 2017-01-01..2017-12-31
2025-11-14T19:04:08   -> Chunk 4/10: 2018-01-01..2018-12-31
2025-11-14T19:04:10   -> Chunk 5/10: 2019-01-01..2019-12-31
2025-11-14T19:04:12   -> Chunk 6/10: 2020-01-01..2020-12-31
2025-11-14T19:04:14   -> Chunk 7/10: 2021-01-01..2021-12-31
2025-11-14T19:04:17   -> Chunk 8/10: 2022-01-01..2022-12-31
2025-11-14T19:04:19   -> Chunk 9/10: 2023-01-01..2023-12-31
2025-11-14T19:04:21   -> Chunk 10/10: 2024-01-01..2024-12-31
2025-11-14T19:04:24 [121/299] PALMA_II Wind fehlt/inkomplett -> lade … (Wind_PALMA_II_20150101-20241231_merra2_a6d7f2589a.csv)
2025-11-14T19:04:24   -> Chunk 1/10: 2015-01-01..2015-12-31
2025-11-14T19:04:25   -> Chunk 2/10: 2016-01-01..2016-12-31
2025-11-14T19:04:26   -> Chunk 3/10: 2017-01-01..2017-12-31
2025-11-14T19:04:28   -> Chunk 4/10: 2018-01-01..2018-12-31
2025-11-14T19:04:29   -> Chunk 5/10: 2019-01-01..2019-12-31
2025-11-14T19:04:31   -> Chunk 6/10: 2020-01-01..2020-12-31
2025-11-14T19:04:32   -> Chunk 7/10: 2021-01-01..2021-12-31
2025-11-14T19:04:33   -> Chunk 8/10: 2022-01-01..2022-12-31
2025-11-14T19:04:35   -> Chunk 9/10: 2023-01-01..2023-12-31
2025-11-14T19:04:37   -> Chunk 10/10: 2024-01-01..2024-12-31
2025-11-14T19:04:38 [121/299] PALMA_II | PV:COMPLETE -> PV_PALMA_II_20150101-20241231_merra2_06947320cb.csv | WND:COMPLETE -> Wind_PALMA_II_20150101-20241231_merra2_a6d7f2589a.csv
2025-11-14T19:04:38 [122/299] PALMA_I PV fehlt/inkomplett -> lade … (PV_PALMA_I_20150101-20241231_merra2_1638ed9587.csv)
2025-11-14T19:04:38   -> Chunk 1/10: 2015-01-01..2015-12-31
2025-11-14T19:04:40   -> Chunk 2/10: 2016-01-01..2016-12-31
2025-11-14T19:04:42   -> Chunk 3/10: 2017-01-01..2017-12-31
2025-11-14T19:04:44   -> Chunk 4/10: 2018-01-01..2018-12-31
2025-11-14T19:04:46   -> Chunk 5/10: 2019-01-01..2019-12-31
2025-11-14T19:04:48   -> Chunk 6/10: 2020-01-01..2020-12-31
2025-11-14T19:04:50   -> Chunk 7/10: 2021-01-01..2021-12-31
2025-11-14T19:04:52   -> Chunk 8/10: 2022-01-01..2022-12-31
2025-11-14T19:04:54   -> Chunk 9/10: 2023-01-01..2023-12-31
2025-11-14T19:04:57   -> Chunk 10/10: 2024-01-01..2024-12-31
2025-11-14T19:04:59 [122/299] PALMA_I Wind fehlt/inkomplett -> lade … (Wind_PALMA_I_20150101-20241231_merra2_a6d7f2589a.csv)
2025-11-14T19:04:59   -> Chunk 1/10: 2015-01-01..2015-12-31
2025-11-14T19:05:01   -> Chunk 2/10: 2016-01-01..2016-12-31
2025-11-14T19:05:02   -> Chunk 3/10: 2017-01-01..2017-12-31
2025-11-14T19:05:03   -> Chunk 4/10: 2018-01-01..2018-12-31
2025-11-14T19:05:03 Hourly-Limit 50/h erreicht – warte 58m25s (nächster Slot: 20:03:28)
2025-11-14T19:06:03 ... noch 57m25s
2025-11-14T19:07:03 ... noch 56m25s
2025-11-14T20:08:25 ======================================================
2025-11-14T20:08:25 Start • Sites: 299 • Zeitraum: 2015-01-01→2024-12-31 (Auto-Chunking ≤1Y)
2025-11-14T20:08:25 Limiter: 1.0 req/s & 50 req/h (sichtbar)
2025-11-14T20:08:25 Excel: C:\Users\aless\PycharmProjects\Masterthesis\Output\UWWTD_TP_Database.xlsx | Sheets: 'General Data' -> 'Energy'
2025-11-14T20:08:25 Ausgabe: C:\Users\aless\PycharmProjects\Masterthesis\Output\RenewableEnergyProfiles (stabile Dateinamen, keine Doppel-Downloads)
2025-11-14T20:08:25 ======================================================
2025-11-14T20:08:25 [1/299] ARA_AWV_Schwechat | PV:COMPLETE -> PV_ARA_AWV_Schwechat_20150101-20241231_merra2_d96d7cca0e.csv | WND:COMPLETE -> Wind_ARA_AWV_Schwechat_20150101-20241231_merra2_a6d7f2589a.csv
2025-11-14T20:08:25 [2/299] Asten_-_Regionalkläranlage | PV:COMPLETE -> PV_Asten_-_Regionalkläranlage_20150101-20241231_merra2_a44fae4635.csv | WND:COMPLETE -> Wind_Asten_-_Regionalkläranlage_20150101-20241231_merra2_a6d7f2589a.csv
2025-11-14T20:08:25 [3/299] ARA_Siggerwiesen | PV:COMPLETE -> PV_ARA_Siggerwiesen_20150101-20241231_merra2_365d0c7928.csv | WND:COMPLETE -> Wind_ARA_Siggerwiesen_20150101-20241231_merra2_a6d7f2589a.csv
2025-11-14T20:08:26 [4/299] Graz-Gössendorf | PV:COMPLETE -> PV_Graz-Gössendorf_20150101-20241231_merra2_6639b0113f.csv | WND:COMPLETE -> Wind_Graz-Gössendorf_20150101-20241231_merra2_a6d7f2589a.csv
2025-11-14T20:08:26 [5/299] Gratkorn | PV:COMPLETE -> PV_Gratkorn_20150101-20241231_merra2_b30f8f1e31.csv | WND:COMPLETE -> Wind_Gratkorn_20150101-20241231_merra2_a6d7f2589a.csv
2025-11-14T20:08:26 [6/299] Innsbruck | PV:COMPLETE -> PV_Innsbruck_20150101-20241231_merra2_7db14877e1.csv | WND:COMPLETE -> Wind_Innsbruck_20150101-20241231_merra2_a6d7f2589a.csv
2025-11-14T20:08:26 [7/299] Meiningen | PV:COMPLETE -> PV_Meiningen_20150101-20241231_merra2_7db14877e1.csv | WND:COMPLETE -> Wind_Meiningen_20150101-20241231_merra2_a6d7f2589a.csv
2025-11-14T20:08:27 [8/299] Hauptkläranlage_Wien | PV:COMPLETE -> PV_Hauptkläranlage_Wien_20150101-20241231_merra2_a44fae4635.csv | WND:COMPLETE -> Wind_Hauptkläranlage_Wien_20150101-20241231_merra2_a6d7f2589a.csv
2025-11-14T20:08:27 [9/299] Bruxelles-nord | PV:COMPLETE -> PV_Bruxelles-nord_20150101-20241231_merra2_aa131a78fd.csv | WND:COMPLETE -> Wind_Bruxelles-nord_20150101-20241231_merra2_a6d7f2589a.csv
2025-11-14T20:08:27 [10/299] LIEGE_OUPEYE | PV:COMPLETE -> PV_LIEGE_OUPEYE_20150101-20241231_merra2_5f797a9ee1.csv | WND:COMPLETE -> Wind_LIEGE_OUPEYE_20150101-20241231_merra2_a6d7f2589a.csv
2025-11-14T20:08:27 [11/299] UWWTP_Burgas | PV:COMPLETE -> PV_UWWTP_Burgas_20150101-20241231_merra2_afebd23a41.csv | WND:COMPLETE -> Wind_UWWTP_Burgas_20150101-20241231_merra2_a6d7f2589a.csv
2025-11-14T20:08:28 [12/299] UWWTP_Varna | PV:COMPLETE -> PV_UWWTP_Varna_20150101-20241231_merra2_7ea3568ef5.csv | WND:COMPLETE -> Wind_UWWTP_Varna_20150101-20241231_merra2_a6d7f2589a.csv
2025-11-14T20:08:28 [13/299] UWWTP_Plovdiv | PV:COMPLETE -> PV_UWWTP_Plovdiv_20150101-20241231_merra2_ceccdc6c04.csv | WND:COMPLETE -> Wind_UWWTP_Plovdiv_20150101-20241231_merra2_a6d7f2589a.csv
2025-11-14T20:08:28 [14/299] UWWTP_Sofia | PV:COMPLETE -> PV_UWWTP_Sofia_20150101-20241231_merra2_4f434c11f1.csv | WND:COMPLETE -> Wind_UWWTP_Sofia_20150101-20241231_merra2_a6d7f2589a.csv
2025-11-14T20:08:28 [15/299] UCOV_Praha | PV:COMPLETE -> PV_UCOV_Praha_20150101-20241231_merra2_dff9f75620.csv | WND:COMPLETE -> Wind_UCOV_Praha_20150101-20241231_merra2_a6d7f2589a.csv
2025-11-14T20:08:29 [16/299] COV_Plzen | PV:COMPLETE -> PV_COV_Plzen_20150101-20241231_merra2_45a48e10c0.csv | WND:COMPLETE -> Wind_COV_Plzen_20150101-20241231_merra2_a6d7f2589a.csv
2025-11-14T20:08:29 [17/299] COV_Steti_-Papirny_Mondi | PV:COMPLETE -> PV_COV_Steti_-Papirny_Mondi_20150101-20241231_merra2_70c8be051e.csv | WND:COMPLETE -> Wind_COV_Steti_-Papirny_Mondi_20150101-20241231_merra2_a6d7f2589a.csv
2025-11-14T20:08:29 [18/299] COV_Brno_-_Modrice | PV:COMPLETE -> PV_COV_Brno_-_Modrice_20150101-20241231_merra2_518e9398da.csv | WND:COMPLETE -> Wind_COV_Brno_-_Modrice_20150101-20241231_merra2_a6d7f2589a.csv
2025-11-14T20:08:29 [19/299] UCOV_Ostrava_-_Privoz | PV:COMPLETE -> PV_UCOV_Ostrava_-_Privoz_20150101-20241231_merra2_91eb67cd10.csv | WND:COMPLETE -> Wind_UCOV_Ostrava_-_Privoz_20150101-20241231_merra2_a6d7f2589a.csv
2025-11-14T20:08:30 [20/299] Stahnsdorf | PV:COMPLETE -> PV_Stahnsdorf_20150101-20241231_merra2_aaef4f714e.csv | WND:COMPLETE -> Wind_Stahnsdorf_20150101-20241231_merra2_a6d7f2589a.csv
2025-11-14T20:08:30 [21/299] Ruhleben | PV:COMPLETE -> PV_Ruhleben_20150101-20241231_merra2_a8652e5125.csv | WND:COMPLETE -> Wind_Ruhleben_20150101-20241231_merra2_a6d7f2589a.csv
2025-11-14T20:08:30 [22/299] Schönerlinde | PV:COMPLETE -> PV_Schönerlinde_20150101-20241231_merra2_05f5cdfd03.csv | WND:COMPLETE -> Wind_Schönerlinde_20150101-20241231_merra2_a6d7f2589a.csv
2025-11-14T20:08:31 [23/299] Waßmannsdorf | PV:COMPLETE -> PV_Waßmannsdorf_20150101-20241231_merra2_aaef4f714e.csv | WND:COMPLETE -> Wind_Waßmannsdorf_20150101-20241231_merra2_a6d7f2589a.csv
2025-11-14T20:08:31 [24/299] Hauptklärwerk_Mühlhausen | PV:COMPLETE -> PV_Hauptklärwerk_Mühlhausen_20150101-20241231_merra2_c6311ba2b1.csv | WND:COMPLETE -> Wind_Hauptklärwerk_Mühlhausen_20150101-20241231_merra2_a6d7f2589a.csv
2025-11-14T20:08:31 [25/299] Göppingen | PV:COMPLETE -> PV_Göppingen_20150101-20241231_merra2_d7147aef93.csv | WND:COMPLETE -> Wind_Göppingen_20150101-20241231_merra2_a6d7f2589a.csv
2025-11-14T20:08:31 [26/299] SKA_Heilbronn | PV:COMPLETE -> PV_SKA_Heilbronn_20150101-20241231_merra2_fe09ef0dd2.csv | WND:COMPLETE -> Wind_SKA_Heilbronn_20150101-20241231_merra2_a6d7f2589a.csv
2025-11-14T20:08:32 [27/299] SKA_Karlsruhe_Neureut | PV:COMPLETE -> PV_SKA_Karlsruhe_Neureut_20150101-20241231_merra2_c2d7a3cf3a.csv | WND:COMPLETE -> Wind_SKA_Karlsruhe_Neureut_20150101-20241231_merra2_a6d7f2589a.csv
2025-11-14T20:08:32 [28/299] SKA_AZV_Heidelberg | PV:COMPLETE -> PV_SKA_AZV_Heidelberg_20150101-20241231_merra2_cd3819f6b5.csv | WND:COMPLETE -> Wind_SKA_AZV_Heidelberg_20150101-20241231_merra2_a6d7f2589a.csv
2025-11-14T20:08:32 [29/299] Kläranlage_Mannheim | PV:COMPLETE -> PV_Kläranlage_Mannheim_20150101-20241231_merra2_09bc10e962.csv | WND:COMPLETE -> Wind_Kläranlage_Mannheim_20150101-20241231_merra2_a6d7f2589a.csv
2025-11-14T20:08:32 [30/299] SKA_AZV_BREISGAUER_BUCHT_-_KA_FORCHHEIM | PV:COMPLETE -> PV_SKA_AZV_BREISGAUER_BUCHT_-_KA_FORCHHEIM_20150101-20241231_merra2_a44fae4635.csv | WND:COMPLETE -> Wind_SKA_AZV_BREISGAUER_BUCHT_-_KA_FORCHHEIM_20150101-20241231_merra2_a6d7f2589a.csv
2025-11-14T20:08:33 [31/299] Würzburg | PV:COMPLETE -> PV_Würzburg_20150101-20241231_merra2_45a48e10c0.csv | WND:COMPLETE -> Wind_Würzburg_20150101-20241231_merra2_a6d7f2589a.csv
2025-11-14T20:08:33 [32/299] Augsburg | PV:COMPLETE -> PV_Augsburg_20150101-20241231_merra2_116c94f817.csv | WND:COMPLETE -> Wind_Augsburg_20150101-20241231_merra2_a6d7f2589a.csv
2025-11-14T20:08:33 [33/299] Zweckverband_Klärwerk_Steinhäule | PV:COMPLETE -> PV_Zweckverband_Klärwerk_Steinhäule_20150101-20241231_merra2_116c94f817.csv | WND:COMPLETE -> Wind_Zweckverband_Klärwerk_Steinhäule_20150101-20241231_merra2_a6d7f2589a.csv
2025-11-14T20:08:33 [34/299] München_II_-_Gut_Marienhof | PV:COMPLETE -> PV_München_II_-_Gut_Marienhof_20150101-20241231_merra2_24c702f0f6.csv | WND:COMPLETE -> Wind_München_II_-_Gut_Marienhof_20150101-20241231_merra2_a6d7f2589a.csv
2025-11-14T20:08:34 [35/299] AZV_Erdinger_Moos | PV:COMPLETE -> PV_AZV_Erdinger_Moos_20150101-20241231_merra2_116c94f817.csv | WND:COMPLETE -> Wind_AZV_Erdinger_Moos_20150101-20241231_merra2_a6d7f2589a.csv
2025-11-14T20:08:34 [36/299] Erlangen | PV:COMPLETE -> PV_Erlangen_20150101-20241231_merra2_09bc10e962.csv | WND:COMPLETE -> Wind_Erlangen_20150101-20241231_merra2_a6d7f2589a.csv
2025-11-14T20:08:34 [37/299] Rosenheim | PV:COMPLETE -> PV_Rosenheim_20150101-20241231_merra2_365d0c7928.csv | WND:COMPLETE -> Wind_Rosenheim_20150101-20241231_merra2_a6d7f2589a.csv
2025-11-14T20:08:34 [38/299] Kläranlage_Seehausen | PV:COMPLETE -> PV_Kläranlage_Seehausen_20150101-20241231_merra2_e8d919f64a.csv | WND:COMPLETE -> Wind_Kläranlage_Seehausen_20150101-20241231_merra2_a6d7f2589a.csv
2025-11-14T20:08:35 [39/299] Frankfurt_am_Main_Sindlingen | PV:COMPLETE -> PV_Frankfurt_am_Main_Sindlingen_20150101-20241231_merra2_dff9f75620.csv | WND:COMPLETE -> Wind_Frankfurt_am_Main_Sindlingen_20150101-20241231_merra2_a6d7f2589a.csv
2025-11-14T20:08:35 [40/299] Wiesbaden_Mitte | PV:COMPLETE -> PV_Wiesbaden_Mitte_20150101-20241231_merra2_dff9f75620.csv | WND:COMPLETE -> Wind_Wiesbaden_Mitte_20150101-20241231_merra2_a6d7f2589a.csv
2025-11-14T20:08:35 [41/299] Klärwerksverbund_Köhlbrandhöft_Dradenau | PV:COMPLETE -> PV_Klärwerksverbund_Köhlbrandhöft_Dradenau_20150101-20241231_merra2_1005c77946.csv | WND:COMPLETE -> Wind_Klärwerksverbund_Köhlbrandhöft_Dradenau_20150101-20241231_merra2_a6d7f2589a.csv
2025-11-14T20:08:35 [42/299] 2530002102_KA_Herrenhausen | PV:COMPLETE -> PV_2530002102_KA_Herrenhausen_20150101-20241231_merra2_aaef4f714e.csv | WND:COMPLETE -> Wind_2530002102_KA_Herrenhausen_20150101-20241231_merra2_a6d7f2589a.csv
2025-11-14T20:08:36 [43/299] 2530142095_KA_Gümmerwald | PV:COMPLETE -> PV_2530142095_KA_Gümmerwald_20150101-20241231_merra2_aaef4f714e.csv | WND:COMPLETE -> Wind_2530142095_KA_Gümmerwald_20150101-20241231_merra2_a6d7f2589a.csv
2025-11-14T20:08:36 [44/299] 2550232001_KA_Holzminden | PV:COMPLETE -> PV_2550232001_KA_Holzminden_20150101-20241231_merra2_466aadda05.csv | WND:COMPLETE -> Wind_2550232001_KA_Holzminden_20150101-20241231_merra2_a6d7f2589a.csv
2025-11-14T20:08:36 [45/299] 3520112001_KA_Cuxhaven | PV:COMPLETE -> PV_3520112001_KA_Cuxhaven_20150101-20241231_merra2_f2393b5c8e.csv | WND:COMPLETE -> Wind_3520112001_KA_Cuxhaven_20150101-20241231_merra2_a6d7f2589a.csv
2025-11-14T20:08:36 [46/299] Aachen-Soers | PV:COMPLETE -> PV_Aachen-Soers_20150101-20241231_merra2_e8b4962e34.csv | WND:COMPLETE -> Wind_Aachen-Soers_20150101-20241231_merra2_a6d7f2589a.csv
2025-11-14T20:08:37 [47/299] Dortmund-Deusen | PV:COMPLETE -> PV_Dortmund-Deusen_20150101-20241231_merra2_22f8980d0b.csv | WND:COMPLETE -> Wind_Dortmund-Deusen_20150101-20241231_merra2_a6d7f2589a.csv
2025-11-14T20:08:37 [48/299] Bottrop | PV:COMPLETE -> PV_Bottrop_20150101-20241231_merra2_22f8980d0b.csv | WND:COMPLETE -> Wind_Bottrop_20150101-20241231_merra2_a6d7f2589a.csv
2025-11-14T20:08:37 [49/299] Köln_Stammheim | PV:COMPLETE -> PV_Köln_Stammheim_20150101-20241231_merra2_567b6ddef7.csv | WND:COMPLETE -> Wind_Köln_Stammheim_20150101-20241231_merra2_a6d7f2589a.csv
2025-11-14T20:08:37 [50/299] Düsseldorf-Nord | PV:COMPLETE -> PV_Düsseldorf-Nord_20150101-20241231_merra2_43b14af904.csv | WND:COMPLETE -> Wind_Düsseldorf-Nord_20150101-20241231_merra2_a6d7f2589a.csv
2025-11-14T20:08:38 [51/299] Krefeld | PV:COMPLETE -> PV_Krefeld_20150101-20241231_merra2_68f935552f.csv | WND:COMPLETE -> Wind_Krefeld_20150101-20241231_merra2_a6d7f2589a.csv
2025-11-14T20:08:38 [52/299] Mönchengladbach_GWK_I | PV:COMPLETE -> PV_Mönchengladbach_GWK_I_20150101-20241231_merra2_664b044967.csv | WND:COMPLETE -> Wind_Mönchengladbach_GWK_I_20150101-20241231_merra2_a6d7f2589a.csv
2025-11-14T20:08:38 [53/299] Neuss-Ost | PV:COMPLETE -> PV_Neuss-Ost_20150101-20241231_merra2_664b044967.csv | WND:COMPLETE -> Wind_Neuss-Ost_20150101-20241231_merra2_a6d7f2589a.csv
2025-11-14T20:08:38 [54/299] Münster-Hauptkläranlage | PV:COMPLETE -> PV_Münster-Hauptkläranlage_20150101-20241231_merra2_60b618a189.csv | WND:COMPLETE -> Wind_Münster-Hauptkläranlage_20150101-20241231_merra2_a6d7f2589a.csv
2025-11-14T20:08:39 [55/299] Abwasserverband_Obere_Lutter | PV:COMPLETE -> PV_Abwasserverband_Obere_Lutter_20150101-20241231_merra2_3644c1cbba.csv | WND:COMPLETE -> Wind_Abwasserverband_Obere_Lutter_20150101-20241231_merra2_a6d7f2589a.csv
2025-11-14T20:08:39 [56/299] Düren | PV:COMPLETE -> PV_Düren_20150101-20241231_merra2_e8b4962e34.csv | WND:COMPLETE -> Wind_Düren_20150101-20241231_merra2_a6d7f2589a.csv
2025-11-14T20:08:39 [57/299] Paderborn_Sande | PV:COMPLETE -> PV_Paderborn_Sande_20150101-20241231_merra2_0fc64b1b27.csv | WND:COMPLETE -> Wind_Paderborn_Sande_20150101-20241231_merra2_a6d7f2589a.csv
2025-11-14T20:08:39 [58/299] Düsseldorf-Süd | PV:COMPLETE -> PV_Düsseldorf-Süd_20150101-20241231_merra2_664b044967.csv | WND:COMPLETE -> Wind_Düsseldorf-Süd_20150101-20241231_merra2_a6d7f2589a.csv
2025-11-14T20:08:40 [59/299] Wuppertal-Buchenhofen | PV:COMPLETE -> PV_Wuppertal-Buchenhofen_20150101-20241231_merra2_664b044967.csv | WND:COMPLETE -> Wind_Wuppertal-Buchenhofen_20150101-20241231_merra2_a6d7f2589a.csv
2025-11-14T20:08:40 [60/299] Duisburg-Kaßlerfeld | PV:COMPLETE -> PV_Duisburg-Kaßlerfeld_20150101-20241231_merra2_68f935552f.csv | WND:COMPLETE -> Wind_Duisburg-Kaßlerfeld_20150101-20241231_merra2_a6d7f2589a.csv
2025-11-14T20:08:41 [61/299] Emscherkläranlage | PV:COMPLETE -> PV_Emscherkläranlage_20150101-20241231_merra2_22f8980d0b.csv | WND:COMPLETE -> Wind_Emscherkläranlage_20150101-20241231_merra2_a6d7f2589a.csv
2025-11-14T20:08:42 [62/299] Duisburg-Alte_Emscher | PV:COMPLETE -> PV_Duisburg-Alte_Emscher_20150101-20241231_merra2_22f8980d0b.csv | WND:COMPLETE -> Wind_Duisburg-Alte_Emscher_20150101-20241231_merra2_a6d7f2589a.csv
2025-11-14T20:08:42 [63/299] Koblenz | PV:COMPLETE -> PV_Koblenz_20150101-20241231_merra2_92f73bd59e.csv | WND:COMPLETE -> Wind_Koblenz_20150101-20241231_merra2_a6d7f2589a.csv
2025-11-14T20:08:42 [64/299] Mainz | PV:COMPLETE -> PV_Mainz_20150101-20241231_merra2_4c80d0bb5f.csv | WND:COMPLETE -> Wind_Mainz_20150101-20241231_merra2_a6d7f2589a.csv
2025-11-14T20:08:43 [65/299] Trier_Hauptklärwerk | PV:COMPLETE -> PV_Trier_Hauptklärwerk_20150101-20241231_merra2_45a48e10c0.csv | WND:COMPLETE -> Wind_Trier_Hauptklärwerk_20150101-20241231_merra2_a6d7f2589a.csv
2025-11-14T20:08:43 [66/299] Hetlingen | PV:COMPLETE -> PV_Hetlingen_20150101-20241231_merra2_90cf341c59.csv | WND:COMPLETE -> Wind_Hetlingen_20150101-20241231_merra2_a6d7f2589a.csv
2025-11-14T20:08:43 [67/299] Neumünster | PV:COMPLETE -> PV_Neumünster_20150101-20241231_merra2_3e394c49d7.csv | WND:COMPLETE -> Wind_Neumünster_20150101-20241231_merra2_a6d7f2589a.csv
2025-11-14T20:08:43 [68/299] Bitterfeld-Wolfen | PV:COMPLETE -> PV_Bitterfeld-Wolfen_20150101-20241231_merra2_0fc64b1b27.csv | WND:COMPLETE -> Wind_Bitterfeld-Wolfen_20150101-20241231_merra2_a6d7f2589a.csv
2025-11-14T20:08:44 [69/299] Halle-Nord | PV:COMPLETE -> PV_Halle-Nord_20150101-20241231_merra2_22f8980d0b.csv | WND:COMPLETE -> Wind_Halle-Nord_20150101-20241231_merra2_a6d7f2589a.csv
2025-11-14T20:08:44 [70/299] Schkopau | PV:COMPLETE -> PV_Schkopau_20150101-20241231_merra2_68f935552f.csv | WND:COMPLETE -> Wind_Schkopau_20150101-20241231_merra2_a6d7f2589a.csv
2025-11-14T20:08:44 [71/299] MD-Gerwisch | PV:COMPLETE -> PV_MD-Gerwisch_20150101-20241231_merra2_5d989c5281.csv | WND:COMPLETE -> Wind_MD-Gerwisch_20150101-20241231_merra2_a6d7f2589a.csv
2025-11-14T20:08:44 [72/299] Lynetten | PV:COMPLETE -> PV_Lynetten_20150101-20241231_merra2_66fe5cfdc5.csv | WND:COMPLETE -> Wind_Lynetten_20150101-20241231_merra2_a6d7f2589a.csv
2025-11-14T20:08:45 [73/299] Damhusåen | PV:COMPLETE -> PV_Damhusåen_20150101-20241231_merra2_66fe5cfdc5.csv | WND:COMPLETE -> Wind_Damhusåen_20150101-20241231_merra2_a6d7f2589a.csv
2025-11-14T20:08:45 [74/299] SPILDEVANDSCENTER_AVEDØRE | PV:COMPLETE -> PV_SPILDEVANDSCENTER_AVEDØRE_20150101-20241231_merra2_66fe5cfdc5.csv | WND:COMPLETE -> Wind_SPILDEVANDSCENTER_AVEDØRE_20150101-20241231_merra2_a6d7f2589a.csv
2025-11-14T20:08:45 [75/299] EJBY_MØLLE_RENSEANLÆG | PV:COMPLETE -> PV_EJBY_MØLLE_RENSEANLÆG_20150101-20241231_merra2_66fe5cfdc5.csv | WND:COMPLETE -> Wind_EJBY_MØLLE_RENSEANLÆG_20150101-20241231_merra2_a6d7f2589a.csv
2025-11-14T20:08:45 [76/299] FREDERICIA_CENTRALRENS | PV:COMPLETE -> PV_FREDERICIA_CENTRALRENS_20150101-20241231_merra2_66fe5cfdc5.csv | WND:COMPLETE -> Wind_FREDERICIA_CENTRALRENS_20150101-20241231_merra2_a6d7f2589a.csv
2025-11-14T20:08:46 [77/299] Kohtla-Järve_regionaalne_reoveepuhasti | PV:COMPLETE -> PV_Kohtla-Järve_regionaalne_reoveepuhasti_20150101-20241231_merra2_66fe5cfdc5.csv | WND:COMPLETE -> Wind_Kohtla-Järve_regionaalne_reoveepuhasti_20150101-20241231_merra2_a6d7f2589a.csv
2025-11-14T20:08:46 [78/299] Tallinna_reoveepuhastusjaam | PV:COMPLETE -> PV_Tallinna_reoveepuhastusjaam_20150101-20241231_merra2_66fe5cfdc5.csv | WND:COMPLETE -> Wind_Tallinna_reoveepuhastusjaam_20150101-20241231_merra2_a6d7f2589a.csv
2025-11-14T20:08:46 [79/299] THESSALONIKI | PV:COMPLETE -> PV_THESSALONIKI_20150101-20241231_merra2_b45483d2b5.csv | WND:COMPLETE -> Wind_THESSALONIKI_20150101-20241231_merra2_a6d7f2589a.csv
2025-11-14T20:08:46 [80/299] PSYTTALIA | PV:COMPLETE -> PV_PSYTTALIA_20150101-20241231_merra2_4704d624de.csv | WND:COMPLETE -> Wind_PSYTTALIA_20150101-20241231_merra2_a6d7f2589a.csv
2025-11-14T20:08:47 [81/299] METAMORPHOSI | PV:COMPLETE -> PV_METAMORPHOSI_20150101-20241231_merra2_ace8fefad0.csv | WND:COMPLETE -> Wind_METAMORPHOSI_20150101-20241231_merra2_a6d7f2589a.csv
2025-11-14T20:08:47 [82/299] MONTE_ORGEGIA | PV:COMPLETE -> PV_MONTE_ORGEGIA_20150101-20241231_merra2_d84a23d990.csv | WND:COMPLETE -> Wind_MONTE_ORGEGIA_20150101-20241231_merra2_a6d7f2589a.csv
2025-11-14T20:08:47 [83/299] RINCON_DE_LEON | PV:COMPLETE -> PV_RINCON_DE_LEON_20150101-20241231_merra2_e524009726.csv | WND:COMPLETE -> Wind_RINCON_DE_LEON_20150101-20241231_merra2_a6d7f2589a.csv
2025-11-14T20:08:47 [84/299] ELX_-_ALGOROS | PV:COMPLETE -> PV_ELX_-_ALGOROS_20150101-20241231_merra2_14dc923e90.csv | WND:COMPLETE -> Wind_ELX_-_ALGOROS_20150101-20241231_merra2_a6d7f2589a.csv
2025-11-14T20:08:48 [85/299] EL_BOBAR | PV:COMPLETE -> PV_EL_BOBAR_20150101-20241231_merra2_6f2c0c9d85.csv | WND:COMPLETE -> Wind_EL_BOBAR_20150101-20241231_merra2_a6d7f2589a.csv
2025-11-14T20:08:48 [86/299] QUART_-_BENAGER | PV:COMPLETE -> PV_QUART_-_BENAGER_20150101-20241231_merra2_1638ed9587.csv | WND:COMPLETE -> Wind_QUART_-_BENAGER_20150101-20241231_merra2_a6d7f2589a.csv
2025-11-14T20:08:48 [87/299] PINEDO_1 | PV:COMPLETE -> PV_PINEDO_1_20150101-20241231_merra2_75de5946c6.csv | WND:COMPLETE -> Wind_PINEDO_1_20150101-20241231_merra2_a6d7f2589a.csv
2025-11-14T20:08:48 [88/299] PINEDO_2 | PV:COMPLETE -> PV_PINEDO_2_20150101-20241231_merra2_75de5946c6.csv | WND:COMPLETE -> Wind_PINEDO_2_20150101-20241231_merra2_a6d7f2589a.csv
2025-11-14T20:08:49 [89/299] GUADALETE | PV:COMPLETE -> PV_GUADALETE_20150101-20241231_merra2_8f4abb1405.csv | WND:COMPLETE -> Wind_GUADALETE_20150101-20241231_merra2_a6d7f2589a.csv
2025-11-14T20:08:49 [90/299] LA_GOLONDRINA | PV:COMPLETE -> PV_LA_GOLONDRINA_20150101-20241231_merra2_7c200b6f8d.csv | WND:COMPLETE -> Wind_LA_GOLONDRINA_20150101-20241231_merra2_a6d7f2589a.csv
2025-11-14T20:08:49 [91/299] GRANADA_SUR | PV:COMPLETE -> PV_GRANADA_SUR_20150101-20241231_merra2_e3f4f3c7e0.csv | WND:COMPLETE -> Wind_GRANADA_SUR_20150101-20241231_merra2_a6d7f2589a.csv
2025-11-14T20:08:49 [92/299] HUELVA | PV:COMPLETE -> PV_HUELVA_20150101-20241231_merra2_e3f4f3c7e0.csv | WND:COMPLETE -> Wind_HUELVA_20150101-20241231_merra2_a6d7f2589a.csv
2025-11-14T20:08:50 [93/299] BENS_A_CORUÑA | PV:COMPLETE -> PV_BENS_A_CORUÑA_20150101-20241231_merra2_164424b95e.csv | WND:COMPLETE -> Wind_BENS_A_CORUÑA_20150101-20241231_merra2_a6d7f2589a.csv
2025-11-14T20:08:50 [94/299] FUENGIROLA | PV:COMPLETE -> PV_FUENGIROLA_20150101-20241231_merra2_1a652f8e58.csv | WND:COMPLETE -> Wind_FUENGIROLA_20150101-20241231_merra2_a6d7f2589a.csv
2025-11-14T20:08:50 [95/299] GUADALHORCE | PV:COMPLETE -> PV_GUADALHORCE_20150101-20241231_merra2_b99774a27d.csv | WND:COMPLETE -> Wind_GUADALHORCE_20150101-20241231_merra2_a6d7f2589a.csv
2025-11-14T20:08:50 [96/299] SUR | PV:COMPLETE -> PV_SUR_20150101-20241231_merra2_d7cf0631f1.csv | WND:COMPLETE -> Wind_SUR_20150101-20241231_merra2_a6d7f2589a.csv
2025-11-14T20:08:51 [97/299] LA_CHINA | PV:COMPLETE -> PV_LA_CHINA_20150101-20241231_merra2_d7cf0631f1.csv | WND:COMPLETE -> Wind_LA_CHINA_20150101-20241231_merra2_a6d7f2589a.csv
2025-11-14T20:08:51 [98/299] BUTARQUE | PV:COMPLETE -> PV_BUTARQUE_20150101-20241231_merra2_d7cf0631f1.csv | WND:COMPLETE -> Wind_BUTARQUE_20150101-20241231_merra2_a6d7f2589a.csv
2025-11-14T20:08:51 [99/299] VIVEROS_DE_LA_VILLA | PV:COMPLETE -> PV_VIVEROS_DE_LA_VILLA_20150101-20241231_merra2_8c2730ad5a.csv | WND:COMPLETE -> Wind_VIVEROS_DE_LA_VILLA_20150101-20241231_merra2_a6d7f2589a.csv
2025-11-14T20:08:51 [100/299] REJAS | PV:COMPLETE -> PV_REJAS_20150101-20241231_merra2_8c2730ad5a.csv | WND:COMPLETE -> Wind_REJAS_20150101-20241231_merra2_a6d7f2589a.csv
2025-11-14T20:08:52 [101/299] LA_GAVIA | PV:COMPLETE -> PV_LA_GAVIA_20150101-20241231_merra2_8cc87e4acd.csv | WND:COMPLETE -> Wind_LA_GAVIA_20150101-20241231_merra2_a6d7f2589a.csv
2025-11-14T20:08:52 [102/299] ARROYO_CULEBRO_CUENCA_MEDIA_ALTA | PV:COMPLETE -> PV_ARROYO_CULEBRO_CUENCA_MEDIA_ALTA_20150101-20241231_merra2_d7cf0631f1.csv | WND:COMPLETE -> Wind_ARROYO_CULEBRO_CUENCA_MEDIA_ALTA_20150101-20241231_merra2_a6d7f2589a.csv
2025-11-14T20:08:52 [103/299] ARROYO_CULEBRO_CUENCA_BAJA | PV:COMPLETE -> PV_ARROYO_CULEBRO_CUENCA_BAJA_20150101-20241231_merra2_d7cf0631f1.csv | WND:COMPLETE -> Wind_ARROYO_CULEBRO_CUENCA_BAJA_20150101-20241231_merra2_a6d7f2589a.csv
2025-11-14T20:08:52 [104/299] ARROYO_DEL_SOTO | PV:COMPLETE -> PV_ARROYO_DEL_SOTO_20150101-20241231_merra2_d7cf0631f1.csv | WND:COMPLETE -> Wind_ARROYO_DEL_SOTO_20150101-20241231_merra2_a6d7f2589a.csv
2025-11-14T20:08:53 [105/299] ARROYO_DE_LA_VEGA | PV:COMPLETE -> PV_ARROYO_DE_LA_VEGA_20150101-20241231_merra2_8c2730ad5a.csv | WND:COMPLETE -> Wind_ARROYO_DE_LA_VEGA_20150101-20241231_merra2_a6d7f2589a.csv
2025-11-14T20:08:53 [106/299] TORREJÓN_DE_ARDOZ | PV:COMPLETE -> PV_TORREJÓN_DE_ARDOZ_20150101-20241231_merra2_8cc87e4acd.csv | WND:COMPLETE -> Wind_TORREJÓN_DE_ARDOZ_20150101-20241231_merra2_a6d7f2589a.csv
2025-11-14T20:08:53 [107/299] PALOMARES | PV:COMPLETE -> PV_PALOMARES_20150101-20241231_merra2_a5b06fb063.csv | WND:COMPLETE -> Wind_PALOMARES_20150101-20241231_merra2_a6d7f2589a.csv
2025-11-14T20:08:53 [108/299] COPERO | PV:COMPLETE -> PV_COPERO_20150101-20241231_merra2_a5b06fb063.csv | WND:COMPLETE -> Wind_COPERO_20150101-20241231_merra2_a6d7f2589a.csv
2025-11-14T20:08:54 [109/299] LA_RANILLA | PV:COMPLETE -> PV_LA_RANILLA_20150101-20241231_merra2_b1a083edd6.csv | WND:COMPLETE -> Wind_LA_RANILLA_20150101-20241231_merra2_a6d7f2589a.csv
2025-11-14T20:08:54 [110/299] SAN_JERONIMO | PV:COMPLETE -> PV_SAN_JERONIMO_20150101-20241231_merra2_b1a083edd6.csv | WND:COMPLETE -> Wind_SAN_JERONIMO_20150101-20241231_merra2_a6d7f2589a.csv
2025-11-14T20:08:54 [111/299] CARTAGENA_CABEZO_BEAZA | PV:COMPLETE -> PV_CARTAGENA_CABEZO_BEAZA_20150101-20241231_merra2_67d63df8fd.csv | WND:COMPLETE -> Wind_CARTAGENA_CABEZO_BEAZA_20150101-20241231_merra2_a6d7f2589a.csv
2025-11-14T20:08:54 [112/299] MAR_MENOR_SUR | PV:COMPLETE -> PV_MAR_MENOR_SUR_20150101-20241231_merra2_67d63df8fd.csv | WND:COMPLETE -> Wind_MAR_MENOR_SUR_20150101-20241231_merra2_a6d7f2589a.csv
2025-11-14T20:08:55 [113/299] ARAZURI | PV:COMPLETE -> PV_ARAZURI_20150101-20241231_merra2_4f434c11f1.csv | WND:COMPLETE -> Wind_ARAZURI_20150101-20241231_merra2_a6d7f2589a.csv
2025-11-14T20:08:55 [114/299] Crispijana | PV:COMPLETE -> PV_Crispijana_20150101-20241231_merra2_22bbff71ab.csv | WND:COMPLETE -> Wind_Crispijana_20150101-20241231_merra2_a6d7f2589a.csv
2025-11-14T20:08:56 [115/299] Loiola | PV:COMPLETE -> PV_Loiola_20150101-20241231_merra2_262f03df89.csv | WND:COMPLETE -> Wind_Loiola_20150101-20241231_merra2_a6d7f2589a.csv
2025-11-14T20:08:56 [116/299] Galindo | PV:COMPLETE -> PV_Galindo_20150101-20241231_merra2_262f03df89.csv | WND:COMPLETE -> Wind_Galindo_20150101-20241231_merra2_a6d7f2589a.csv
2025-11-14T20:08:57 [117/299] LOGROÑO | PV:COMPLETE -> PV_LOGROÑO_20150101-20241231_merra2_afebd23a41.csv | WND:COMPLETE -> Wind_LOGROÑO_20150101-20241231_merra2_a6d7f2589a.csv
2025-11-14T20:08:57 [118/299] ZARAGOZA_LA_CARTUJA | PV:COMPLETE -> PV_ZARAGOZA_LA_CARTUJA_20150101-20241231_merra2_fb4b213c8b.csv | WND:COMPLETE -> Wind_ZARAGOZA_LA_CARTUJA_20150101-20241231_merra2_a6d7f2589a.csv
2025-11-14T20:08:57 [119/299] GIJON_OESTE | PV:COMPLETE -> PV_GIJON_OESTE_20150101-20241231_merra2_29a7b1e5d0.csv | WND:COMPLETE -> Wind_GIJON_OESTE_20150101-20241231_merra2_a6d7f2589a.csv
2025-11-14T20:08:57 [120/299] VILLAPEREZ | PV:COMPLETE -> PV_VILLAPEREZ_20150101-20241231_merra2_164424b95e.csv | WND:COMPLETE -> Wind_VILLAPEREZ_20150101-20241231_merra2_a6d7f2589a.csv
2025-11-14T20:08:58 [121/299] PALMA_II | PV:COMPLETE -> PV_PALMA_II_20150101-20241231_merra2_06947320cb.csv | WND:COMPLETE -> Wind_PALMA_II_20150101-20241231_merra2_a6d7f2589a.csv
2025-11-14T20:08:58 [122/299] PALMA_I Wind fehlt/inkomplett -> lade … (Wind_PALMA_I_20150101-20241231_merra2_a6d7f2589a.csv)
2025-11-14T20:08:58   -> Chunk 4/10: 2018-01-01..2018-12-31
2025-11-14T20:09:00   -> Chunk 5/10: 2019-01-01..2019-12-31
2025-11-14T20:09:01   -> Chunk 6/10: 2020-01-01..2020-12-31
2025-11-14T20:09:03   -> Chunk 7/10: 2021-01-01..2021-12-31
2025-11-14T20:09:05   -> Chunk 8/10: 2022-01-01..2022-12-31
2025-11-14T20:09:06   -> Chunk 9/10: 2023-01-01..2023-12-31
2025-11-14T20:09:08   -> Chunk 10/10: 2024-01-01..2024-12-31
2025-11-14T20:09:09 [122/299] PALMA_I | PV:COMPLETE -> PV_PALMA_I_20150101-20241231_merra2_1638ed9587.csv | WND:COMPLETE -> Wind_PALMA_I_20150101-20241231_merra2_a6d7f2589a.csv
2025-11-14T20:09:09 [123/299] SAN_PANTALEON PV fehlt/inkomplett -> lade … (PV_SAN_PANTALEON_20150101-20241231_merra2_2b4023284b.csv)
2025-11-14T20:09:09   -> Chunk 1/10: 2015-01-01..2015-12-31
2025-11-14T20:09:11   -> Chunk 2/10: 2016-01-01..2016-12-31
2025-11-14T20:09:14   -> Chunk 3/10: 2017-01-01..2017-12-31
2025-11-14T20:09:16   -> Chunk 4/10: 2018-01-01..2018-12-31
2025-11-14T20:09:18   -> Chunk 5/10: 2019-01-01..2019-12-31
2025-11-14T20:09:21   -> Chunk 6/10: 2020-01-01..2020-12-31
2025-11-14T20:09:23   -> Chunk 7/10: 2021-01-01..2021-12-31
2025-11-14T20:09:25   -> Chunk 8/10: 2022-01-01..2022-12-31
2025-11-14T20:09:28   -> Chunk 9/10: 2023-01-01..2023-12-31
2025-11-14T20:09:30   -> Chunk 10/10: 2024-01-01..2024-12-31
2025-11-14T20:09:32 [123/299] SAN_PANTALEON Wind fehlt/inkomplett -> lade … (Wind_SAN_PANTALEON_20150101-20241231_merra2_a6d7f2589a.csv)
2025-11-14T20:09:32   -> Chunk 1/10: 2015-01-01..2015-12-31
2025-11-14T20:09:34   -> Chunk 2/10: 2016-01-01..2016-12-31
2025-11-14T20:09:36   -> Chunk 3/10: 2017-01-01..2017-12-31
2025-11-14T20:09:37   -> Chunk 4/10: 2018-01-01..2018-12-31
2025-11-14T20:09:38   -> Chunk 5/10: 2019-01-01..2019-12-31
2025-11-14T20:09:40   -> Chunk 6/10: 2020-01-01..2020-12-31
2025-11-14T20:09:42   -> Chunk 7/10: 2021-01-01..2021-12-31
2025-11-14T20:09:43   -> Chunk 8/10: 2022-01-01..2022-12-31
2025-11-14T20:09:45   -> Chunk 9/10: 2023-01-01..2023-12-31
2025-11-14T20:09:46   -> Chunk 10/10: 2024-01-01..2024-12-31
2025-11-14T20:09:48 [123/299] SAN_PANTALEON | PV:COMPLETE -> PV_SAN_PANTALEON_20150101-20241231_merra2_2b4023284b.csv | WND:COMPLETE -> Wind_SAN_PANTALEON_20150101-20241231_merra2_a6d7f2589a.csv
2025-11-14T20:09:48 [124/299] SAN_ROMÁN PV fehlt/inkomplett -> lade … (PV_SAN_ROMÁN_20150101-20241231_merra2_2b4023284b.csv)
2025-11-14T20:09:48   -> Chunk 1/10: 2015-01-01..2015-12-31
2025-11-14T20:09:50   -> Chunk 2/10: 2016-01-01..2016-12-31
2025-11-14T20:09:52   -> Chunk 3/10: 2017-01-01..2017-12-31
2025-11-14T20:09:54   -> Chunk 4/10: 2018-01-01..2018-12-31
2025-11-14T20:09:56   -> Chunk 5/10: 2019-01-01..2019-12-31
2025-11-14T20:09:58   -> Chunk 6/10: 2020-01-01..2020-12-31
2025-11-14T20:10:00   -> Chunk 7/10: 2021-01-01..2021-12-31
2025-11-14T20:10:03   -> Chunk 8/10: 2022-01-01..2022-12-31
2025-11-14T20:10:05   -> Chunk 9/10: 2023-01-01..2023-12-31
2025-11-14T20:10:07   -> Chunk 10/10: 2024-01-01..2024-12-31
2025-11-14T20:10:09 [124/299] SAN_ROMÁN Wind fehlt/inkomplett -> lade … (Wind_SAN_ROMÁN_20150101-20241231_merra2_a6d7f2589a.csv)
2025-11-14T20:10:09   -> Chunk 1/10: 2015-01-01..2015-12-31
2025-11-14T20:10:11   -> Chunk 2/10: 2016-01-01..2016-12-31
2025-11-14T20:10:12   -> Chunk 3/10: 2017-01-01..2017-12-31
2025-11-14T20:10:13   -> Chunk 4/10: 2018-01-01..2018-12-31
2025-11-14T20:10:15   -> Chunk 5/10: 2019-01-01..2019-12-31
2025-11-14T20:10:16   -> Chunk 6/10: 2020-01-01..2020-12-31
2025-11-14T20:10:17   -> Chunk 7/10: 2021-01-01..2021-12-31
2025-11-14T20:10:19   -> Chunk 8/10: 2022-01-01..2022-12-31
2025-11-14T20:10:20   -> Chunk 9/10: 2023-01-01..2023-12-31
2025-11-14T20:10:22   -> Chunk 10/10: 2024-01-01..2024-12-31
2025-11-14T20:10:23 [124/299] SAN_ROMÁN | PV:COMPLETE -> PV_SAN_ROMÁN_20150101-20241231_merra2_2b4023284b.csv | WND:COMPLETE -> Wind_SAN_ROMÁN_20150101-20241231_merra2_a6d7f2589a.csv
2025-11-14T20:10:23 [125/299] VUELTA_OSTRERA PV fehlt/inkomplett -> lade … (PV_VUELTA_OSTRERA_20150101-20241231_merra2_164424b95e.csv)
2025-11-14T20:10:23   -> Chunk 1/10: 2015-01-01..2015-12-31
2025-11-14T20:10:25   -> Chunk 2/10: 2016-01-01..2016-12-31
2025-11-14T20:10:27   -> Chunk 3/10: 2017-01-01..2017-12-31
2025-11-14T20:10:30   -> Chunk 4/10: 2018-01-01..2018-12-31
2025-11-14T20:10:30 Hourly-Limit 50/h erreicht – warte 58m28s (nächster Slot: 21:08:58)
2025-11-14T20:11:30 ... noch 57m28s
2025-11-14T20:12:30 ... noch 56m28s
2025-11-14T20:13:30 ... noch 55m28s
2025-11-14T20:14:30 ... noch 54m28s
2025-11-14T21:00:53 ======================================================
2025-11-14T21:00:53 Start • Sites: 299 • Zeitraum: 2015-01-01→2024-12-31 (Auto-Chunking ≤1Y)
2025-11-14T21:00:53 Limiter: 1.0 req/s & 50 req/h (sichtbar)
2025-11-14T21:00:53 Excel: C:\Users\aless\PycharmProjects\Masterthesis\Output\UWWTD_TP_Database.xlsx | Sheets: 'General Data' -> 'Energy'
2025-11-14T21:00:53 Ausgabe: C:\Users\aless\PycharmProjects\Masterthesis\Output\RenewableEnergyProfiles (stabile Dateinamen, keine Doppel-Downloads)
2025-11-14T21:00:53 ======================================================
2025-11-14T21:00:53 [1/299] ARA_AWV_Schwechat | PV:COMPLETE -> PV_ARA_AWV_Schwechat_20150101-20241231_merra2_d96d7cca0e.csv | WND:COMPLETE -> Wind_ARA_AWV_Schwechat_20150101-20241231_merra2_a6d7f2589a.csv
2025-11-14T21:00:53 [2/299] Asten_-_Regionalkläranlage | PV:COMPLETE -> PV_Asten_-_Regionalkläranlage_20150101-20241231_merra2_a44fae4635.csv | WND:COMPLETE -> Wind_Asten_-_Regionalkläranlage_20150101-20241231_merra2_a6d7f2589a.csv
2025-11-14T21:00:54 [3/299] ARA_Siggerwiesen | PV:COMPLETE -> PV_ARA_Siggerwiesen_20150101-20241231_merra2_365d0c7928.csv | WND:COMPLETE -> Wind_ARA_Siggerwiesen_20150101-20241231_merra2_a6d7f2589a.csv
2025-11-14T21:00:54 [4/299] Graz-Gössendorf | PV:COMPLETE -> PV_Graz-Gössendorf_20150101-20241231_merra2_6639b0113f.csv | WND:COMPLETE -> Wind_Graz-Gössendorf_20150101-20241231_merra2_a6d7f2589a.csv
2025-11-14T21:00:54 [5/299] Gratkorn | PV:COMPLETE -> PV_Gratkorn_20150101-20241231_merra2_b30f8f1e31.csv | WND:COMPLETE -> Wind_Gratkorn_20150101-20241231_merra2_a6d7f2589a.csv
2025-11-14T21:00:54 [6/299] Innsbruck | PV:COMPLETE -> PV_Innsbruck_20150101-20241231_merra2_7db14877e1.csv | WND:COMPLETE -> Wind_Innsbruck_20150101-20241231_merra2_a6d7f2589a.csv
2025-11-14T21:00:54 [7/299] Meiningen | PV:COMPLETE -> PV_Meiningen_20150101-20241231_merra2_7db14877e1.csv | WND:COMPLETE -> Wind_Meiningen_20150101-20241231_merra2_a6d7f2589a.csv
2025-11-14T21:00:55 [8/299] Hauptkläranlage_Wien | PV:COMPLETE -> PV_Hauptkläranlage_Wien_20150101-20241231_merra2_a44fae4635.csv | WND:COMPLETE -> Wind_Hauptkläranlage_Wien_20150101-20241231_merra2_a6d7f2589a.csv
2025-11-14T21:00:55 [9/299] Bruxelles-nord | PV:COMPLETE -> PV_Bruxelles-nord_20150101-20241231_merra2_aa131a78fd.csv | WND:COMPLETE -> Wind_Bruxelles-nord_20150101-20241231_merra2_a6d7f2589a.csv
2025-11-14T21:00:55 [10/299] LIEGE_OUPEYE | PV:COMPLETE -> PV_LIEGE_OUPEYE_20150101-20241231_merra2_5f797a9ee1.csv | WND:COMPLETE -> Wind_LIEGE_OUPEYE_20150101-20241231_merra2_a6d7f2589a.csv
2025-11-14T21:00:55 [11/299] UWWTP_Burgas | PV:COMPLETE -> PV_UWWTP_Burgas_20150101-20241231_merra2_afebd23a41.csv | WND:COMPLETE -> Wind_UWWTP_Burgas_20150101-20241231_merra2_a6d7f2589a.csv
2025-11-14T21:00:56 [12/299] UWWTP_Varna | PV:COMPLETE -> PV_UWWTP_Varna_20150101-20241231_merra2_7ea3568ef5.csv | WND:COMPLETE -> Wind_UWWTP_Varna_20150101-20241231_merra2_a6d7f2589a.csv
2025-11-14T21:00:56 [13/299] UWWTP_Plovdiv | PV:COMPLETE -> PV_UWWTP_Plovdiv_20150101-20241231_merra2_ceccdc6c04.csv | WND:COMPLETE -> Wind_UWWTP_Plovdiv_20150101-20241231_merra2_a6d7f2589a.csv
2025-11-14T21:00:56 [14/299] UWWTP_Sofia | PV:COMPLETE -> PV_UWWTP_Sofia_20150101-20241231_merra2_4f434c11f1.csv | WND:COMPLETE -> Wind_UWWTP_Sofia_20150101-20241231_merra2_a6d7f2589a.csv
2025-11-14T21:00:56 [15/299] UCOV_Praha | PV:COMPLETE -> PV_UCOV_Praha_20150101-20241231_merra2_dff9f75620.csv | WND:COMPLETE -> Wind_UCOV_Praha_20150101-20241231_merra2_a6d7f2589a.csv
2025-11-14T21:00:56 [16/299] COV_Plzen | PV:COMPLETE -> PV_COV_Plzen_20150101-20241231_merra2_45a48e10c0.csv | WND:COMPLETE -> Wind_COV_Plzen_20150101-20241231_merra2_a6d7f2589a.csv
2025-11-14T21:00:57 [17/299] COV_Steti_-Papirny_Mondi | PV:COMPLETE -> PV_COV_Steti_-Papirny_Mondi_20150101-20241231_merra2_70c8be051e.csv | WND:COMPLETE -> Wind_COV_Steti_-Papirny_Mondi_20150101-20241231_merra2_a6d7f2589a.csv
2025-11-14T21:00:57 [18/299] COV_Brno_-_Modrice | PV:COMPLETE -> PV_COV_Brno_-_Modrice_20150101-20241231_merra2_518e9398da.csv | WND:COMPLETE -> Wind_COV_Brno_-_Modrice_20150101-20241231_merra2_a6d7f2589a.csv
2025-11-14T21:00:57 [19/299] UCOV_Ostrava_-_Privoz | PV:COMPLETE -> PV_UCOV_Ostrava_-_Privoz_20150101-20241231_merra2_91eb67cd10.csv | WND:COMPLETE -> Wind_UCOV_Ostrava_-_Privoz_20150101-20241231_merra2_a6d7f2589a.csv
2025-11-14T21:00:57 [20/299] Stahnsdorf | PV:COMPLETE -> PV_Stahnsdorf_20150101-20241231_merra2_aaef4f714e.csv | WND:COMPLETE -> Wind_Stahnsdorf_20150101-20241231_merra2_a6d7f2589a.csv
2025-11-14T21:00:57 [21/299] Ruhleben | PV:COMPLETE -> PV_Ruhleben_20150101-20241231_merra2_a8652e5125.csv | WND:COMPLETE -> Wind_Ruhleben_20150101-20241231_merra2_a6d7f2589a.csv
2025-11-14T21:00:58 [22/299] Schönerlinde | PV:COMPLETE -> PV_Schönerlinde_20150101-20241231_merra2_05f5cdfd03.csv | WND:COMPLETE -> Wind_Schönerlinde_20150101-20241231_merra2_a6d7f2589a.csv
2025-11-14T21:00:58 [23/299] Waßmannsdorf | PV:COMPLETE -> PV_Waßmannsdorf_20150101-20241231_merra2_aaef4f714e.csv | WND:COMPLETE -> Wind_Waßmannsdorf_20150101-20241231_merra2_a6d7f2589a.csv
2025-11-14T21:00:58 [24/299] Hauptklärwerk_Mühlhausen | PV:COMPLETE -> PV_Hauptklärwerk_Mühlhausen_20150101-20241231_merra2_c6311ba2b1.csv | WND:COMPLETE -> Wind_Hauptklärwerk_Mühlhausen_20150101-20241231_merra2_a6d7f2589a.csv
2025-11-14T21:00:59 [25/299] Göppingen | PV:COMPLETE -> PV_Göppingen_20150101-20241231_merra2_d7147aef93.csv | WND:COMPLETE -> Wind_Göppingen_20150101-20241231_merra2_a6d7f2589a.csv
2025-11-14T21:00:59 [26/299] SKA_Heilbronn | PV:COMPLETE -> PV_SKA_Heilbronn_20150101-20241231_merra2_fe09ef0dd2.csv | WND:COMPLETE -> Wind_SKA_Heilbronn_20150101-20241231_merra2_a6d7f2589a.csv
2025-11-14T21:00:59 [27/299] SKA_Karlsruhe_Neureut | PV:COMPLETE -> PV_SKA_Karlsruhe_Neureut_20150101-20241231_merra2_c2d7a3cf3a.csv | WND:COMPLETE -> Wind_SKA_Karlsruhe_Neureut_20150101-20241231_merra2_a6d7f2589a.csv
2025-11-14T21:00:59 [28/299] SKA_AZV_Heidelberg | PV:COMPLETE -> PV_SKA_AZV_Heidelberg_20150101-20241231_merra2_cd3819f6b5.csv | WND:COMPLETE -> Wind_SKA_AZV_Heidelberg_20150101-20241231_merra2_a6d7f2589a.csv
2025-11-14T21:00:59 [29/299] Kläranlage_Mannheim | PV:COMPLETE -> PV_Kläranlage_Mannheim_20150101-20241231_merra2_09bc10e962.csv | WND:COMPLETE -> Wind_Kläranlage_Mannheim_20150101-20241231_merra2_a6d7f2589a.csv
2025-11-14T21:01:00 [30/299] SKA_AZV_BREISGAUER_BUCHT_-_KA_FORCHHEIM | PV:COMPLETE -> PV_SKA_AZV_BREISGAUER_BUCHT_-_KA_FORCHHEIM_20150101-20241231_merra2_a44fae4635.csv | WND:COMPLETE -> Wind_SKA_AZV_BREISGAUER_BUCHT_-_KA_FORCHHEIM_20150101-20241231_merra2_a6d7f2589a.csv
2025-11-14T21:01:00 [31/299] Würzburg | PV:COMPLETE -> PV_Würzburg_20150101-20241231_merra2_45a48e10c0.csv | WND:COMPLETE -> Wind_Würzburg_20150101-20241231_merra2_a6d7f2589a.csv
2025-11-14T21:01:00 [32/299] Augsburg | PV:COMPLETE -> PV_Augsburg_20150101-20241231_merra2_116c94f817.csv | WND:COMPLETE -> Wind_Augsburg_20150101-20241231_merra2_a6d7f2589a.csv
2025-11-14T21:01:00 [33/299] Zweckverband_Klärwerk_Steinhäule | PV:COMPLETE -> PV_Zweckverband_Klärwerk_Steinhäule_20150101-20241231_merra2_116c94f817.csv | WND:COMPLETE -> Wind_Zweckverband_Klärwerk_Steinhäule_20150101-20241231_merra2_a6d7f2589a.csv
2025-11-14T21:01:00 [34/299] München_II_-_Gut_Marienhof | PV:COMPLETE -> PV_München_II_-_Gut_Marienhof_20150101-20241231_merra2_24c702f0f6.csv | WND:COMPLETE -> Wind_München_II_-_Gut_Marienhof_20150101-20241231_merra2_a6d7f2589a.csv
2025-11-14T21:01:01 [35/299] AZV_Erdinger_Moos | PV:COMPLETE -> PV_AZV_Erdinger_Moos_20150101-20241231_merra2_116c94f817.csv | WND:COMPLETE -> Wind_AZV_Erdinger_Moos_20150101-20241231_merra2_a6d7f2589a.csv
2025-11-14T21:01:01 [36/299] Erlangen | PV:COMPLETE -> PV_Erlangen_20150101-20241231_merra2_09bc10e962.csv | WND:COMPLETE -> Wind_Erlangen_20150101-20241231_merra2_a6d7f2589a.csv
2025-11-14T21:01:01 [37/299] Rosenheim | PV:COMPLETE -> PV_Rosenheim_20150101-20241231_merra2_365d0c7928.csv | WND:COMPLETE -> Wind_Rosenheim_20150101-20241231_merra2_a6d7f2589a.csv
2025-11-14T21:01:01 [38/299] Kläranlage_Seehausen | PV:COMPLETE -> PV_Kläranlage_Seehausen_20150101-20241231_merra2_e8d919f64a.csv | WND:COMPLETE -> Wind_Kläranlage_Seehausen_20150101-20241231_merra2_a6d7f2589a.csv
2025-11-14T21:01:02 [39/299] Frankfurt_am_Main_Sindlingen | PV:COMPLETE -> PV_Frankfurt_am_Main_Sindlingen_20150101-20241231_merra2_dff9f75620.csv | WND:COMPLETE -> Wind_Frankfurt_am_Main_Sindlingen_20150101-20241231_merra2_a6d7f2589a.csv
2025-11-14T21:01:02 [40/299] Wiesbaden_Mitte | PV:COMPLETE -> PV_Wiesbaden_Mitte_20150101-20241231_merra2_dff9f75620.csv | WND:COMPLETE -> Wind_Wiesbaden_Mitte_20150101-20241231_merra2_a6d7f2589a.csv
2025-11-14T21:01:02 [41/299] Klärwerksverbund_Köhlbrandhöft_Dradenau | PV:COMPLETE -> PV_Klärwerksverbund_Köhlbrandhöft_Dradenau_20150101-20241231_merra2_1005c77946.csv | WND:COMPLETE -> Wind_Klärwerksverbund_Köhlbrandhöft_Dradenau_20150101-20241231_merra2_a6d7f2589a.csv
2025-11-14T21:01:02 [42/299] 2530002102_KA_Herrenhausen | PV:COMPLETE -> PV_2530002102_KA_Herrenhausen_20150101-20241231_merra2_aaef4f714e.csv | WND:COMPLETE -> Wind_2530002102_KA_Herrenhausen_20150101-20241231_merra2_a6d7f2589a.csv
2025-11-14T21:01:02 [43/299] 2530142095_KA_Gümmerwald | PV:COMPLETE -> PV_2530142095_KA_Gümmerwald_20150101-20241231_merra2_aaef4f714e.csv | WND:COMPLETE -> Wind_2530142095_KA_Gümmerwald_20150101-20241231_merra2_a6d7f2589a.csv
2025-11-14T21:01:03 [44/299] 2550232001_KA_Holzminden | PV:COMPLETE -> PV_2550232001_KA_Holzminden_20150101-20241231_merra2_466aadda05.csv | WND:COMPLETE -> Wind_2550232001_KA_Holzminden_20150101-20241231_merra2_a6d7f2589a.csv
2025-11-14T21:01:03 [45/299] 3520112001_KA_Cuxhaven | PV:COMPLETE -> PV_3520112001_KA_Cuxhaven_20150101-20241231_merra2_f2393b5c8e.csv | WND:COMPLETE -> Wind_3520112001_KA_Cuxhaven_20150101-20241231_merra2_a6d7f2589a.csv
2025-11-14T21:01:03 [46/299] Aachen-Soers | PV:COMPLETE -> PV_Aachen-Soers_20150101-20241231_merra2_e8b4962e34.csv | WND:COMPLETE -> Wind_Aachen-Soers_20150101-20241231_merra2_a6d7f2589a.csv
2025-11-14T21:01:03 [47/299] Dortmund-Deusen | PV:COMPLETE -> PV_Dortmund-Deusen_20150101-20241231_merra2_22f8980d0b.csv | WND:COMPLETE -> Wind_Dortmund-Deusen_20150101-20241231_merra2_a6d7f2589a.csv
2025-11-14T21:01:03 [48/299] Bottrop | PV:COMPLETE -> PV_Bottrop_20150101-20241231_merra2_22f8980d0b.csv | WND:COMPLETE -> Wind_Bottrop_20150101-20241231_merra2_a6d7f2589a.csv
2025-11-14T21:01:04 [49/299] Köln_Stammheim | PV:COMPLETE -> PV_Köln_Stammheim_20150101-20241231_merra2_567b6ddef7.csv | WND:COMPLETE -> Wind_Köln_Stammheim_20150101-20241231_merra2_a6d7f2589a.csv
2025-11-14T21:01:04 [50/299] Düsseldorf-Nord | PV:COMPLETE -> PV_Düsseldorf-Nord_20150101-20241231_merra2_43b14af904.csv | WND:COMPLETE -> Wind_Düsseldorf-Nord_20150101-20241231_merra2_a6d7f2589a.csv
2025-11-14T21:01:04 [51/299] Krefeld | PV:COMPLETE -> PV_Krefeld_20150101-20241231_merra2_68f935552f.csv | WND:COMPLETE -> Wind_Krefeld_20150101-20241231_merra2_a6d7f2589a.csv
2025-11-14T21:01:04 [52/299] Mönchengladbach_GWK_I | PV:COMPLETE -> PV_Mönchengladbach_GWK_I_20150101-20241231_merra2_664b044967.csv | WND:COMPLETE -> Wind_Mönchengladbach_GWK_I_20150101-20241231_merra2_a6d7f2589a.csv
2025-11-14T21:01:05 [53/299] Neuss-Ost | PV:COMPLETE -> PV_Neuss-Ost_20150101-20241231_merra2_664b044967.csv | WND:COMPLETE -> Wind_Neuss-Ost_20150101-20241231_merra2_a6d7f2589a.csv
2025-11-14T21:01:05 [54/299] Münster-Hauptkläranlage | PV:COMPLETE -> PV_Münster-Hauptkläranlage_20150101-20241231_merra2_60b618a189.csv | WND:COMPLETE -> Wind_Münster-Hauptkläranlage_20150101-20241231_merra2_a6d7f2589a.csv
2025-11-14T21:01:05 [55/299] Abwasserverband_Obere_Lutter | PV:COMPLETE -> PV_Abwasserverband_Obere_Lutter_20150101-20241231_merra2_3644c1cbba.csv | WND:COMPLETE -> Wind_Abwasserverband_Obere_Lutter_20150101-20241231_merra2_a6d7f2589a.csv
2025-11-14T21:01:05 [56/299] Düren | PV:COMPLETE -> PV_Düren_20150101-20241231_merra2_e8b4962e34.csv | WND:COMPLETE -> Wind_Düren_20150101-20241231_merra2_a6d7f2589a.csv
2025-11-14T21:01:05 [57/299] Paderborn_Sande | PV:COMPLETE -> PV_Paderborn_Sande_20150101-20241231_merra2_0fc64b1b27.csv | WND:COMPLETE -> Wind_Paderborn_Sande_20150101-20241231_merra2_a6d7f2589a.csv
2025-11-14T21:01:06 [58/299] Düsseldorf-Süd | PV:COMPLETE -> PV_Düsseldorf-Süd_20150101-20241231_merra2_664b044967.csv | WND:COMPLETE -> Wind_Düsseldorf-Süd_20150101-20241231_merra2_a6d7f2589a.csv
2025-11-14T21:01:06 [59/299] Wuppertal-Buchenhofen | PV:COMPLETE -> PV_Wuppertal-Buchenhofen_20150101-20241231_merra2_664b044967.csv | WND:COMPLETE -> Wind_Wuppertal-Buchenhofen_20150101-20241231_merra2_a6d7f2589a.csv
2025-11-14T21:01:06 [60/299] Duisburg-Kaßlerfeld | PV:COMPLETE -> PV_Duisburg-Kaßlerfeld_20150101-20241231_merra2_68f935552f.csv | WND:COMPLETE -> Wind_Duisburg-Kaßlerfeld_20150101-20241231_merra2_a6d7f2589a.csv
2025-11-14T21:01:06 [61/299] Emscherkläranlage | PV:COMPLETE -> PV_Emscherkläranlage_20150101-20241231_merra2_22f8980d0b.csv | WND:COMPLETE -> Wind_Emscherkläranlage_20150101-20241231_merra2_a6d7f2589a.csv
2025-11-14T21:01:07 [62/299] Duisburg-Alte_Emscher | PV:COMPLETE -> PV_Duisburg-Alte_Emscher_20150101-20241231_merra2_22f8980d0b.csv | WND:COMPLETE -> Wind_Duisburg-Alte_Emscher_20150101-20241231_merra2_a6d7f2589a.csv
2025-11-14T21:01:07 [63/299] Koblenz | PV:COMPLETE -> PV_Koblenz_20150101-20241231_merra2_92f73bd59e.csv | WND:COMPLETE -> Wind_Koblenz_20150101-20241231_merra2_a6d7f2589a.csv
2025-11-14T21:01:07 [64/299] Mainz | PV:COMPLETE -> PV_Mainz_20150101-20241231_merra2_4c80d0bb5f.csv | WND:COMPLETE -> Wind_Mainz_20150101-20241231_merra2_a6d7f2589a.csv
2025-11-14T21:01:07 [65/299] Trier_Hauptklärwerk | PV:COMPLETE -> PV_Trier_Hauptklärwerk_20150101-20241231_merra2_45a48e10c0.csv | WND:COMPLETE -> Wind_Trier_Hauptklärwerk_20150101-20241231_merra2_a6d7f2589a.csv
2025-11-14T21:01:07 [66/299] Hetlingen | PV:COMPLETE -> PV_Hetlingen_20150101-20241231_merra2_90cf341c59.csv | WND:COMPLETE -> Wind_Hetlingen_20150101-20241231_merra2_a6d7f2589a.csv
2025-11-14T21:01:08 [67/299] Neumünster | PV:COMPLETE -> PV_Neumünster_20150101-20241231_merra2_3e394c49d7.csv | WND:COMPLETE -> Wind_Neumünster_20150101-20241231_merra2_a6d7f2589a.csv
2025-11-14T21:01:08 [68/299] Bitterfeld-Wolfen | PV:COMPLETE -> PV_Bitterfeld-Wolfen_20150101-20241231_merra2_0fc64b1b27.csv | WND:COMPLETE -> Wind_Bitterfeld-Wolfen_20150101-20241231_merra2_a6d7f2589a.csv
2025-11-14T21:01:09 [69/299] Halle-Nord | PV:COMPLETE -> PV_Halle-Nord_20150101-20241231_merra2_22f8980d0b.csv | WND:COMPLETE -> Wind_Halle-Nord_20150101-20241231_merra2_a6d7f2589a.csv
2025-11-14T21:01:10 [70/299] Schkopau | PV:COMPLETE -> PV_Schkopau_20150101-20241231_merra2_68f935552f.csv | WND:COMPLETE -> Wind_Schkopau_20150101-20241231_merra2_a6d7f2589a.csv
2025-11-14T21:01:10 [71/299] MD-Gerwisch | PV:COMPLETE -> PV_MD-Gerwisch_20150101-20241231_merra2_5d989c5281.csv | WND:COMPLETE -> Wind_MD-Gerwisch_20150101-20241231_merra2_a6d7f2589a.csv
2025-11-14T21:01:10 [72/299] Lynetten | PV:COMPLETE -> PV_Lynetten_20150101-20241231_merra2_66fe5cfdc5.csv | WND:COMPLETE -> Wind_Lynetten_20150101-20241231_merra2_a6d7f2589a.csv
2025-11-14T21:01:10 [73/299] Damhusåen | PV:COMPLETE -> PV_Damhusåen_20150101-20241231_merra2_66fe5cfdc5.csv | WND:COMPLETE -> Wind_Damhusåen_20150101-20241231_merra2_a6d7f2589a.csv
2025-11-14T21:01:11 [74/299] SPILDEVANDSCENTER_AVEDØRE | PV:COMPLETE -> PV_SPILDEVANDSCENTER_AVEDØRE_20150101-20241231_merra2_66fe5cfdc5.csv | WND:COMPLETE -> Wind_SPILDEVANDSCENTER_AVEDØRE_20150101-20241231_merra2_a6d7f2589a.csv
2025-11-14T21:01:11 [75/299] EJBY_MØLLE_RENSEANLÆG | PV:COMPLETE -> PV_EJBY_MØLLE_RENSEANLÆG_20150101-20241231_merra2_66fe5cfdc5.csv | WND:COMPLETE -> Wind_EJBY_MØLLE_RENSEANLÆG_20150101-20241231_merra2_a6d7f2589a.csv
2025-11-14T21:01:11 [76/299] FREDERICIA_CENTRALRENS | PV:COMPLETE -> PV_FREDERICIA_CENTRALRENS_20150101-20241231_merra2_66fe5cfdc5.csv | WND:COMPLETE -> Wind_FREDERICIA_CENTRALRENS_20150101-20241231_merra2_a6d7f2589a.csv
2025-11-14T21:01:11 [77/299] Kohtla-Järve_regionaalne_reoveepuhasti | PV:COMPLETE -> PV_Kohtla-Järve_regionaalne_reoveepuhasti_20150101-20241231_merra2_66fe5cfdc5.csv | WND:COMPLETE -> Wind_Kohtla-Järve_regionaalne_reoveepuhasti_20150101-20241231_merra2_a6d7f2589a.csv
2025-11-14T21:01:12 [78/299] Tallinna_reoveepuhastusjaam | PV:COMPLETE -> PV_Tallinna_reoveepuhastusjaam_20150101-20241231_merra2_66fe5cfdc5.csv | WND:COMPLETE -> Wind_Tallinna_reoveepuhastusjaam_20150101-20241231_merra2_a6d7f2589a.csv
2025-11-14T21:01:12 [79/299] THESSALONIKI | PV:COMPLETE -> PV_THESSALONIKI_20150101-20241231_merra2_b45483d2b5.csv | WND:COMPLETE -> Wind_THESSALONIKI_20150101-20241231_merra2_a6d7f2589a.csv
2025-11-14T21:01:12 [80/299] PSYTTALIA | PV:COMPLETE -> PV_PSYTTALIA_20150101-20241231_merra2_4704d624de.csv | WND:COMPLETE -> Wind_PSYTTALIA_20150101-20241231_merra2_a6d7f2589a.csv
2025-11-14T21:01:12 [81/299] METAMORPHOSI | PV:COMPLETE -> PV_METAMORPHOSI_20150101-20241231_merra2_ace8fefad0.csv | WND:COMPLETE -> Wind_METAMORPHOSI_20150101-20241231_merra2_a6d7f2589a.csv
2025-11-14T21:01:12 [82/299] MONTE_ORGEGIA | PV:COMPLETE -> PV_MONTE_ORGEGIA_20150101-20241231_merra2_d84a23d990.csv | WND:COMPLETE -> Wind_MONTE_ORGEGIA_20150101-20241231_merra2_a6d7f2589a.csv
2025-11-14T21:01:13 [83/299] RINCON_DE_LEON | PV:COMPLETE -> PV_RINCON_DE_LEON_20150101-20241231_merra2_e524009726.csv | WND:COMPLETE -> Wind_RINCON_DE_LEON_20150101-20241231_merra2_a6d7f2589a.csv
2025-11-14T21:01:13 [84/299] ELX_-_ALGOROS | PV:COMPLETE -> PV_ELX_-_ALGOROS_20150101-20241231_merra2_14dc923e90.csv | WND:COMPLETE -> Wind_ELX_-_ALGOROS_20150101-20241231_merra2_a6d7f2589a.csv
2025-11-14T21:01:13 [85/299] EL_BOBAR | PV:COMPLETE -> PV_EL_BOBAR_20150101-20241231_merra2_6f2c0c9d85.csv | WND:COMPLETE -> Wind_EL_BOBAR_20150101-20241231_merra2_a6d7f2589a.csv
2025-11-14T21:01:13 [86/299] QUART_-_BENAGER | PV:COMPLETE -> PV_QUART_-_BENAGER_20150101-20241231_merra2_1638ed9587.csv | WND:COMPLETE -> Wind_QUART_-_BENAGER_20150101-20241231_merra2_a6d7f2589a.csv
2025-11-14T21:01:14 [87/299] PINEDO_1 | PV:COMPLETE -> PV_PINEDO_1_20150101-20241231_merra2_75de5946c6.csv | WND:COMPLETE -> Wind_PINEDO_1_20150101-20241231_merra2_a6d7f2589a.csv
2025-11-14T21:01:14 [88/299] PINEDO_2 | PV:COMPLETE -> PV_PINEDO_2_20150101-20241231_merra2_75de5946c6.csv | WND:COMPLETE -> Wind_PINEDO_2_20150101-20241231_merra2_a6d7f2589a.csv
2025-11-14T21:01:14 [89/299] GUADALETE | PV:COMPLETE -> PV_GUADALETE_20150101-20241231_merra2_8f4abb1405.csv | WND:COMPLETE -> Wind_GUADALETE_20150101-20241231_merra2_a6d7f2589a.csv
2025-11-14T21:01:14 [90/299] LA_GOLONDRINA | PV:COMPLETE -> PV_LA_GOLONDRINA_20150101-20241231_merra2_7c200b6f8d.csv | WND:COMPLETE -> Wind_LA_GOLONDRINA_20150101-20241231_merra2_a6d7f2589a.csv
2025-11-14T21:01:14 [91/299] GRANADA_SUR | PV:COMPLETE -> PV_GRANADA_SUR_20150101-20241231_merra2_e3f4f3c7e0.csv | WND:COMPLETE -> Wind_GRANADA_SUR_20150101-20241231_merra2_a6d7f2589a.csv
2025-11-14T21:01:15 [92/299] HUELVA | PV:COMPLETE -> PV_HUELVA_20150101-20241231_merra2_e3f4f3c7e0.csv | WND:COMPLETE -> Wind_HUELVA_20150101-20241231_merra2_a6d7f2589a.csv
2025-11-14T21:01:15 [93/299] BENS_A_CORUÑA | PV:COMPLETE -> PV_BENS_A_CORUÑA_20150101-20241231_merra2_164424b95e.csv | WND:COMPLETE -> Wind_BENS_A_CORUÑA_20150101-20241231_merra2_a6d7f2589a.csv
2025-11-14T21:01:15 [94/299] FUENGIROLA | PV:COMPLETE -> PV_FUENGIROLA_20150101-20241231_merra2_1a652f8e58.csv | WND:COMPLETE -> Wind_FUENGIROLA_20150101-20241231_merra2_a6d7f2589a.csv
2025-11-14T21:01:15 [95/299] GUADALHORCE | PV:COMPLETE -> PV_GUADALHORCE_20150101-20241231_merra2_b99774a27d.csv | WND:COMPLETE -> Wind_GUADALHORCE_20150101-20241231_merra2_a6d7f2589a.csv
2025-11-14T21:01:16 [96/299] SUR | PV:COMPLETE -> PV_SUR_20150101-20241231_merra2_d7cf0631f1.csv | WND:COMPLETE -> Wind_SUR_20150101-20241231_merra2_a6d7f2589a.csv
2025-11-14T21:01:16 [97/299] LA_CHINA | PV:COMPLETE -> PV_LA_CHINA_20150101-20241231_merra2_d7cf0631f1.csv | WND:COMPLETE -> Wind_LA_CHINA_20150101-20241231_merra2_a6d7f2589a.csv
2025-11-14T21:01:16 [98/299] BUTARQUE | PV:COMPLETE -> PV_BUTARQUE_20150101-20241231_merra2_d7cf0631f1.csv | WND:COMPLETE -> Wind_BUTARQUE_20150101-20241231_merra2_a6d7f2589a.csv
2025-11-14T21:01:16 [99/299] VIVEROS_DE_LA_VILLA | PV:COMPLETE -> PV_VIVEROS_DE_LA_VILLA_20150101-20241231_merra2_8c2730ad5a.csv | WND:COMPLETE -> Wind_VIVEROS_DE_LA_VILLA_20150101-20241231_merra2_a6d7f2589a.csv
2025-11-14T21:01:16 [100/299] REJAS | PV:COMPLETE -> PV_REJAS_20150101-20241231_merra2_8c2730ad5a.csv | WND:COMPLETE -> Wind_REJAS_20150101-20241231_merra2_a6d7f2589a.csv
2025-11-14T21:01:17 [101/299] LA_GAVIA | PV:COMPLETE -> PV_LA_GAVIA_20150101-20241231_merra2_8cc87e4acd.csv | WND:COMPLETE -> Wind_LA_GAVIA_20150101-20241231_merra2_a6d7f2589a.csv
2025-11-14T21:01:17 [102/299] ARROYO_CULEBRO_CUENCA_MEDIA_ALTA | PV:COMPLETE -> PV_ARROYO_CULEBRO_CUENCA_MEDIA_ALTA_20150101-20241231_merra2_d7cf0631f1.csv | WND:COMPLETE -> Wind_ARROYO_CULEBRO_CUENCA_MEDIA_ALTA_20150101-20241231_merra2_a6d7f2589a.csv
2025-11-14T21:01:17 [103/299] ARROYO_CULEBRO_CUENCA_BAJA | PV:COMPLETE -> PV_ARROYO_CULEBRO_CUENCA_BAJA_20150101-20241231_merra2_d7cf0631f1.csv | WND:COMPLETE -> Wind_ARROYO_CULEBRO_CUENCA_BAJA_20150101-20241231_merra2_a6d7f2589a.csv
2025-11-14T21:01:17 [104/299] ARROYO_DEL_SOTO | PV:COMPLETE -> PV_ARROYO_DEL_SOTO_20150101-20241231_merra2_d7cf0631f1.csv | WND:COMPLETE -> Wind_ARROYO_DEL_SOTO_20150101-20241231_merra2_a6d7f2589a.csv
2025-11-14T21:01:18 [105/299] ARROYO_DE_LA_VEGA | PV:COMPLETE -> PV_ARROYO_DE_LA_VEGA_20150101-20241231_merra2_8c2730ad5a.csv | WND:COMPLETE -> Wind_ARROYO_DE_LA_VEGA_20150101-20241231_merra2_a6d7f2589a.csv
2025-11-14T21:01:18 [106/299] TORREJÓN_DE_ARDOZ | PV:COMPLETE -> PV_TORREJÓN_DE_ARDOZ_20150101-20241231_merra2_8cc87e4acd.csv | WND:COMPLETE -> Wind_TORREJÓN_DE_ARDOZ_20150101-20241231_merra2_a6d7f2589a.csv
2025-11-14T21:01:18 [107/299] PALOMARES | PV:COMPLETE -> PV_PALOMARES_20150101-20241231_merra2_a5b06fb063.csv | WND:COMPLETE -> Wind_PALOMARES_20150101-20241231_merra2_a6d7f2589a.csv
2025-11-14T21:01:18 [108/299] COPERO | PV:COMPLETE -> PV_COPERO_20150101-20241231_merra2_a5b06fb063.csv | WND:COMPLETE -> Wind_COPERO_20150101-20241231_merra2_a6d7f2589a.csv
2025-11-14T21:01:18 [109/299] LA_RANILLA | PV:COMPLETE -> PV_LA_RANILLA_20150101-20241231_merra2_b1a083edd6.csv | WND:COMPLETE -> Wind_LA_RANILLA_20150101-20241231_merra2_a6d7f2589a.csv
2025-11-14T21:01:19 [110/299] SAN_JERONIMO | PV:COMPLETE -> PV_SAN_JERONIMO_20150101-20241231_merra2_b1a083edd6.csv | WND:COMPLETE -> Wind_SAN_JERONIMO_20150101-20241231_merra2_a6d7f2589a.csv
2025-11-14T21:01:19 [111/299] CARTAGENA_CABEZO_BEAZA | PV:COMPLETE -> PV_CARTAGENA_CABEZO_BEAZA_20150101-20241231_merra2_67d63df8fd.csv | WND:COMPLETE -> Wind_CARTAGENA_CABEZO_BEAZA_20150101-20241231_merra2_a6d7f2589a.csv
2025-11-14T21:01:19 [112/299] MAR_MENOR_SUR | PV:COMPLETE -> PV_MAR_MENOR_SUR_20150101-20241231_merra2_67d63df8fd.csv | WND:COMPLETE -> Wind_MAR_MENOR_SUR_20150101-20241231_merra2_a6d7f2589a.csv
2025-11-14T21:01:19 [113/299] ARAZURI | PV:COMPLETE -> PV_ARAZURI_20150101-20241231_merra2_4f434c11f1.csv | WND:COMPLETE -> Wind_ARAZURI_20150101-20241231_merra2_a6d7f2589a.csv
2025-11-14T21:01:19 [114/299] Crispijana | PV:COMPLETE -> PV_Crispijana_20150101-20241231_merra2_22bbff71ab.csv | WND:COMPLETE -> Wind_Crispijana_20150101-20241231_merra2_a6d7f2589a.csv
2025-11-14T21:01:20 [115/299] Loiola | PV:COMPLETE -> PV_Loiola_20150101-20241231_merra2_262f03df89.csv | WND:COMPLETE -> Wind_Loiola_20150101-20241231_merra2_a6d7f2589a.csv
2025-11-14T21:01:20 [116/299] Galindo | PV:COMPLETE -> PV_Galindo_20150101-20241231_merra2_262f03df89.csv | WND:COMPLETE -> Wind_Galindo_20150101-20241231_merra2_a6d7f2589a.csv
2025-11-14T21:01:20 [117/299] LOGROÑO | PV:COMPLETE -> PV_LOGROÑO_20150101-20241231_merra2_afebd23a41.csv | WND:COMPLETE -> Wind_LOGROÑO_20150101-20241231_merra2_a6d7f2589a.csv
2025-11-14T21:01:20 [118/299] ZARAGOZA_LA_CARTUJA | PV:COMPLETE -> PV_ZARAGOZA_LA_CARTUJA_20150101-20241231_merra2_fb4b213c8b.csv | WND:COMPLETE -> Wind_ZARAGOZA_LA_CARTUJA_20150101-20241231_merra2_a6d7f2589a.csv
2025-11-14T21:01:21 [119/299] GIJON_OESTE | PV:COMPLETE -> PV_GIJON_OESTE_20150101-20241231_merra2_29a7b1e5d0.csv | WND:COMPLETE -> Wind_GIJON_OESTE_20150101-20241231_merra2_a6d7f2589a.csv
2025-11-14T21:01:21 [120/299] VILLAPEREZ | PV:COMPLETE -> PV_VILLAPEREZ_20150101-20241231_merra2_164424b95e.csv | WND:COMPLETE -> Wind_VILLAPEREZ_20150101-20241231_merra2_a6d7f2589a.csv
2025-11-14T21:01:21 [121/299] PALMA_II | PV:COMPLETE -> PV_PALMA_II_20150101-20241231_merra2_06947320cb.csv | WND:COMPLETE -> Wind_PALMA_II_20150101-20241231_merra2_a6d7f2589a.csv
2025-11-14T21:01:21 [122/299] PALMA_I | PV:COMPLETE -> PV_PALMA_I_20150101-20241231_merra2_1638ed9587.csv | WND:COMPLETE -> Wind_PALMA_I_20150101-20241231_merra2_a6d7f2589a.csv
2025-11-14T21:01:21 [123/299] SAN_PANTALEON | PV:COMPLETE -> PV_SAN_PANTALEON_20150101-20241231_merra2_2b4023284b.csv | WND:COMPLETE -> Wind_SAN_PANTALEON_20150101-20241231_merra2_a6d7f2589a.csv
2025-11-14T21:01:22 [124/299] SAN_ROMÁN | PV:COMPLETE -> PV_SAN_ROMÁN_20150101-20241231_merra2_2b4023284b.csv | WND:COMPLETE -> Wind_SAN_ROMÁN_20150101-20241231_merra2_a6d7f2589a.csv
2025-11-14T21:01:22 [125/299] VUELTA_OSTRERA PV fehlt/inkomplett -> lade … (PV_VUELTA_OSTRERA_20150101-20241231_merra2_164424b95e.csv)
2025-11-14T21:01:22   -> Chunk 4/10: 2018-01-01..2018-12-31
2025-11-14T21:01:23   !! 429 Too Many Requests – warte 457s (Retry-After=457)
