2025-10-23T00:31:18 ======================================================
2025-10-23T00:31:18 Start • Sites: 206 • Zeitraum: 2015-01-01→2024-12-31 (Auto-Chunking ≤1Y)
2025-10-23T00:31:18 Limiter: 1.0 req/s & 50 req/h
2025-10-23T00:31:19 Excel: C:\Users\aless\PycharmProjects\Masterthesis\Output\UWWTD_TP_Database.xlsx | Sheet 'General Data' | Spalten: name='Name', lat='Latitude', lon='Longitude'
2025-10-23T00:31:19 Ausgabe: C:\Users\aless\PycharmProjects\Masterthesis\Output\RenewableEnergyProfiles
2025-10-23T00:31:19 ======================================================
2025-10-23T00:31:19 [1/206] ARA_AWV_Schwechat (48.13458,16.54122) | PV:SKIP -> PV_ARA_AWV_Schwechat_20251023.csv | WND:SKIP -> Wind_ARA_AWV_Schwechat_20251023.csv
2025-10-23T00:31:19 [2/206] Asten_-_Regionalkläranlage (48.23665,14.41223) | PV:SKIP -> PV_Asten_-_Regionalkläranlage_20251023.csv | WND:SKIP -> Wind_Asten_-_Regionalkläranlage_20251023.csv
2025-10-23T00:31:19   -> Chunk 1/10: 2015-01-01..2015-12-31
2025-10-23T00:31:21   -> Chunk 2/10: 2016-01-01..2016-12-31
2025-10-23T00:31:23   -> Chunk 3/10: 2017-01-01..2017-12-31
2025-10-23T00:31:25   -> Chunk 4/10: 2018-01-01..2018-12-31
2025-10-23T00:31:27   -> Chunk 5/10: 2019-01-01..2019-12-31
2025-10-23T00:31:29   -> Chunk 6/10: 2020-01-01..2020-12-31
2025-10-23T00:31:32   -> Chunk 7/10: 2021-01-01..2021-12-31
2025-10-23T00:31:34   -> Chunk 8/10: 2022-01-01..2022-12-31
2025-10-23T00:31:36   -> Chunk 9/10: 2023-01-01..2023-12-31
2025-10-23T00:31:38   -> Chunk 10/10: 2024-01-01..2024-12-31
2025-10-23T00:31:40   -> Chunk 1/10: 2015-01-01..2015-12-31
2025-10-23T00:31:42   -> Chunk 2/10: 2016-01-01..2016-12-31
2025-10-23T00:31:43   -> Chunk 3/10: 2017-01-01..2017-12-31
2025-10-23T00:31:44   -> Chunk 4/10: 2018-01-01..2018-12-31
2025-10-23T00:31:46   -> Chunk 5/10: 2019-01-01..2019-12-31
2025-10-23T00:31:47   -> Chunk 6/10: 2020-01-01..2020-12-31
2025-10-23T00:31:48   -> Chunk 7/10: 2021-01-01..2021-12-31
2025-10-23T00:31:50   -> Chunk 8/10: 2022-01-01..2022-12-31
2025-10-23T00:31:51   -> Chunk 9/10: 2023-01-01..2023-12-31
2025-10-23T00:31:53   -> Chunk 10/10: 2024-01-01..2024-12-31
2025-10-23T00:31:54 [3/206] ARA_Siggerwiesen (47.85974,13.00252) | PV:OK -> PV_ARA_Siggerwiesen_20251023.csv | WND:OK -> Wind_ARA_Siggerwiesen_20251023.csv
2025-10-23T00:31:54   -> Chunk 1/10: 2015-01-01..2015-12-31
2025-10-23T00:31:56   -> Chunk 2/10: 2016-01-01..2016-12-31
2025-10-23T00:31:58   -> Chunk 3/10: 2017-01-01..2017-12-31
2025-10-23T00:32:00   -> Chunk 4/10: 2018-01-01..2018-12-31
2025-10-23T00:32:02   -> Chunk 5/10: 2019-01-01..2019-12-31
2025-10-23T00:32:04   -> Chunk 6/10: 2020-01-01..2020-12-31
2025-10-23T00:32:06   -> Chunk 7/10: 2021-01-01..2021-12-31
2025-10-23T00:32:08   -> Chunk 8/10: 2022-01-01..2022-12-31
2025-10-23T00:32:10   -> Chunk 9/10: 2023-01-01..2023-12-31
2025-10-23T00:32:13   -> Chunk 10/10: 2024-01-01..2024-12-31
2025-10-23T00:32:15   -> Chunk 1/10: 2015-01-01..2015-12-31
2025-10-23T00:32:16   -> Chunk 2/10: 2016-01-01..2016-12-31
2025-10-23T00:32:18   -> Chunk 3/10: 2017-01-01..2017-12-31
2025-10-23T00:32:19   -> Chunk 4/10: 2018-01-01..2018-12-31
2025-10-23T00:32:20   -> Chunk 5/10: 2019-01-01..2019-12-31
2025-10-23T00:32:21   -> Chunk 6/10: 2020-01-01..2020-12-31
2025-10-23T00:32:23   -> Chunk 7/10: 2021-01-01..2021-12-31
2025-10-23T00:32:24   -> Chunk 8/10: 2022-01-01..2022-12-31
2025-10-23T00:32:25   -> Chunk 9/10: 2023-01-01..2023-12-31
2025-10-23T00:32:27   -> Chunk 10/10: 2024-01-01..2024-12-31
2025-10-23T00:32:28 [4/206] Graz-Gössendorf (46.99639,15.47203) | PV:OK -> PV_Graz-Gössendorf_20251023.csv | WND:OK -> Wind_Graz-Gössendorf_20251023.csv
2025-10-23T00:32:28   -> Chunk 1/10: 2015-01-01..2015-12-31
2025-10-23T00:32:30   -> Chunk 2/10: 2016-01-01..2016-12-31
2025-10-23T00:32:32   -> Chunk 3/10: 2017-01-01..2017-12-31
2025-10-23T00:32:34   -> Chunk 4/10: 2018-01-01..2018-12-31
2025-10-23T00:32:36   -> Chunk 5/10: 2019-01-01..2019-12-31
2025-10-23T00:32:39   -> Chunk 6/10: 2020-01-01..2020-12-31
2025-10-23T00:32:41   -> Chunk 7/10: 2021-01-01..2021-12-31
2025-10-23T00:32:43   -> Chunk 8/10: 2022-01-01..2022-12-31
2025-10-23T00:32:45   -> Chunk 9/10: 2023-01-01..2023-12-31
2025-10-23T00:32:47   -> Chunk 10/10: 2024-01-01..2024-12-31
2025-10-23T00:32:49   -> Chunk 1/10: 2015-01-01..2015-12-31
2025-10-23T00:38:56 ======================================================
2025-10-23T00:38:56 Start • Sites: 206 • Zeitraum: 2015-01-01→2024-12-31 (Auto-Chunking ≤1Y)
2025-10-23T00:38:56 Limiter: 1.0 req/s & 50 req/h (sichtbar)
2025-10-23T00:38:56 Excel: C:\Users\aless\PycharmProjects\Masterthesis\Output\UWWTD_TP_Database.xlsx | Sheet 'General Data' | Spalten: name='Name', lat='Latitude', lon='Longitude'
2025-10-23T00:38:56 Ausgabe: C:\Users\aless\PycharmProjects\Masterthesis\Output\RenewableEnergyProfiles
2025-10-23T00:38:56 ======================================================
2025-10-23T00:38:56 [1/206] ARA_AWV_Schwechat (48.13458,16.54122) | PV:SKIP -> PV_ARA_AWV_Schwechat_20251023.csv | WND:SKIP -> Wind_ARA_AWV_Schwechat_20251023.csv
2025-10-23T00:38:56 [2/206] Asten_-_Regionalkläranlage (48.23665,14.41223) | PV:SKIP -> PV_Asten_-_Regionalkläranlage_20251023.csv | WND:SKIP -> Wind_Asten_-_Regionalkläranlage_20251023.csv
2025-10-23T00:38:56   -> Chunk 1/10: 2015-01-01..2015-12-31
2025-10-23T00:38:57   !! 429 Too Many Requests – warte 3143s (Retry-After=3143)
2025-10-23T12:20:22 ======================================================
2025-10-23T12:20:22 Start • Sites: 206 • Zeitraum: 2015-01-01→2024-12-31 (Auto-Chunking ≤1Y)
2025-10-23T12:20:22 Limiter: 1.0 req/s & 50 req/h (sichtbar)
2025-10-23T12:20:22 Excel: C:\Users\aless\PycharmProjects\Masterthesis\Output\UWWTD_TP_Database.xlsx | Sheet 'General Data' | Spalten: name='Name', lat='Latitude', lon='Longitude'
2025-10-23T12:20:22 Ausgabe: C:\Users\aless\PycharmProjects\Masterthesis\Output\RenewableEnergyProfiles
2025-10-23T12:20:22 ======================================================
2025-10-23T12:20:22 [1/206] ARA_AWV_Schwechat (48.13458,16.54122) | PV:SKIP -> PV_ARA_AWV_Schwechat_20251023.csv | WND:SKIP -> Wind_ARA_AWV_Schwechat_20251023.csv
2025-10-23T12:20:22 [2/206] Asten_-_Regionalkläranlage (48.23665,14.41223) | PV:SKIP -> PV_Asten_-_Regionalkläranlage_20251023.csv | WND:SKIP -> Wind_Asten_-_Regionalkläranlage_20251023.csv
2025-10-23T12:20:22   -> Chunk 1/10: 2015-01-01..2015-12-31
2025-10-23T12:20:24   -> Chunk 2/10: 2016-01-01..2016-12-31
2025-10-23T12:20:26   -> Chunk 3/10: 2017-01-01..2017-12-31
2025-10-23T12:20:29   -> Chunk 4/10: 2018-01-01..2018-12-31
2025-10-23T12:20:31   -> Chunk 5/10: 2019-01-01..2019-12-31
2025-10-23T12:20:33   -> Chunk 6/10: 2020-01-01..2020-12-31
2025-10-23T12:20:36   -> Chunk 7/10: 2021-01-01..2021-12-31
2025-10-23T12:20:38   -> Chunk 8/10: 2022-01-01..2022-12-31
2025-10-23T12:20:41   -> Chunk 9/10: 2023-01-01..2023-12-31
2025-10-23T12:20:43   -> Chunk 10/10: 2024-01-01..2024-12-31
2025-10-23T12:20:45   -> Chunk 1/10: 2015-01-01..2015-12-31
2025-10-23T12:20:47   -> Chunk 2/10: 2016-01-01..2016-12-31
2025-10-23T12:20:49   -> Chunk 3/10: 2017-01-01..2017-12-31
2025-10-23T12:20:50   -> Chunk 4/10: 2018-01-01..2018-12-31
2025-10-23T12:20:52   -> Chunk 5/10: 2019-01-01..2019-12-31
2025-10-23T12:20:53   -> Chunk 6/10: 2020-01-01..2020-12-31
2025-10-23T12:20:54   -> Chunk 7/10: 2021-01-01..2021-12-31
2025-10-23T12:20:56   -> Chunk 8/10: 2022-01-01..2022-12-31
2025-10-23T12:20:57   -> Chunk 9/10: 2023-01-01..2023-12-31
2025-10-23T12:20:59   -> Chunk 10/10: 2024-01-01..2024-12-31
2025-10-23T12:21:01 [3/206] ARA_Siggerwiesen (47.85974,13.00252) | PV:OK -> PV_ARA_Siggerwiesen_20251023.csv | WND:OK -> Wind_ARA_Siggerwiesen_20251023.csv
2025-10-23T12:21:01   -> Chunk 1/10: 2015-01-01..2015-12-31
2025-10-23T12:21:03   -> Chunk 2/10: 2016-01-01..2016-12-31
2025-10-23T12:21:05   -> Chunk 3/10: 2017-01-01..2017-12-31
2025-10-23T12:21:06   -> Chunk 4/10: 2018-01-01..2018-12-31
2025-10-23T12:21:09   -> Chunk 5/10: 2019-01-01..2019-12-31
2025-10-23T12:21:11   -> Chunk 6/10: 2020-01-01..2020-12-31
2025-10-23T12:21:13   -> Chunk 7/10: 2021-01-01..2021-12-31
2025-10-23T12:21:15   -> Chunk 8/10: 2022-01-01..2022-12-31
2025-10-23T12:21:18   -> Chunk 9/10: 2023-01-01..2023-12-31
2025-10-23T12:21:20   -> Chunk 10/10: 2024-01-01..2024-12-31
2025-10-23T12:21:22   -> Chunk 1/10: 2015-01-01..2015-12-31
2025-10-23T12:21:24   -> Chunk 2/10: 2016-01-01..2016-12-31
2025-10-23T12:21:25   -> Chunk 3/10: 2017-01-01..2017-12-31
2025-10-23T12:21:26   -> Chunk 4/10: 2018-01-01..2018-12-31
2025-10-23T12:21:27   -> Chunk 5/10: 2019-01-01..2019-12-31
2025-10-23T12:21:28   -> Chunk 6/10: 2020-01-01..2020-12-31
2025-10-23T12:21:29   -> Chunk 7/10: 2021-01-01..2021-12-31
2025-10-23T12:21:30   -> Chunk 8/10: 2022-01-01..2022-12-31
2025-10-23T12:21:31   -> Chunk 9/10: 2023-01-01..2023-12-31
2025-10-23T12:21:33   -> Chunk 10/10: 2024-01-01..2024-12-31
2025-10-23T12:21:34 [4/206] Graz-Gössendorf (46.99639,15.47203) | PV:OK -> PV_Graz-Gössendorf_20251023.csv | WND:OK -> Wind_Graz-Gössendorf_20251023.csv
2025-10-23T12:21:34   -> Chunk 1/10: 2015-01-01..2015-12-31
2025-10-23T12:21:36   -> Chunk 2/10: 2016-01-01..2016-12-31
2025-10-23T12:21:38   -> Chunk 3/10: 2017-01-01..2017-12-31
2025-10-23T12:21:40   -> Chunk 4/10: 2018-01-01..2018-12-31
2025-10-23T12:21:42   -> Chunk 5/10: 2019-01-01..2019-12-31
2025-10-23T12:21:44   -> Chunk 6/10: 2020-01-01..2020-12-31
2025-10-23T12:21:46   -> Chunk 7/10: 2021-01-01..2021-12-31
2025-10-23T12:21:48   -> Chunk 8/10: 2022-01-01..2022-12-31
2025-10-23T12:21:50   -> Chunk 9/10: 2023-01-01..2023-12-31
2025-10-23T12:21:52   -> Chunk 10/10: 2024-01-01..2024-12-31
2025-10-23T12:21:55   -> Chunk 1/10: 2015-01-01..2015-12-31
2025-10-23T12:21:55 Hourly-Limit 50/h erreicht – warte 58m27s (nächster Slot: 13:20:22)
2025-10-23T12:22:55 ... noch 57m27s
2025-10-23T14:09:23 ======================================================
2025-10-23T14:09:23 Start • Sites: 206 • Zeitraum: 2015-01-01→2024-12-31 (Auto-Chunking ≤1Y)
2025-10-23T14:09:23 Limiter: 1.0 req/s & 50 req/h (sichtbar)
2025-10-23T14:09:23 Excel: C:\Users\aless\PycharmProjects\Masterthesis\Output\UWWTD_TP_Database.xlsx | Sheet 'General Data' | Spalten: name='Name', lat='Latitude', lon='Longitude'
2025-10-23T14:09:23 Ausgabe: C:\Users\aless\PycharmProjects\Masterthesis\Output\RenewableEnergyProfiles
2025-10-23T14:09:23 ======================================================
2025-10-23T14:09:23 [1/206] ARA_AWV_Schwechat (48.13458,16.54122) | PV:SKIP -> PV_ARA_AWV_Schwechat_20251023.csv | WND:SKIP -> Wind_ARA_AWV_Schwechat_20251023.csv
2025-10-23T14:09:23 [2/206] Asten_-_Regionalkläranlage (48.23665,14.41223) | PV:SKIP -> PV_Asten_-_Regionalkläranlage_20251023.csv | WND:SKIP -> Wind_Asten_-_Regionalkläranlage_20251023.csv
2025-10-23T14:09:23   -> Chunk 1/10: 2015-01-01..2015-12-31
2025-10-23T14:09:26   -> Chunk 2/10: 2016-01-01..2016-12-31
2025-10-23T14:09:27   -> Chunk 3/10: 2017-01-01..2017-12-31
2025-10-23T14:09:29   -> Chunk 4/10: 2018-01-01..2018-12-31
2025-10-23T14:09:31   -> Chunk 5/10: 2019-01-01..2019-12-31
2025-10-23T14:09:33   -> Chunk 6/10: 2020-01-01..2020-12-31
2025-10-23T14:09:36   -> Chunk 7/10: 2021-01-01..2021-12-31
2025-10-23T14:09:38   -> Chunk 8/10: 2022-01-01..2022-12-31
2025-10-23T14:09:40   -> Chunk 9/10: 2023-01-01..2023-12-31
2025-10-23T14:09:42   -> Chunk 10/10: 2024-01-01..2024-12-31
2025-10-23T14:09:44   -> Chunk 1/10: 2015-01-01..2015-12-31
2025-10-23T14:09:46   -> Chunk 2/10: 2016-01-01..2016-12-31
2025-10-23T14:09:47   -> Chunk 3/10: 2017-01-01..2017-12-31
2025-10-23T14:09:48   -> Chunk 4/10: 2018-01-01..2018-12-31
2025-10-23T14:09:49   -> Chunk 5/10: 2019-01-01..2019-12-31
2025-10-23T14:09:50   -> Chunk 6/10: 2020-01-01..2020-12-31
2025-10-23T14:09:52   -> Chunk 7/10: 2021-01-01..2021-12-31
2025-10-23T14:09:53   -> Chunk 8/10: 2022-01-01..2022-12-31
2025-10-23T14:09:55   -> Chunk 9/10: 2023-01-01..2023-12-31
2025-10-23T14:09:56   -> Chunk 10/10: 2024-01-01..2024-12-31
2025-10-23T14:09:58 [3/206] ARA_Siggerwiesen (47.85974,13.00252) | PV:OK -> PV_ARA_Siggerwiesen_20251023.csv | WND:OK -> Wind_ARA_Siggerwiesen_20251023.csv
2025-10-23T14:09:58   -> Chunk 1/10: 2015-01-01..2015-12-31
2025-10-23T14:10:00   -> Chunk 2/10: 2016-01-01..2016-12-31
2025-10-23T14:10:02   -> Chunk 3/10: 2017-01-01..2017-12-31
2025-10-23T14:10:03   -> Chunk 4/10: 2018-01-01..2018-12-31
2025-10-23T14:10:05   -> Chunk 5/10: 2019-01-01..2019-12-31
2025-10-23T14:10:07   -> Chunk 6/10: 2020-01-01..2020-12-31
2025-10-23T14:10:10   -> Chunk 7/10: 2021-01-01..2021-12-31
2025-10-23T14:10:11   -> Chunk 8/10: 2022-01-01..2022-12-31
2025-10-23T14:10:13   -> Chunk 9/10: 2023-01-01..2023-12-31
2025-10-23T14:10:16   -> Chunk 10/10: 2024-01-01..2024-12-31
2025-10-23T14:10:18   -> Chunk 1/10: 2015-01-01..2015-12-31
2025-10-23T14:10:19   -> Chunk 2/10: 2016-01-01..2016-12-31
2025-10-23T14:10:20   -> Chunk 3/10: 2017-01-01..2017-12-31
2025-10-23T14:10:21   -> Chunk 4/10: 2018-01-01..2018-12-31
2025-10-23T14:10:22   -> Chunk 5/10: 2019-01-01..2019-12-31
2025-10-23T14:10:23   -> Chunk 6/10: 2020-01-01..2020-12-31
2025-10-23T14:10:24   -> Chunk 7/10: 2021-01-01..2021-12-31
2025-10-23T14:10:25   -> Chunk 8/10: 2022-01-01..2022-12-31
2025-10-23T14:10:26   -> Chunk 9/10: 2023-01-01..2023-12-31
2025-10-23T14:10:27   -> Chunk 10/10: 2024-01-01..2024-12-31
2025-10-23T14:10:29 [4/206] Graz-Gössendorf (46.99639,15.47203) | PV:OK -> PV_Graz-Gössendorf_20251023.csv | WND:OK -> Wind_Graz-Gössendorf_20251023.csv
2025-10-23T14:10:29   -> Chunk 1/10: 2015-01-01..2015-12-31
2025-10-23T14:10:30   -> Chunk 2/10: 2016-01-01..2016-12-31
2025-10-23T14:10:32   -> Chunk 3/10: 2017-01-01..2017-12-31
2025-10-23T14:10:34   -> Chunk 4/10: 2018-01-01..2018-12-31
2025-10-23T14:10:36   -> Chunk 5/10: 2019-01-01..2019-12-31
2025-10-23T14:10:38   -> Chunk 6/10: 2020-01-01..2020-12-31
2025-10-23T14:10:40   -> Chunk 7/10: 2021-01-01..2021-12-31
2025-10-23T14:10:42   -> Chunk 8/10: 2022-01-01..2022-12-31
2025-10-23T14:10:44   -> Chunk 9/10: 2023-01-01..2023-12-31
2025-10-23T14:10:46   -> Chunk 10/10: 2024-01-01..2024-12-31
2025-10-23T14:10:48   -> Chunk 1/10: 2015-01-01..2015-12-31
2025-10-23T14:10:48 Hourly-Limit 50/h erreicht – warte 58m35s (nächster Slot: 15:09:23)
2025-10-23T14:11:48 ... noch 57m35s
2025-10-23T14:12:48 ... noch 56m35s
2025-10-23T14:13:48 ... noch 55m35s
2025-10-23T14:14:48 ... noch 54m35s
2025-10-23T14:15:48 ... noch 53m35s
2025-10-23T14:16:48 ... noch 52m35s
2025-10-23T14:17:48 ... noch 51m35s
2025-10-23T14:18:48 ... noch 50m35s
2025-10-23T14:19:48 ... noch 49m35s
2025-10-23T14:20:48 ... noch 48m35s
2025-10-23T14:21:48 ... noch 47m35s
2025-10-23T14:22:48 ... noch 46m35s
2025-10-23T14:23:48 ... noch 45m35s
2025-10-23T14:24:48 ... noch 44m35s
2025-10-23T14:25:48 ... noch 43m35s
2025-10-23T14:26:48 ... noch 42m35s
2025-10-23T14:27:48 ... noch 41m35s
2025-10-23T14:28:48 ... noch 40m35s
2025-10-23T14:29:48 ... noch 39m35s
2025-10-23T14:30:48 ... noch 38m35s
2025-10-23T14:31:48 ... noch 37m35s
2025-10-23T14:32:48 ... noch 36m35s
2025-10-23T14:33:48 ... noch 35m35s
2025-10-23T14:34:48 ... noch 34m35s
2025-10-23T14:35:48 ... noch 33m35s
2025-10-23T14:36:48 ... noch 32m35s
2025-10-23T14:37:48 ... noch 31m35s
2025-10-23T14:38:48 ... noch 30m35s
2025-10-23T14:39:48 ... noch 29m35s
2025-10-23T14:40:48 ... noch 28m35s
2025-10-23T14:41:48 ... noch 27m35s
2025-10-23T14:42:48 ... noch 26m35s
2025-10-23T14:43:48 ... noch 25m35s
2025-10-23T14:44:48 ... noch 24m35s
2025-10-23T14:45:48 ... noch 23m35s
2025-10-23T14:46:48 ... noch 22m35s
2025-10-23T14:47:48 ... noch 21m35s
