2025-11-03T00:05:57 ======================================================
2025-11-03T00:05:57 Start • Sites: 296 • Zeitraum: 2015-01-01→2024-12-31 (Auto-Chunking ≤1Y)
2025-11-03T00:05:57 Limiter: 1.0 req/s & 50 req/h (sichtbar)
2025-11-03T00:05:57 Excel: C:\Users\aless\PycharmProjects\Masterthesis\Output\UWWTD_TP_Database.xlsx | Sheets: 'General Data' -> 'Energy'
2025-11-03T00:05:57 Ausgabe: C:\Users\aless\PycharmProjects\Masterthesis\Output\RenewableEnergyProfiles (stabile Dateinamen, keine Doppel-Downloads)
2025-11-03T00:05:57 ======================================================
2025-11-03T00:05:57 [1/296] ARA_AWV_Schwechat | PV:COMPLETE -> PV_ARA_AWV_Schwechat_20150101-20241231_merra2_d96d7cca0e.csv | WND:COMPLETE -> Wind_ARA_AWV_Schwechat_20150101-20241231_merra2_a6d7f2589a.csv
2025-11-03T00:05:57 [2/296] Asten_-_Regionalkläranlage | PV:COMPLETE -> PV_Asten_-_Regionalkläranlage_20150101-20241231_merra2_a44fae4635.csv | WND:COMPLETE -> Wind_Asten_-_Regionalkläranlage_20150101-20241231_merra2_a6d7f2589a.csv
2025-11-03T00:05:57 [3/296] ARA_Siggerwiesen | PV:COMPLETE -> PV_ARA_Siggerwiesen_20150101-20241231_merra2_365d0c7928.csv | WND:COMPLETE -> Wind_ARA_Siggerwiesen_20150101-20241231_merra2_a6d7f2589a.csv
2025-11-03T00:05:57 [4/296] Graz-Gössendorf | PV:COMPLETE -> PV_Graz-Gössendorf_20150101-20241231_merra2_6639b0113f.csv | WND:COMPLETE -> Wind_Graz-Gössendorf_20150101-20241231_merra2_a6d7f2589a.csv
2025-11-03T00:05:57 [5/296] Gratkorn | PV:COMPLETE -> PV_Gratkorn_20150101-20241231_merra2_b30f8f1e31.csv | WND:COMPLETE -> Wind_Gratkorn_20150101-20241231_merra2_a6d7f2589a.csv
2025-11-03T00:05:58 [6/296] Innsbruck | PV:COMPLETE -> PV_Innsbruck_20150101-20241231_merra2_7db14877e1.csv | WND:COMPLETE -> Wind_Innsbruck_20150101-20241231_merra2_a6d7f2589a.csv
2025-11-03T00:05:58 [7/296] Meiningen | PV:COMPLETE -> PV_Meiningen_20150101-20241231_merra2_7db14877e1.csv | WND:COMPLETE -> Wind_Meiningen_20150101-20241231_merra2_a6d7f2589a.csv
2025-11-03T00:05:58 [8/296] Hauptkläranlage_Wien | PV:COMPLETE -> PV_Hauptkläranlage_Wien_20150101-20241231_merra2_a44fae4635.csv | WND:COMPLETE -> Wind_Hauptkläranlage_Wien_20150101-20241231_merra2_a6d7f2589a.csv
2025-11-03T00:05:58 [9/296] Bruxelles-nord | PV:COMPLETE -> PV_Bruxelles-nord_20150101-20241231_merra2_aa131a78fd.csv | WND:COMPLETE -> Wind_Bruxelles-nord_20150101-20241231_merra2_a6d7f2589a.csv
2025-11-03T00:05:58 [10/296] LIEGE_OUPEYE | PV:COMPLETE -> PV_LIEGE_OUPEYE_20150101-20241231_merra2_5f797a9ee1.csv | WND:COMPLETE -> Wind_LIEGE_OUPEYE_20150101-20241231_merra2_a6d7f2589a.csv
2025-11-03T00:05:58 [11/296] UWWTP_Burgas | PV:COMPLETE -> PV_UWWTP_Burgas_20150101-20241231_merra2_afebd23a41.csv | WND:COMPLETE -> Wind_UWWTP_Burgas_20150101-20241231_merra2_a6d7f2589a.csv
2025-11-03T00:05:58 [12/296] UWWTP_Varna Wind fehlt/inkomplett -> lade … (Wind_UWWTP_Varna_20150101-20241231_merra2_a6d7f2589a.csv)
2025-11-03T00:05:58   -> Chunk 10/10: 2024-01-01..2024-12-31
2025-11-03T00:06:00 [12/296] UWWTP_Varna | PV:COMPLETE -> PV_UWWTP_Varna_20150101-20241231_merra2_7ea3568ef5.csv | WND:COMPLETE -> Wind_UWWTP_Varna_20150101-20241231_merra2_a6d7f2589a.csv
2025-11-03T00:06:00 [13/296] UWWTP_Plovdiv PV fehlt/inkomplett -> lade … (PV_UWWTP_Plovdiv_20150101-20241231_merra2_ceccdc6c04.csv)
2025-11-03T00:06:00   -> Chunk 1/10: 2015-01-01..2015-12-31
2025-11-03T00:06:02   -> Chunk 2/10: 2016-01-01..2016-12-31
2025-11-03T00:06:04   -> Chunk 3/10: 2017-01-01..2017-12-31
2025-11-03T00:06:06   -> Chunk 4/10: 2018-01-01..2018-12-31
2025-11-03T00:06:08   -> Chunk 5/10: 2019-01-01..2019-12-31
2025-11-03T00:06:11   -> Chunk 6/10: 2020-01-01..2020-12-31
2025-11-03T00:06:13   -> Chunk 7/10: 2021-01-01..2021-12-31
2025-11-03T00:06:15   -> Chunk 8/10: 2022-01-01..2022-12-31
2025-11-03T00:06:17   -> Chunk 9/10: 2023-01-01..2023-12-31
2025-11-03T00:06:19   -> Chunk 10/10: 2024-01-01..2024-12-31
2025-11-03T00:06:21 [13/296] UWWTP_Plovdiv Wind fehlt/inkomplett -> lade … (Wind_UWWTP_Plovdiv_20150101-20241231_merra2_a6d7f2589a.csv)
2025-11-03T00:06:21   -> Chunk 1/10: 2015-01-01..2015-12-31
2025-11-03T00:06:23   -> Chunk 2/10: 2016-01-01..2016-12-31
2025-11-03T00:06:24   -> Chunk 3/10: 2017-01-01..2017-12-31
2025-11-03T00:06:25   -> Chunk 4/10: 2018-01-01..2018-12-31
2025-11-03T00:06:27   -> Chunk 5/10: 2019-01-01..2019-12-31
2025-11-03T00:06:28   -> Chunk 6/10: 2020-01-01..2020-12-31
2025-11-03T00:06:29   -> Chunk 7/10: 2021-01-01..2021-12-31
2025-11-03T00:06:30   -> Chunk 8/10: 2022-01-01..2022-12-31
2025-11-03T00:06:32   -> Chunk 9/10: 2023-01-01..2023-12-31
2025-11-03T00:06:33   -> Chunk 10/10: 2024-01-01..2024-12-31
2025-11-03T00:06:34 [13/296] UWWTP_Plovdiv | PV:COMPLETE -> PV_UWWTP_Plovdiv_20150101-20241231_merra2_ceccdc6c04.csv | WND:COMPLETE -> Wind_UWWTP_Plovdiv_20150101-20241231_merra2_a6d7f2589a.csv
2025-11-03T00:06:34 [14/296] UWWTP_Sofia PV fehlt/inkomplett -> lade … (PV_UWWTP_Sofia_20150101-20241231_merra2_4f434c11f1.csv)
2025-11-03T00:06:34   -> Chunk 1/10: 2015-01-01..2015-12-31
2025-11-03T00:06:36   -> Chunk 2/10: 2016-01-01..2016-12-31
2025-11-03T00:06:38   -> Chunk 3/10: 2017-01-01..2017-12-31
2025-11-03T00:06:40   -> Chunk 4/10: 2018-01-01..2018-12-31
2025-11-03T00:06:42   -> Chunk 5/10: 2019-01-01..2019-12-31
2025-11-03T00:06:44   -> Chunk 6/10: 2020-01-01..2020-12-31
2025-11-03T00:06:46   -> Chunk 7/10: 2021-01-01..2021-12-31
2025-11-03T00:06:49   -> Chunk 8/10: 2022-01-01..2022-12-31
2025-11-03T00:06:51   -> Chunk 9/10: 2023-01-01..2023-12-31
2025-11-03T00:06:53   -> Chunk 10/10: 2024-01-01..2024-12-31
2025-11-03T00:06:55 [14/296] UWWTP_Sofia Wind fehlt/inkomplett -> lade … (Wind_UWWTP_Sofia_20150101-20241231_merra2_a6d7f2589a.csv)
2025-11-03T00:06:55   -> Chunk 1/10: 2015-01-01..2015-12-31
2025-11-03T00:06:56   -> Chunk 2/10: 2016-01-01..2016-12-31
2025-11-03T00:06:57   -> Chunk 3/10: 2017-01-01..2017-12-31
2025-11-03T00:06:59   -> Chunk 4/10: 2018-01-01..2018-12-31
2025-11-03T00:06:59   -> Chunk 5/10: 2019-01-01..2019-12-31
2025-11-03T00:07:00   -> Chunk 6/10: 2020-01-01..2020-12-31
2025-11-03T00:07:01   -> Chunk 7/10: 2021-01-01..2021-12-31
2025-11-03T00:07:02   -> Chunk 8/10: 2022-01-01..2022-12-31
2025-11-03T00:07:04   -> Chunk 9/10: 2023-01-01..2023-12-31
2025-11-03T00:07:05   -> Chunk 10/10: 2024-01-01..2024-12-31
2025-11-03T00:07:06 [14/296] UWWTP_Sofia | PV:COMPLETE -> PV_UWWTP_Sofia_20150101-20241231_merra2_4f434c11f1.csv | WND:COMPLETE -> Wind_UWWTP_Sofia_20150101-20241231_merra2_a6d7f2589a.csv
2025-11-03T00:07:06 [15/296] UCOV_Praha PV fehlt/inkomplett -> lade … (PV_UCOV_Praha_20150101-20241231_merra2_dff9f75620.csv)
2025-11-03T00:07:06   -> Chunk 1/10: 2015-01-01..2015-12-31
2025-11-03T00:07:08   -> Chunk 2/10: 2016-01-01..2016-12-31
2025-11-03T00:07:10   -> Chunk 3/10: 2017-01-01..2017-12-31
2025-11-03T00:07:12   -> Chunk 4/10: 2018-01-01..2018-12-31
2025-11-03T00:07:14   -> Chunk 5/10: 2019-01-01..2019-12-31
2025-11-03T00:07:16   -> Chunk 6/10: 2020-01-01..2020-12-31
2025-11-03T00:07:18   -> Chunk 7/10: 2021-01-01..2021-12-31
2025-11-03T00:07:20   -> Chunk 8/10: 2022-01-01..2022-12-31
2025-11-03T00:07:23   -> Chunk 9/10: 2023-01-01..2023-12-31
2025-11-03T00:07:25   -> Chunk 10/10: 2024-01-01..2024-12-31
2025-11-03T00:07:25 Hourly-Limit 50/h erreicht – warte 58m33s (nächster Slot: 01:05:58)
2025-11-03T10:17:35 ======================================================
2025-11-03T10:17:35 Start • Sites: 296 • Zeitraum: 2015-01-01→2024-12-31 (Auto-Chunking ≤1Y)
2025-11-03T10:17:35 Limiter: 1.0 req/s & 50 req/h (sichtbar)
2025-11-03T10:17:35 Excel: C:\Users\aless\PycharmProjects\Masterthesis\Output\UWWTD_TP_Database.xlsx | Sheets: 'General Data' -> 'Energy'
2025-11-03T10:17:35 Ausgabe: C:\Users\aless\PycharmProjects\Masterthesis\Output\RenewableEnergyProfiles (stabile Dateinamen, keine Doppel-Downloads)
2025-11-03T10:17:35 ======================================================
2025-11-03T10:17:35 [1/296] ARA_AWV_Schwechat | PV:COMPLETE -> PV_ARA_AWV_Schwechat_20150101-20241231_merra2_d96d7cca0e.csv | WND:COMPLETE -> Wind_ARA_AWV_Schwechat_20150101-20241231_merra2_a6d7f2589a.csv
2025-11-03T10:17:36 [2/296] Asten_-_Regionalkläranlage | PV:COMPLETE -> PV_Asten_-_Regionalkläranlage_20150101-20241231_merra2_a44fae4635.csv | WND:COMPLETE -> Wind_Asten_-_Regionalkläranlage_20150101-20241231_merra2_a6d7f2589a.csv
2025-11-03T10:17:36 [3/296] ARA_Siggerwiesen | PV:COMPLETE -> PV_ARA_Siggerwiesen_20150101-20241231_merra2_365d0c7928.csv | WND:COMPLETE -> Wind_ARA_Siggerwiesen_20150101-20241231_merra2_a6d7f2589a.csv
2025-11-03T10:17:36 [4/296] Graz-Gössendorf | PV:COMPLETE -> PV_Graz-Gössendorf_20150101-20241231_merra2_6639b0113f.csv | WND:COMPLETE -> Wind_Graz-Gössendorf_20150101-20241231_merra2_a6d7f2589a.csv
2025-11-03T10:17:36 [5/296] Gratkorn | PV:COMPLETE -> PV_Gratkorn_20150101-20241231_merra2_b30f8f1e31.csv | WND:COMPLETE -> Wind_Gratkorn_20150101-20241231_merra2_a6d7f2589a.csv
2025-11-03T10:17:36 [6/296] Innsbruck | PV:COMPLETE -> PV_Innsbruck_20150101-20241231_merra2_7db14877e1.csv | WND:COMPLETE -> Wind_Innsbruck_20150101-20241231_merra2_a6d7f2589a.csv
2025-11-03T10:17:37 [7/296] Meiningen | PV:COMPLETE -> PV_Meiningen_20150101-20241231_merra2_7db14877e1.csv | WND:COMPLETE -> Wind_Meiningen_20150101-20241231_merra2_a6d7f2589a.csv
2025-11-03T10:17:37 [8/296] Hauptkläranlage_Wien | PV:COMPLETE -> PV_Hauptkläranlage_Wien_20150101-20241231_merra2_a44fae4635.csv | WND:COMPLETE -> Wind_Hauptkläranlage_Wien_20150101-20241231_merra2_a6d7f2589a.csv
2025-11-03T10:17:37 [9/296] Bruxelles-nord | PV:COMPLETE -> PV_Bruxelles-nord_20150101-20241231_merra2_aa131a78fd.csv | WND:COMPLETE -> Wind_Bruxelles-nord_20150101-20241231_merra2_a6d7f2589a.csv
2025-11-03T10:17:37 [10/296] LIEGE_OUPEYE | PV:COMPLETE -> PV_LIEGE_OUPEYE_20150101-20241231_merra2_5f797a9ee1.csv | WND:COMPLETE -> Wind_LIEGE_OUPEYE_20150101-20241231_merra2_a6d7f2589a.csv
2025-11-03T10:17:37 [11/296] UWWTP_Burgas | PV:COMPLETE -> PV_UWWTP_Burgas_20150101-20241231_merra2_afebd23a41.csv | WND:COMPLETE -> Wind_UWWTP_Burgas_20150101-20241231_merra2_a6d7f2589a.csv
2025-11-03T10:17:38 [12/296] UWWTP_Varna | PV:COMPLETE -> PV_UWWTP_Varna_20150101-20241231_merra2_7ea3568ef5.csv | WND:COMPLETE -> Wind_UWWTP_Varna_20150101-20241231_merra2_a6d7f2589a.csv
2025-11-03T10:17:38 [13/296] UWWTP_Plovdiv | PV:COMPLETE -> PV_UWWTP_Plovdiv_20150101-20241231_merra2_ceccdc6c04.csv | WND:COMPLETE -> Wind_UWWTP_Plovdiv_20150101-20241231_merra2_a6d7f2589a.csv
2025-11-03T10:17:38 [14/296] UWWTP_Sofia | PV:COMPLETE -> PV_UWWTP_Sofia_20150101-20241231_merra2_4f434c11f1.csv | WND:COMPLETE -> Wind_UWWTP_Sofia_20150101-20241231_merra2_a6d7f2589a.csv
2025-11-03T10:17:38 [15/296] UCOV_Praha PV fehlt/inkomplett -> lade … (PV_UCOV_Praha_20150101-20241231_merra2_dff9f75620.csv)
2025-11-03T10:17:38   -> Chunk 10/10: 2024-01-01..2024-12-31
2025-11-03T10:17:41 [15/296] UCOV_Praha Wind fehlt/inkomplett -> lade … (Wind_UCOV_Praha_20150101-20241231_merra2_a6d7f2589a.csv)
2025-11-03T10:17:41   -> Chunk 1/10: 2015-01-01..2015-12-31
2025-11-03T10:17:42   -> Chunk 2/10: 2016-01-01..2016-12-31
2025-11-03T10:17:43   -> Chunk 3/10: 2017-01-01..2017-12-31
2025-11-03T10:17:45   -> Chunk 4/10: 2018-01-01..2018-12-31
2025-11-03T10:17:46   -> Chunk 5/10: 2019-01-01..2019-12-31
2025-11-03T10:17:47   -> Chunk 6/10: 2020-01-01..2020-12-31
2025-11-03T10:17:49   -> Chunk 7/10: 2021-01-01..2021-12-31
2025-11-03T10:17:50   -> Chunk 8/10: 2022-01-01..2022-12-31
2025-11-03T10:17:51   -> Chunk 9/10: 2023-01-01..2023-12-31
2025-11-03T10:17:53   -> Chunk 10/10: 2024-01-01..2024-12-31
2025-11-03T10:17:54 [15/296] UCOV_Praha | PV:COMPLETE -> PV_UCOV_Praha_20150101-20241231_merra2_dff9f75620.csv | WND:COMPLETE -> Wind_UCOV_Praha_20150101-20241231_merra2_a6d7f2589a.csv
2025-11-03T10:17:54 [16/296] COV_Plzen PV fehlt/inkomplett -> lade … (PV_COV_Plzen_20150101-20241231_merra2_45a48e10c0.csv)
2025-11-03T10:17:54   -> Chunk 1/10: 2015-01-01..2015-12-31
2025-11-03T10:17:56   -> Chunk 2/10: 2016-01-01..2016-12-31
2025-11-03T10:17:58   -> Chunk 3/10: 2017-01-01..2017-12-31
2025-11-03T10:18:01   -> Chunk 4/10: 2018-01-01..2018-12-31
2025-11-03T10:18:03   -> Chunk 5/10: 2019-01-01..2019-12-31
2025-11-03T10:18:05   -> Chunk 6/10: 2020-01-01..2020-12-31
2025-11-03T10:18:07   -> Chunk 7/10: 2021-01-01..2021-12-31
2025-11-03T10:18:10   -> Chunk 8/10: 2022-01-01..2022-12-31
2025-11-03T10:18:12   -> Chunk 9/10: 2023-01-01..2023-12-31
2025-11-03T10:18:14   -> Chunk 10/10: 2024-01-01..2024-12-31
2025-11-03T10:18:16 [16/296] COV_Plzen Wind fehlt/inkomplett -> lade … (Wind_COV_Plzen_20150101-20241231_merra2_a6d7f2589a.csv)
2025-11-03T10:18:16   -> Chunk 1/10: 2015-01-01..2015-12-31
2025-11-03T10:18:17   -> Chunk 2/10: 2016-01-01..2016-12-31
2025-11-03T10:18:18   -> Chunk 3/10: 2017-01-01..2017-12-31
2025-11-03T10:18:19   -> Chunk 4/10: 2018-01-01..2018-12-31
2025-11-03T10:18:20   -> Chunk 5/10: 2019-01-01..2019-12-31
2025-11-03T10:18:22   -> Chunk 6/10: 2020-01-01..2020-12-31
2025-11-03T10:18:23   -> Chunk 7/10: 2021-01-01..2021-12-31
2025-11-03T10:18:24   -> Chunk 8/10: 2022-01-01..2022-12-31
2025-11-03T10:18:25   -> Chunk 9/10: 2023-01-01..2023-12-31
2025-11-03T10:18:26   -> Chunk 10/10: 2024-01-01..2024-12-31
2025-11-03T10:18:27 [16/296] COV_Plzen | PV:COMPLETE -> PV_COV_Plzen_20150101-20241231_merra2_45a48e10c0.csv | WND:COMPLETE -> Wind_COV_Plzen_20150101-20241231_merra2_a6d7f2589a.csv
2025-11-03T10:18:27 [17/296] COV_Steti_-Papirny_Mondi PV fehlt/inkomplett -> lade … (PV_COV_Steti_-Papirny_Mondi_20150101-20241231_merra2_70c8be051e.csv)
2025-11-03T10:18:27   -> Chunk 1/10: 2015-01-01..2015-12-31
2025-11-03T10:18:29   -> Chunk 2/10: 2016-01-01..2016-12-31
2025-11-03T10:18:31   -> Chunk 3/10: 2017-01-01..2017-12-31
2025-11-03T10:18:33   -> Chunk 4/10: 2018-01-01..2018-12-31
2025-11-03T10:18:35   -> Chunk 5/10: 2019-01-01..2019-12-31
2025-11-03T10:18:37   -> Chunk 6/10: 2020-01-01..2020-12-31
2025-11-03T10:18:39   -> Chunk 7/10: 2021-01-01..2021-12-31
2025-11-03T10:18:41   -> Chunk 8/10: 2022-01-01..2022-12-31
2025-11-03T10:18:43   -> Chunk 9/10: 2023-01-01..2023-12-31
2025-11-03T10:18:45   -> Chunk 10/10: 2024-01-01..2024-12-31
2025-11-03T10:18:47 [17/296] COV_Steti_-Papirny_Mondi Wind fehlt/inkomplett -> lade … (Wind_COV_Steti_-Papirny_Mondi_20150101-20241231_merra2_a6d7f2589a.csv)
2025-11-03T10:18:47   -> Chunk 1/10: 2015-01-01..2015-12-31
2025-11-03T10:18:48   -> Chunk 2/10: 2016-01-01..2016-12-31
2025-11-03T10:18:49   -> Chunk 3/10: 2017-01-01..2017-12-31
2025-11-03T10:18:50   -> Chunk 4/10: 2018-01-01..2018-12-31
2025-11-03T10:18:51   -> Chunk 5/10: 2019-01-01..2019-12-31
2025-11-03T10:18:52   -> Chunk 6/10: 2020-01-01..2020-12-31
2025-11-03T10:18:53   -> Chunk 7/10: 2021-01-01..2021-12-31
2025-11-03T10:18:54   -> Chunk 8/10: 2022-01-01..2022-12-31
2025-11-03T10:18:55   -> Chunk 9/10: 2023-01-01..2023-12-31
2025-11-03T10:18:57   -> Chunk 10/10: 2024-01-01..2024-12-31
2025-11-03T10:18:57 Hourly-Limit 50/h erreicht – warte 58m41s (nächster Slot: 11:17:38)
2025-11-03T10:19:57 ... noch 57m41s
2025-11-03T10:20:57 ... noch 56m41s
2025-11-03T10:21:57 ... noch 55m41s
2025-11-03T10:22:57 ... noch 54m41s
2025-11-03T10:23:57 ... noch 53m41s
2025-11-03T10:24:57 ... noch 52m41s
2025-11-03T10:25:57 ... noch 51m41s
2025-11-03T10:26:57 ... noch 50m41s
2025-11-03T18:34:37 ======================================================
2025-11-03T18:34:37 Start • Sites: 304 • Zeitraum: 2015-01-01→2024-12-31 (Auto-Chunking ≤1Y)
2025-11-03T18:34:37 Limiter: 1.0 req/s & 50 req/h (sichtbar)
2025-11-03T18:34:37 Excel: C:\Users\aless\PycharmProjects\Masterthesis\Output\UWWTD_TP_Database.xlsx | Sheets: 'General Data' -> 'Energy'
2025-11-03T18:34:37 Ausgabe: C:\Users\aless\PycharmProjects\Masterthesis\Output\RenewableEnergyProfiles (stabile Dateinamen, keine Doppel-Downloads)
2025-11-03T18:34:37 ======================================================
2025-11-03T18:34:37 [1/304] ARA_AWV_Schwechat | PV:COMPLETE -> PV_ARA_AWV_Schwechat_20150101-20241231_merra2_d96d7cca0e.csv | WND:COMPLETE -> Wind_ARA_AWV_Schwechat_20150101-20241231_merra2_a6d7f2589a.csv
2025-11-03T18:34:37 [2/304] Asten_-_Regionalkläranlage | PV:COMPLETE -> PV_Asten_-_Regionalkläranlage_20150101-20241231_merra2_a44fae4635.csv | WND:COMPLETE -> Wind_Asten_-_Regionalkläranlage_20150101-20241231_merra2_a6d7f2589a.csv
2025-11-03T18:34:38 [3/304] ARA_Siggerwiesen | PV:COMPLETE -> PV_ARA_Siggerwiesen_20150101-20241231_merra2_365d0c7928.csv | WND:COMPLETE -> Wind_ARA_Siggerwiesen_20150101-20241231_merra2_a6d7f2589a.csv
2025-11-03T18:34:38 [4/304] Graz-Gössendorf | PV:COMPLETE -> PV_Graz-Gössendorf_20150101-20241231_merra2_6639b0113f.csv | WND:COMPLETE -> Wind_Graz-Gössendorf_20150101-20241231_merra2_a6d7f2589a.csv
2025-11-03T18:34:38 [5/304] Gratkorn | PV:COMPLETE -> PV_Gratkorn_20150101-20241231_merra2_b30f8f1e31.csv | WND:COMPLETE -> Wind_Gratkorn_20150101-20241231_merra2_a6d7f2589a.csv
2025-11-03T18:34:38 [6/304] Innsbruck | PV:COMPLETE -> PV_Innsbruck_20150101-20241231_merra2_7db14877e1.csv | WND:COMPLETE -> Wind_Innsbruck_20150101-20241231_merra2_a6d7f2589a.csv
2025-11-03T18:34:38 [7/304] Meiningen | PV:COMPLETE -> PV_Meiningen_20150101-20241231_merra2_7db14877e1.csv | WND:COMPLETE -> Wind_Meiningen_20150101-20241231_merra2_a6d7f2589a.csv
2025-11-03T18:34:38 [8/304] Hauptkläranlage_Wien | PV:COMPLETE -> PV_Hauptkläranlage_Wien_20150101-20241231_merra2_a44fae4635.csv | WND:COMPLETE -> Wind_Hauptkläranlage_Wien_20150101-20241231_merra2_a6d7f2589a.csv
2025-11-03T18:34:39 [9/304] Bruxelles-nord | PV:COMPLETE -> PV_Bruxelles-nord_20150101-20241231_merra2_aa131a78fd.csv | WND:COMPLETE -> Wind_Bruxelles-nord_20150101-20241231_merra2_a6d7f2589a.csv
2025-11-03T18:34:39 [10/304] LIEGE_OUPEYE | PV:COMPLETE -> PV_LIEGE_OUPEYE_20150101-20241231_merra2_5f797a9ee1.csv | WND:COMPLETE -> Wind_LIEGE_OUPEYE_20150101-20241231_merra2_a6d7f2589a.csv
2025-11-03T18:34:39 [11/304] UWWTP_Burgas | PV:COMPLETE -> PV_UWWTP_Burgas_20150101-20241231_merra2_afebd23a41.csv | WND:COMPLETE -> Wind_UWWTP_Burgas_20150101-20241231_merra2_a6d7f2589a.csv
2025-11-03T18:34:39 [12/304] UWWTP_Varna | PV:COMPLETE -> PV_UWWTP_Varna_20150101-20241231_merra2_7ea3568ef5.csv | WND:COMPLETE -> Wind_UWWTP_Varna_20150101-20241231_merra2_a6d7f2589a.csv
2025-11-03T18:34:39 [13/304] UWWTP_Plovdiv | PV:COMPLETE -> PV_UWWTP_Plovdiv_20150101-20241231_merra2_ceccdc6c04.csv | WND:COMPLETE -> Wind_UWWTP_Plovdiv_20150101-20241231_merra2_a6d7f2589a.csv
2025-11-03T18:34:40 [14/304] UWWTP_Sofia | PV:COMPLETE -> PV_UWWTP_Sofia_20150101-20241231_merra2_4f434c11f1.csv | WND:COMPLETE -> Wind_UWWTP_Sofia_20150101-20241231_merra2_a6d7f2589a.csv
2025-11-03T18:34:40 [15/304] UCOV_Praha | PV:COMPLETE -> PV_UCOV_Praha_20150101-20241231_merra2_dff9f75620.csv | WND:COMPLETE -> Wind_UCOV_Praha_20150101-20241231_merra2_a6d7f2589a.csv
2025-11-03T18:34:40 [16/304] COV_Plzen | PV:COMPLETE -> PV_COV_Plzen_20150101-20241231_merra2_45a48e10c0.csv | WND:COMPLETE -> Wind_COV_Plzen_20150101-20241231_merra2_a6d7f2589a.csv
2025-11-03T18:34:40 [17/304] COV_Steti_-Papirny_Mondi Wind fehlt/inkomplett -> lade … (Wind_COV_Steti_-Papirny_Mondi_20150101-20241231_merra2_a6d7f2589a.csv)
2025-11-03T18:34:40   -> Chunk 10/10: 2024-01-01..2024-12-31
2025-11-03T18:34:42 [17/304] COV_Steti_-Papirny_Mondi | PV:COMPLETE -> PV_COV_Steti_-Papirny_Mondi_20150101-20241231_merra2_70c8be051e.csv | WND:COMPLETE -> Wind_COV_Steti_-Papirny_Mondi_20150101-20241231_merra2_a6d7f2589a.csv
2025-11-03T18:34:42 [18/304] COV_Brno_-_Modrice PV fehlt/inkomplett -> lade … (PV_COV_Brno_-_Modrice_20150101-20241231_merra2_518e9398da.csv)
2025-11-03T18:34:42   -> Chunk 1/10: 2015-01-01..2015-12-31
2025-11-03T18:34:44   -> Chunk 2/10: 2016-01-01..2016-12-31
2025-11-03T18:34:46   -> Chunk 3/10: 2017-01-01..2017-12-31
2025-11-03T18:34:48   -> Chunk 4/10: 2018-01-01..2018-12-31
2025-11-03T18:34:50   -> Chunk 5/10: 2019-01-01..2019-12-31
2025-11-03T18:34:53   -> Chunk 6/10: 2020-01-01..2020-12-31
2025-11-03T18:34:55   -> Chunk 7/10: 2021-01-01..2021-12-31
2025-11-03T18:34:57   -> Chunk 8/10: 2022-01-01..2022-12-31
2025-11-03T18:34:59   -> Chunk 9/10: 2023-01-01..2023-12-31
2025-11-03T18:35:01   -> Chunk 10/10: 2024-01-01..2024-12-31
2025-11-03T18:35:04 [18/304] COV_Brno_-_Modrice Wind fehlt/inkomplett -> lade … (Wind_COV_Brno_-_Modrice_20150101-20241231_merra2_a6d7f2589a.csv)
2025-11-03T18:35:04   -> Chunk 1/10: 2015-01-01..2015-12-31
2025-11-03T18:35:05   -> Chunk 2/10: 2016-01-01..2016-12-31
2025-11-03T18:35:06   -> Chunk 3/10: 2017-01-01..2017-12-31
2025-11-03T18:35:08   -> Chunk 4/10: 2018-01-01..2018-12-31
2025-11-03T18:35:09   -> Chunk 5/10: 2019-01-01..2019-12-31
2025-11-03T18:35:10   -> Chunk 6/10: 2020-01-01..2020-12-31
2025-11-03T18:35:12   -> Chunk 7/10: 2021-01-01..2021-12-31
2025-11-03T18:35:13   -> Chunk 8/10: 2022-01-01..2022-12-31
2025-11-03T18:35:14   -> Chunk 9/10: 2023-01-01..2023-12-31
2025-11-03T18:35:16   -> Chunk 10/10: 2024-01-01..2024-12-31
2025-11-03T18:35:17 [18/304] COV_Brno_-_Modrice | PV:COMPLETE -> PV_COV_Brno_-_Modrice_20150101-20241231_merra2_518e9398da.csv | WND:COMPLETE -> Wind_COV_Brno_-_Modrice_20150101-20241231_merra2_a6d7f2589a.csv
2025-11-03T18:35:17 [19/304] UCOV_Ostrava_-_Privoz PV fehlt/inkomplett -> lade … (PV_UCOV_Ostrava_-_Privoz_20150101-20241231_merra2_91eb67cd10.csv)
2025-11-03T18:35:17   -> Chunk 1/10: 2015-01-01..2015-12-31
2025-11-03T18:35:19   -> Chunk 2/10: 2016-01-01..2016-12-31
2025-11-03T18:35:21   -> Chunk 3/10: 2017-01-01..2017-12-31
2025-11-03T18:35:23   -> Chunk 4/10: 2018-01-01..2018-12-31
2025-11-03T18:35:25   -> Chunk 5/10: 2019-01-01..2019-12-31
2025-11-03T18:35:27   -> Chunk 6/10: 2020-01-01..2020-12-31
2025-11-03T18:35:29   -> Chunk 7/10: 2021-01-01..2021-12-31
2025-11-03T18:35:31   -> Chunk 8/10: 2022-01-01..2022-12-31
2025-11-03T18:35:33   -> Chunk 9/10: 2023-01-01..2023-12-31
2025-11-03T18:35:35   -> Chunk 10/10: 2024-01-01..2024-12-31
2025-11-03T18:35:38 [19/304] UCOV_Ostrava_-_Privoz Wind fehlt/inkomplett -> lade … (Wind_UCOV_Ostrava_-_Privoz_20150101-20241231_merra2_a6d7f2589a.csv)
2025-11-03T18:35:38   -> Chunk 1/10: 2015-01-01..2015-12-31
2025-11-03T18:35:39   -> Chunk 2/10: 2016-01-01..2016-12-31
2025-11-03T18:35:40   -> Chunk 3/10: 2017-01-01..2017-12-31
2025-11-03T18:35:41   -> Chunk 4/10: 2018-01-01..2018-12-31
2025-11-03T18:35:42   -> Chunk 5/10: 2019-01-01..2019-12-31
2025-11-03T18:35:44   -> Chunk 6/10: 2020-01-01..2020-12-31
2025-11-03T18:35:45   -> Chunk 7/10: 2021-01-01..2021-12-31
2025-11-03T18:35:46   -> Chunk 8/10: 2022-01-01..2022-12-31
2025-11-03T18:35:47   -> Chunk 9/10: 2023-01-01..2023-12-31
2025-11-03T18:35:48   -> Chunk 10/10: 2024-01-01..2024-12-31
2025-11-03T18:35:50 [19/304] UCOV_Ostrava_-_Privoz | PV:COMPLETE -> PV_UCOV_Ostrava_-_Privoz_20150101-20241231_merra2_91eb67cd10.csv | WND:COMPLETE -> Wind_UCOV_Ostrava_-_Privoz_20150101-20241231_merra2_a6d7f2589a.csv
2025-11-03T18:35:50 [20/304] Stahnsdorf PV fehlt/inkomplett -> lade … (PV_Stahnsdorf_20150101-20241231_merra2_aaef4f714e.csv)
2025-11-03T18:35:50   -> Chunk 1/10: 2015-01-01..2015-12-31
2025-11-03T18:35:51   -> Chunk 2/10: 2016-01-01..2016-12-31
2025-11-03T18:35:53   -> Chunk 3/10: 2017-01-01..2017-12-31
2025-11-03T18:35:55   -> Chunk 4/10: 2018-01-01..2018-12-31
2025-11-03T18:35:57   -> Chunk 5/10: 2019-01-01..2019-12-31
2025-11-03T18:36:00   -> Chunk 6/10: 2020-01-01..2020-12-31
2025-11-03T18:36:02   -> Chunk 7/10: 2021-01-01..2021-12-31
2025-11-03T18:36:04   -> Chunk 8/10: 2022-01-01..2022-12-31
2025-11-03T18:36:06   -> Chunk 9/10: 2023-01-01..2023-12-31
2025-11-03T18:36:08   -> Chunk 10/10: 2024-01-01..2024-12-31
2025-11-03T18:36:08 Hourly-Limit 50/h erreicht – warte 58m31s (nächster Slot: 19:34:39)
2025-11-03T19:36:12 ======================================================
2025-11-03T19:36:12 Start • Sites: 304 • Zeitraum: 2015-01-01→2024-12-31 (Auto-Chunking ≤1Y)
2025-11-03T19:36:12 Limiter: 1.0 req/s & 50 req/h (sichtbar)
2025-11-03T19:36:12 Excel: C:\Users\aless\PycharmProjects\Masterthesis\Output\UWWTD_TP_Database.xlsx | Sheets: 'General Data' -> 'Energy'
2025-11-03T19:36:12 Ausgabe: C:\Users\aless\PycharmProjects\Masterthesis\Output\RenewableEnergyProfiles (stabile Dateinamen, keine Doppel-Downloads)
2025-11-03T19:36:12 ======================================================
2025-11-03T19:36:13 [1/304] ARA_AWV_Schwechat | PV:COMPLETE -> PV_ARA_AWV_Schwechat_20150101-20241231_merra2_d96d7cca0e.csv | WND:COMPLETE -> Wind_ARA_AWV_Schwechat_20150101-20241231_merra2_a6d7f2589a.csv
2025-11-03T19:36:13 [2/304] Asten_-_Regionalkläranlage | PV:COMPLETE -> PV_Asten_-_Regionalkläranlage_20150101-20241231_merra2_a44fae4635.csv | WND:COMPLETE -> Wind_Asten_-_Regionalkläranlage_20150101-20241231_merra2_a6d7f2589a.csv
2025-11-03T19:36:13 [3/304] ARA_Siggerwiesen | PV:COMPLETE -> PV_ARA_Siggerwiesen_20150101-20241231_merra2_365d0c7928.csv | WND:COMPLETE -> Wind_ARA_Siggerwiesen_20150101-20241231_merra2_a6d7f2589a.csv
2025-11-03T19:36:13 [4/304] Graz-Gössendorf | PV:COMPLETE -> PV_Graz-Gössendorf_20150101-20241231_merra2_6639b0113f.csv | WND:COMPLETE -> Wind_Graz-Gössendorf_20150101-20241231_merra2_a6d7f2589a.csv
2025-11-03T19:36:13 [5/304] Gratkorn | PV:COMPLETE -> PV_Gratkorn_20150101-20241231_merra2_b30f8f1e31.csv | WND:COMPLETE -> Wind_Gratkorn_20150101-20241231_merra2_a6d7f2589a.csv
2025-11-03T19:36:13 [6/304] Innsbruck | PV:COMPLETE -> PV_Innsbruck_20150101-20241231_merra2_7db14877e1.csv | WND:COMPLETE -> Wind_Innsbruck_20150101-20241231_merra2_a6d7f2589a.csv
2025-11-03T19:36:14 [7/304] Meiningen | PV:COMPLETE -> PV_Meiningen_20150101-20241231_merra2_7db14877e1.csv | WND:COMPLETE -> Wind_Meiningen_20150101-20241231_merra2_a6d7f2589a.csv
2025-11-03T19:36:14 [8/304] Hauptkläranlage_Wien | PV:COMPLETE -> PV_Hauptkläranlage_Wien_20150101-20241231_merra2_a44fae4635.csv | WND:COMPLETE -> Wind_Hauptkläranlage_Wien_20150101-20241231_merra2_a6d7f2589a.csv
2025-11-03T19:36:14 [9/304] Bruxelles-nord | PV:COMPLETE -> PV_Bruxelles-nord_20150101-20241231_merra2_aa131a78fd.csv | WND:COMPLETE -> Wind_Bruxelles-nord_20150101-20241231_merra2_a6d7f2589a.csv
2025-11-03T19:36:14 [10/304] LIEGE_OUPEYE | PV:COMPLETE -> PV_LIEGE_OUPEYE_20150101-20241231_merra2_5f797a9ee1.csv | WND:COMPLETE -> Wind_LIEGE_OUPEYE_20150101-20241231_merra2_a6d7f2589a.csv
2025-11-03T19:36:14 [11/304] UWWTP_Burgas | PV:COMPLETE -> PV_UWWTP_Burgas_20150101-20241231_merra2_afebd23a41.csv | WND:COMPLETE -> Wind_UWWTP_Burgas_20150101-20241231_merra2_a6d7f2589a.csv
2025-11-03T19:36:14 [12/304] UWWTP_Varna | PV:COMPLETE -> PV_UWWTP_Varna_20150101-20241231_merra2_7ea3568ef5.csv | WND:COMPLETE -> Wind_UWWTP_Varna_20150101-20241231_merra2_a6d7f2589a.csv
2025-11-03T19:36:14 [13/304] UWWTP_Plovdiv | PV:COMPLETE -> PV_UWWTP_Plovdiv_20150101-20241231_merra2_ceccdc6c04.csv | WND:COMPLETE -> Wind_UWWTP_Plovdiv_20150101-20241231_merra2_a6d7f2589a.csv
2025-11-03T19:36:15 [14/304] UWWTP_Sofia | PV:COMPLETE -> PV_UWWTP_Sofia_20150101-20241231_merra2_4f434c11f1.csv | WND:COMPLETE -> Wind_UWWTP_Sofia_20150101-20241231_merra2_a6d7f2589a.csv
2025-11-03T19:36:15 [15/304] UCOV_Praha | PV:COMPLETE -> PV_UCOV_Praha_20150101-20241231_merra2_dff9f75620.csv | WND:COMPLETE -> Wind_UCOV_Praha_20150101-20241231_merra2_a6d7f2589a.csv
2025-11-03T19:36:15 [16/304] COV_Plzen | PV:COMPLETE -> PV_COV_Plzen_20150101-20241231_merra2_45a48e10c0.csv | WND:COMPLETE -> Wind_COV_Plzen_20150101-20241231_merra2_a6d7f2589a.csv
2025-11-03T19:36:15 [17/304] COV_Steti_-Papirny_Mondi | PV:COMPLETE -> PV_COV_Steti_-Papirny_Mondi_20150101-20241231_merra2_70c8be051e.csv | WND:COMPLETE -> Wind_COV_Steti_-Papirny_Mondi_20150101-20241231_merra2_a6d7f2589a.csv
2025-11-03T19:36:15 [18/304] COV_Brno_-_Modrice | PV:COMPLETE -> PV_COV_Brno_-_Modrice_20150101-20241231_merra2_518e9398da.csv | WND:COMPLETE -> Wind_COV_Brno_-_Modrice_20150101-20241231_merra2_a6d7f2589a.csv
2025-11-03T19:36:15 [19/304] UCOV_Ostrava_-_Privoz | PV:COMPLETE -> PV_UCOV_Ostrava_-_Privoz_20150101-20241231_merra2_91eb67cd10.csv | WND:COMPLETE -> Wind_UCOV_Ostrava_-_Privoz_20150101-20241231_merra2_a6d7f2589a.csv
2025-11-03T19:36:15 [20/304] Stahnsdorf PV fehlt/inkomplett -> lade … (PV_Stahnsdorf_20150101-20241231_merra2_aaef4f714e.csv)
2025-11-03T19:36:15   -> Chunk 10/10: 2024-01-01..2024-12-31
2025-11-03T19:36:18 [20/304] Stahnsdorf Wind fehlt/inkomplett -> lade … (Wind_Stahnsdorf_20150101-20241231_merra2_a6d7f2589a.csv)
2025-11-03T19:36:18   -> Chunk 1/10: 2015-01-01..2015-12-31
2025-11-03T19:36:19   -> Chunk 2/10: 2016-01-01..2016-12-31
2025-11-03T19:36:21   -> Chunk 3/10: 2017-01-01..2017-12-31
2025-11-03T19:36:22   -> Chunk 4/10: 2018-01-01..2018-12-31
2025-11-03T19:36:24   -> Chunk 5/10: 2019-01-01..2019-12-31
2025-11-03T19:36:25   -> Chunk 6/10: 2020-01-01..2020-12-31
2025-11-03T19:36:26   -> Chunk 7/10: 2021-01-01..2021-12-31
2025-11-03T19:36:28   -> Chunk 8/10: 2022-01-01..2022-12-31
2025-11-03T19:36:29   -> Chunk 9/10: 2023-01-01..2023-12-31
2025-11-03T19:36:31   -> Chunk 10/10: 2024-01-01..2024-12-31
2025-11-03T19:36:32 [20/304] Stahnsdorf | PV:COMPLETE -> PV_Stahnsdorf_20150101-20241231_merra2_aaef4f714e.csv | WND:COMPLETE -> Wind_Stahnsdorf_20150101-20241231_merra2_a6d7f2589a.csv
2025-11-03T19:36:32 [21/304] Ruhleben PV fehlt/inkomplett -> lade … (PV_Ruhleben_20150101-20241231_merra2_a8652e5125.csv)
2025-11-03T19:36:32   -> Chunk 1/10: 2015-01-01..2015-12-31
2025-11-03T19:36:35   -> Chunk 2/10: 2016-01-01..2016-12-31
2025-11-03T19:36:37   -> Chunk 3/10: 2017-01-01..2017-12-31
2025-11-03T19:36:39   -> Chunk 4/10: 2018-01-01..2018-12-31
2025-11-03T19:36:41   -> Chunk 5/10: 2019-01-01..2019-12-31
2025-11-03T19:36:43   -> Chunk 6/10: 2020-01-01..2020-12-31
2025-11-03T19:36:46   -> Chunk 7/10: 2021-01-01..2021-12-31
2025-11-03T19:36:48   -> Chunk 8/10: 2022-01-01..2022-12-31
2025-11-03T19:36:50   -> Chunk 9/10: 2023-01-01..2023-12-31
2025-11-03T19:36:53   -> Chunk 10/10: 2024-01-01..2024-12-31
2025-11-03T19:36:55 [21/304] Ruhleben Wind fehlt/inkomplett -> lade … (Wind_Ruhleben_20150101-20241231_merra2_a6d7f2589a.csv)
2025-11-03T19:36:55   -> Chunk 1/10: 2015-01-01..2015-12-31
2025-11-03T19:36:57   -> Chunk 2/10: 2016-01-01..2016-12-31
2025-11-03T19:36:58   -> Chunk 3/10: 2017-01-01..2017-12-31
2025-11-03T19:36:59   -> Chunk 4/10: 2018-01-01..2018-12-31
2025-11-03T19:37:00   -> Chunk 5/10: 2019-01-01..2019-12-31
2025-11-03T19:37:02   -> Chunk 6/10: 2020-01-01..2020-12-31
2025-11-03T19:37:03   -> Chunk 7/10: 2021-01-01..2021-12-31
2025-11-03T19:37:04   -> Chunk 8/10: 2022-01-01..2022-12-31
2025-11-03T19:37:05   -> Chunk 9/10: 2023-01-01..2023-12-31
2025-11-03T19:37:07   -> Chunk 10/10: 2024-01-01..2024-12-31
2025-11-03T19:37:09 [21/304] Ruhleben | PV:COMPLETE -> PV_Ruhleben_20150101-20241231_merra2_a8652e5125.csv | WND:COMPLETE -> Wind_Ruhleben_20150101-20241231_merra2_a6d7f2589a.csv
2025-11-03T19:37:09 [22/304] Schönerlinde PV fehlt/inkomplett -> lade … (PV_Schönerlinde_20150101-20241231_merra2_05f5cdfd03.csv)
2025-11-03T19:37:09   -> Chunk 1/10: 2015-01-01..2015-12-31
2025-11-03T19:37:11   -> Chunk 2/10: 2016-01-01..2016-12-31
2025-11-03T19:37:13   -> Chunk 3/10: 2017-01-01..2017-12-31
2025-11-03T19:37:15   -> Chunk 4/10: 2018-01-01..2018-12-31
2025-11-03T19:37:18   -> Chunk 5/10: 2019-01-01..2019-12-31
2025-11-03T19:37:20   -> Chunk 6/10: 2020-01-01..2020-12-31
2025-11-03T19:37:22   -> Chunk 7/10: 2021-01-01..2021-12-31
2025-11-03T19:37:24   -> Chunk 8/10: 2022-01-01..2022-12-31
2025-11-03T19:37:26   -> Chunk 9/10: 2023-01-01..2023-12-31
2025-11-03T19:37:28   -> Chunk 10/10: 2024-01-01..2024-12-31
2025-11-03T19:37:31 [22/304] Schönerlinde Wind fehlt/inkomplett -> lade … (Wind_Schönerlinde_20150101-20241231_merra2_a6d7f2589a.csv)
2025-11-03T19:37:31   -> Chunk 1/10: 2015-01-01..2015-12-31
2025-11-03T19:37:32   -> Chunk 2/10: 2016-01-01..2016-12-31
2025-11-03T19:37:33   -> Chunk 3/10: 2017-01-01..2017-12-31
2025-11-03T19:37:35   -> Chunk 4/10: 2018-01-01..2018-12-31
2025-11-03T19:37:36   -> Chunk 5/10: 2019-01-01..2019-12-31
2025-11-03T19:37:37   -> Chunk 6/10: 2020-01-01..2020-12-31
2025-11-03T19:37:39   -> Chunk 7/10: 2021-01-01..2021-12-31
2025-11-03T19:37:40   -> Chunk 8/10: 2022-01-01..2022-12-31
2025-11-03T19:37:41   -> Chunk 9/10: 2023-01-01..2023-12-31
2025-11-03T19:37:42   -> Chunk 10/10: 2024-01-01..2024-12-31
2025-11-03T19:37:42 Hourly-Limit 50/h erreicht – warte 58m33s (nächster Slot: 20:36:15)
2025-11-03T19:38:42 ... noch 57m33s
2025-11-03T19:39:42 ... noch 56m33s
2025-11-03T19:40:42 ... noch 55m33s
2025-11-03T22:36:35 ======================================================
2025-11-03T22:36:35 Start • Sites: 304 • Zeitraum: 2015-01-01→2024-12-31 (Auto-Chunking ≤1Y)
2025-11-03T22:36:35 Limiter: 1.0 req/s & 50 req/h (sichtbar)
2025-11-03T22:36:35 Excel: C:\Users\aless\PycharmProjects\Masterthesis\Output\UWWTD_TP_Database.xlsx | Sheets: 'General Data' -> 'Energy'
2025-11-03T22:36:35 Ausgabe: C:\Users\aless\PycharmProjects\Masterthesis\Output\RenewableEnergyProfiles (stabile Dateinamen, keine Doppel-Downloads)
2025-11-03T22:36:35 ======================================================
2025-11-03T22:36:35 [1/304] ARA_AWV_Schwechat | PV:COMPLETE -> PV_ARA_AWV_Schwechat_20150101-20241231_merra2_d96d7cca0e.csv | WND:COMPLETE -> Wind_ARA_AWV_Schwechat_20150101-20241231_merra2_a6d7f2589a.csv
2025-11-03T22:36:35 [2/304] Asten_-_Regionalkläranlage | PV:COMPLETE -> PV_Asten_-_Regionalkläranlage_20150101-20241231_merra2_a44fae4635.csv | WND:COMPLETE -> Wind_Asten_-_Regionalkläranlage_20150101-20241231_merra2_a6d7f2589a.csv
2025-11-03T22:36:35 [3/304] ARA_Siggerwiesen | PV:COMPLETE -> PV_ARA_Siggerwiesen_20150101-20241231_merra2_365d0c7928.csv | WND:COMPLETE -> Wind_ARA_Siggerwiesen_20150101-20241231_merra2_a6d7f2589a.csv
2025-11-03T22:36:35 [4/304] Graz-Gössendorf | PV:COMPLETE -> PV_Graz-Gössendorf_20150101-20241231_merra2_6639b0113f.csv | WND:COMPLETE -> Wind_Graz-Gössendorf_20150101-20241231_merra2_a6d7f2589a.csv
2025-11-03T22:36:35 [5/304] Gratkorn | PV:COMPLETE -> PV_Gratkorn_20150101-20241231_merra2_b30f8f1e31.csv | WND:COMPLETE -> Wind_Gratkorn_20150101-20241231_merra2_a6d7f2589a.csv
2025-11-03T22:36:35 [6/304] Innsbruck | PV:COMPLETE -> PV_Innsbruck_20150101-20241231_merra2_7db14877e1.csv | WND:COMPLETE -> Wind_Innsbruck_20150101-20241231_merra2_a6d7f2589a.csv
2025-11-03T22:36:36 [7/304] Meiningen | PV:COMPLETE -> PV_Meiningen_20150101-20241231_merra2_7db14877e1.csv | WND:COMPLETE -> Wind_Meiningen_20150101-20241231_merra2_a6d7f2589a.csv
2025-11-03T22:36:36 [8/304] Hauptkläranlage_Wien | PV:COMPLETE -> PV_Hauptkläranlage_Wien_20150101-20241231_merra2_a44fae4635.csv | WND:COMPLETE -> Wind_Hauptkläranlage_Wien_20150101-20241231_merra2_a6d7f2589a.csv
2025-11-03T22:36:36 [9/304] Bruxelles-nord | PV:COMPLETE -> PV_Bruxelles-nord_20150101-20241231_merra2_aa131a78fd.csv | WND:COMPLETE -> Wind_Bruxelles-nord_20150101-20241231_merra2_a6d7f2589a.csv
2025-11-03T22:36:36 [10/304] LIEGE_OUPEYE | PV:COMPLETE -> PV_LIEGE_OUPEYE_20150101-20241231_merra2_5f797a9ee1.csv | WND:COMPLETE -> Wind_LIEGE_OUPEYE_20150101-20241231_merra2_a6d7f2589a.csv
2025-11-03T22:36:36 [11/304] UWWTP_Burgas | PV:COMPLETE -> PV_UWWTP_Burgas_20150101-20241231_merra2_afebd23a41.csv | WND:COMPLETE -> Wind_UWWTP_Burgas_20150101-20241231_merra2_a6d7f2589a.csv
2025-11-03T22:36:36 [12/304] UWWTP_Varna | PV:COMPLETE -> PV_UWWTP_Varna_20150101-20241231_merra2_7ea3568ef5.csv | WND:COMPLETE -> Wind_UWWTP_Varna_20150101-20241231_merra2_a6d7f2589a.csv
2025-11-03T22:36:36 [13/304] UWWTP_Plovdiv | PV:COMPLETE -> PV_UWWTP_Plovdiv_20150101-20241231_merra2_ceccdc6c04.csv | WND:COMPLETE -> Wind_UWWTP_Plovdiv_20150101-20241231_merra2_a6d7f2589a.csv
2025-11-03T22:36:37 [14/304] UWWTP_Sofia | PV:COMPLETE -> PV_UWWTP_Sofia_20150101-20241231_merra2_4f434c11f1.csv | WND:COMPLETE -> Wind_UWWTP_Sofia_20150101-20241231_merra2_a6d7f2589a.csv
2025-11-03T22:36:37 [15/304] UCOV_Praha | PV:COMPLETE -> PV_UCOV_Praha_20150101-20241231_merra2_dff9f75620.csv | WND:COMPLETE -> Wind_UCOV_Praha_20150101-20241231_merra2_a6d7f2589a.csv
2025-11-03T22:36:37 [16/304] COV_Plzen | PV:COMPLETE -> PV_COV_Plzen_20150101-20241231_merra2_45a48e10c0.csv | WND:COMPLETE -> Wind_COV_Plzen_20150101-20241231_merra2_a6d7f2589a.csv
2025-11-03T22:36:37 [17/304] COV_Steti_-Papirny_Mondi | PV:COMPLETE -> PV_COV_Steti_-Papirny_Mondi_20150101-20241231_merra2_70c8be051e.csv | WND:COMPLETE -> Wind_COV_Steti_-Papirny_Mondi_20150101-20241231_merra2_a6d7f2589a.csv
2025-11-03T22:36:37 [18/304] COV_Brno_-_Modrice | PV:COMPLETE -> PV_COV_Brno_-_Modrice_20150101-20241231_merra2_518e9398da.csv | WND:COMPLETE -> Wind_COV_Brno_-_Modrice_20150101-20241231_merra2_a6d7f2589a.csv
2025-11-03T22:36:37 [19/304] UCOV_Ostrava_-_Privoz | PV:COMPLETE -> PV_UCOV_Ostrava_-_Privoz_20150101-20241231_merra2_91eb67cd10.csv | WND:COMPLETE -> Wind_UCOV_Ostrava_-_Privoz_20150101-20241231_merra2_a6d7f2589a.csv
2025-11-03T22:36:37 [20/304] Stahnsdorf | PV:COMPLETE -> PV_Stahnsdorf_20150101-20241231_merra2_aaef4f714e.csv | WND:COMPLETE -> Wind_Stahnsdorf_20150101-20241231_merra2_a6d7f2589a.csv
2025-11-03T22:36:38 [21/304] Ruhleben | PV:COMPLETE -> PV_Ruhleben_20150101-20241231_merra2_a8652e5125.csv | WND:COMPLETE -> Wind_Ruhleben_20150101-20241231_merra2_a6d7f2589a.csv
2025-11-03T22:36:38 [22/304] Schönerlinde Wind fehlt/inkomplett -> lade … (Wind_Schönerlinde_20150101-20241231_merra2_a6d7f2589a.csv)
2025-11-03T22:36:38   -> Chunk 10/10: 2024-01-01..2024-12-31
2025-11-03T22:36:39 [22/304] Schönerlinde | PV:COMPLETE -> PV_Schönerlinde_20150101-20241231_merra2_05f5cdfd03.csv | WND:COMPLETE -> Wind_Schönerlinde_20150101-20241231_merra2_a6d7f2589a.csv
2025-11-03T22:36:39 [23/304] Waßmannsdorf PV fehlt/inkomplett -> lade … (PV_Waßmannsdorf_20150101-20241231_merra2_aaef4f714e.csv)
2025-11-03T22:36:39   -> Chunk 1/10: 2015-01-01..2015-12-31
2025-11-03T22:36:42   -> Chunk 2/10: 2016-01-01..2016-12-31
2025-11-03T22:36:44   -> Chunk 3/10: 2017-01-01..2017-12-31
2025-11-03T22:36:46   -> Chunk 4/10: 2018-01-01..2018-12-31
2025-11-03T22:36:48   -> Chunk 5/10: 2019-01-01..2019-12-31
2025-11-03T22:36:50   -> Chunk 6/10: 2020-01-01..2020-12-31
2025-11-03T22:36:52   -> Chunk 7/10: 2021-01-01..2021-12-31
2025-11-03T22:36:55   -> Chunk 8/10: 2022-01-01..2022-12-31
2025-11-03T22:36:57   -> Chunk 9/10: 2023-01-01..2023-12-31
2025-11-03T22:36:59   -> Chunk 10/10: 2024-01-01..2024-12-31
2025-11-03T22:37:01 [23/304] Waßmannsdorf Wind fehlt/inkomplett -> lade … (Wind_Waßmannsdorf_20150101-20241231_merra2_a6d7f2589a.csv)
2025-11-03T22:37:01   -> Chunk 1/10: 2015-01-01..2015-12-31
2025-11-03T22:37:02   -> Chunk 2/10: 2016-01-01..2016-12-31
2025-11-03T22:37:04   -> Chunk 3/10: 2017-01-01..2017-12-31
2025-11-03T22:37:05   -> Chunk 4/10: 2018-01-01..2018-12-31
2025-11-03T22:37:06   -> Chunk 5/10: 2019-01-01..2019-12-31
2025-11-03T22:37:08   -> Chunk 6/10: 2020-01-01..2020-12-31
2025-11-03T22:37:09   -> Chunk 7/10: 2021-01-01..2021-12-31
2025-11-03T22:37:10   -> Chunk 8/10: 2022-01-01..2022-12-31
2025-11-03T22:37:11   -> Chunk 9/10: 2023-01-01..2023-12-31
2025-11-03T22:37:13   -> Chunk 10/10: 2024-01-01..2024-12-31
2025-11-03T22:37:15 [23/304] Waßmannsdorf | PV:COMPLETE -> PV_Waßmannsdorf_20150101-20241231_merra2_aaef4f714e.csv | WND:COMPLETE -> Wind_Waßmannsdorf_20150101-20241231_merra2_a6d7f2589a.csv
2025-11-03T22:37:15 [24/304] Hauptklärwerk_Mühlhausen PV fehlt/inkomplett -> lade … (PV_Hauptklärwerk_Mühlhausen_20150101-20241231_merra2_c6311ba2b1.csv)
2025-11-03T22:37:15   -> Chunk 1/10: 2015-01-01..2015-12-31
2025-11-03T22:37:16   -> Chunk 2/10: 2016-01-01..2016-12-31
2025-11-03T22:37:18   -> Chunk 3/10: 2017-01-01..2017-12-31
2025-11-03T22:37:20   -> Chunk 4/10: 2018-01-01..2018-12-31
2025-11-03T22:37:23   -> Chunk 5/10: 2019-01-01..2019-12-31
2025-11-03T22:37:25   -> Chunk 6/10: 2020-01-01..2020-12-31
2025-11-03T22:37:27   -> Chunk 7/10: 2021-01-01..2021-12-31
2025-11-03T22:37:29   -> Chunk 8/10: 2022-01-01..2022-12-31
2025-11-03T22:37:31   -> Chunk 9/10: 2023-01-01..2023-12-31
2025-11-03T22:37:33   -> Chunk 10/10: 2024-01-01..2024-12-31
2025-11-03T22:37:35 [24/304] Hauptklärwerk_Mühlhausen Wind fehlt/inkomplett -> lade … (Wind_Hauptklärwerk_Mühlhausen_20150101-20241231_merra2_a6d7f2589a.csv)
2025-11-03T22:37:35   -> Chunk 1/10: 2015-01-01..2015-12-31
2025-11-03T22:37:37   -> Chunk 2/10: 2016-01-01..2016-12-31
2025-11-03T22:37:38   -> Chunk 3/10: 2017-01-01..2017-12-31
2025-11-03T22:37:39   -> Chunk 4/10: 2018-01-01..2018-12-31
2025-11-03T22:37:40   -> Chunk 5/10: 2019-01-01..2019-12-31
2025-11-03T22:37:41   -> Chunk 6/10: 2020-01-01..2020-12-31
2025-11-03T22:37:43   -> Chunk 7/10: 2021-01-01..2021-12-31
2025-11-03T22:37:44   -> Chunk 8/10: 2022-01-01..2022-12-31
2025-11-03T22:37:45   -> Chunk 9/10: 2023-01-01..2023-12-31
2025-11-03T22:37:47   -> Chunk 10/10: 2024-01-01..2024-12-31
2025-11-03T22:37:48 [24/304] Hauptklärwerk_Mühlhausen | PV:COMPLETE -> PV_Hauptklärwerk_Mühlhausen_20150101-20241231_merra2_c6311ba2b1.csv | WND:COMPLETE -> Wind_Hauptklärwerk_Mühlhausen_20150101-20241231_merra2_a6d7f2589a.csv
2025-11-03T22:37:48 [25/304] Göppingen PV fehlt/inkomplett -> lade … (PV_Göppingen_20150101-20241231_merra2_d7147aef93.csv)
2025-11-03T22:37:48   -> Chunk 1/10: 2015-01-01..2015-12-31
2025-11-03T22:37:50   -> Chunk 2/10: 2016-01-01..2016-12-31
2025-11-03T22:37:52   -> Chunk 3/10: 2017-01-01..2017-12-31
2025-11-03T22:37:54   -> Chunk 4/10: 2018-01-01..2018-12-31
2025-11-03T22:37:56   -> Chunk 5/10: 2019-01-01..2019-12-31
2025-11-03T22:37:58   -> Chunk 6/10: 2020-01-01..2020-12-31
2025-11-03T22:38:00   -> Chunk 7/10: 2021-01-01..2021-12-31
2025-11-03T22:38:03   -> Chunk 8/10: 2022-01-01..2022-12-31
2025-11-03T22:38:05   -> Chunk 9/10: 2023-01-01..2023-12-31
2025-11-03T22:38:07   -> Chunk 10/10: 2024-01-01..2024-12-31
2025-11-03T22:38:07 Hourly-Limit 50/h erreicht – warte 58m31s (nächster Slot: 23:36:38)
2025-11-03T23:54:17 ======================================================
2025-11-03T23:54:17 Start • Sites: 304 • Zeitraum: 2015-01-01→2024-12-31 (Auto-Chunking ≤1Y)
2025-11-03T23:54:17 Limiter: 1.0 req/s & 50 req/h (sichtbar)
2025-11-03T23:54:17 Excel: C:\Users\aless\PycharmProjects\Masterthesis\Output\UWWTD_TP_Database.xlsx | Sheets: 'General Data' -> 'Energy'
2025-11-03T23:54:17 Ausgabe: C:\Users\aless\PycharmProjects\Masterthesis\Output\RenewableEnergyProfiles (stabile Dateinamen, keine Doppel-Downloads)
2025-11-03T23:54:17 ======================================================
2025-11-03T23:54:17 [1/304] ARA_AWV_Schwechat | PV:COMPLETE -> PV_ARA_AWV_Schwechat_20150101-20241231_merra2_d96d7cca0e.csv | WND:COMPLETE -> Wind_ARA_AWV_Schwechat_20150101-20241231_merra2_a6d7f2589a.csv
2025-11-03T23:54:17 [2/304] Asten_-_Regionalkläranlage | PV:COMPLETE -> PV_Asten_-_Regionalkläranlage_20150101-20241231_merra2_a44fae4635.csv | WND:COMPLETE -> Wind_Asten_-_Regionalkläranlage_20150101-20241231_merra2_a6d7f2589a.csv
2025-11-03T23:54:17 [3/304] ARA_Siggerwiesen | PV:COMPLETE -> PV_ARA_Siggerwiesen_20150101-20241231_merra2_365d0c7928.csv | WND:COMPLETE -> Wind_ARA_Siggerwiesen_20150101-20241231_merra2_a6d7f2589a.csv
2025-11-03T23:54:17 [4/304] Graz-Gössendorf | PV:COMPLETE -> PV_Graz-Gössendorf_20150101-20241231_merra2_6639b0113f.csv | WND:COMPLETE -> Wind_Graz-Gössendorf_20150101-20241231_merra2_a6d7f2589a.csv
2025-11-03T23:54:17 [5/304] Gratkorn | PV:COMPLETE -> PV_Gratkorn_20150101-20241231_merra2_b30f8f1e31.csv | WND:COMPLETE -> Wind_Gratkorn_20150101-20241231_merra2_a6d7f2589a.csv
2025-11-03T23:54:17 [6/304] Innsbruck | PV:COMPLETE -> PV_Innsbruck_20150101-20241231_merra2_7db14877e1.csv | WND:COMPLETE -> Wind_Innsbruck_20150101-20241231_merra2_a6d7f2589a.csv
2025-11-03T23:54:18 [7/304] Meiningen | PV:COMPLETE -> PV_Meiningen_20150101-20241231_merra2_7db14877e1.csv | WND:COMPLETE -> Wind_Meiningen_20150101-20241231_merra2_a6d7f2589a.csv
2025-11-03T23:54:18 [8/304] Hauptkläranlage_Wien | PV:COMPLETE -> PV_Hauptkläranlage_Wien_20150101-20241231_merra2_a44fae4635.csv | WND:COMPLETE -> Wind_Hauptkläranlage_Wien_20150101-20241231_merra2_a6d7f2589a.csv
2025-11-03T23:54:18 [9/304] Bruxelles-nord | PV:COMPLETE -> PV_Bruxelles-nord_20150101-20241231_merra2_aa131a78fd.csv | WND:COMPLETE -> Wind_Bruxelles-nord_20150101-20241231_merra2_a6d7f2589a.csv
2025-11-03T23:54:18 [10/304] LIEGE_OUPEYE | PV:COMPLETE -> PV_LIEGE_OUPEYE_20150101-20241231_merra2_5f797a9ee1.csv | WND:COMPLETE -> Wind_LIEGE_OUPEYE_20150101-20241231_merra2_a6d7f2589a.csv
2025-11-03T23:54:18 [11/304] UWWTP_Burgas | PV:COMPLETE -> PV_UWWTP_Burgas_20150101-20241231_merra2_afebd23a41.csv | WND:COMPLETE -> Wind_UWWTP_Burgas_20150101-20241231_merra2_a6d7f2589a.csv
2025-11-03T23:54:18 [12/304] UWWTP_Varna | PV:COMPLETE -> PV_UWWTP_Varna_20150101-20241231_merra2_7ea3568ef5.csv | WND:COMPLETE -> Wind_UWWTP_Varna_20150101-20241231_merra2_a6d7f2589a.csv
2025-11-03T23:54:19 [13/304] UWWTP_Plovdiv | PV:COMPLETE -> PV_UWWTP_Plovdiv_20150101-20241231_merra2_ceccdc6c04.csv | WND:COMPLETE -> Wind_UWWTP_Plovdiv_20150101-20241231_merra2_a6d7f2589a.csv
2025-11-03T23:54:19 [14/304] UWWTP_Sofia | PV:COMPLETE -> PV_UWWTP_Sofia_20150101-20241231_merra2_4f434c11f1.csv | WND:COMPLETE -> Wind_UWWTP_Sofia_20150101-20241231_merra2_a6d7f2589a.csv
2025-11-03T23:54:19 [15/304] UCOV_Praha | PV:COMPLETE -> PV_UCOV_Praha_20150101-20241231_merra2_dff9f75620.csv | WND:COMPLETE -> Wind_UCOV_Praha_20150101-20241231_merra2_a6d7f2589a.csv
2025-11-03T23:54:19 [16/304] COV_Plzen | PV:COMPLETE -> PV_COV_Plzen_20150101-20241231_merra2_45a48e10c0.csv | WND:COMPLETE -> Wind_COV_Plzen_20150101-20241231_merra2_a6d7f2589a.csv
2025-11-03T23:54:19 [17/304] COV_Steti_-Papirny_Mondi | PV:COMPLETE -> PV_COV_Steti_-Papirny_Mondi_20150101-20241231_merra2_70c8be051e.csv | WND:COMPLETE -> Wind_COV_Steti_-Papirny_Mondi_20150101-20241231_merra2_a6d7f2589a.csv
2025-11-03T23:54:19 [18/304] COV_Brno_-_Modrice | PV:COMPLETE -> PV_COV_Brno_-_Modrice_20150101-20241231_merra2_518e9398da.csv | WND:COMPLETE -> Wind_COV_Brno_-_Modrice_20150101-20241231_merra2_a6d7f2589a.csv
2025-11-03T23:54:19 [19/304] UCOV_Ostrava_-_Privoz | PV:COMPLETE -> PV_UCOV_Ostrava_-_Privoz_20150101-20241231_merra2_91eb67cd10.csv | WND:COMPLETE -> Wind_UCOV_Ostrava_-_Privoz_20150101-20241231_merra2_a6d7f2589a.csv
2025-11-03T23:54:20 [20/304] Stahnsdorf | PV:COMPLETE -> PV_Stahnsdorf_20150101-20241231_merra2_aaef4f714e.csv | WND:COMPLETE -> Wind_Stahnsdorf_20150101-20241231_merra2_a6d7f2589a.csv
2025-11-03T23:54:20 [21/304] Ruhleben | PV:COMPLETE -> PV_Ruhleben_20150101-20241231_merra2_a8652e5125.csv | WND:COMPLETE -> Wind_Ruhleben_20150101-20241231_merra2_a6d7f2589a.csv
2025-11-03T23:54:20 [22/304] Schönerlinde | PV:COMPLETE -> PV_Schönerlinde_20150101-20241231_merra2_05f5cdfd03.csv | WND:COMPLETE -> Wind_Schönerlinde_20150101-20241231_merra2_a6d7f2589a.csv
2025-11-03T23:54:20 [23/304] Waßmannsdorf | PV:COMPLETE -> PV_Waßmannsdorf_20150101-20241231_merra2_aaef4f714e.csv | WND:COMPLETE -> Wind_Waßmannsdorf_20150101-20241231_merra2_a6d7f2589a.csv
2025-11-03T23:54:20 [24/304] Hauptklärwerk_Mühlhausen | PV:COMPLETE -> PV_Hauptklärwerk_Mühlhausen_20150101-20241231_merra2_c6311ba2b1.csv | WND:COMPLETE -> Wind_Hauptklärwerk_Mühlhausen_20150101-20241231_merra2_a6d7f2589a.csv
2025-11-03T23:54:20 [25/304] Göppingen PV fehlt/inkomplett -> lade … (PV_Göppingen_20150101-20241231_merra2_d7147aef93.csv)
2025-11-03T23:54:20   -> Chunk 10/10: 2024-01-01..2024-12-31
2025-11-03T23:54:23 [25/304] Göppingen Wind fehlt/inkomplett -> lade … (Wind_Göppingen_20150101-20241231_merra2_a6d7f2589a.csv)
2025-11-03T23:54:23   -> Chunk 1/10: 2015-01-01..2015-12-31
2025-11-03T23:54:24   -> Chunk 2/10: 2016-01-01..2016-12-31
2025-11-03T23:54:25   -> Chunk 3/10: 2017-01-01..2017-12-31
2025-11-03T23:54:27   -> Chunk 4/10: 2018-01-01..2018-12-31
2025-11-03T23:54:28   -> Chunk 5/10: 2019-01-01..2019-12-31
2025-11-03T23:54:29   -> Chunk 6/10: 2020-01-01..2020-12-31
2025-11-03T23:54:31   -> Chunk 7/10: 2021-01-01..2021-12-31
2025-11-03T23:54:32   -> Chunk 8/10: 2022-01-01..2022-12-31
2025-11-03T23:54:33   -> Chunk 9/10: 2023-01-01..2023-12-31
2025-11-03T23:54:35   -> Chunk 10/10: 2024-01-01..2024-12-31
2025-11-03T23:54:36 [25/304] Göppingen | PV:COMPLETE -> PV_Göppingen_20150101-20241231_merra2_d7147aef93.csv | WND:COMPLETE -> Wind_Göppingen_20150101-20241231_merra2_a6d7f2589a.csv
2025-11-03T23:54:36 [26/304] SKA_Heilbronn PV fehlt/inkomplett -> lade … (PV_SKA_Heilbronn_20150101-20241231_merra2_fe09ef0dd2.csv)
2025-11-03T23:54:36   -> Chunk 1/10: 2015-01-01..2015-12-31
2025-11-03T23:54:38   -> Chunk 2/10: 2016-01-01..2016-12-31
2025-11-03T23:54:40   -> Chunk 3/10: 2017-01-01..2017-12-31
2025-11-03T23:54:42   -> Chunk 4/10: 2018-01-01..2018-12-31
2025-11-03T23:54:44   -> Chunk 5/10: 2019-01-01..2019-12-31
2025-11-03T23:54:47   -> Chunk 6/10: 2020-01-01..2020-12-31
2025-11-03T23:54:49   -> Chunk 7/10: 2021-01-01..2021-12-31
2025-11-03T23:54:51   -> Chunk 8/10: 2022-01-01..2022-12-31
2025-11-03T23:54:53   -> Chunk 9/10: 2023-01-01..2023-12-31
2025-11-03T23:54:55   -> Chunk 10/10: 2024-01-01..2024-12-31
2025-11-03T23:54:58 [26/304] SKA_Heilbronn Wind fehlt/inkomplett -> lade … (Wind_SKA_Heilbronn_20150101-20241231_merra2_a6d7f2589a.csv)
2025-11-03T23:54:58   -> Chunk 1/10: 2015-01-01..2015-12-31
2025-11-03T23:54:59   -> Chunk 2/10: 2016-01-01..2016-12-31
2025-11-03T23:55:00   -> Chunk 3/10: 2017-01-01..2017-12-31
2025-11-03T23:55:01   -> Chunk 4/10: 2018-01-01..2018-12-31
2025-11-03T23:55:03   -> Chunk 5/10: 2019-01-01..2019-12-31
2025-11-03T23:55:04   -> Chunk 6/10: 2020-01-01..2020-12-31
2025-11-03T23:55:05   -> Chunk 7/10: 2021-01-01..2021-12-31
2025-11-03T23:55:06   -> Chunk 8/10: 2022-01-01..2022-12-31
2025-11-03T23:55:07   -> Chunk 9/10: 2023-01-01..2023-12-31
2025-11-03T23:55:09   -> Chunk 10/10: 2024-01-01..2024-12-31
2025-11-03T23:55:10 [26/304] SKA_Heilbronn | PV:COMPLETE -> PV_SKA_Heilbronn_20150101-20241231_merra2_fe09ef0dd2.csv | WND:COMPLETE -> Wind_SKA_Heilbronn_20150101-20241231_merra2_a6d7f2589a.csv
2025-11-03T23:55:10 [27/304] SKA_Karlsruhe_Neureut PV fehlt/inkomplett -> lade … (PV_SKA_Karlsruhe_Neureut_20150101-20241231_merra2_c2d7a3cf3a.csv)
2025-11-03T23:55:10   -> Chunk 1/10: 2015-01-01..2015-12-31
2025-11-03T23:55:12   -> Chunk 2/10: 2016-01-01..2016-12-31
2025-11-03T23:55:14   -> Chunk 3/10: 2017-01-01..2017-12-31
2025-11-03T23:55:16   -> Chunk 4/10: 2018-01-01..2018-12-31
2025-11-03T23:55:18   -> Chunk 5/10: 2019-01-01..2019-12-31
2025-11-03T23:55:21   -> Chunk 6/10: 2020-01-01..2020-12-31
2025-11-03T23:55:23   -> Chunk 7/10: 2021-01-01..2021-12-31
2025-11-03T23:55:25   -> Chunk 8/10: 2022-01-01..2022-12-31
2025-11-03T23:55:27   -> Chunk 9/10: 2023-01-01..2023-12-31
2025-11-03T23:55:29   -> Chunk 10/10: 2024-01-01..2024-12-31
2025-11-03T23:55:32 [27/304] SKA_Karlsruhe_Neureut Wind fehlt/inkomplett -> lade … (Wind_SKA_Karlsruhe_Neureut_20150101-20241231_merra2_a6d7f2589a.csv)
2025-11-03T23:55:32   -> Chunk 1/10: 2015-01-01..2015-12-31
2025-11-03T23:55:33   -> Chunk 2/10: 2016-01-01..2016-12-31
2025-11-03T23:55:34   -> Chunk 3/10: 2017-01-01..2017-12-31
2025-11-03T23:55:35   -> Chunk 4/10: 2018-01-01..2018-12-31
2025-11-03T23:55:36   -> Chunk 5/10: 2019-01-01..2019-12-31
2025-11-03T23:55:37   -> Chunk 6/10: 2020-01-01..2020-12-31
2025-11-03T23:55:39   -> Chunk 7/10: 2021-01-01..2021-12-31
2025-11-03T23:55:40   -> Chunk 8/10: 2022-01-01..2022-12-31
2025-11-03T23:55:41   -> Chunk 9/10: 2023-01-01..2023-12-31
2025-11-03T23:55:43   -> Chunk 10/10: 2024-01-01..2024-12-31
2025-11-03T23:55:43 Hourly-Limit 50/h erreicht – warte 58m37s (nächster Slot: 00:54:20)
